[2024-06-19T07:18:09.329+0000] {local_task_job_runner.py:120} INFO - ::group::Pre task execution logs
[2024-06-19T07:18:09.399+0000] {taskinstance.py:2076} INFO - Dependencies all met for dep_context=non-requeueable deps ti=<TaskInstance: summary_transaction.transform_task scheduled__2024-06-18T07:11:00+00:00 [queued]>
[2024-06-19T07:18:09.429+0000] {taskinstance.py:2076} INFO - Dependencies all met for dep_context=requeueable deps ti=<TaskInstance: summary_transaction.transform_task scheduled__2024-06-18T07:11:00+00:00 [queued]>
[2024-06-19T07:18:09.430+0000] {taskinstance.py:2306} INFO - Starting attempt 3 of 4
[2024-06-19T07:18:09.468+0000] {taskinstance.py:2330} INFO - Executing <Task(PythonOperator): transform_task> on 2024-06-18 07:11:00+00:00
[2024-06-19T07:18:09.484+0000] {warnings.py:112} WARNING - /home/***/.local/lib/python3.12/site-packages/***/task/task_runner/standard_task_runner.py:61: DeprecationWarning: This process (pid=10774) is multi-threaded, use of fork() may lead to deadlocks in the child.
  pid = os.fork()

[2024-06-19T07:18:09.487+0000] {standard_task_runner.py:63} INFO - Started process 10776 to run task
[2024-06-19T07:18:09.489+0000] {standard_task_runner.py:90} INFO - Running: ['***', 'tasks', 'run', 'summary_transaction', 'transform_task', 'scheduled__2024-06-18T07:11:00+00:00', '--job-id', '31', '--raw', '--subdir', 'DAGS_FOLDER/summary_transaction.py', '--cfg-path', '/tmp/tmps9jnte0i']
[2024-06-19T07:18:09.494+0000] {standard_task_runner.py:91} INFO - Job 31: Subtask transform_task
[2024-06-19T07:18:09.602+0000] {task_command.py:426} INFO - Running <TaskInstance: summary_transaction.transform_task scheduled__2024-06-18T07:11:00+00:00 [running]> on host 7709186783c9
[2024-06-19T07:18:09.818+0000] {taskinstance.py:2648} INFO - Exporting env vars: AIRFLOW_CTX_DAG_OWNER='candratama' AIRFLOW_CTX_DAG_ID='summary_transaction' AIRFLOW_CTX_TASK_ID='transform_task' AIRFLOW_CTX_EXECUTION_DATE='2024-06-18T07:11:00+00:00' AIRFLOW_CTX_TRY_NUMBER='3' AIRFLOW_CTX_DAG_RUN_ID='scheduled__2024-06-18T07:11:00+00:00'
[2024-06-19T07:18:09.820+0000] {taskinstance.py:430} INFO - ::endgroup::
[2024-06-19T07:18:14.165+0000] {warnings.py:112} WARNING - /opt/***/dags/summary_transaction.py:31: FutureWarning: Passing literal json to 'read_json' is deprecated and will be removed in a future version. To read from a literal string, wrap it in a 'StringIO' object.
  df = pd.read_json(df_json)

[2024-06-19T07:18:24.174+0000] {python.py:237} INFO - Done. Returned value was: None
[2024-06-19T07:18:24.175+0000] {taskinstance.py:441} INFO - ::group::Post task execution logs
[2024-06-19T07:18:24.192+0000] {taskinstance.py:1206} INFO - Marking task as SUCCESS. dag_id=summary_transaction, task_id=transform_task, run_id=scheduled__2024-06-18T07:11:00+00:00, execution_date=20240618T071100, start_date=20240619T071809, end_date=20240619T071824
[2024-06-19T07:18:24.285+0000] {local_task_job_runner.py:240} INFO - Task exited with return code 0
[2024-06-19T07:18:24.322+0000] {taskinstance.py:3503} INFO - 1 downstream tasks scheduled from follow-on schedule check
[2024-06-19T07:18:24.325+0000] {local_task_job_runner.py:222} INFO - ::endgroup::
