[2024-06-19T03:51:11.627+0000] {local_task_job_runner.py:120} INFO - ::group::Pre task execution logs
[2024-06-19T03:51:11.664+0000] {taskinstance.py:2076} INFO - Dependencies all met for dep_context=non-requeueable deps ti=<TaskInstance: extract_data_from_postgres.extract_data manual__2024-06-19T03:49:24.396888+00:00 [queued]>
[2024-06-19T03:51:11.678+0000] {taskinstance.py:2076} INFO - Dependencies all met for dep_context=requeueable deps ti=<TaskInstance: extract_data_from_postgres.extract_data manual__2024-06-19T03:49:24.396888+00:00 [queued]>
[2024-06-19T03:51:11.679+0000] {taskinstance.py:2306} INFO - Starting attempt 1 of 2
[2024-06-19T03:51:11.704+0000] {taskinstance.py:2330} INFO - Executing <Task(PythonOperator): extract_data> on 2024-06-19 03:49:24.396888+00:00
[2024-06-19T03:51:11.717+0000] {warnings.py:112} WARNING - /home/***/.local/lib/python3.12/site-packages/***/task/task_runner/standard_task_runner.py:61: DeprecationWarning: This process (pid=8322) is multi-threaded, use of fork() may lead to deadlocks in the child.
  pid = os.fork()

[2024-06-19T03:51:11.720+0000] {standard_task_runner.py:63} INFO - Started process 8324 to run task
[2024-06-19T03:51:11.720+0000] {standard_task_runner.py:90} INFO - Running: ['***', 'tasks', 'run', 'extract_data_from_postgres', 'extract_data', 'manual__2024-06-19T03:49:24.396888+00:00', '--job-id', '14', '--raw', '--subdir', 'DAGS_FOLDER/extract_data_from_postgres.py', '--cfg-path', '/tmp/tmpt8ef5uq8']
[2024-06-19T03:51:11.724+0000] {standard_task_runner.py:91} INFO - Job 14: Subtask extract_data
[2024-06-19T03:51:11.801+0000] {task_command.py:426} INFO - Running <TaskInstance: extract_data_from_postgres.extract_data manual__2024-06-19T03:49:24.396888+00:00 [running]> on host 7709186783c9
[2024-06-19T03:51:11.960+0000] {taskinstance.py:2648} INFO - Exporting env vars: AIRFLOW_CTX_DAG_OWNER='candratama' AIRFLOW_CTX_DAG_ID='extract_data_from_postgres' AIRFLOW_CTX_TASK_ID='extract_data' AIRFLOW_CTX_EXECUTION_DATE='2024-06-19T03:49:24.396888+00:00' AIRFLOW_CTX_TRY_NUMBER='1' AIRFLOW_CTX_DAG_RUN_ID='manual__2024-06-19T03:49:24.396888+00:00'
[2024-06-19T03:51:11.962+0000] {taskinstance.py:430} INFO - ::endgroup::
[2024-06-19T03:51:11.999+0000] {base.py:84} INFO - Using connection ID '***_db_conn' for task execution.
[2024-06-19T03:51:12.021+0000] {logging_mixin.py:188} INFO -    id         name
0   1     can_edit
1   2     can_read
2   3   can_create
3   4   can_delete
4   5  menu_access
[2024-06-19T03:51:12.022+0000] {python.py:237} INFO - Done. Returned value was: None
[2024-06-19T03:51:12.023+0000] {taskinstance.py:441} INFO - ::group::Post task execution logs
[2024-06-19T03:51:12.039+0000] {taskinstance.py:1206} INFO - Marking task as SUCCESS. dag_id=extract_data_from_postgres, task_id=extract_data, run_id=manual__2024-06-19T03:49:24.396888+00:00, execution_date=20240619T034924, start_date=20240619T035111, end_date=20240619T035112
[2024-06-19T03:51:12.098+0000] {local_task_job_runner.py:240} INFO - Task exited with return code 0
[2024-06-19T03:51:12.132+0000] {taskinstance.py:3503} INFO - 0 downstream tasks scheduled from follow-on schedule check
[2024-06-19T03:51:12.135+0000] {local_task_job_runner.py:222} INFO - ::endgroup::
