[2024-06-19T07:07:42.065+0000] {local_task_job_runner.py:120} INFO - ::group::Pre task execution logs
[2024-06-19T07:07:42.102+0000] {taskinstance.py:2076} INFO - Dependencies all met for dep_context=non-requeueable deps ti=<TaskInstance: summary_transaction.extract_task scheduled__2024-06-18T02:10:00+00:00 [queued]>
[2024-06-19T07:07:42.115+0000] {taskinstance.py:2076} INFO - Dependencies all met for dep_context=requeueable deps ti=<TaskInstance: summary_transaction.extract_task scheduled__2024-06-18T02:10:00+00:00 [queued]>
[2024-06-19T07:07:42.116+0000] {taskinstance.py:2306} INFO - Starting attempt 1 of 2
[2024-06-19T07:07:42.141+0000] {taskinstance.py:2330} INFO - Executing <Task(PythonOperator): extract_task> on 2024-06-18 02:10:00+00:00
[2024-06-19T07:07:42.152+0000] {warnings.py:112} WARNING - /home/***/.local/lib/python3.12/site-packages/***/task/task_runner/standard_task_runner.py:61: DeprecationWarning: This process (pid=10611) is multi-threaded, use of fork() may lead to deadlocks in the child.
  pid = os.fork()

[2024-06-19T07:07:42.155+0000] {standard_task_runner.py:63} INFO - Started process 10613 to run task
[2024-06-19T07:07:42.155+0000] {standard_task_runner.py:90} INFO - Running: ['***', 'tasks', 'run', 'summary_transaction', 'extract_task', 'scheduled__2024-06-18T02:10:00+00:00', '--job-id', '18', '--raw', '--subdir', 'DAGS_FOLDER/summary_transaction.py', '--cfg-path', '/tmp/tmptrxnzkng']
[2024-06-19T07:07:42.159+0000] {standard_task_runner.py:91} INFO - Job 18: Subtask extract_task
[2024-06-19T07:07:42.233+0000] {task_command.py:426} INFO - Running <TaskInstance: summary_transaction.extract_task scheduled__2024-06-18T02:10:00+00:00 [running]> on host 7709186783c9
[2024-06-19T07:07:42.379+0000] {taskinstance.py:2648} INFO - Exporting env vars: AIRFLOW_CTX_DAG_OWNER='candratama' AIRFLOW_CTX_DAG_ID='summary_transaction' AIRFLOW_CTX_TASK_ID='extract_task' AIRFLOW_CTX_EXECUTION_DATE='2024-06-18T02:10:00+00:00' AIRFLOW_CTX_TRY_NUMBER='1' AIRFLOW_CTX_DAG_RUN_ID='scheduled__2024-06-18T02:10:00+00:00'
[2024-06-19T07:07:42.381+0000] {taskinstance.py:430} INFO - ::endgroup::
[2024-06-19T07:07:42.412+0000] {base.py:84} INFO - Using connection ID 'dbmaster' for task execution.
[2024-06-19T07:07:56.369+0000] {python.py:237} INFO - Done. Returned value was: None
[2024-06-19T07:07:56.370+0000] {taskinstance.py:441} INFO - ::group::Post task execution logs
[2024-06-19T07:07:56.388+0000] {taskinstance.py:1206} INFO - Marking task as SUCCESS. dag_id=summary_transaction, task_id=extract_task, run_id=scheduled__2024-06-18T02:10:00+00:00, execution_date=20240618T021000, start_date=20240619T070742, end_date=20240619T070756
[2024-06-19T07:07:56.466+0000] {local_task_job_runner.py:240} INFO - Task exited with return code 0
[2024-06-19T07:07:56.511+0000] {taskinstance.py:3503} INFO - 1 downstream tasks scheduled from follow-on schedule check
[2024-06-19T07:07:56.514+0000] {local_task_job_runner.py:222} INFO - ::endgroup::
