[2024-06-18T16:27:49.152+0000] {processor.py:161} INFO - Started process (PID=63) to work on /home/airflow/.local/lib/python3.12/site-packages/airflow/example_dags/example_skip_dag.py
[2024-06-18T16:27:49.156+0000] {processor.py:830} INFO - Processing file /home/airflow/.local/lib/python3.12/site-packages/airflow/example_dags/example_skip_dag.py for tasks to queue
[2024-06-18T16:27:49.159+0000] {logging_mixin.py:188} INFO - [2024-06-18T16:27:49.158+0000] {dagbag.py:545} INFO - Filling up the DagBag from /home/airflow/.local/lib/python3.12/site-packages/airflow/example_dags/example_skip_dag.py
[2024-06-18T16:27:49.186+0000] {processor.py:840} INFO - DAG(s) 'example_skip_dag' retrieved from /home/airflow/.local/lib/python3.12/site-packages/airflow/example_dags/example_skip_dag.py
[2024-06-18T16:27:49.360+0000] {logging_mixin.py:188} INFO - [2024-06-18T16:27:49.360+0000] {dag.py:3096} INFO - Sync 1 DAGs
[2024-06-18T16:27:49.387+0000] {logging_mixin.py:188} INFO - [2024-06-18T16:27:49.387+0000] {dag.py:3954} INFO - Setting next_dagrun for example_skip_dag to 2024-06-17 00:00:00+00:00, run_after=2024-06-18 00:00:00+00:00
[2024-06-18T16:27:49.409+0000] {processor.py:183} INFO - Processing /home/airflow/.local/lib/python3.12/site-packages/airflow/example_dags/example_skip_dag.py took 0.267 seconds
[2024-06-18T16:28:19.535+0000] {processor.py:161} INFO - Started process (PID=121) to work on /home/airflow/.local/lib/python3.12/site-packages/airflow/example_dags/example_skip_dag.py
[2024-06-18T16:28:19.537+0000] {processor.py:830} INFO - Processing file /home/airflow/.local/lib/python3.12/site-packages/airflow/example_dags/example_skip_dag.py for tasks to queue
[2024-06-18T16:28:19.539+0000] {logging_mixin.py:188} INFO - [2024-06-18T16:28:19.539+0000] {dagbag.py:545} INFO - Filling up the DagBag from /home/airflow/.local/lib/python3.12/site-packages/airflow/example_dags/example_skip_dag.py
[2024-06-18T16:28:19.549+0000] {processor.py:840} INFO - DAG(s) 'example_skip_dag' retrieved from /home/airflow/.local/lib/python3.12/site-packages/airflow/example_dags/example_skip_dag.py
[2024-06-18T16:28:19.576+0000] {logging_mixin.py:188} INFO - [2024-06-18T16:28:19.575+0000] {dag.py:3096} INFO - Sync 1 DAGs
[2024-06-18T16:28:19.604+0000] {logging_mixin.py:188} INFO - [2024-06-18T16:28:19.603+0000] {dag.py:3954} INFO - Setting next_dagrun for example_skip_dag to 2024-06-17 00:00:00+00:00, run_after=2024-06-18 00:00:00+00:00
[2024-06-18T16:28:19.625+0000] {processor.py:183} INFO - Processing /home/airflow/.local/lib/python3.12/site-packages/airflow/example_dags/example_skip_dag.py took 0.098 seconds
[2024-06-18T16:28:50.018+0000] {processor.py:161} INFO - Started process (PID=179) to work on /home/airflow/.local/lib/python3.12/site-packages/airflow/example_dags/example_skip_dag.py
[2024-06-18T16:28:50.020+0000] {processor.py:830} INFO - Processing file /home/airflow/.local/lib/python3.12/site-packages/airflow/example_dags/example_skip_dag.py for tasks to queue
[2024-06-18T16:28:50.022+0000] {logging_mixin.py:188} INFO - [2024-06-18T16:28:50.022+0000] {dagbag.py:545} INFO - Filling up the DagBag from /home/airflow/.local/lib/python3.12/site-packages/airflow/example_dags/example_skip_dag.py
[2024-06-18T16:28:50.030+0000] {processor.py:840} INFO - DAG(s) 'example_skip_dag' retrieved from /home/airflow/.local/lib/python3.12/site-packages/airflow/example_dags/example_skip_dag.py
[2024-06-18T16:28:50.058+0000] {logging_mixin.py:188} INFO - [2024-06-18T16:28:50.057+0000] {dag.py:3096} INFO - Sync 1 DAGs
[2024-06-18T16:28:50.089+0000] {logging_mixin.py:188} INFO - [2024-06-18T16:28:50.088+0000] {dag.py:3954} INFO - Setting next_dagrun for example_skip_dag to 2024-06-17 00:00:00+00:00, run_after=2024-06-18 00:00:00+00:00
[2024-06-18T16:28:50.117+0000] {processor.py:183} INFO - Processing /home/airflow/.local/lib/python3.12/site-packages/airflow/example_dags/example_skip_dag.py took 0.107 seconds
[2024-06-18T16:29:20.943+0000] {processor.py:161} INFO - Started process (PID=237) to work on /home/airflow/.local/lib/python3.12/site-packages/airflow/example_dags/example_skip_dag.py
[2024-06-18T16:29:20.945+0000] {processor.py:830} INFO - Processing file /home/airflow/.local/lib/python3.12/site-packages/airflow/example_dags/example_skip_dag.py for tasks to queue
[2024-06-18T16:29:20.947+0000] {logging_mixin.py:188} INFO - [2024-06-18T16:29:20.947+0000] {dagbag.py:545} INFO - Filling up the DagBag from /home/airflow/.local/lib/python3.12/site-packages/airflow/example_dags/example_skip_dag.py
[2024-06-18T16:29:20.956+0000] {processor.py:840} INFO - DAG(s) 'example_skip_dag' retrieved from /home/airflow/.local/lib/python3.12/site-packages/airflow/example_dags/example_skip_dag.py
[2024-06-18T16:29:20.984+0000] {logging_mixin.py:188} INFO - [2024-06-18T16:29:20.983+0000] {dag.py:3096} INFO - Sync 1 DAGs
[2024-06-18T16:29:21.010+0000] {logging_mixin.py:188} INFO - [2024-06-18T16:29:21.010+0000] {dag.py:3954} INFO - Setting next_dagrun for example_skip_dag to 2024-06-17 00:00:00+00:00, run_after=2024-06-18 00:00:00+00:00
[2024-06-18T16:29:21.032+0000] {processor.py:183} INFO - Processing /home/airflow/.local/lib/python3.12/site-packages/airflow/example_dags/example_skip_dag.py took 0.097 seconds
[2024-06-18T16:29:51.325+0000] {processor.py:161} INFO - Started process (PID=295) to work on /home/airflow/.local/lib/python3.12/site-packages/airflow/example_dags/example_skip_dag.py
[2024-06-18T16:29:51.327+0000] {processor.py:830} INFO - Processing file /home/airflow/.local/lib/python3.12/site-packages/airflow/example_dags/example_skip_dag.py for tasks to queue
[2024-06-18T16:29:51.329+0000] {logging_mixin.py:188} INFO - [2024-06-18T16:29:51.329+0000] {dagbag.py:545} INFO - Filling up the DagBag from /home/airflow/.local/lib/python3.12/site-packages/airflow/example_dags/example_skip_dag.py
[2024-06-18T16:29:51.338+0000] {processor.py:840} INFO - DAG(s) 'example_skip_dag' retrieved from /home/airflow/.local/lib/python3.12/site-packages/airflow/example_dags/example_skip_dag.py
[2024-06-18T16:29:51.367+0000] {logging_mixin.py:188} INFO - [2024-06-18T16:29:51.366+0000] {dag.py:3096} INFO - Sync 1 DAGs
[2024-06-18T16:29:51.398+0000] {logging_mixin.py:188} INFO - [2024-06-18T16:29:51.398+0000] {dag.py:3954} INFO - Setting next_dagrun for example_skip_dag to 2024-06-17 00:00:00+00:00, run_after=2024-06-18 00:00:00+00:00
[2024-06-18T16:29:51.436+0000] {processor.py:183} INFO - Processing /home/airflow/.local/lib/python3.12/site-packages/airflow/example_dags/example_skip_dag.py took 0.119 seconds
[2024-06-18T16:30:21.774+0000] {processor.py:161} INFO - Started process (PID=353) to work on /home/airflow/.local/lib/python3.12/site-packages/airflow/example_dags/example_skip_dag.py
[2024-06-18T16:30:21.775+0000] {processor.py:830} INFO - Processing file /home/airflow/.local/lib/python3.12/site-packages/airflow/example_dags/example_skip_dag.py for tasks to queue
[2024-06-18T16:30:21.778+0000] {logging_mixin.py:188} INFO - [2024-06-18T16:30:21.777+0000] {dagbag.py:545} INFO - Filling up the DagBag from /home/airflow/.local/lib/python3.12/site-packages/airflow/example_dags/example_skip_dag.py
[2024-06-18T16:30:21.786+0000] {processor.py:840} INFO - DAG(s) 'example_skip_dag' retrieved from /home/airflow/.local/lib/python3.12/site-packages/airflow/example_dags/example_skip_dag.py
[2024-06-18T16:30:21.815+0000] {logging_mixin.py:188} INFO - [2024-06-18T16:30:21.815+0000] {dag.py:3096} INFO - Sync 1 DAGs
[2024-06-18T16:30:21.842+0000] {logging_mixin.py:188} INFO - [2024-06-18T16:30:21.842+0000] {dag.py:3954} INFO - Setting next_dagrun for example_skip_dag to 2024-06-17 00:00:00+00:00, run_after=2024-06-18 00:00:00+00:00
[2024-06-18T16:30:21.864+0000] {processor.py:183} INFO - Processing /home/airflow/.local/lib/python3.12/site-packages/airflow/example_dags/example_skip_dag.py took 0.098 seconds
[2024-06-18T16:30:52.026+0000] {processor.py:161} INFO - Started process (PID=411) to work on /home/airflow/.local/lib/python3.12/site-packages/airflow/example_dags/example_skip_dag.py
[2024-06-18T16:30:52.028+0000] {processor.py:830} INFO - Processing file /home/airflow/.local/lib/python3.12/site-packages/airflow/example_dags/example_skip_dag.py for tasks to queue
[2024-06-18T16:30:52.031+0000] {logging_mixin.py:188} INFO - [2024-06-18T16:30:52.030+0000] {dagbag.py:545} INFO - Filling up the DagBag from /home/airflow/.local/lib/python3.12/site-packages/airflow/example_dags/example_skip_dag.py
[2024-06-18T16:30:52.042+0000] {processor.py:840} INFO - DAG(s) 'example_skip_dag' retrieved from /home/airflow/.local/lib/python3.12/site-packages/airflow/example_dags/example_skip_dag.py
[2024-06-18T16:30:52.070+0000] {logging_mixin.py:188} INFO - [2024-06-18T16:30:52.070+0000] {dag.py:3096} INFO - Sync 1 DAGs
[2024-06-18T16:30:52.098+0000] {logging_mixin.py:188} INFO - [2024-06-18T16:30:52.097+0000] {dag.py:3954} INFO - Setting next_dagrun for example_skip_dag to 2024-06-17 00:00:00+00:00, run_after=2024-06-18 00:00:00+00:00
[2024-06-18T16:30:52.121+0000] {processor.py:183} INFO - Processing /home/airflow/.local/lib/python3.12/site-packages/airflow/example_dags/example_skip_dag.py took 0.104 seconds
[2024-06-18T16:31:22.253+0000] {processor.py:161} INFO - Started process (PID=469) to work on /home/airflow/.local/lib/python3.12/site-packages/airflow/example_dags/example_skip_dag.py
[2024-06-18T16:31:22.254+0000] {processor.py:830} INFO - Processing file /home/airflow/.local/lib/python3.12/site-packages/airflow/example_dags/example_skip_dag.py for tasks to queue
[2024-06-18T16:31:22.256+0000] {logging_mixin.py:188} INFO - [2024-06-18T16:31:22.256+0000] {dagbag.py:545} INFO - Filling up the DagBag from /home/airflow/.local/lib/python3.12/site-packages/airflow/example_dags/example_skip_dag.py
[2024-06-18T16:31:22.265+0000] {processor.py:840} INFO - DAG(s) 'example_skip_dag' retrieved from /home/airflow/.local/lib/python3.12/site-packages/airflow/example_dags/example_skip_dag.py
[2024-06-18T16:31:22.292+0000] {logging_mixin.py:188} INFO - [2024-06-18T16:31:22.291+0000] {dag.py:3096} INFO - Sync 1 DAGs
[2024-06-18T16:31:22.318+0000] {logging_mixin.py:188} INFO - [2024-06-18T16:31:22.318+0000] {dag.py:3954} INFO - Setting next_dagrun for example_skip_dag to 2024-06-17 00:00:00+00:00, run_after=2024-06-18 00:00:00+00:00
[2024-06-18T16:31:22.340+0000] {processor.py:183} INFO - Processing /home/airflow/.local/lib/python3.12/site-packages/airflow/example_dags/example_skip_dag.py took 0.096 seconds
[2024-06-18T16:31:52.624+0000] {processor.py:161} INFO - Started process (PID=527) to work on /home/airflow/.local/lib/python3.12/site-packages/airflow/example_dags/example_skip_dag.py
[2024-06-18T16:31:52.625+0000] {processor.py:830} INFO - Processing file /home/airflow/.local/lib/python3.12/site-packages/airflow/example_dags/example_skip_dag.py for tasks to queue
[2024-06-18T16:31:52.628+0000] {logging_mixin.py:188} INFO - [2024-06-18T16:31:52.627+0000] {dagbag.py:545} INFO - Filling up the DagBag from /home/airflow/.local/lib/python3.12/site-packages/airflow/example_dags/example_skip_dag.py
[2024-06-18T16:31:52.636+0000] {processor.py:840} INFO - DAG(s) 'example_skip_dag' retrieved from /home/airflow/.local/lib/python3.12/site-packages/airflow/example_dags/example_skip_dag.py
[2024-06-18T16:31:52.663+0000] {logging_mixin.py:188} INFO - [2024-06-18T16:31:52.662+0000] {dag.py:3096} INFO - Sync 1 DAGs
[2024-06-18T16:31:52.689+0000] {logging_mixin.py:188} INFO - [2024-06-18T16:31:52.689+0000] {dag.py:3954} INFO - Setting next_dagrun for example_skip_dag to 2024-06-17 00:00:00+00:00, run_after=2024-06-18 00:00:00+00:00
[2024-06-18T16:31:52.712+0000] {processor.py:183} INFO - Processing /home/airflow/.local/lib/python3.12/site-packages/airflow/example_dags/example_skip_dag.py took 0.097 seconds
[2024-06-18T16:32:23.089+0000] {processor.py:161} INFO - Started process (PID=584) to work on /home/airflow/.local/lib/python3.12/site-packages/airflow/example_dags/example_skip_dag.py
[2024-06-18T16:32:23.091+0000] {processor.py:830} INFO - Processing file /home/airflow/.local/lib/python3.12/site-packages/airflow/example_dags/example_skip_dag.py for tasks to queue
[2024-06-18T16:32:23.093+0000] {logging_mixin.py:188} INFO - [2024-06-18T16:32:23.093+0000] {dagbag.py:545} INFO - Filling up the DagBag from /home/airflow/.local/lib/python3.12/site-packages/airflow/example_dags/example_skip_dag.py
[2024-06-18T16:32:23.106+0000] {processor.py:840} INFO - DAG(s) 'example_skip_dag' retrieved from /home/airflow/.local/lib/python3.12/site-packages/airflow/example_dags/example_skip_dag.py
[2024-06-18T16:32:23.136+0000] {logging_mixin.py:188} INFO - [2024-06-18T16:32:23.136+0000] {dag.py:3096} INFO - Sync 1 DAGs
[2024-06-18T16:32:23.164+0000] {logging_mixin.py:188} INFO - [2024-06-18T16:32:23.164+0000] {dag.py:3954} INFO - Setting next_dagrun for example_skip_dag to 2024-06-17 00:00:00+00:00, run_after=2024-06-18 00:00:00+00:00
[2024-06-18T16:32:23.184+0000] {processor.py:183} INFO - Processing /home/airflow/.local/lib/python3.12/site-packages/airflow/example_dags/example_skip_dag.py took 0.104 seconds
[2024-06-18T16:32:53.637+0000] {processor.py:161} INFO - Started process (PID=642) to work on /home/airflow/.local/lib/python3.12/site-packages/airflow/example_dags/example_skip_dag.py
[2024-06-18T16:32:53.639+0000] {processor.py:830} INFO - Processing file /home/airflow/.local/lib/python3.12/site-packages/airflow/example_dags/example_skip_dag.py for tasks to queue
[2024-06-18T16:32:53.641+0000] {logging_mixin.py:188} INFO - [2024-06-18T16:32:53.641+0000] {dagbag.py:545} INFO - Filling up the DagBag from /home/airflow/.local/lib/python3.12/site-packages/airflow/example_dags/example_skip_dag.py
[2024-06-18T16:32:53.650+0000] {processor.py:840} INFO - DAG(s) 'example_skip_dag' retrieved from /home/airflow/.local/lib/python3.12/site-packages/airflow/example_dags/example_skip_dag.py
[2024-06-18T16:32:53.677+0000] {logging_mixin.py:188} INFO - [2024-06-18T16:32:53.676+0000] {dag.py:3096} INFO - Sync 1 DAGs
[2024-06-18T16:32:53.706+0000] {logging_mixin.py:188} INFO - [2024-06-18T16:32:53.706+0000] {dag.py:3954} INFO - Setting next_dagrun for example_skip_dag to 2024-06-17 00:00:00+00:00, run_after=2024-06-18 00:00:00+00:00
[2024-06-18T16:32:53.730+0000] {processor.py:183} INFO - Processing /home/airflow/.local/lib/python3.12/site-packages/airflow/example_dags/example_skip_dag.py took 0.102 seconds
[2024-06-18T16:33:23.903+0000] {processor.py:161} INFO - Started process (PID=700) to work on /home/airflow/.local/lib/python3.12/site-packages/airflow/example_dags/example_skip_dag.py
[2024-06-18T16:33:23.904+0000] {processor.py:830} INFO - Processing file /home/airflow/.local/lib/python3.12/site-packages/airflow/example_dags/example_skip_dag.py for tasks to queue
[2024-06-18T16:33:23.907+0000] {logging_mixin.py:188} INFO - [2024-06-18T16:33:23.907+0000] {dagbag.py:545} INFO - Filling up the DagBag from /home/airflow/.local/lib/python3.12/site-packages/airflow/example_dags/example_skip_dag.py
[2024-06-18T16:33:23.916+0000] {processor.py:840} INFO - DAG(s) 'example_skip_dag' retrieved from /home/airflow/.local/lib/python3.12/site-packages/airflow/example_dags/example_skip_dag.py
[2024-06-18T16:33:23.944+0000] {logging_mixin.py:188} INFO - [2024-06-18T16:33:23.944+0000] {dag.py:3096} INFO - Sync 1 DAGs
[2024-06-18T16:33:23.971+0000] {logging_mixin.py:188} INFO - [2024-06-18T16:33:23.970+0000] {dag.py:3954} INFO - Setting next_dagrun for example_skip_dag to 2024-06-17 00:00:00+00:00, run_after=2024-06-18 00:00:00+00:00
[2024-06-18T16:33:23.990+0000] {processor.py:183} INFO - Processing /home/airflow/.local/lib/python3.12/site-packages/airflow/example_dags/example_skip_dag.py took 0.098 seconds
[2024-06-18T16:33:54.191+0000] {processor.py:161} INFO - Started process (PID=758) to work on /home/airflow/.local/lib/python3.12/site-packages/airflow/example_dags/example_skip_dag.py
[2024-06-18T16:33:54.192+0000] {processor.py:830} INFO - Processing file /home/airflow/.local/lib/python3.12/site-packages/airflow/example_dags/example_skip_dag.py for tasks to queue
[2024-06-18T16:33:54.195+0000] {logging_mixin.py:188} INFO - [2024-06-18T16:33:54.195+0000] {dagbag.py:545} INFO - Filling up the DagBag from /home/airflow/.local/lib/python3.12/site-packages/airflow/example_dags/example_skip_dag.py
[2024-06-18T16:33:54.205+0000] {processor.py:840} INFO - DAG(s) 'example_skip_dag' retrieved from /home/airflow/.local/lib/python3.12/site-packages/airflow/example_dags/example_skip_dag.py
[2024-06-18T16:33:54.232+0000] {logging_mixin.py:188} INFO - [2024-06-18T16:33:54.232+0000] {dag.py:3096} INFO - Sync 1 DAGs
[2024-06-18T16:33:54.259+0000] {logging_mixin.py:188} INFO - [2024-06-18T16:33:54.259+0000] {dag.py:3954} INFO - Setting next_dagrun for example_skip_dag to 2024-06-17 00:00:00+00:00, run_after=2024-06-18 00:00:00+00:00
[2024-06-18T16:33:54.279+0000] {processor.py:183} INFO - Processing /home/airflow/.local/lib/python3.12/site-packages/airflow/example_dags/example_skip_dag.py took 0.097 seconds
[2024-06-18T16:34:24.414+0000] {processor.py:161} INFO - Started process (PID=816) to work on /home/airflow/.local/lib/python3.12/site-packages/airflow/example_dags/example_skip_dag.py
[2024-06-18T16:34:24.416+0000] {processor.py:830} INFO - Processing file /home/airflow/.local/lib/python3.12/site-packages/airflow/example_dags/example_skip_dag.py for tasks to queue
[2024-06-18T16:34:24.419+0000] {logging_mixin.py:188} INFO - [2024-06-18T16:34:24.418+0000] {dagbag.py:545} INFO - Filling up the DagBag from /home/airflow/.local/lib/python3.12/site-packages/airflow/example_dags/example_skip_dag.py
[2024-06-18T16:34:24.429+0000] {processor.py:840} INFO - DAG(s) 'example_skip_dag' retrieved from /home/airflow/.local/lib/python3.12/site-packages/airflow/example_dags/example_skip_dag.py
[2024-06-18T16:34:24.460+0000] {logging_mixin.py:188} INFO - [2024-06-18T16:34:24.460+0000] {dag.py:3096} INFO - Sync 1 DAGs
[2024-06-18T16:34:24.494+0000] {logging_mixin.py:188} INFO - [2024-06-18T16:34:24.494+0000] {dag.py:3954} INFO - Setting next_dagrun for example_skip_dag to 2024-06-17 00:00:00+00:00, run_after=2024-06-18 00:00:00+00:00
[2024-06-18T16:34:24.518+0000] {processor.py:183} INFO - Processing /home/airflow/.local/lib/python3.12/site-packages/airflow/example_dags/example_skip_dag.py took 0.112 seconds
[2024-06-18T16:34:55.021+0000] {processor.py:161} INFO - Started process (PID=880) to work on /home/airflow/.local/lib/python3.12/site-packages/airflow/example_dags/example_skip_dag.py
[2024-06-18T16:34:55.023+0000] {processor.py:830} INFO - Processing file /home/airflow/.local/lib/python3.12/site-packages/airflow/example_dags/example_skip_dag.py for tasks to queue
[2024-06-18T16:34:55.026+0000] {logging_mixin.py:188} INFO - [2024-06-18T16:34:55.025+0000] {dagbag.py:545} INFO - Filling up the DagBag from /home/airflow/.local/lib/python3.12/site-packages/airflow/example_dags/example_skip_dag.py
[2024-06-18T16:34:55.035+0000] {processor.py:840} INFO - DAG(s) 'example_skip_dag' retrieved from /home/airflow/.local/lib/python3.12/site-packages/airflow/example_dags/example_skip_dag.py
[2024-06-18T16:34:55.064+0000] {logging_mixin.py:188} INFO - [2024-06-18T16:34:55.064+0000] {dag.py:3096} INFO - Sync 1 DAGs
[2024-06-18T16:34:55.091+0000] {logging_mixin.py:188} INFO - [2024-06-18T16:34:55.091+0000] {dag.py:3954} INFO - Setting next_dagrun for example_skip_dag to 2024-06-17 00:00:00+00:00, run_after=2024-06-18 00:00:00+00:00
[2024-06-18T16:34:55.112+0000] {processor.py:183} INFO - Processing /home/airflow/.local/lib/python3.12/site-packages/airflow/example_dags/example_skip_dag.py took 0.099 seconds
[2024-06-18T16:35:25.323+0000] {processor.py:161} INFO - Started process (PID=938) to work on /home/airflow/.local/lib/python3.12/site-packages/airflow/example_dags/example_skip_dag.py
[2024-06-18T16:35:25.324+0000] {processor.py:830} INFO - Processing file /home/airflow/.local/lib/python3.12/site-packages/airflow/example_dags/example_skip_dag.py for tasks to queue
[2024-06-18T16:35:25.326+0000] {logging_mixin.py:188} INFO - [2024-06-18T16:35:25.326+0000] {dagbag.py:545} INFO - Filling up the DagBag from /home/airflow/.local/lib/python3.12/site-packages/airflow/example_dags/example_skip_dag.py
[2024-06-18T16:35:25.334+0000] {processor.py:840} INFO - DAG(s) 'example_skip_dag' retrieved from /home/airflow/.local/lib/python3.12/site-packages/airflow/example_dags/example_skip_dag.py
[2024-06-18T16:35:25.360+0000] {logging_mixin.py:188} INFO - [2024-06-18T16:35:25.360+0000] {dag.py:3096} INFO - Sync 1 DAGs
[2024-06-18T16:35:25.385+0000] {logging_mixin.py:188} INFO - [2024-06-18T16:35:25.385+0000] {dag.py:3954} INFO - Setting next_dagrun for example_skip_dag to 2024-06-17 00:00:00+00:00, run_after=2024-06-18 00:00:00+00:00
[2024-06-18T16:35:25.408+0000] {processor.py:183} INFO - Processing /home/airflow/.local/lib/python3.12/site-packages/airflow/example_dags/example_skip_dag.py took 0.092 seconds
[2024-06-18T16:35:55.465+0000] {processor.py:161} INFO - Started process (PID=995) to work on /home/airflow/.local/lib/python3.12/site-packages/airflow/example_dags/example_skip_dag.py
[2024-06-18T16:35:55.466+0000] {processor.py:830} INFO - Processing file /home/airflow/.local/lib/python3.12/site-packages/airflow/example_dags/example_skip_dag.py for tasks to queue
[2024-06-18T16:35:55.469+0000] {logging_mixin.py:188} INFO - [2024-06-18T16:35:55.468+0000] {dagbag.py:545} INFO - Filling up the DagBag from /home/airflow/.local/lib/python3.12/site-packages/airflow/example_dags/example_skip_dag.py
[2024-06-18T16:35:55.478+0000] {processor.py:840} INFO - DAG(s) 'example_skip_dag' retrieved from /home/airflow/.local/lib/python3.12/site-packages/airflow/example_dags/example_skip_dag.py
[2024-06-18T16:35:55.516+0000] {logging_mixin.py:188} INFO - [2024-06-18T16:35:55.515+0000] {dag.py:3096} INFO - Sync 1 DAGs
[2024-06-18T16:35:55.558+0000] {logging_mixin.py:188} INFO - [2024-06-18T16:35:55.558+0000] {dag.py:3954} INFO - Setting next_dagrun for example_skip_dag to 2024-06-17 00:00:00+00:00, run_after=2024-06-18 00:00:00+00:00
[2024-06-18T16:35:55.586+0000] {processor.py:183} INFO - Processing /home/airflow/.local/lib/python3.12/site-packages/airflow/example_dags/example_skip_dag.py took 0.130 seconds
[2024-06-18T16:36:25.706+0000] {processor.py:161} INFO - Started process (PID=1053) to work on /home/airflow/.local/lib/python3.12/site-packages/airflow/example_dags/example_skip_dag.py
[2024-06-18T16:36:25.707+0000] {processor.py:830} INFO - Processing file /home/airflow/.local/lib/python3.12/site-packages/airflow/example_dags/example_skip_dag.py for tasks to queue
[2024-06-18T16:36:25.710+0000] {logging_mixin.py:188} INFO - [2024-06-18T16:36:25.709+0000] {dagbag.py:545} INFO - Filling up the DagBag from /home/airflow/.local/lib/python3.12/site-packages/airflow/example_dags/example_skip_dag.py
[2024-06-18T16:36:25.719+0000] {processor.py:840} INFO - DAG(s) 'example_skip_dag' retrieved from /home/airflow/.local/lib/python3.12/site-packages/airflow/example_dags/example_skip_dag.py
[2024-06-18T16:36:25.746+0000] {logging_mixin.py:188} INFO - [2024-06-18T16:36:25.746+0000] {dag.py:3096} INFO - Sync 1 DAGs
[2024-06-18T16:36:25.774+0000] {logging_mixin.py:188} INFO - [2024-06-18T16:36:25.774+0000] {dag.py:3954} INFO - Setting next_dagrun for example_skip_dag to 2024-06-17 00:00:00+00:00, run_after=2024-06-18 00:00:00+00:00
[2024-06-18T16:36:25.803+0000] {processor.py:183} INFO - Processing /home/airflow/.local/lib/python3.12/site-packages/airflow/example_dags/example_skip_dag.py took 0.105 seconds
[2024-06-18T16:36:55.945+0000] {processor.py:161} INFO - Started process (PID=1111) to work on /home/airflow/.local/lib/python3.12/site-packages/airflow/example_dags/example_skip_dag.py
[2024-06-18T16:36:55.947+0000] {processor.py:830} INFO - Processing file /home/airflow/.local/lib/python3.12/site-packages/airflow/example_dags/example_skip_dag.py for tasks to queue
[2024-06-18T16:36:55.949+0000] {logging_mixin.py:188} INFO - [2024-06-18T16:36:55.949+0000] {dagbag.py:545} INFO - Filling up the DagBag from /home/airflow/.local/lib/python3.12/site-packages/airflow/example_dags/example_skip_dag.py
[2024-06-18T16:36:55.958+0000] {processor.py:840} INFO - DAG(s) 'example_skip_dag' retrieved from /home/airflow/.local/lib/python3.12/site-packages/airflow/example_dags/example_skip_dag.py
[2024-06-18T16:36:55.991+0000] {logging_mixin.py:188} INFO - [2024-06-18T16:36:55.990+0000] {dag.py:3096} INFO - Sync 1 DAGs
[2024-06-18T16:36:56.017+0000] {logging_mixin.py:188} INFO - [2024-06-18T16:36:56.017+0000] {dag.py:3954} INFO - Setting next_dagrun for example_skip_dag to 2024-06-17 00:00:00+00:00, run_after=2024-06-18 00:00:00+00:00
[2024-06-18T16:36:56.041+0000] {processor.py:183} INFO - Processing /home/airflow/.local/lib/python3.12/site-packages/airflow/example_dags/example_skip_dag.py took 0.104 seconds
[2024-06-18T16:37:26.330+0000] {processor.py:161} INFO - Started process (PID=1169) to work on /home/airflow/.local/lib/python3.12/site-packages/airflow/example_dags/example_skip_dag.py
[2024-06-18T16:37:26.331+0000] {processor.py:830} INFO - Processing file /home/airflow/.local/lib/python3.12/site-packages/airflow/example_dags/example_skip_dag.py for tasks to queue
[2024-06-18T16:37:26.334+0000] {logging_mixin.py:188} INFO - [2024-06-18T16:37:26.333+0000] {dagbag.py:545} INFO - Filling up the DagBag from /home/airflow/.local/lib/python3.12/site-packages/airflow/example_dags/example_skip_dag.py
[2024-06-18T16:37:26.342+0000] {processor.py:840} INFO - DAG(s) 'example_skip_dag' retrieved from /home/airflow/.local/lib/python3.12/site-packages/airflow/example_dags/example_skip_dag.py
[2024-06-18T16:37:26.369+0000] {logging_mixin.py:188} INFO - [2024-06-18T16:37:26.369+0000] {dag.py:3096} INFO - Sync 1 DAGs
[2024-06-18T16:37:26.397+0000] {logging_mixin.py:188} INFO - [2024-06-18T16:37:26.397+0000] {dag.py:3954} INFO - Setting next_dagrun for example_skip_dag to 2024-06-17 00:00:00+00:00, run_after=2024-06-18 00:00:00+00:00
[2024-06-18T16:37:26.419+0000] {processor.py:183} INFO - Processing /home/airflow/.local/lib/python3.12/site-packages/airflow/example_dags/example_skip_dag.py took 0.097 seconds
[2024-06-18T16:38:52.556+0000] {processor.py:161} INFO - Started process (PID=62) to work on /home/airflow/.local/lib/python3.12/site-packages/airflow/example_dags/example_skip_dag.py
[2024-06-18T16:38:52.558+0000] {processor.py:830} INFO - Processing file /home/airflow/.local/lib/python3.12/site-packages/airflow/example_dags/example_skip_dag.py for tasks to queue
[2024-06-18T16:38:52.560+0000] {logging_mixin.py:188} INFO - [2024-06-18T16:38:52.559+0000] {dagbag.py:545} INFO - Filling up the DagBag from /home/airflow/.local/lib/python3.12/site-packages/airflow/example_dags/example_skip_dag.py
[2024-06-18T16:38:52.571+0000] {processor.py:840} INFO - DAG(s) 'example_skip_dag' retrieved from /home/airflow/.local/lib/python3.12/site-packages/airflow/example_dags/example_skip_dag.py
[2024-06-18T16:38:52.587+0000] {logging_mixin.py:188} INFO - [2024-06-18T16:38:52.587+0000] {dag.py:3096} INFO - Sync 1 DAGs
[2024-06-18T16:38:52.614+0000] {logging_mixin.py:188} INFO - [2024-06-18T16:38:52.614+0000] {dag.py:3954} INFO - Setting next_dagrun for example_skip_dag to 2024-06-17 00:00:00+00:00, run_after=2024-06-18 00:00:00+00:00
[2024-06-18T16:38:52.641+0000] {processor.py:183} INFO - Processing /home/airflow/.local/lib/python3.12/site-packages/airflow/example_dags/example_skip_dag.py took 0.093 seconds
[2024-06-18T16:39:24.829+0000] {processor.py:161} INFO - Started process (PID=119) to work on /home/airflow/.local/lib/python3.12/site-packages/airflow/example_dags/example_skip_dag.py
[2024-06-18T16:39:24.830+0000] {processor.py:830} INFO - Processing file /home/airflow/.local/lib/python3.12/site-packages/airflow/example_dags/example_skip_dag.py for tasks to queue
[2024-06-18T16:39:24.833+0000] {logging_mixin.py:188} INFO - [2024-06-18T16:39:24.832+0000] {dagbag.py:545} INFO - Filling up the DagBag from /home/airflow/.local/lib/python3.12/site-packages/airflow/example_dags/example_skip_dag.py
[2024-06-18T16:39:24.841+0000] {processor.py:840} INFO - DAG(s) 'example_skip_dag' retrieved from /home/airflow/.local/lib/python3.12/site-packages/airflow/example_dags/example_skip_dag.py
[2024-06-18T16:39:24.976+0000] {logging_mixin.py:188} INFO - [2024-06-18T16:39:24.976+0000] {dag.py:3096} INFO - Sync 1 DAGs
[2024-06-18T16:39:25.002+0000] {logging_mixin.py:188} INFO - [2024-06-18T16:39:25.002+0000] {dag.py:3954} INFO - Setting next_dagrun for example_skip_dag to 2024-06-17 00:00:00+00:00, run_after=2024-06-18 00:00:00+00:00
[2024-06-18T16:39:25.024+0000] {processor.py:183} INFO - Processing /home/airflow/.local/lib/python3.12/site-packages/airflow/example_dags/example_skip_dag.py took 0.203 seconds
[2024-06-18T16:39:55.101+0000] {processor.py:161} INFO - Started process (PID=177) to work on /home/airflow/.local/lib/python3.12/site-packages/airflow/example_dags/example_skip_dag.py
[2024-06-18T16:39:55.103+0000] {processor.py:830} INFO - Processing file /home/airflow/.local/lib/python3.12/site-packages/airflow/example_dags/example_skip_dag.py for tasks to queue
[2024-06-18T16:39:55.105+0000] {logging_mixin.py:188} INFO - [2024-06-18T16:39:55.105+0000] {dagbag.py:545} INFO - Filling up the DagBag from /home/airflow/.local/lib/python3.12/site-packages/airflow/example_dags/example_skip_dag.py
[2024-06-18T16:39:55.114+0000] {processor.py:840} INFO - DAG(s) 'example_skip_dag' retrieved from /home/airflow/.local/lib/python3.12/site-packages/airflow/example_dags/example_skip_dag.py
[2024-06-18T16:39:55.144+0000] {logging_mixin.py:188} INFO - [2024-06-18T16:39:55.143+0000] {dag.py:3096} INFO - Sync 1 DAGs
[2024-06-18T16:39:55.172+0000] {logging_mixin.py:188} INFO - [2024-06-18T16:39:55.171+0000] {dag.py:3954} INFO - Setting next_dagrun for example_skip_dag to 2024-06-17 00:00:00+00:00, run_after=2024-06-18 00:00:00+00:00
[2024-06-18T16:39:55.195+0000] {processor.py:183} INFO - Processing /home/airflow/.local/lib/python3.12/site-packages/airflow/example_dags/example_skip_dag.py took 0.103 seconds
[2024-06-18T16:40:25.233+0000] {processor.py:161} INFO - Started process (PID=235) to work on /home/airflow/.local/lib/python3.12/site-packages/airflow/example_dags/example_skip_dag.py
[2024-06-18T16:40:25.235+0000] {processor.py:830} INFO - Processing file /home/airflow/.local/lib/python3.12/site-packages/airflow/example_dags/example_skip_dag.py for tasks to queue
[2024-06-18T16:40:25.237+0000] {logging_mixin.py:188} INFO - [2024-06-18T16:40:25.237+0000] {dagbag.py:545} INFO - Filling up the DagBag from /home/airflow/.local/lib/python3.12/site-packages/airflow/example_dags/example_skip_dag.py
[2024-06-18T16:40:25.246+0000] {processor.py:840} INFO - DAG(s) 'example_skip_dag' retrieved from /home/airflow/.local/lib/python3.12/site-packages/airflow/example_dags/example_skip_dag.py
[2024-06-18T16:40:25.274+0000] {logging_mixin.py:188} INFO - [2024-06-18T16:40:25.274+0000] {dag.py:3096} INFO - Sync 1 DAGs
[2024-06-18T16:40:25.300+0000] {logging_mixin.py:188} INFO - [2024-06-18T16:40:25.300+0000] {dag.py:3954} INFO - Setting next_dagrun for example_skip_dag to 2024-06-17 00:00:00+00:00, run_after=2024-06-18 00:00:00+00:00
[2024-06-18T16:40:25.320+0000] {processor.py:183} INFO - Processing /home/airflow/.local/lib/python3.12/site-packages/airflow/example_dags/example_skip_dag.py took 0.096 seconds
[2024-06-18T16:40:55.724+0000] {processor.py:161} INFO - Started process (PID=293) to work on /home/airflow/.local/lib/python3.12/site-packages/airflow/example_dags/example_skip_dag.py
[2024-06-18T16:40:55.725+0000] {processor.py:830} INFO - Processing file /home/airflow/.local/lib/python3.12/site-packages/airflow/example_dags/example_skip_dag.py for tasks to queue
[2024-06-18T16:40:55.727+0000] {logging_mixin.py:188} INFO - [2024-06-18T16:40:55.727+0000] {dagbag.py:545} INFO - Filling up the DagBag from /home/airflow/.local/lib/python3.12/site-packages/airflow/example_dags/example_skip_dag.py
[2024-06-18T16:40:55.736+0000] {processor.py:840} INFO - DAG(s) 'example_skip_dag' retrieved from /home/airflow/.local/lib/python3.12/site-packages/airflow/example_dags/example_skip_dag.py
[2024-06-18T16:40:55.767+0000] {logging_mixin.py:188} INFO - [2024-06-18T16:40:55.766+0000] {dag.py:3096} INFO - Sync 1 DAGs
[2024-06-18T16:40:55.796+0000] {logging_mixin.py:188} INFO - [2024-06-18T16:40:55.796+0000] {dag.py:3954} INFO - Setting next_dagrun for example_skip_dag to 2024-06-17 00:00:00+00:00, run_after=2024-06-18 00:00:00+00:00
[2024-06-18T16:40:55.820+0000] {processor.py:183} INFO - Processing /home/airflow/.local/lib/python3.12/site-packages/airflow/example_dags/example_skip_dag.py took 0.105 seconds
[2024-06-18T16:41:26.423+0000] {processor.py:161} INFO - Started process (PID=351) to work on /home/airflow/.local/lib/python3.12/site-packages/airflow/example_dags/example_skip_dag.py
[2024-06-18T16:41:26.424+0000] {processor.py:830} INFO - Processing file /home/airflow/.local/lib/python3.12/site-packages/airflow/example_dags/example_skip_dag.py for tasks to queue
[2024-06-18T16:41:26.427+0000] {logging_mixin.py:188} INFO - [2024-06-18T16:41:26.427+0000] {dagbag.py:545} INFO - Filling up the DagBag from /home/airflow/.local/lib/python3.12/site-packages/airflow/example_dags/example_skip_dag.py
[2024-06-18T16:41:26.436+0000] {processor.py:840} INFO - DAG(s) 'example_skip_dag' retrieved from /home/airflow/.local/lib/python3.12/site-packages/airflow/example_dags/example_skip_dag.py
[2024-06-18T16:41:26.466+0000] {logging_mixin.py:188} INFO - [2024-06-18T16:41:26.466+0000] {dag.py:3096} INFO - Sync 1 DAGs
[2024-06-18T16:41:26.495+0000] {logging_mixin.py:188} INFO - [2024-06-18T16:41:26.495+0000] {dag.py:3954} INFO - Setting next_dagrun for example_skip_dag to 2024-06-17 00:00:00+00:00, run_after=2024-06-18 00:00:00+00:00
[2024-06-18T16:41:26.519+0000] {processor.py:183} INFO - Processing /home/airflow/.local/lib/python3.12/site-packages/airflow/example_dags/example_skip_dag.py took 0.105 seconds
[2024-06-18T16:41:56.858+0000] {processor.py:161} INFO - Started process (PID=409) to work on /home/airflow/.local/lib/python3.12/site-packages/airflow/example_dags/example_skip_dag.py
[2024-06-18T16:41:56.859+0000] {processor.py:830} INFO - Processing file /home/airflow/.local/lib/python3.12/site-packages/airflow/example_dags/example_skip_dag.py for tasks to queue
[2024-06-18T16:41:56.862+0000] {logging_mixin.py:188} INFO - [2024-06-18T16:41:56.861+0000] {dagbag.py:545} INFO - Filling up the DagBag from /home/airflow/.local/lib/python3.12/site-packages/airflow/example_dags/example_skip_dag.py
[2024-06-18T16:41:56.872+0000] {processor.py:840} INFO - DAG(s) 'example_skip_dag' retrieved from /home/airflow/.local/lib/python3.12/site-packages/airflow/example_dags/example_skip_dag.py
[2024-06-18T16:41:56.900+0000] {logging_mixin.py:188} INFO - [2024-06-18T16:41:56.900+0000] {dag.py:3096} INFO - Sync 1 DAGs
[2024-06-18T16:41:56.929+0000] {logging_mixin.py:188} INFO - [2024-06-18T16:41:56.929+0000] {dag.py:3954} INFO - Setting next_dagrun for example_skip_dag to 2024-06-17 00:00:00+00:00, run_after=2024-06-18 00:00:00+00:00
[2024-06-18T16:41:56.953+0000] {processor.py:183} INFO - Processing /home/airflow/.local/lib/python3.12/site-packages/airflow/example_dags/example_skip_dag.py took 0.104 seconds
[2024-06-18T16:42:27.309+0000] {processor.py:161} INFO - Started process (PID=467) to work on /home/airflow/.local/lib/python3.12/site-packages/airflow/example_dags/example_skip_dag.py
[2024-06-18T16:42:27.310+0000] {processor.py:830} INFO - Processing file /home/airflow/.local/lib/python3.12/site-packages/airflow/example_dags/example_skip_dag.py for tasks to queue
[2024-06-18T16:42:27.312+0000] {logging_mixin.py:188} INFO - [2024-06-18T16:42:27.312+0000] {dagbag.py:545} INFO - Filling up the DagBag from /home/airflow/.local/lib/python3.12/site-packages/airflow/example_dags/example_skip_dag.py
[2024-06-18T16:42:27.322+0000] {processor.py:840} INFO - DAG(s) 'example_skip_dag' retrieved from /home/airflow/.local/lib/python3.12/site-packages/airflow/example_dags/example_skip_dag.py
[2024-06-18T16:42:27.352+0000] {logging_mixin.py:188} INFO - [2024-06-18T16:42:27.352+0000] {dag.py:3096} INFO - Sync 1 DAGs
[2024-06-18T16:42:27.379+0000] {logging_mixin.py:188} INFO - [2024-06-18T16:42:27.379+0000] {dag.py:3954} INFO - Setting next_dagrun for example_skip_dag to 2024-06-17 00:00:00+00:00, run_after=2024-06-18 00:00:00+00:00
[2024-06-18T16:42:27.399+0000] {processor.py:183} INFO - Processing /home/airflow/.local/lib/python3.12/site-packages/airflow/example_dags/example_skip_dag.py took 0.099 seconds
