[2024-06-18T16:27:44.910+0000] {processor.py:161} INFO - Started process (PID=35) to work on /home/airflow/.local/lib/python3.12/site-packages/airflow/example_dags/example_latest_only.py
[2024-06-18T16:27:44.911+0000] {processor.py:830} INFO - Processing file /home/airflow/.local/lib/python3.12/site-packages/airflow/example_dags/example_latest_only.py for tasks to queue
[2024-06-18T16:27:44.913+0000] {logging_mixin.py:188} INFO - [2024-06-18T16:27:44.912+0000] {dagbag.py:545} INFO - Filling up the DagBag from /home/airflow/.local/lib/python3.12/site-packages/airflow/example_dags/example_latest_only.py
[2024-06-18T16:27:44.925+0000] {processor.py:840} INFO - DAG(s) 'latest_only' retrieved from /home/airflow/.local/lib/python3.12/site-packages/airflow/example_dags/example_latest_only.py
[2024-06-18T16:27:44.939+0000] {logging_mixin.py:188} INFO - [2024-06-18T16:27:44.938+0000] {dag.py:3096} INFO - Sync 1 DAGs
[2024-06-18T16:27:44.969+0000] {logging_mixin.py:188} INFO - [2024-06-18T16:27:44.968+0000] {dag.py:3954} INFO - Setting next_dagrun for latest_only to 2024-06-18 12:00:00+00:00, run_after=2024-06-18 16:00:00+00:00
[2024-06-18T16:27:44.989+0000] {processor.py:183} INFO - Processing /home/airflow/.local/lib/python3.12/site-packages/airflow/example_dags/example_latest_only.py took 0.088 seconds
[2024-06-18T16:28:16.098+0000] {processor.py:161} INFO - Started process (PID=93) to work on /home/airflow/.local/lib/python3.12/site-packages/airflow/example_dags/example_latest_only.py
[2024-06-18T16:28:16.099+0000] {processor.py:830} INFO - Processing file /home/airflow/.local/lib/python3.12/site-packages/airflow/example_dags/example_latest_only.py for tasks to queue
[2024-06-18T16:28:16.102+0000] {logging_mixin.py:188} INFO - [2024-06-18T16:28:16.101+0000] {dagbag.py:545} INFO - Filling up the DagBag from /home/airflow/.local/lib/python3.12/site-packages/airflow/example_dags/example_latest_only.py
[2024-06-18T16:28:16.108+0000] {processor.py:840} INFO - DAG(s) 'latest_only' retrieved from /home/airflow/.local/lib/python3.12/site-packages/airflow/example_dags/example_latest_only.py
[2024-06-18T16:28:16.242+0000] {logging_mixin.py:188} INFO - [2024-06-18T16:28:16.242+0000] {dag.py:3096} INFO - Sync 1 DAGs
[2024-06-18T16:28:16.265+0000] {logging_mixin.py:188} INFO - [2024-06-18T16:28:16.265+0000] {dag.py:3954} INFO - Setting next_dagrun for latest_only to 2024-06-18 12:00:00+00:00, run_after=2024-06-18 16:00:00+00:00
[2024-06-18T16:28:16.288+0000] {processor.py:183} INFO - Processing /home/airflow/.local/lib/python3.12/site-packages/airflow/example_dags/example_latest_only.py took 0.198 seconds
[2024-06-18T16:28:46.430+0000] {processor.py:161} INFO - Started process (PID=151) to work on /home/airflow/.local/lib/python3.12/site-packages/airflow/example_dags/example_latest_only.py
[2024-06-18T16:28:46.432+0000] {processor.py:830} INFO - Processing file /home/airflow/.local/lib/python3.12/site-packages/airflow/example_dags/example_latest_only.py for tasks to queue
[2024-06-18T16:28:46.434+0000] {logging_mixin.py:188} INFO - [2024-06-18T16:28:46.434+0000] {dagbag.py:545} INFO - Filling up the DagBag from /home/airflow/.local/lib/python3.12/site-packages/airflow/example_dags/example_latest_only.py
[2024-06-18T16:28:46.441+0000] {processor.py:840} INFO - DAG(s) 'latest_only' retrieved from /home/airflow/.local/lib/python3.12/site-packages/airflow/example_dags/example_latest_only.py
[2024-06-18T16:28:46.466+0000] {logging_mixin.py:188} INFO - [2024-06-18T16:28:46.466+0000] {dag.py:3096} INFO - Sync 1 DAGs
[2024-06-18T16:28:46.494+0000] {logging_mixin.py:188} INFO - [2024-06-18T16:28:46.494+0000] {dag.py:3954} INFO - Setting next_dagrun for latest_only to 2024-06-18 12:00:00+00:00, run_after=2024-06-18 16:00:00+00:00
[2024-06-18T16:28:46.519+0000] {processor.py:183} INFO - Processing /home/airflow/.local/lib/python3.12/site-packages/airflow/example_dags/example_latest_only.py took 0.100 seconds
[2024-06-18T16:29:16.689+0000] {processor.py:161} INFO - Started process (PID=209) to work on /home/airflow/.local/lib/python3.12/site-packages/airflow/example_dags/example_latest_only.py
[2024-06-18T16:29:16.691+0000] {processor.py:830} INFO - Processing file /home/airflow/.local/lib/python3.12/site-packages/airflow/example_dags/example_latest_only.py for tasks to queue
[2024-06-18T16:29:16.694+0000] {logging_mixin.py:188} INFO - [2024-06-18T16:29:16.693+0000] {dagbag.py:545} INFO - Filling up the DagBag from /home/airflow/.local/lib/python3.12/site-packages/airflow/example_dags/example_latest_only.py
[2024-06-18T16:29:16.702+0000] {processor.py:840} INFO - DAG(s) 'latest_only' retrieved from /home/airflow/.local/lib/python3.12/site-packages/airflow/example_dags/example_latest_only.py
[2024-06-18T16:29:16.731+0000] {logging_mixin.py:188} INFO - [2024-06-18T16:29:16.731+0000] {dag.py:3096} INFO - Sync 1 DAGs
[2024-06-18T16:29:16.766+0000] {logging_mixin.py:188} INFO - [2024-06-18T16:29:16.766+0000] {dag.py:3954} INFO - Setting next_dagrun for latest_only to 2024-06-18 12:00:00+00:00, run_after=2024-06-18 16:00:00+00:00
[2024-06-18T16:29:16.792+0000] {processor.py:183} INFO - Processing /home/airflow/.local/lib/python3.12/site-packages/airflow/example_dags/example_latest_only.py took 0.113 seconds
[2024-06-18T16:29:47.123+0000] {processor.py:161} INFO - Started process (PID=267) to work on /home/airflow/.local/lib/python3.12/site-packages/airflow/example_dags/example_latest_only.py
[2024-06-18T16:29:47.125+0000] {processor.py:830} INFO - Processing file /home/airflow/.local/lib/python3.12/site-packages/airflow/example_dags/example_latest_only.py for tasks to queue
[2024-06-18T16:29:47.128+0000] {logging_mixin.py:188} INFO - [2024-06-18T16:29:47.127+0000] {dagbag.py:545} INFO - Filling up the DagBag from /home/airflow/.local/lib/python3.12/site-packages/airflow/example_dags/example_latest_only.py
[2024-06-18T16:29:47.134+0000] {processor.py:840} INFO - DAG(s) 'latest_only' retrieved from /home/airflow/.local/lib/python3.12/site-packages/airflow/example_dags/example_latest_only.py
[2024-06-18T16:29:47.158+0000] {logging_mixin.py:188} INFO - [2024-06-18T16:29:47.158+0000] {dag.py:3096} INFO - Sync 1 DAGs
[2024-06-18T16:29:47.187+0000] {logging_mixin.py:188} INFO - [2024-06-18T16:29:47.187+0000] {dag.py:3954} INFO - Setting next_dagrun for latest_only to 2024-06-18 12:00:00+00:00, run_after=2024-06-18 16:00:00+00:00
[2024-06-18T16:29:47.210+0000] {processor.py:183} INFO - Processing /home/airflow/.local/lib/python3.12/site-packages/airflow/example_dags/example_latest_only.py took 0.097 seconds
[2024-06-18T16:30:17.793+0000] {processor.py:161} INFO - Started process (PID=325) to work on /home/airflow/.local/lib/python3.12/site-packages/airflow/example_dags/example_latest_only.py
[2024-06-18T16:30:17.794+0000] {processor.py:830} INFO - Processing file /home/airflow/.local/lib/python3.12/site-packages/airflow/example_dags/example_latest_only.py for tasks to queue
[2024-06-18T16:30:17.797+0000] {logging_mixin.py:188} INFO - [2024-06-18T16:30:17.796+0000] {dagbag.py:545} INFO - Filling up the DagBag from /home/airflow/.local/lib/python3.12/site-packages/airflow/example_dags/example_latest_only.py
[2024-06-18T16:30:17.803+0000] {processor.py:840} INFO - DAG(s) 'latest_only' retrieved from /home/airflow/.local/lib/python3.12/site-packages/airflow/example_dags/example_latest_only.py
[2024-06-18T16:30:17.836+0000] {logging_mixin.py:188} INFO - [2024-06-18T16:30:17.836+0000] {dag.py:3096} INFO - Sync 1 DAGs
[2024-06-18T16:30:17.865+0000] {logging_mixin.py:188} INFO - [2024-06-18T16:30:17.865+0000] {dag.py:3954} INFO - Setting next_dagrun for latest_only to 2024-06-18 12:00:00+00:00, run_after=2024-06-18 16:00:00+00:00
[2024-06-18T16:30:17.889+0000] {processor.py:183} INFO - Processing /home/airflow/.local/lib/python3.12/site-packages/airflow/example_dags/example_latest_only.py took 0.105 seconds
[2024-06-18T16:30:48.023+0000] {processor.py:161} INFO - Started process (PID=383) to work on /home/airflow/.local/lib/python3.12/site-packages/airflow/example_dags/example_latest_only.py
[2024-06-18T16:30:48.025+0000] {processor.py:830} INFO - Processing file /home/airflow/.local/lib/python3.12/site-packages/airflow/example_dags/example_latest_only.py for tasks to queue
[2024-06-18T16:30:48.027+0000] {logging_mixin.py:188} INFO - [2024-06-18T16:30:48.027+0000] {dagbag.py:545} INFO - Filling up the DagBag from /home/airflow/.local/lib/python3.12/site-packages/airflow/example_dags/example_latest_only.py
[2024-06-18T16:30:48.033+0000] {processor.py:840} INFO - DAG(s) 'latest_only' retrieved from /home/airflow/.local/lib/python3.12/site-packages/airflow/example_dags/example_latest_only.py
[2024-06-18T16:30:48.058+0000] {logging_mixin.py:188} INFO - [2024-06-18T16:30:48.058+0000] {dag.py:3096} INFO - Sync 1 DAGs
[2024-06-18T16:30:48.086+0000] {logging_mixin.py:188} INFO - [2024-06-18T16:30:48.086+0000] {dag.py:3954} INFO - Setting next_dagrun for latest_only to 2024-06-18 12:00:00+00:00, run_after=2024-06-18 16:00:00+00:00
[2024-06-18T16:30:48.108+0000] {processor.py:183} INFO - Processing /home/airflow/.local/lib/python3.12/site-packages/airflow/example_dags/example_latest_only.py took 0.093 seconds
[2024-06-18T16:31:18.301+0000] {processor.py:161} INFO - Started process (PID=441) to work on /home/airflow/.local/lib/python3.12/site-packages/airflow/example_dags/example_latest_only.py
[2024-06-18T16:31:18.303+0000] {processor.py:830} INFO - Processing file /home/airflow/.local/lib/python3.12/site-packages/airflow/example_dags/example_latest_only.py for tasks to queue
[2024-06-18T16:31:18.306+0000] {logging_mixin.py:188} INFO - [2024-06-18T16:31:18.305+0000] {dagbag.py:545} INFO - Filling up the DagBag from /home/airflow/.local/lib/python3.12/site-packages/airflow/example_dags/example_latest_only.py
[2024-06-18T16:31:18.313+0000] {processor.py:840} INFO - DAG(s) 'latest_only' retrieved from /home/airflow/.local/lib/python3.12/site-packages/airflow/example_dags/example_latest_only.py
[2024-06-18T16:31:18.342+0000] {logging_mixin.py:188} INFO - [2024-06-18T16:31:18.342+0000] {dag.py:3096} INFO - Sync 1 DAGs
[2024-06-18T16:31:18.371+0000] {logging_mixin.py:188} INFO - [2024-06-18T16:31:18.370+0000] {dag.py:3954} INFO - Setting next_dagrun for latest_only to 2024-06-18 12:00:00+00:00, run_after=2024-06-18 16:00:00+00:00
[2024-06-18T16:31:18.392+0000] {processor.py:183} INFO - Processing /home/airflow/.local/lib/python3.12/site-packages/airflow/example_dags/example_latest_only.py took 0.099 seconds
[2024-06-18T16:31:48.457+0000] {processor.py:161} INFO - Started process (PID=499) to work on /home/airflow/.local/lib/python3.12/site-packages/airflow/example_dags/example_latest_only.py
[2024-06-18T16:31:48.459+0000] {processor.py:830} INFO - Processing file /home/airflow/.local/lib/python3.12/site-packages/airflow/example_dags/example_latest_only.py for tasks to queue
[2024-06-18T16:31:48.461+0000] {logging_mixin.py:188} INFO - [2024-06-18T16:31:48.461+0000] {dagbag.py:545} INFO - Filling up the DagBag from /home/airflow/.local/lib/python3.12/site-packages/airflow/example_dags/example_latest_only.py
[2024-06-18T16:31:48.467+0000] {processor.py:840} INFO - DAG(s) 'latest_only' retrieved from /home/airflow/.local/lib/python3.12/site-packages/airflow/example_dags/example_latest_only.py
[2024-06-18T16:31:48.508+0000] {logging_mixin.py:188} INFO - [2024-06-18T16:31:48.508+0000] {dag.py:3096} INFO - Sync 1 DAGs
[2024-06-18T16:31:48.540+0000] {logging_mixin.py:188} INFO - [2024-06-18T16:31:48.539+0000] {dag.py:3954} INFO - Setting next_dagrun for latest_only to 2024-06-18 12:00:00+00:00, run_after=2024-06-18 16:00:00+00:00
[2024-06-18T16:31:48.571+0000] {processor.py:183} INFO - Processing /home/airflow/.local/lib/python3.12/site-packages/airflow/example_dags/example_latest_only.py took 0.122 seconds
[2024-06-18T16:32:18.870+0000] {processor.py:161} INFO - Started process (PID=556) to work on /home/airflow/.local/lib/python3.12/site-packages/airflow/example_dags/example_latest_only.py
[2024-06-18T16:32:18.871+0000] {processor.py:830} INFO - Processing file /home/airflow/.local/lib/python3.12/site-packages/airflow/example_dags/example_latest_only.py for tasks to queue
[2024-06-18T16:32:18.875+0000] {logging_mixin.py:188} INFO - [2024-06-18T16:32:18.874+0000] {dagbag.py:545} INFO - Filling up the DagBag from /home/airflow/.local/lib/python3.12/site-packages/airflow/example_dags/example_latest_only.py
[2024-06-18T16:32:18.882+0000] {processor.py:840} INFO - DAG(s) 'latest_only' retrieved from /home/airflow/.local/lib/python3.12/site-packages/airflow/example_dags/example_latest_only.py
[2024-06-18T16:32:18.914+0000] {logging_mixin.py:188} INFO - [2024-06-18T16:32:18.913+0000] {dag.py:3096} INFO - Sync 1 DAGs
[2024-06-18T16:32:18.943+0000] {logging_mixin.py:188} INFO - [2024-06-18T16:32:18.943+0000] {dag.py:3954} INFO - Setting next_dagrun for latest_only to 2024-06-18 12:00:00+00:00, run_after=2024-06-18 16:00:00+00:00
[2024-06-18T16:32:18.965+0000] {processor.py:183} INFO - Processing /home/airflow/.local/lib/python3.12/site-packages/airflow/example_dags/example_latest_only.py took 0.105 seconds
[2024-06-18T16:32:49.529+0000] {processor.py:161} INFO - Started process (PID=614) to work on /home/airflow/.local/lib/python3.12/site-packages/airflow/example_dags/example_latest_only.py
[2024-06-18T16:32:49.531+0000] {processor.py:830} INFO - Processing file /home/airflow/.local/lib/python3.12/site-packages/airflow/example_dags/example_latest_only.py for tasks to queue
[2024-06-18T16:32:49.534+0000] {logging_mixin.py:188} INFO - [2024-06-18T16:32:49.533+0000] {dagbag.py:545} INFO - Filling up the DagBag from /home/airflow/.local/lib/python3.12/site-packages/airflow/example_dags/example_latest_only.py
[2024-06-18T16:32:49.541+0000] {processor.py:840} INFO - DAG(s) 'latest_only' retrieved from /home/airflow/.local/lib/python3.12/site-packages/airflow/example_dags/example_latest_only.py
[2024-06-18T16:32:49.566+0000] {logging_mixin.py:188} INFO - [2024-06-18T16:32:49.565+0000] {dag.py:3096} INFO - Sync 1 DAGs
[2024-06-18T16:32:49.593+0000] {logging_mixin.py:188} INFO - [2024-06-18T16:32:49.593+0000] {dag.py:3954} INFO - Setting next_dagrun for latest_only to 2024-06-18 12:00:00+00:00, run_after=2024-06-18 16:00:00+00:00
[2024-06-18T16:32:49.614+0000] {processor.py:183} INFO - Processing /home/airflow/.local/lib/python3.12/site-packages/airflow/example_dags/example_latest_only.py took 0.094 seconds
[2024-06-18T16:33:19.808+0000] {processor.py:161} INFO - Started process (PID=672) to work on /home/airflow/.local/lib/python3.12/site-packages/airflow/example_dags/example_latest_only.py
[2024-06-18T16:33:19.809+0000] {processor.py:830} INFO - Processing file /home/airflow/.local/lib/python3.12/site-packages/airflow/example_dags/example_latest_only.py for tasks to queue
[2024-06-18T16:33:19.812+0000] {logging_mixin.py:188} INFO - [2024-06-18T16:33:19.811+0000] {dagbag.py:545} INFO - Filling up the DagBag from /home/airflow/.local/lib/python3.12/site-packages/airflow/example_dags/example_latest_only.py
[2024-06-18T16:33:19.818+0000] {processor.py:840} INFO - DAG(s) 'latest_only' retrieved from /home/airflow/.local/lib/python3.12/site-packages/airflow/example_dags/example_latest_only.py
[2024-06-18T16:33:19.843+0000] {logging_mixin.py:188} INFO - [2024-06-18T16:33:19.843+0000] {dag.py:3096} INFO - Sync 1 DAGs
[2024-06-18T16:33:19.871+0000] {logging_mixin.py:188} INFO - [2024-06-18T16:33:19.871+0000] {dag.py:3954} INFO - Setting next_dagrun for latest_only to 2024-06-18 12:00:00+00:00, run_after=2024-06-18 16:00:00+00:00
[2024-06-18T16:33:19.894+0000] {processor.py:183} INFO - Processing /home/airflow/.local/lib/python3.12/site-packages/airflow/example_dags/example_latest_only.py took 0.095 seconds
[2024-06-18T16:33:50.048+0000] {processor.py:161} INFO - Started process (PID=730) to work on /home/airflow/.local/lib/python3.12/site-packages/airflow/example_dags/example_latest_only.py
[2024-06-18T16:33:50.049+0000] {processor.py:830} INFO - Processing file /home/airflow/.local/lib/python3.12/site-packages/airflow/example_dags/example_latest_only.py for tasks to queue
[2024-06-18T16:33:50.052+0000] {logging_mixin.py:188} INFO - [2024-06-18T16:33:50.051+0000] {dagbag.py:545} INFO - Filling up the DagBag from /home/airflow/.local/lib/python3.12/site-packages/airflow/example_dags/example_latest_only.py
[2024-06-18T16:33:50.058+0000] {processor.py:840} INFO - DAG(s) 'latest_only' retrieved from /home/airflow/.local/lib/python3.12/site-packages/airflow/example_dags/example_latest_only.py
[2024-06-18T16:33:50.098+0000] {logging_mixin.py:188} INFO - [2024-06-18T16:33:50.097+0000] {dag.py:3096} INFO - Sync 1 DAGs
[2024-06-18T16:33:50.129+0000] {logging_mixin.py:188} INFO - [2024-06-18T16:33:50.128+0000] {dag.py:3954} INFO - Setting next_dagrun for latest_only to 2024-06-18 12:00:00+00:00, run_after=2024-06-18 16:00:00+00:00
[2024-06-18T16:33:50.158+0000] {processor.py:183} INFO - Processing /home/airflow/.local/lib/python3.12/site-packages/airflow/example_dags/example_latest_only.py took 0.120 seconds
[2024-06-18T16:34:20.380+0000] {processor.py:161} INFO - Started process (PID=788) to work on /home/airflow/.local/lib/python3.12/site-packages/airflow/example_dags/example_latest_only.py
[2024-06-18T16:34:20.382+0000] {processor.py:830} INFO - Processing file /home/airflow/.local/lib/python3.12/site-packages/airflow/example_dags/example_latest_only.py for tasks to queue
[2024-06-18T16:34:20.386+0000] {logging_mixin.py:188} INFO - [2024-06-18T16:34:20.385+0000] {dagbag.py:545} INFO - Filling up the DagBag from /home/airflow/.local/lib/python3.12/site-packages/airflow/example_dags/example_latest_only.py
[2024-06-18T16:34:20.392+0000] {processor.py:840} INFO - DAG(s) 'latest_only' retrieved from /home/airflow/.local/lib/python3.12/site-packages/airflow/example_dags/example_latest_only.py
[2024-06-18T16:34:20.424+0000] {logging_mixin.py:188} INFO - [2024-06-18T16:34:20.423+0000] {dag.py:3096} INFO - Sync 1 DAGs
[2024-06-18T16:34:20.459+0000] {logging_mixin.py:188} INFO - [2024-06-18T16:34:20.458+0000] {dag.py:3954} INFO - Setting next_dagrun for latest_only to 2024-06-18 12:00:00+00:00, run_after=2024-06-18 16:00:00+00:00
[2024-06-18T16:34:20.482+0000] {processor.py:183} INFO - Processing /home/airflow/.local/lib/python3.12/site-packages/airflow/example_dags/example_latest_only.py took 0.110 seconds
[2024-06-18T16:34:50.895+0000] {processor.py:161} INFO - Started process (PID=846) to work on /home/airflow/.local/lib/python3.12/site-packages/airflow/example_dags/example_latest_only.py
[2024-06-18T16:34:50.896+0000] {processor.py:830} INFO - Processing file /home/airflow/.local/lib/python3.12/site-packages/airflow/example_dags/example_latest_only.py for tasks to queue
[2024-06-18T16:34:50.899+0000] {logging_mixin.py:188} INFO - [2024-06-18T16:34:50.899+0000] {dagbag.py:545} INFO - Filling up the DagBag from /home/airflow/.local/lib/python3.12/site-packages/airflow/example_dags/example_latest_only.py
[2024-06-18T16:34:50.906+0000] {processor.py:840} INFO - DAG(s) 'latest_only' retrieved from /home/airflow/.local/lib/python3.12/site-packages/airflow/example_dags/example_latest_only.py
[2024-06-18T16:34:50.939+0000] {logging_mixin.py:188} INFO - [2024-06-18T16:34:50.939+0000] {dag.py:3096} INFO - Sync 1 DAGs
[2024-06-18T16:34:50.974+0000] {logging_mixin.py:188} INFO - [2024-06-18T16:34:50.973+0000] {dag.py:3954} INFO - Setting next_dagrun for latest_only to 2024-06-18 12:00:00+00:00, run_after=2024-06-18 16:00:00+00:00
[2024-06-18T16:34:50.997+0000] {processor.py:183} INFO - Processing /home/airflow/.local/lib/python3.12/site-packages/airflow/example_dags/example_latest_only.py took 0.113 seconds
[2024-06-18T16:35:21.273+0000] {processor.py:161} INFO - Started process (PID=904) to work on /home/airflow/.local/lib/python3.12/site-packages/airflow/example_dags/example_latest_only.py
[2024-06-18T16:35:21.274+0000] {processor.py:830} INFO - Processing file /home/airflow/.local/lib/python3.12/site-packages/airflow/example_dags/example_latest_only.py for tasks to queue
[2024-06-18T16:35:21.276+0000] {logging_mixin.py:188} INFO - [2024-06-18T16:35:21.276+0000] {dagbag.py:545} INFO - Filling up the DagBag from /home/airflow/.local/lib/python3.12/site-packages/airflow/example_dags/example_latest_only.py
[2024-06-18T16:35:21.282+0000] {processor.py:840} INFO - DAG(s) 'latest_only' retrieved from /home/airflow/.local/lib/python3.12/site-packages/airflow/example_dags/example_latest_only.py
[2024-06-18T16:35:21.307+0000] {logging_mixin.py:188} INFO - [2024-06-18T16:35:21.307+0000] {dag.py:3096} INFO - Sync 1 DAGs
[2024-06-18T16:35:21.333+0000] {logging_mixin.py:188} INFO - [2024-06-18T16:35:21.332+0000] {dag.py:3954} INFO - Setting next_dagrun for latest_only to 2024-06-18 12:00:00+00:00, run_after=2024-06-18 16:00:00+00:00
[2024-06-18T16:35:21.353+0000] {processor.py:183} INFO - Processing /home/airflow/.local/lib/python3.12/site-packages/airflow/example_dags/example_latest_only.py took 0.088 seconds
[2024-06-18T16:35:51.763+0000] {processor.py:161} INFO - Started process (PID=962) to work on /home/airflow/.local/lib/python3.12/site-packages/airflow/example_dags/example_latest_only.py
[2024-06-18T16:35:51.764+0000] {processor.py:830} INFO - Processing file /home/airflow/.local/lib/python3.12/site-packages/airflow/example_dags/example_latest_only.py for tasks to queue
[2024-06-18T16:35:51.767+0000] {logging_mixin.py:188} INFO - [2024-06-18T16:35:51.767+0000] {dagbag.py:545} INFO - Filling up the DagBag from /home/airflow/.local/lib/python3.12/site-packages/airflow/example_dags/example_latest_only.py
[2024-06-18T16:35:51.774+0000] {processor.py:840} INFO - DAG(s) 'latest_only' retrieved from /home/airflow/.local/lib/python3.12/site-packages/airflow/example_dags/example_latest_only.py
[2024-06-18T16:35:51.799+0000] {logging_mixin.py:188} INFO - [2024-06-18T16:35:51.799+0000] {dag.py:3096} INFO - Sync 1 DAGs
[2024-06-18T16:35:51.828+0000] {logging_mixin.py:188} INFO - [2024-06-18T16:35:51.827+0000] {dag.py:3954} INFO - Setting next_dagrun for latest_only to 2024-06-18 12:00:00+00:00, run_after=2024-06-18 16:00:00+00:00
[2024-06-18T16:35:51.849+0000] {processor.py:183} INFO - Processing /home/airflow/.local/lib/python3.12/site-packages/airflow/example_dags/example_latest_only.py took 0.095 seconds
[2024-06-18T16:36:22.906+0000] {processor.py:161} INFO - Started process (PID=1020) to work on /home/airflow/.local/lib/python3.12/site-packages/airflow/example_dags/example_latest_only.py
[2024-06-18T16:36:22.907+0000] {processor.py:830} INFO - Processing file /home/airflow/.local/lib/python3.12/site-packages/airflow/example_dags/example_latest_only.py for tasks to queue
[2024-06-18T16:36:22.910+0000] {logging_mixin.py:188} INFO - [2024-06-18T16:36:22.909+0000] {dagbag.py:545} INFO - Filling up the DagBag from /home/airflow/.local/lib/python3.12/site-packages/airflow/example_dags/example_latest_only.py
[2024-06-18T16:36:22.917+0000] {processor.py:840} INFO - DAG(s) 'latest_only' retrieved from /home/airflow/.local/lib/python3.12/site-packages/airflow/example_dags/example_latest_only.py
[2024-06-18T16:36:22.945+0000] {logging_mixin.py:188} INFO - [2024-06-18T16:36:22.944+0000] {dag.py:3096} INFO - Sync 1 DAGs
[2024-06-18T16:36:22.977+0000] {logging_mixin.py:188} INFO - [2024-06-18T16:36:22.977+0000] {dag.py:3954} INFO - Setting next_dagrun for latest_only to 2024-06-18 12:00:00+00:00, run_after=2024-06-18 16:00:00+00:00
[2024-06-18T16:36:23.002+0000] {processor.py:183} INFO - Processing /home/airflow/.local/lib/python3.12/site-packages/airflow/example_dags/example_latest_only.py took 0.108 seconds
[2024-06-18T16:36:53.160+0000] {processor.py:161} INFO - Started process (PID=1078) to work on /home/airflow/.local/lib/python3.12/site-packages/airflow/example_dags/example_latest_only.py
[2024-06-18T16:36:53.162+0000] {processor.py:830} INFO - Processing file /home/airflow/.local/lib/python3.12/site-packages/airflow/example_dags/example_latest_only.py for tasks to queue
[2024-06-18T16:36:53.164+0000] {logging_mixin.py:188} INFO - [2024-06-18T16:36:53.164+0000] {dagbag.py:545} INFO - Filling up the DagBag from /home/airflow/.local/lib/python3.12/site-packages/airflow/example_dags/example_latest_only.py
[2024-06-18T16:36:53.171+0000] {processor.py:840} INFO - DAG(s) 'latest_only' retrieved from /home/airflow/.local/lib/python3.12/site-packages/airflow/example_dags/example_latest_only.py
[2024-06-18T16:36:53.198+0000] {logging_mixin.py:188} INFO - [2024-06-18T16:36:53.197+0000] {dag.py:3096} INFO - Sync 1 DAGs
[2024-06-18T16:36:53.225+0000] {logging_mixin.py:188} INFO - [2024-06-18T16:36:53.225+0000] {dag.py:3954} INFO - Setting next_dagrun for latest_only to 2024-06-18 12:00:00+00:00, run_after=2024-06-18 16:00:00+00:00
[2024-06-18T16:36:53.250+0000] {processor.py:183} INFO - Processing /home/airflow/.local/lib/python3.12/site-packages/airflow/example_dags/example_latest_only.py took 0.100 seconds
[2024-06-18T16:37:23.382+0000] {processor.py:161} INFO - Started process (PID=1136) to work on /home/airflow/.local/lib/python3.12/site-packages/airflow/example_dags/example_latest_only.py
[2024-06-18T16:37:23.383+0000] {processor.py:830} INFO - Processing file /home/airflow/.local/lib/python3.12/site-packages/airflow/example_dags/example_latest_only.py for tasks to queue
[2024-06-18T16:37:23.385+0000] {logging_mixin.py:188} INFO - [2024-06-18T16:37:23.385+0000] {dagbag.py:545} INFO - Filling up the DagBag from /home/airflow/.local/lib/python3.12/site-packages/airflow/example_dags/example_latest_only.py
[2024-06-18T16:37:23.392+0000] {processor.py:840} INFO - DAG(s) 'latest_only' retrieved from /home/airflow/.local/lib/python3.12/site-packages/airflow/example_dags/example_latest_only.py
[2024-06-18T16:37:23.417+0000] {logging_mixin.py:188} INFO - [2024-06-18T16:37:23.417+0000] {dag.py:3096} INFO - Sync 1 DAGs
[2024-06-18T16:37:23.443+0000] {logging_mixin.py:188} INFO - [2024-06-18T16:37:23.442+0000] {dag.py:3954} INFO - Setting next_dagrun for latest_only to 2024-06-18 12:00:00+00:00, run_after=2024-06-18 16:00:00+00:00
[2024-06-18T16:37:23.464+0000] {processor.py:183} INFO - Processing /home/airflow/.local/lib/python3.12/site-packages/airflow/example_dags/example_latest_only.py took 0.090 seconds
[2024-06-18T16:38:50.246+0000] {processor.py:161} INFO - Started process (PID=34) to work on /home/airflow/.local/lib/python3.12/site-packages/airflow/example_dags/example_latest_only.py
[2024-06-18T16:38:50.248+0000] {processor.py:830} INFO - Processing file /home/airflow/.local/lib/python3.12/site-packages/airflow/example_dags/example_latest_only.py for tasks to queue
[2024-06-18T16:38:50.250+0000] {logging_mixin.py:188} INFO - [2024-06-18T16:38:50.250+0000] {dagbag.py:545} INFO - Filling up the DagBag from /home/airflow/.local/lib/python3.12/site-packages/airflow/example_dags/example_latest_only.py
[2024-06-18T16:38:50.267+0000] {processor.py:840} INFO - DAG(s) 'latest_only' retrieved from /home/airflow/.local/lib/python3.12/site-packages/airflow/example_dags/example_latest_only.py
[2024-06-18T16:38:50.287+0000] {logging_mixin.py:188} INFO - [2024-06-18T16:38:50.287+0000] {dag.py:3096} INFO - Sync 1 DAGs
[2024-06-18T16:38:50.315+0000] {logging_mixin.py:188} INFO - [2024-06-18T16:38:50.315+0000] {dag.py:3954} INFO - Setting next_dagrun for latest_only to 2024-06-18 12:00:00+00:00, run_after=2024-06-18 16:00:00+00:00
[2024-06-18T16:38:50.335+0000] {processor.py:183} INFO - Processing /home/airflow/.local/lib/python3.12/site-packages/airflow/example_dags/example_latest_only.py took 0.098 seconds
[2024-06-18T16:39:20.809+0000] {processor.py:161} INFO - Started process (PID=91) to work on /home/airflow/.local/lib/python3.12/site-packages/airflow/example_dags/example_latest_only.py
[2024-06-18T16:39:20.810+0000] {processor.py:830} INFO - Processing file /home/airflow/.local/lib/python3.12/site-packages/airflow/example_dags/example_latest_only.py for tasks to queue
[2024-06-18T16:39:20.813+0000] {logging_mixin.py:188} INFO - [2024-06-18T16:39:20.812+0000] {dagbag.py:545} INFO - Filling up the DagBag from /home/airflow/.local/lib/python3.12/site-packages/airflow/example_dags/example_latest_only.py
[2024-06-18T16:39:20.820+0000] {processor.py:840} INFO - DAG(s) 'latest_only' retrieved from /home/airflow/.local/lib/python3.12/site-packages/airflow/example_dags/example_latest_only.py
[2024-06-18T16:39:20.957+0000] {logging_mixin.py:188} INFO - [2024-06-18T16:39:20.956+0000] {dag.py:3096} INFO - Sync 1 DAGs
[2024-06-18T16:39:20.987+0000] {logging_mixin.py:188} INFO - [2024-06-18T16:39:20.986+0000] {dag.py:3954} INFO - Setting next_dagrun for latest_only to 2024-06-18 12:00:00+00:00, run_after=2024-06-18 16:00:00+00:00
[2024-06-18T16:39:21.011+0000] {processor.py:183} INFO - Processing /home/airflow/.local/lib/python3.12/site-packages/airflow/example_dags/example_latest_only.py took 0.211 seconds
[2024-06-18T16:39:51.239+0000] {processor.py:161} INFO - Started process (PID=149) to work on /home/airflow/.local/lib/python3.12/site-packages/airflow/example_dags/example_latest_only.py
[2024-06-18T16:39:51.241+0000] {processor.py:830} INFO - Processing file /home/airflow/.local/lib/python3.12/site-packages/airflow/example_dags/example_latest_only.py for tasks to queue
[2024-06-18T16:39:51.243+0000] {logging_mixin.py:188} INFO - [2024-06-18T16:39:51.243+0000] {dagbag.py:545} INFO - Filling up the DagBag from /home/airflow/.local/lib/python3.12/site-packages/airflow/example_dags/example_latest_only.py
[2024-06-18T16:39:51.249+0000] {processor.py:840} INFO - DAG(s) 'latest_only' retrieved from /home/airflow/.local/lib/python3.12/site-packages/airflow/example_dags/example_latest_only.py
[2024-06-18T16:39:51.274+0000] {logging_mixin.py:188} INFO - [2024-06-18T16:39:51.274+0000] {dag.py:3096} INFO - Sync 1 DAGs
[2024-06-18T16:39:51.305+0000] {logging_mixin.py:188} INFO - [2024-06-18T16:39:51.304+0000] {dag.py:3954} INFO - Setting next_dagrun for latest_only to 2024-06-18 12:00:00+00:00, run_after=2024-06-18 16:00:00+00:00
[2024-06-18T16:39:51.327+0000] {processor.py:183} INFO - Processing /home/airflow/.local/lib/python3.12/site-packages/airflow/example_dags/example_latest_only.py took 0.096 seconds
[2024-06-18T16:40:21.800+0000] {processor.py:161} INFO - Started process (PID=207) to work on /home/airflow/.local/lib/python3.12/site-packages/airflow/example_dags/example_latest_only.py
[2024-06-18T16:40:21.801+0000] {processor.py:830} INFO - Processing file /home/airflow/.local/lib/python3.12/site-packages/airflow/example_dags/example_latest_only.py for tasks to queue
[2024-06-18T16:40:21.803+0000] {logging_mixin.py:188} INFO - [2024-06-18T16:40:21.803+0000] {dagbag.py:545} INFO - Filling up the DagBag from /home/airflow/.local/lib/python3.12/site-packages/airflow/example_dags/example_latest_only.py
[2024-06-18T16:40:21.810+0000] {processor.py:840} INFO - DAG(s) 'latest_only' retrieved from /home/airflow/.local/lib/python3.12/site-packages/airflow/example_dags/example_latest_only.py
[2024-06-18T16:40:21.835+0000] {logging_mixin.py:188} INFO - [2024-06-18T16:40:21.835+0000] {dag.py:3096} INFO - Sync 1 DAGs
[2024-06-18T16:40:21.864+0000] {logging_mixin.py:188} INFO - [2024-06-18T16:40:21.864+0000] {dag.py:3954} INFO - Setting next_dagrun for latest_only to 2024-06-18 12:00:00+00:00, run_after=2024-06-18 16:00:00+00:00
[2024-06-18T16:40:21.888+0000] {processor.py:183} INFO - Processing /home/airflow/.local/lib/python3.12/site-packages/airflow/example_dags/example_latest_only.py took 0.097 seconds
[2024-06-18T16:40:52.011+0000] {processor.py:161} INFO - Started process (PID=265) to work on /home/airflow/.local/lib/python3.12/site-packages/airflow/example_dags/example_latest_only.py
[2024-06-18T16:40:52.013+0000] {processor.py:830} INFO - Processing file /home/airflow/.local/lib/python3.12/site-packages/airflow/example_dags/example_latest_only.py for tasks to queue
[2024-06-18T16:40:52.015+0000] {logging_mixin.py:188} INFO - [2024-06-18T16:40:52.015+0000] {dagbag.py:545} INFO - Filling up the DagBag from /home/airflow/.local/lib/python3.12/site-packages/airflow/example_dags/example_latest_only.py
[2024-06-18T16:40:52.022+0000] {processor.py:840} INFO - DAG(s) 'latest_only' retrieved from /home/airflow/.local/lib/python3.12/site-packages/airflow/example_dags/example_latest_only.py
[2024-06-18T16:40:52.051+0000] {logging_mixin.py:188} INFO - [2024-06-18T16:40:52.050+0000] {dag.py:3096} INFO - Sync 1 DAGs
[2024-06-18T16:40:52.080+0000] {logging_mixin.py:188} INFO - [2024-06-18T16:40:52.080+0000] {dag.py:3954} INFO - Setting next_dagrun for latest_only to 2024-06-18 12:00:00+00:00, run_after=2024-06-18 16:00:00+00:00
[2024-06-18T16:40:52.107+0000] {processor.py:183} INFO - Processing /home/airflow/.local/lib/python3.12/site-packages/airflow/example_dags/example_latest_only.py took 0.103 seconds
[2024-06-18T16:41:22.433+0000] {processor.py:161} INFO - Started process (PID=323) to work on /home/airflow/.local/lib/python3.12/site-packages/airflow/example_dags/example_latest_only.py
[2024-06-18T16:41:22.434+0000] {processor.py:830} INFO - Processing file /home/airflow/.local/lib/python3.12/site-packages/airflow/example_dags/example_latest_only.py for tasks to queue
[2024-06-18T16:41:22.436+0000] {logging_mixin.py:188} INFO - [2024-06-18T16:41:22.436+0000] {dagbag.py:545} INFO - Filling up the DagBag from /home/airflow/.local/lib/python3.12/site-packages/airflow/example_dags/example_latest_only.py
[2024-06-18T16:41:22.443+0000] {processor.py:840} INFO - DAG(s) 'latest_only' retrieved from /home/airflow/.local/lib/python3.12/site-packages/airflow/example_dags/example_latest_only.py
[2024-06-18T16:41:22.467+0000] {logging_mixin.py:188} INFO - [2024-06-18T16:41:22.467+0000] {dag.py:3096} INFO - Sync 1 DAGs
[2024-06-18T16:41:22.496+0000] {logging_mixin.py:188} INFO - [2024-06-18T16:41:22.495+0000] {dag.py:3954} INFO - Setting next_dagrun for latest_only to 2024-06-18 12:00:00+00:00, run_after=2024-06-18 16:00:00+00:00
[2024-06-18T16:41:22.517+0000] {processor.py:183} INFO - Processing /home/airflow/.local/lib/python3.12/site-packages/airflow/example_dags/example_latest_only.py took 0.092 seconds
[2024-06-18T16:41:52.764+0000] {processor.py:161} INFO - Started process (PID=381) to work on /home/airflow/.local/lib/python3.12/site-packages/airflow/example_dags/example_latest_only.py
[2024-06-18T16:41:52.765+0000] {processor.py:830} INFO - Processing file /home/airflow/.local/lib/python3.12/site-packages/airflow/example_dags/example_latest_only.py for tasks to queue
[2024-06-18T16:41:52.768+0000] {logging_mixin.py:188} INFO - [2024-06-18T16:41:52.767+0000] {dagbag.py:545} INFO - Filling up the DagBag from /home/airflow/.local/lib/python3.12/site-packages/airflow/example_dags/example_latest_only.py
[2024-06-18T16:41:52.776+0000] {processor.py:840} INFO - DAG(s) 'latest_only' retrieved from /home/airflow/.local/lib/python3.12/site-packages/airflow/example_dags/example_latest_only.py
[2024-06-18T16:41:52.806+0000] {logging_mixin.py:188} INFO - [2024-06-18T16:41:52.806+0000] {dag.py:3096} INFO - Sync 1 DAGs
[2024-06-18T16:41:52.845+0000] {logging_mixin.py:188} INFO - [2024-06-18T16:41:52.845+0000] {dag.py:3954} INFO - Setting next_dagrun for latest_only to 2024-06-18 12:00:00+00:00, run_after=2024-06-18 16:00:00+00:00
[2024-06-18T16:41:52.869+0000] {processor.py:183} INFO - Processing /home/airflow/.local/lib/python3.12/site-packages/airflow/example_dags/example_latest_only.py took 0.115 seconds
[2024-06-18T16:42:23.061+0000] {processor.py:161} INFO - Started process (PID=439) to work on /home/airflow/.local/lib/python3.12/site-packages/airflow/example_dags/example_latest_only.py
[2024-06-18T16:42:23.062+0000] {processor.py:830} INFO - Processing file /home/airflow/.local/lib/python3.12/site-packages/airflow/example_dags/example_latest_only.py for tasks to queue
[2024-06-18T16:42:23.065+0000] {logging_mixin.py:188} INFO - [2024-06-18T16:42:23.064+0000] {dagbag.py:545} INFO - Filling up the DagBag from /home/airflow/.local/lib/python3.12/site-packages/airflow/example_dags/example_latest_only.py
[2024-06-18T16:42:23.072+0000] {processor.py:840} INFO - DAG(s) 'latest_only' retrieved from /home/airflow/.local/lib/python3.12/site-packages/airflow/example_dags/example_latest_only.py
[2024-06-18T16:42:23.102+0000] {logging_mixin.py:188} INFO - [2024-06-18T16:42:23.102+0000] {dag.py:3096} INFO - Sync 1 DAGs
[2024-06-18T16:42:23.133+0000] {logging_mixin.py:188} INFO - [2024-06-18T16:42:23.132+0000] {dag.py:3954} INFO - Setting next_dagrun for latest_only to 2024-06-18 12:00:00+00:00, run_after=2024-06-18 16:00:00+00:00
[2024-06-18T16:42:23.158+0000] {processor.py:183} INFO - Processing /home/airflow/.local/lib/python3.12/site-packages/airflow/example_dags/example_latest_only.py took 0.108 seconds
