[2024-06-18T16:27:44.303+0000] {processor.py:161} INFO - Started process (PID=28) to work on /home/airflow/.local/lib/python3.12/site-packages/airflow/example_dags/example_external_task_marker_dag.py
[2024-06-18T16:27:44.304+0000] {processor.py:830} INFO - Processing file /home/airflow/.local/lib/python3.12/site-packages/airflow/example_dags/example_external_task_marker_dag.py for tasks to queue
[2024-06-18T16:27:44.310+0000] {logging_mixin.py:188} INFO - [2024-06-18T16:27:44.309+0000] {dagbag.py:545} INFO - Filling up the DagBag from /home/airflow/.local/lib/python3.12/site-packages/airflow/example_dags/example_external_task_marker_dag.py
[2024-06-18T16:27:44.337+0000] {processor.py:840} INFO - DAG(s) 'example_external_task_marker_child', 'example_external_task_marker_parent' retrieved from /home/airflow/.local/lib/python3.12/site-packages/airflow/example_dags/example_external_task_marker_dag.py
[2024-06-18T16:27:44.380+0000] {logging_mixin.py:188} INFO - [2024-06-18T16:27:44.380+0000] {dag.py:3096} INFO - Sync 2 DAGs
[2024-06-18T16:27:44.405+0000] {logging_mixin.py:188} INFO - [2024-06-18T16:27:44.404+0000] {dag.py:3954} INFO - Setting next_dagrun for example_external_task_marker_child to None, run_after=None
[2024-06-18T16:27:44.411+0000] {logging_mixin.py:188} INFO - [2024-06-18T16:27:44.411+0000] {dag.py:3954} INFO - Setting next_dagrun for example_external_task_marker_parent to None, run_after=None
[2024-06-18T16:27:44.437+0000] {processor.py:183} INFO - Processing /home/airflow/.local/lib/python3.12/site-packages/airflow/example_dags/example_external_task_marker_dag.py took 0.154 seconds
[2024-06-18T16:28:15.102+0000] {processor.py:161} INFO - Started process (PID=86) to work on /home/airflow/.local/lib/python3.12/site-packages/airflow/example_dags/example_external_task_marker_dag.py
[2024-06-18T16:28:15.104+0000] {processor.py:830} INFO - Processing file /home/airflow/.local/lib/python3.12/site-packages/airflow/example_dags/example_external_task_marker_dag.py for tasks to queue
[2024-06-18T16:28:15.106+0000] {logging_mixin.py:188} INFO - [2024-06-18T16:28:15.106+0000] {dagbag.py:545} INFO - Filling up the DagBag from /home/airflow/.local/lib/python3.12/site-packages/airflow/example_dags/example_external_task_marker_dag.py
[2024-06-18T16:28:15.114+0000] {processor.py:840} INFO - DAG(s) 'example_external_task_marker_child', 'example_external_task_marker_parent' retrieved from /home/airflow/.local/lib/python3.12/site-packages/airflow/example_dags/example_external_task_marker_dag.py
[2024-06-18T16:28:15.252+0000] {logging_mixin.py:188} INFO - [2024-06-18T16:28:15.252+0000] {dag.py:3096} INFO - Sync 2 DAGs
[2024-06-18T16:28:15.266+0000] {logging_mixin.py:188} INFO - [2024-06-18T16:28:15.266+0000] {dag.py:3954} INFO - Setting next_dagrun for example_external_task_marker_child to None, run_after=None
[2024-06-18T16:28:15.270+0000] {logging_mixin.py:188} INFO - [2024-06-18T16:28:15.270+0000] {dag.py:3954} INFO - Setting next_dagrun for example_external_task_marker_parent to None, run_after=None
[2024-06-18T16:28:15.289+0000] {processor.py:183} INFO - Processing /home/airflow/.local/lib/python3.12/site-packages/airflow/example_dags/example_external_task_marker_dag.py took 0.195 seconds
[2024-06-18T16:28:45.622+0000] {processor.py:161} INFO - Started process (PID=144) to work on /home/airflow/.local/lib/python3.12/site-packages/airflow/example_dags/example_external_task_marker_dag.py
[2024-06-18T16:28:45.626+0000] {processor.py:830} INFO - Processing file /home/airflow/.local/lib/python3.12/site-packages/airflow/example_dags/example_external_task_marker_dag.py for tasks to queue
[2024-06-18T16:28:45.630+0000] {logging_mixin.py:188} INFO - [2024-06-18T16:28:45.629+0000] {dagbag.py:545} INFO - Filling up the DagBag from /home/airflow/.local/lib/python3.12/site-packages/airflow/example_dags/example_external_task_marker_dag.py
[2024-06-18T16:28:45.642+0000] {processor.py:840} INFO - DAG(s) 'example_external_task_marker_parent', 'example_external_task_marker_child' retrieved from /home/airflow/.local/lib/python3.12/site-packages/airflow/example_dags/example_external_task_marker_dag.py
[2024-06-18T16:28:45.675+0000] {logging_mixin.py:188} INFO - [2024-06-18T16:28:45.675+0000] {dag.py:3096} INFO - Sync 2 DAGs
[2024-06-18T16:28:45.695+0000] {logging_mixin.py:188} INFO - [2024-06-18T16:28:45.694+0000] {dag.py:3954} INFO - Setting next_dagrun for example_external_task_marker_child to None, run_after=None
[2024-06-18T16:28:45.699+0000] {logging_mixin.py:188} INFO - [2024-06-18T16:28:45.699+0000] {dag.py:3954} INFO - Setting next_dagrun for example_external_task_marker_parent to None, run_after=None
[2024-06-18T16:28:45.722+0000] {processor.py:183} INFO - Processing /home/airflow/.local/lib/python3.12/site-packages/airflow/example_dags/example_external_task_marker_dag.py took 0.111 seconds
[2024-06-18T16:29:16.119+0000] {processor.py:161} INFO - Started process (PID=202) to work on /home/airflow/.local/lib/python3.12/site-packages/airflow/example_dags/example_external_task_marker_dag.py
[2024-06-18T16:29:16.121+0000] {processor.py:830} INFO - Processing file /home/airflow/.local/lib/python3.12/site-packages/airflow/example_dags/example_external_task_marker_dag.py for tasks to queue
[2024-06-18T16:29:16.123+0000] {logging_mixin.py:188} INFO - [2024-06-18T16:29:16.123+0000] {dagbag.py:545} INFO - Filling up the DagBag from /home/airflow/.local/lib/python3.12/site-packages/airflow/example_dags/example_external_task_marker_dag.py
[2024-06-18T16:29:16.133+0000] {processor.py:840} INFO - DAG(s) 'example_external_task_marker_parent', 'example_external_task_marker_child' retrieved from /home/airflow/.local/lib/python3.12/site-packages/airflow/example_dags/example_external_task_marker_dag.py
[2024-06-18T16:29:16.164+0000] {logging_mixin.py:188} INFO - [2024-06-18T16:29:16.163+0000] {dag.py:3096} INFO - Sync 2 DAGs
[2024-06-18T16:29:16.180+0000] {logging_mixin.py:188} INFO - [2024-06-18T16:29:16.180+0000] {dag.py:3954} INFO - Setting next_dagrun for example_external_task_marker_child to None, run_after=None
[2024-06-18T16:29:16.185+0000] {logging_mixin.py:188} INFO - [2024-06-18T16:29:16.185+0000] {dag.py:3954} INFO - Setting next_dagrun for example_external_task_marker_parent to None, run_after=None
[2024-06-18T16:29:16.204+0000] {processor.py:183} INFO - Processing /home/airflow/.local/lib/python3.12/site-packages/airflow/example_dags/example_external_task_marker_dag.py took 0.093 seconds
[2024-06-18T16:29:46.544+0000] {processor.py:161} INFO - Started process (PID=260) to work on /home/airflow/.local/lib/python3.12/site-packages/airflow/example_dags/example_external_task_marker_dag.py
[2024-06-18T16:29:46.545+0000] {processor.py:830} INFO - Processing file /home/airflow/.local/lib/python3.12/site-packages/airflow/example_dags/example_external_task_marker_dag.py for tasks to queue
[2024-06-18T16:29:46.548+0000] {logging_mixin.py:188} INFO - [2024-06-18T16:29:46.547+0000] {dagbag.py:545} INFO - Filling up the DagBag from /home/airflow/.local/lib/python3.12/site-packages/airflow/example_dags/example_external_task_marker_dag.py
[2024-06-18T16:29:46.557+0000] {processor.py:840} INFO - DAG(s) 'example_external_task_marker_parent', 'example_external_task_marker_child' retrieved from /home/airflow/.local/lib/python3.12/site-packages/airflow/example_dags/example_external_task_marker_dag.py
[2024-06-18T16:29:46.589+0000] {logging_mixin.py:188} INFO - [2024-06-18T16:29:46.588+0000] {dag.py:3096} INFO - Sync 2 DAGs
[2024-06-18T16:29:46.605+0000] {logging_mixin.py:188} INFO - [2024-06-18T16:29:46.605+0000] {dag.py:3954} INFO - Setting next_dagrun for example_external_task_marker_child to None, run_after=None
[2024-06-18T16:29:46.609+0000] {logging_mixin.py:188} INFO - [2024-06-18T16:29:46.609+0000] {dag.py:3954} INFO - Setting next_dagrun for example_external_task_marker_parent to None, run_after=None
[2024-06-18T16:29:46.629+0000] {processor.py:183} INFO - Processing /home/airflow/.local/lib/python3.12/site-packages/airflow/example_dags/example_external_task_marker_dag.py took 0.094 seconds
[2024-06-18T16:30:17.195+0000] {processor.py:161} INFO - Started process (PID=318) to work on /home/airflow/.local/lib/python3.12/site-packages/airflow/example_dags/example_external_task_marker_dag.py
[2024-06-18T16:30:17.197+0000] {processor.py:830} INFO - Processing file /home/airflow/.local/lib/python3.12/site-packages/airflow/example_dags/example_external_task_marker_dag.py for tasks to queue
[2024-06-18T16:30:17.200+0000] {logging_mixin.py:188} INFO - [2024-06-18T16:30:17.199+0000] {dagbag.py:545} INFO - Filling up the DagBag from /home/airflow/.local/lib/python3.12/site-packages/airflow/example_dags/example_external_task_marker_dag.py
[2024-06-18T16:30:17.209+0000] {processor.py:840} INFO - DAG(s) 'example_external_task_marker_parent', 'example_external_task_marker_child' retrieved from /home/airflow/.local/lib/python3.12/site-packages/airflow/example_dags/example_external_task_marker_dag.py
[2024-06-18T16:30:17.241+0000] {logging_mixin.py:188} INFO - [2024-06-18T16:30:17.241+0000] {dag.py:3096} INFO - Sync 2 DAGs
[2024-06-18T16:30:17.260+0000] {logging_mixin.py:188} INFO - [2024-06-18T16:30:17.259+0000] {dag.py:3954} INFO - Setting next_dagrun for example_external_task_marker_child to None, run_after=None
[2024-06-18T16:30:17.265+0000] {logging_mixin.py:188} INFO - [2024-06-18T16:30:17.264+0000] {dag.py:3954} INFO - Setting next_dagrun for example_external_task_marker_parent to None, run_after=None
[2024-06-18T16:30:17.288+0000] {processor.py:183} INFO - Processing /home/airflow/.local/lib/python3.12/site-packages/airflow/example_dags/example_external_task_marker_dag.py took 0.103 seconds
[2024-06-18T16:30:47.332+0000] {processor.py:161} INFO - Started process (PID=376) to work on /home/airflow/.local/lib/python3.12/site-packages/airflow/example_dags/example_external_task_marker_dag.py
[2024-06-18T16:30:47.333+0000] {processor.py:830} INFO - Processing file /home/airflow/.local/lib/python3.12/site-packages/airflow/example_dags/example_external_task_marker_dag.py for tasks to queue
[2024-06-18T16:30:47.336+0000] {logging_mixin.py:188} INFO - [2024-06-18T16:30:47.335+0000] {dagbag.py:545} INFO - Filling up the DagBag from /home/airflow/.local/lib/python3.12/site-packages/airflow/example_dags/example_external_task_marker_dag.py
[2024-06-18T16:30:47.345+0000] {processor.py:840} INFO - DAG(s) 'example_external_task_marker_child', 'example_external_task_marker_parent' retrieved from /home/airflow/.local/lib/python3.12/site-packages/airflow/example_dags/example_external_task_marker_dag.py
[2024-06-18T16:30:47.382+0000] {logging_mixin.py:188} INFO - [2024-06-18T16:30:47.381+0000] {dag.py:3096} INFO - Sync 2 DAGs
[2024-06-18T16:30:47.400+0000] {logging_mixin.py:188} INFO - [2024-06-18T16:30:47.400+0000] {dag.py:3954} INFO - Setting next_dagrun for example_external_task_marker_child to None, run_after=None
[2024-06-18T16:30:47.405+0000] {logging_mixin.py:188} INFO - [2024-06-18T16:30:47.405+0000] {dag.py:3954} INFO - Setting next_dagrun for example_external_task_marker_parent to None, run_after=None
[2024-06-18T16:30:47.429+0000] {processor.py:183} INFO - Processing /home/airflow/.local/lib/python3.12/site-packages/airflow/example_dags/example_external_task_marker_dag.py took 0.104 seconds
[2024-06-18T16:31:17.761+0000] {processor.py:161} INFO - Started process (PID=434) to work on /home/airflow/.local/lib/python3.12/site-packages/airflow/example_dags/example_external_task_marker_dag.py
[2024-06-18T16:31:17.763+0000] {processor.py:830} INFO - Processing file /home/airflow/.local/lib/python3.12/site-packages/airflow/example_dags/example_external_task_marker_dag.py for tasks to queue
[2024-06-18T16:31:17.765+0000] {logging_mixin.py:188} INFO - [2024-06-18T16:31:17.765+0000] {dagbag.py:545} INFO - Filling up the DagBag from /home/airflow/.local/lib/python3.12/site-packages/airflow/example_dags/example_external_task_marker_dag.py
[2024-06-18T16:31:17.774+0000] {processor.py:840} INFO - DAG(s) 'example_external_task_marker_child', 'example_external_task_marker_parent' retrieved from /home/airflow/.local/lib/python3.12/site-packages/airflow/example_dags/example_external_task_marker_dag.py
[2024-06-18T16:31:17.805+0000] {logging_mixin.py:188} INFO - [2024-06-18T16:31:17.805+0000] {dag.py:3096} INFO - Sync 2 DAGs
[2024-06-18T16:31:17.825+0000] {logging_mixin.py:188} INFO - [2024-06-18T16:31:17.825+0000] {dag.py:3954} INFO - Setting next_dagrun for example_external_task_marker_child to None, run_after=None
[2024-06-18T16:31:17.830+0000] {logging_mixin.py:188} INFO - [2024-06-18T16:31:17.830+0000] {dag.py:3954} INFO - Setting next_dagrun for example_external_task_marker_parent to None, run_after=None
[2024-06-18T16:31:17.857+0000] {processor.py:183} INFO - Processing /home/airflow/.local/lib/python3.12/site-packages/airflow/example_dags/example_external_task_marker_dag.py took 0.106 seconds
[2024-06-18T16:31:47.908+0000] {processor.py:161} INFO - Started process (PID=492) to work on /home/airflow/.local/lib/python3.12/site-packages/airflow/example_dags/example_external_task_marker_dag.py
[2024-06-18T16:31:47.910+0000] {processor.py:830} INFO - Processing file /home/airflow/.local/lib/python3.12/site-packages/airflow/example_dags/example_external_task_marker_dag.py for tasks to queue
[2024-06-18T16:31:47.914+0000] {logging_mixin.py:188} INFO - [2024-06-18T16:31:47.913+0000] {dagbag.py:545} INFO - Filling up the DagBag from /home/airflow/.local/lib/python3.12/site-packages/airflow/example_dags/example_external_task_marker_dag.py
[2024-06-18T16:31:47.925+0000] {processor.py:840} INFO - DAG(s) 'example_external_task_marker_parent', 'example_external_task_marker_child' retrieved from /home/airflow/.local/lib/python3.12/site-packages/airflow/example_dags/example_external_task_marker_dag.py
[2024-06-18T16:31:47.965+0000] {logging_mixin.py:188} INFO - [2024-06-18T16:31:47.964+0000] {dag.py:3096} INFO - Sync 2 DAGs
[2024-06-18T16:31:47.987+0000] {logging_mixin.py:188} INFO - [2024-06-18T16:31:47.987+0000] {dag.py:3954} INFO - Setting next_dagrun for example_external_task_marker_child to None, run_after=None
[2024-06-18T16:31:47.994+0000] {logging_mixin.py:188} INFO - [2024-06-18T16:31:47.994+0000] {dag.py:3954} INFO - Setting next_dagrun for example_external_task_marker_parent to None, run_after=None
[2024-06-18T16:31:48.014+0000] {processor.py:183} INFO - Processing /home/airflow/.local/lib/python3.12/site-packages/airflow/example_dags/example_external_task_marker_dag.py took 0.116 seconds
[2024-06-18T16:32:18.229+0000] {processor.py:161} INFO - Started process (PID=549) to work on /home/airflow/.local/lib/python3.12/site-packages/airflow/example_dags/example_external_task_marker_dag.py
[2024-06-18T16:32:18.232+0000] {processor.py:830} INFO - Processing file /home/airflow/.local/lib/python3.12/site-packages/airflow/example_dags/example_external_task_marker_dag.py for tasks to queue
[2024-06-18T16:32:18.235+0000] {logging_mixin.py:188} INFO - [2024-06-18T16:32:18.234+0000] {dagbag.py:545} INFO - Filling up the DagBag from /home/airflow/.local/lib/python3.12/site-packages/airflow/example_dags/example_external_task_marker_dag.py
[2024-06-18T16:32:18.246+0000] {processor.py:840} INFO - DAG(s) 'example_external_task_marker_child', 'example_external_task_marker_parent' retrieved from /home/airflow/.local/lib/python3.12/site-packages/airflow/example_dags/example_external_task_marker_dag.py
[2024-06-18T16:32:18.283+0000] {logging_mixin.py:188} INFO - [2024-06-18T16:32:18.283+0000] {dag.py:3096} INFO - Sync 2 DAGs
[2024-06-18T16:32:18.302+0000] {logging_mixin.py:188} INFO - [2024-06-18T16:32:18.302+0000] {dag.py:3954} INFO - Setting next_dagrun for example_external_task_marker_child to None, run_after=None
[2024-06-18T16:32:18.307+0000] {logging_mixin.py:188} INFO - [2024-06-18T16:32:18.307+0000] {dag.py:3954} INFO - Setting next_dagrun for example_external_task_marker_parent to None, run_after=None
[2024-06-18T16:32:18.338+0000] {processor.py:183} INFO - Processing /home/airflow/.local/lib/python3.12/site-packages/airflow/example_dags/example_external_task_marker_dag.py took 0.120 seconds
[2024-06-18T16:32:48.959+0000] {processor.py:161} INFO - Started process (PID=607) to work on /home/airflow/.local/lib/python3.12/site-packages/airflow/example_dags/example_external_task_marker_dag.py
[2024-06-18T16:32:48.960+0000] {processor.py:830} INFO - Processing file /home/airflow/.local/lib/python3.12/site-packages/airflow/example_dags/example_external_task_marker_dag.py for tasks to queue
[2024-06-18T16:32:48.962+0000] {logging_mixin.py:188} INFO - [2024-06-18T16:32:48.962+0000] {dagbag.py:545} INFO - Filling up the DagBag from /home/airflow/.local/lib/python3.12/site-packages/airflow/example_dags/example_external_task_marker_dag.py
[2024-06-18T16:32:48.971+0000] {processor.py:840} INFO - DAG(s) 'example_external_task_marker_child', 'example_external_task_marker_parent' retrieved from /home/airflow/.local/lib/python3.12/site-packages/airflow/example_dags/example_external_task_marker_dag.py
[2024-06-18T16:32:49.001+0000] {logging_mixin.py:188} INFO - [2024-06-18T16:32:49.001+0000] {dag.py:3096} INFO - Sync 2 DAGs
[2024-06-18T16:32:49.017+0000] {logging_mixin.py:188} INFO - [2024-06-18T16:32:49.016+0000] {dag.py:3954} INFO - Setting next_dagrun for example_external_task_marker_child to None, run_after=None
[2024-06-18T16:32:49.021+0000] {logging_mixin.py:188} INFO - [2024-06-18T16:32:49.021+0000] {dag.py:3954} INFO - Setting next_dagrun for example_external_task_marker_parent to None, run_after=None
[2024-06-18T16:32:49.042+0000] {processor.py:183} INFO - Processing /home/airflow/.local/lib/python3.12/site-packages/airflow/example_dags/example_external_task_marker_dag.py took 0.093 seconds
[2024-06-18T16:33:19.265+0000] {processor.py:161} INFO - Started process (PID=665) to work on /home/airflow/.local/lib/python3.12/site-packages/airflow/example_dags/example_external_task_marker_dag.py
[2024-06-18T16:33:19.267+0000] {processor.py:830} INFO - Processing file /home/airflow/.local/lib/python3.12/site-packages/airflow/example_dags/example_external_task_marker_dag.py for tasks to queue
[2024-06-18T16:33:19.270+0000] {logging_mixin.py:188} INFO - [2024-06-18T16:33:19.269+0000] {dagbag.py:545} INFO - Filling up the DagBag from /home/airflow/.local/lib/python3.12/site-packages/airflow/example_dags/example_external_task_marker_dag.py
[2024-06-18T16:33:19.278+0000] {processor.py:840} INFO - DAG(s) 'example_external_task_marker_parent', 'example_external_task_marker_child' retrieved from /home/airflow/.local/lib/python3.12/site-packages/airflow/example_dags/example_external_task_marker_dag.py
[2024-06-18T16:33:19.308+0000] {logging_mixin.py:188} INFO - [2024-06-18T16:33:19.307+0000] {dag.py:3096} INFO - Sync 2 DAGs
[2024-06-18T16:33:19.325+0000] {logging_mixin.py:188} INFO - [2024-06-18T16:33:19.325+0000] {dag.py:3954} INFO - Setting next_dagrun for example_external_task_marker_child to None, run_after=None
[2024-06-18T16:33:19.330+0000] {logging_mixin.py:188} INFO - [2024-06-18T16:33:19.330+0000] {dag.py:3954} INFO - Setting next_dagrun for example_external_task_marker_parent to None, run_after=None
[2024-06-18T16:33:19.348+0000] {processor.py:183} INFO - Processing /home/airflow/.local/lib/python3.12/site-packages/airflow/example_dags/example_external_task_marker_dag.py took 0.091 seconds
[2024-06-18T16:33:49.486+0000] {processor.py:161} INFO - Started process (PID=723) to work on /home/airflow/.local/lib/python3.12/site-packages/airflow/example_dags/example_external_task_marker_dag.py
[2024-06-18T16:33:49.488+0000] {processor.py:830} INFO - Processing file /home/airflow/.local/lib/python3.12/site-packages/airflow/example_dags/example_external_task_marker_dag.py for tasks to queue
[2024-06-18T16:33:49.490+0000] {logging_mixin.py:188} INFO - [2024-06-18T16:33:49.489+0000] {dagbag.py:545} INFO - Filling up the DagBag from /home/airflow/.local/lib/python3.12/site-packages/airflow/example_dags/example_external_task_marker_dag.py
[2024-06-18T16:33:49.498+0000] {processor.py:840} INFO - DAG(s) 'example_external_task_marker_child', 'example_external_task_marker_parent' retrieved from /home/airflow/.local/lib/python3.12/site-packages/airflow/example_dags/example_external_task_marker_dag.py
[2024-06-18T16:33:49.526+0000] {logging_mixin.py:188} INFO - [2024-06-18T16:33:49.526+0000] {dag.py:3096} INFO - Sync 2 DAGs
[2024-06-18T16:33:49.542+0000] {logging_mixin.py:188} INFO - [2024-06-18T16:33:49.541+0000] {dag.py:3954} INFO - Setting next_dagrun for example_external_task_marker_child to None, run_after=None
[2024-06-18T16:33:49.546+0000] {logging_mixin.py:188} INFO - [2024-06-18T16:33:49.546+0000] {dag.py:3954} INFO - Setting next_dagrun for example_external_task_marker_parent to None, run_after=None
[2024-06-18T16:33:49.565+0000] {processor.py:183} INFO - Processing /home/airflow/.local/lib/python3.12/site-packages/airflow/example_dags/example_external_task_marker_dag.py took 0.086 seconds
[2024-06-18T16:34:19.712+0000] {processor.py:161} INFO - Started process (PID=781) to work on /home/airflow/.local/lib/python3.12/site-packages/airflow/example_dags/example_external_task_marker_dag.py
[2024-06-18T16:34:19.713+0000] {processor.py:830} INFO - Processing file /home/airflow/.local/lib/python3.12/site-packages/airflow/example_dags/example_external_task_marker_dag.py for tasks to queue
[2024-06-18T16:34:19.716+0000] {logging_mixin.py:188} INFO - [2024-06-18T16:34:19.715+0000] {dagbag.py:545} INFO - Filling up the DagBag from /home/airflow/.local/lib/python3.12/site-packages/airflow/example_dags/example_external_task_marker_dag.py
[2024-06-18T16:34:19.724+0000] {processor.py:840} INFO - DAG(s) 'example_external_task_marker_child', 'example_external_task_marker_parent' retrieved from /home/airflow/.local/lib/python3.12/site-packages/airflow/example_dags/example_external_task_marker_dag.py
[2024-06-18T16:34:19.757+0000] {logging_mixin.py:188} INFO - [2024-06-18T16:34:19.756+0000] {dag.py:3096} INFO - Sync 2 DAGs
[2024-06-18T16:34:19.775+0000] {logging_mixin.py:188} INFO - [2024-06-18T16:34:19.774+0000] {dag.py:3954} INFO - Setting next_dagrun for example_external_task_marker_child to None, run_after=None
[2024-06-18T16:34:19.781+0000] {logging_mixin.py:188} INFO - [2024-06-18T16:34:19.780+0000] {dag.py:3954} INFO - Setting next_dagrun for example_external_task_marker_parent to None, run_after=None
[2024-06-18T16:34:19.800+0000] {processor.py:183} INFO - Processing /home/airflow/.local/lib/python3.12/site-packages/airflow/example_dags/example_external_task_marker_dag.py took 0.097 seconds
[2024-06-18T16:34:50.201+0000] {processor.py:161} INFO - Started process (PID=839) to work on /home/airflow/.local/lib/python3.12/site-packages/airflow/example_dags/example_external_task_marker_dag.py
[2024-06-18T16:34:50.203+0000] {processor.py:830} INFO - Processing file /home/airflow/.local/lib/python3.12/site-packages/airflow/example_dags/example_external_task_marker_dag.py for tasks to queue
[2024-06-18T16:34:50.205+0000] {logging_mixin.py:188} INFO - [2024-06-18T16:34:50.205+0000] {dagbag.py:545} INFO - Filling up the DagBag from /home/airflow/.local/lib/python3.12/site-packages/airflow/example_dags/example_external_task_marker_dag.py
[2024-06-18T16:34:50.217+0000] {processor.py:840} INFO - DAG(s) 'example_external_task_marker_child', 'example_external_task_marker_parent' retrieved from /home/airflow/.local/lib/python3.12/site-packages/airflow/example_dags/example_external_task_marker_dag.py
[2024-06-18T16:34:50.251+0000] {logging_mixin.py:188} INFO - [2024-06-18T16:34:50.250+0000] {dag.py:3096} INFO - Sync 2 DAGs
[2024-06-18T16:34:50.270+0000] {logging_mixin.py:188} INFO - [2024-06-18T16:34:50.269+0000] {dag.py:3954} INFO - Setting next_dagrun for example_external_task_marker_child to None, run_after=None
[2024-06-18T16:34:50.275+0000] {logging_mixin.py:188} INFO - [2024-06-18T16:34:50.275+0000] {dag.py:3954} INFO - Setting next_dagrun for example_external_task_marker_parent to None, run_after=None
[2024-06-18T16:34:50.296+0000] {processor.py:183} INFO - Processing /home/airflow/.local/lib/python3.12/site-packages/airflow/example_dags/example_external_task_marker_dag.py took 0.102 seconds
[2024-06-18T16:35:20.667+0000] {processor.py:161} INFO - Started process (PID=897) to work on /home/airflow/.local/lib/python3.12/site-packages/airflow/example_dags/example_external_task_marker_dag.py
[2024-06-18T16:35:20.668+0000] {processor.py:830} INFO - Processing file /home/airflow/.local/lib/python3.12/site-packages/airflow/example_dags/example_external_task_marker_dag.py for tasks to queue
[2024-06-18T16:35:20.672+0000] {logging_mixin.py:188} INFO - [2024-06-18T16:35:20.671+0000] {dagbag.py:545} INFO - Filling up the DagBag from /home/airflow/.local/lib/python3.12/site-packages/airflow/example_dags/example_external_task_marker_dag.py
[2024-06-18T16:35:20.681+0000] {processor.py:840} INFO - DAG(s) 'example_external_task_marker_child', 'example_external_task_marker_parent' retrieved from /home/airflow/.local/lib/python3.12/site-packages/airflow/example_dags/example_external_task_marker_dag.py
[2024-06-18T16:35:20.711+0000] {logging_mixin.py:188} INFO - [2024-06-18T16:35:20.710+0000] {dag.py:3096} INFO - Sync 2 DAGs
[2024-06-18T16:35:20.727+0000] {logging_mixin.py:188} INFO - [2024-06-18T16:35:20.727+0000] {dag.py:3954} INFO - Setting next_dagrun for example_external_task_marker_child to None, run_after=None
[2024-06-18T16:35:20.732+0000] {logging_mixin.py:188} INFO - [2024-06-18T16:35:20.732+0000] {dag.py:3954} INFO - Setting next_dagrun for example_external_task_marker_parent to None, run_after=None
[2024-06-18T16:35:20.752+0000] {processor.py:183} INFO - Processing /home/airflow/.local/lib/python3.12/site-packages/airflow/example_dags/example_external_task_marker_dag.py took 0.096 seconds
[2024-06-18T16:35:51.111+0000] {processor.py:161} INFO - Started process (PID=955) to work on /home/airflow/.local/lib/python3.12/site-packages/airflow/example_dags/example_external_task_marker_dag.py
[2024-06-18T16:35:51.112+0000] {processor.py:830} INFO - Processing file /home/airflow/.local/lib/python3.12/site-packages/airflow/example_dags/example_external_task_marker_dag.py for tasks to queue
[2024-06-18T16:35:51.114+0000] {logging_mixin.py:188} INFO - [2024-06-18T16:35:51.114+0000] {dagbag.py:545} INFO - Filling up the DagBag from /home/airflow/.local/lib/python3.12/site-packages/airflow/example_dags/example_external_task_marker_dag.py
[2024-06-18T16:35:51.122+0000] {processor.py:840} INFO - DAG(s) 'example_external_task_marker_child', 'example_external_task_marker_parent' retrieved from /home/airflow/.local/lib/python3.12/site-packages/airflow/example_dags/example_external_task_marker_dag.py
[2024-06-18T16:35:51.153+0000] {logging_mixin.py:188} INFO - [2024-06-18T16:35:51.153+0000] {dag.py:3096} INFO - Sync 2 DAGs
[2024-06-18T16:35:51.171+0000] {logging_mixin.py:188} INFO - [2024-06-18T16:35:51.170+0000] {dag.py:3954} INFO - Setting next_dagrun for example_external_task_marker_child to None, run_after=None
[2024-06-18T16:35:51.176+0000] {logging_mixin.py:188} INFO - [2024-06-18T16:35:51.175+0000] {dag.py:3954} INFO - Setting next_dagrun for example_external_task_marker_parent to None, run_after=None
[2024-06-18T16:35:51.195+0000] {processor.py:183} INFO - Processing /home/airflow/.local/lib/python3.12/site-packages/airflow/example_dags/example_external_task_marker_dag.py took 0.093 seconds
[2024-06-18T16:36:21.227+0000] {processor.py:161} INFO - Started process (PID=1012) to work on /home/airflow/.local/lib/python3.12/site-packages/airflow/example_dags/example_external_task_marker_dag.py
[2024-06-18T16:36:21.228+0000] {processor.py:830} INFO - Processing file /home/airflow/.local/lib/python3.12/site-packages/airflow/example_dags/example_external_task_marker_dag.py for tasks to queue
[2024-06-18T16:36:21.232+0000] {logging_mixin.py:188} INFO - [2024-06-18T16:36:21.231+0000] {dagbag.py:545} INFO - Filling up the DagBag from /home/airflow/.local/lib/python3.12/site-packages/airflow/example_dags/example_external_task_marker_dag.py
[2024-06-18T16:36:21.240+0000] {processor.py:840} INFO - DAG(s) 'example_external_task_marker_parent', 'example_external_task_marker_child' retrieved from /home/airflow/.local/lib/python3.12/site-packages/airflow/example_dags/example_external_task_marker_dag.py
[2024-06-18T16:36:21.274+0000] {logging_mixin.py:188} INFO - [2024-06-18T16:36:21.274+0000] {dag.py:3096} INFO - Sync 2 DAGs
[2024-06-18T16:36:21.293+0000] {logging_mixin.py:188} INFO - [2024-06-18T16:36:21.292+0000] {dag.py:3954} INFO - Setting next_dagrun for example_external_task_marker_child to None, run_after=None
[2024-06-18T16:36:21.298+0000] {logging_mixin.py:188} INFO - [2024-06-18T16:36:21.297+0000] {dag.py:3954} INFO - Setting next_dagrun for example_external_task_marker_parent to None, run_after=None
[2024-06-18T16:36:21.319+0000] {processor.py:183} INFO - Processing /home/airflow/.local/lib/python3.12/site-packages/airflow/example_dags/example_external_task_marker_dag.py took 0.102 seconds
[2024-06-18T16:36:51.591+0000] {processor.py:161} INFO - Started process (PID=1071) to work on /home/airflow/.local/lib/python3.12/site-packages/airflow/example_dags/example_external_task_marker_dag.py
[2024-06-18T16:36:51.592+0000] {processor.py:830} INFO - Processing file /home/airflow/.local/lib/python3.12/site-packages/airflow/example_dags/example_external_task_marker_dag.py for tasks to queue
[2024-06-18T16:36:51.595+0000] {logging_mixin.py:188} INFO - [2024-06-18T16:36:51.594+0000] {dagbag.py:545} INFO - Filling up the DagBag from /home/airflow/.local/lib/python3.12/site-packages/airflow/example_dags/example_external_task_marker_dag.py
[2024-06-18T16:36:51.603+0000] {processor.py:840} INFO - DAG(s) 'example_external_task_marker_child', 'example_external_task_marker_parent' retrieved from /home/airflow/.local/lib/python3.12/site-packages/airflow/example_dags/example_external_task_marker_dag.py
[2024-06-18T16:36:51.634+0000] {logging_mixin.py:188} INFO - [2024-06-18T16:36:51.634+0000] {dag.py:3096} INFO - Sync 2 DAGs
[2024-06-18T16:36:51.657+0000] {logging_mixin.py:188} INFO - [2024-06-18T16:36:51.657+0000] {dag.py:3954} INFO - Setting next_dagrun for example_external_task_marker_child to None, run_after=None
[2024-06-18T16:36:51.664+0000] {logging_mixin.py:188} INFO - [2024-06-18T16:36:51.664+0000] {dag.py:3954} INFO - Setting next_dagrun for example_external_task_marker_parent to None, run_after=None
[2024-06-18T16:36:51.688+0000] {processor.py:183} INFO - Processing /home/airflow/.local/lib/python3.12/site-packages/airflow/example_dags/example_external_task_marker_dag.py took 0.105 seconds
[2024-06-18T16:37:21.838+0000] {processor.py:161} INFO - Started process (PID=1129) to work on /home/airflow/.local/lib/python3.12/site-packages/airflow/example_dags/example_external_task_marker_dag.py
[2024-06-18T16:37:21.839+0000] {processor.py:830} INFO - Processing file /home/airflow/.local/lib/python3.12/site-packages/airflow/example_dags/example_external_task_marker_dag.py for tasks to queue
[2024-06-18T16:37:21.843+0000] {logging_mixin.py:188} INFO - [2024-06-18T16:37:21.842+0000] {dagbag.py:545} INFO - Filling up the DagBag from /home/airflow/.local/lib/python3.12/site-packages/airflow/example_dags/example_external_task_marker_dag.py
[2024-06-18T16:37:21.852+0000] {processor.py:840} INFO - DAG(s) 'example_external_task_marker_child', 'example_external_task_marker_parent' retrieved from /home/airflow/.local/lib/python3.12/site-packages/airflow/example_dags/example_external_task_marker_dag.py
[2024-06-18T16:37:21.883+0000] {logging_mixin.py:188} INFO - [2024-06-18T16:37:21.883+0000] {dag.py:3096} INFO - Sync 2 DAGs
[2024-06-18T16:37:21.900+0000] {logging_mixin.py:188} INFO - [2024-06-18T16:37:21.899+0000] {dag.py:3954} INFO - Setting next_dagrun for example_external_task_marker_child to None, run_after=None
[2024-06-18T16:37:21.904+0000] {logging_mixin.py:188} INFO - [2024-06-18T16:37:21.904+0000] {dag.py:3954} INFO - Setting next_dagrun for example_external_task_marker_parent to None, run_after=None
[2024-06-18T16:37:21.925+0000] {processor.py:183} INFO - Processing /home/airflow/.local/lib/python3.12/site-packages/airflow/example_dags/example_external_task_marker_dag.py took 0.096 seconds
[2024-06-18T16:38:49.586+0000] {processor.py:161} INFO - Started process (PID=27) to work on /home/airflow/.local/lib/python3.12/site-packages/airflow/example_dags/example_external_task_marker_dag.py
[2024-06-18T16:38:49.589+0000] {processor.py:830} INFO - Processing file /home/airflow/.local/lib/python3.12/site-packages/airflow/example_dags/example_external_task_marker_dag.py for tasks to queue
[2024-06-18T16:38:49.592+0000] {logging_mixin.py:188} INFO - [2024-06-18T16:38:49.591+0000] {dagbag.py:545} INFO - Filling up the DagBag from /home/airflow/.local/lib/python3.12/site-packages/airflow/example_dags/example_external_task_marker_dag.py
[2024-06-18T16:38:49.614+0000] {processor.py:840} INFO - DAG(s) 'example_external_task_marker_child', 'example_external_task_marker_parent' retrieved from /home/airflow/.local/lib/python3.12/site-packages/airflow/example_dags/example_external_task_marker_dag.py
[2024-06-18T16:38:49.681+0000] {logging_mixin.py:188} INFO - [2024-06-18T16:38:49.680+0000] {dag.py:3096} INFO - Sync 2 DAGs
[2024-06-18T16:38:49.696+0000] {logging_mixin.py:188} INFO - [2024-06-18T16:38:49.696+0000] {dag.py:3954} INFO - Setting next_dagrun for example_external_task_marker_child to None, run_after=None
[2024-06-18T16:38:49.700+0000] {logging_mixin.py:188} INFO - [2024-06-18T16:38:49.700+0000] {dag.py:3954} INFO - Setting next_dagrun for example_external_task_marker_parent to None, run_after=None
[2024-06-18T16:38:49.718+0000] {processor.py:183} INFO - Processing /home/airflow/.local/lib/python3.12/site-packages/airflow/example_dags/example_external_task_marker_dag.py took 0.143 seconds
[2024-06-18T16:39:19.810+0000] {processor.py:161} INFO - Started process (PID=84) to work on /home/airflow/.local/lib/python3.12/site-packages/airflow/example_dags/example_external_task_marker_dag.py
[2024-06-18T16:39:19.812+0000] {processor.py:830} INFO - Processing file /home/airflow/.local/lib/python3.12/site-packages/airflow/example_dags/example_external_task_marker_dag.py for tasks to queue
[2024-06-18T16:39:19.815+0000] {logging_mixin.py:188} INFO - [2024-06-18T16:39:19.814+0000] {dagbag.py:545} INFO - Filling up the DagBag from /home/airflow/.local/lib/python3.12/site-packages/airflow/example_dags/example_external_task_marker_dag.py
[2024-06-18T16:39:19.825+0000] {processor.py:840} INFO - DAG(s) 'example_external_task_marker_parent', 'example_external_task_marker_child' retrieved from /home/airflow/.local/lib/python3.12/site-packages/airflow/example_dags/example_external_task_marker_dag.py
[2024-06-18T16:39:19.988+0000] {logging_mixin.py:188} INFO - [2024-06-18T16:39:19.988+0000] {dag.py:3096} INFO - Sync 2 DAGs
[2024-06-18T16:39:20.000+0000] {logging_mixin.py:188} INFO - [2024-06-18T16:39:20.000+0000] {dag.py:3954} INFO - Setting next_dagrun for example_external_task_marker_child to None, run_after=None
[2024-06-18T16:39:20.004+0000] {logging_mixin.py:188} INFO - [2024-06-18T16:39:20.003+0000] {dag.py:3954} INFO - Setting next_dagrun for example_external_task_marker_parent to None, run_after=None
[2024-06-18T16:39:20.024+0000] {processor.py:183} INFO - Processing /home/airflow/.local/lib/python3.12/site-packages/airflow/example_dags/example_external_task_marker_dag.py took 0.224 seconds
[2024-06-18T16:39:50.559+0000] {processor.py:161} INFO - Started process (PID=142) to work on /home/airflow/.local/lib/python3.12/site-packages/airflow/example_dags/example_external_task_marker_dag.py
[2024-06-18T16:39:50.561+0000] {processor.py:830} INFO - Processing file /home/airflow/.local/lib/python3.12/site-packages/airflow/example_dags/example_external_task_marker_dag.py for tasks to queue
[2024-06-18T16:39:50.564+0000] {logging_mixin.py:188} INFO - [2024-06-18T16:39:50.563+0000] {dagbag.py:545} INFO - Filling up the DagBag from /home/airflow/.local/lib/python3.12/site-packages/airflow/example_dags/example_external_task_marker_dag.py
[2024-06-18T16:39:50.573+0000] {processor.py:840} INFO - DAG(s) 'example_external_task_marker_child', 'example_external_task_marker_parent' retrieved from /home/airflow/.local/lib/python3.12/site-packages/airflow/example_dags/example_external_task_marker_dag.py
[2024-06-18T16:39:50.608+0000] {logging_mixin.py:188} INFO - [2024-06-18T16:39:50.607+0000] {dag.py:3096} INFO - Sync 2 DAGs
[2024-06-18T16:39:50.626+0000] {logging_mixin.py:188} INFO - [2024-06-18T16:39:50.626+0000] {dag.py:3954} INFO - Setting next_dagrun for example_external_task_marker_child to None, run_after=None
[2024-06-18T16:39:50.630+0000] {logging_mixin.py:188} INFO - [2024-06-18T16:39:50.630+0000] {dag.py:3954} INFO - Setting next_dagrun for example_external_task_marker_parent to None, run_after=None
[2024-06-18T16:39:50.651+0000] {processor.py:183} INFO - Processing /home/airflow/.local/lib/python3.12/site-packages/airflow/example_dags/example_external_task_marker_dag.py took 0.101 seconds
[2024-06-18T16:40:21.240+0000] {processor.py:161} INFO - Started process (PID=200) to work on /home/airflow/.local/lib/python3.12/site-packages/airflow/example_dags/example_external_task_marker_dag.py
[2024-06-18T16:40:21.241+0000] {processor.py:830} INFO - Processing file /home/airflow/.local/lib/python3.12/site-packages/airflow/example_dags/example_external_task_marker_dag.py for tasks to queue
[2024-06-18T16:40:21.243+0000] {logging_mixin.py:188} INFO - [2024-06-18T16:40:21.243+0000] {dagbag.py:545} INFO - Filling up the DagBag from /home/airflow/.local/lib/python3.12/site-packages/airflow/example_dags/example_external_task_marker_dag.py
[2024-06-18T16:40:21.252+0000] {processor.py:840} INFO - DAG(s) 'example_external_task_marker_parent', 'example_external_task_marker_child' retrieved from /home/airflow/.local/lib/python3.12/site-packages/airflow/example_dags/example_external_task_marker_dag.py
[2024-06-18T16:40:21.282+0000] {logging_mixin.py:188} INFO - [2024-06-18T16:40:21.282+0000] {dag.py:3096} INFO - Sync 2 DAGs
[2024-06-18T16:40:21.300+0000] {logging_mixin.py:188} INFO - [2024-06-18T16:40:21.300+0000] {dag.py:3954} INFO - Setting next_dagrun for example_external_task_marker_child to None, run_after=None
[2024-06-18T16:40:21.305+0000] {logging_mixin.py:188} INFO - [2024-06-18T16:40:21.305+0000] {dag.py:3954} INFO - Setting next_dagrun for example_external_task_marker_parent to None, run_after=None
[2024-06-18T16:40:21.329+0000] {processor.py:183} INFO - Processing /home/airflow/.local/lib/python3.12/site-packages/airflow/example_dags/example_external_task_marker_dag.py took 0.097 seconds
[2024-06-18T16:40:51.419+0000] {processor.py:161} INFO - Started process (PID=258) to work on /home/airflow/.local/lib/python3.12/site-packages/airflow/example_dags/example_external_task_marker_dag.py
[2024-06-18T16:40:51.421+0000] {processor.py:830} INFO - Processing file /home/airflow/.local/lib/python3.12/site-packages/airflow/example_dags/example_external_task_marker_dag.py for tasks to queue
[2024-06-18T16:40:51.423+0000] {logging_mixin.py:188} INFO - [2024-06-18T16:40:51.423+0000] {dagbag.py:545} INFO - Filling up the DagBag from /home/airflow/.local/lib/python3.12/site-packages/airflow/example_dags/example_external_task_marker_dag.py
[2024-06-18T16:40:51.432+0000] {processor.py:840} INFO - DAG(s) 'example_external_task_marker_child', 'example_external_task_marker_parent' retrieved from /home/airflow/.local/lib/python3.12/site-packages/airflow/example_dags/example_external_task_marker_dag.py
[2024-06-18T16:40:51.465+0000] {logging_mixin.py:188} INFO - [2024-06-18T16:40:51.465+0000] {dag.py:3096} INFO - Sync 2 DAGs
[2024-06-18T16:40:51.482+0000] {logging_mixin.py:188} INFO - [2024-06-18T16:40:51.482+0000] {dag.py:3954} INFO - Setting next_dagrun for example_external_task_marker_child to None, run_after=None
[2024-06-18T16:40:51.487+0000] {logging_mixin.py:188} INFO - [2024-06-18T16:40:51.487+0000] {dag.py:3954} INFO - Setting next_dagrun for example_external_task_marker_parent to None, run_after=None
[2024-06-18T16:40:51.511+0000] {processor.py:183} INFO - Processing /home/airflow/.local/lib/python3.12/site-packages/airflow/example_dags/example_external_task_marker_dag.py took 0.100 seconds
[2024-06-18T16:41:21.890+0000] {processor.py:161} INFO - Started process (PID=316) to work on /home/airflow/.local/lib/python3.12/site-packages/airflow/example_dags/example_external_task_marker_dag.py
[2024-06-18T16:41:21.891+0000] {processor.py:830} INFO - Processing file /home/airflow/.local/lib/python3.12/site-packages/airflow/example_dags/example_external_task_marker_dag.py for tasks to queue
[2024-06-18T16:41:21.894+0000] {logging_mixin.py:188} INFO - [2024-06-18T16:41:21.893+0000] {dagbag.py:545} INFO - Filling up the DagBag from /home/airflow/.local/lib/python3.12/site-packages/airflow/example_dags/example_external_task_marker_dag.py
[2024-06-18T16:41:21.902+0000] {processor.py:840} INFO - DAG(s) 'example_external_task_marker_parent', 'example_external_task_marker_child' retrieved from /home/airflow/.local/lib/python3.12/site-packages/airflow/example_dags/example_external_task_marker_dag.py
[2024-06-18T16:41:21.933+0000] {logging_mixin.py:188} INFO - [2024-06-18T16:41:21.932+0000] {dag.py:3096} INFO - Sync 2 DAGs
[2024-06-18T16:41:21.949+0000] {logging_mixin.py:188} INFO - [2024-06-18T16:41:21.949+0000] {dag.py:3954} INFO - Setting next_dagrun for example_external_task_marker_child to None, run_after=None
[2024-06-18T16:41:21.954+0000] {logging_mixin.py:188} INFO - [2024-06-18T16:41:21.954+0000] {dag.py:3954} INFO - Setting next_dagrun for example_external_task_marker_parent to None, run_after=None
[2024-06-18T16:41:21.975+0000] {processor.py:183} INFO - Processing /home/airflow/.local/lib/python3.12/site-packages/airflow/example_dags/example_external_task_marker_dag.py took 0.094 seconds
[2024-06-18T16:41:52.148+0000] {processor.py:161} INFO - Started process (PID=374) to work on /home/airflow/.local/lib/python3.12/site-packages/airflow/example_dags/example_external_task_marker_dag.py
[2024-06-18T16:41:52.149+0000] {processor.py:830} INFO - Processing file /home/airflow/.local/lib/python3.12/site-packages/airflow/example_dags/example_external_task_marker_dag.py for tasks to queue
[2024-06-18T16:41:52.152+0000] {logging_mixin.py:188} INFO - [2024-06-18T16:41:52.152+0000] {dagbag.py:545} INFO - Filling up the DagBag from /home/airflow/.local/lib/python3.12/site-packages/airflow/example_dags/example_external_task_marker_dag.py
[2024-06-18T16:41:52.162+0000] {processor.py:840} INFO - DAG(s) 'example_external_task_marker_child', 'example_external_task_marker_parent' retrieved from /home/airflow/.local/lib/python3.12/site-packages/airflow/example_dags/example_external_task_marker_dag.py
[2024-06-18T16:41:52.199+0000] {logging_mixin.py:188} INFO - [2024-06-18T16:41:52.199+0000] {dag.py:3096} INFO - Sync 2 DAGs
[2024-06-18T16:41:52.219+0000] {logging_mixin.py:188} INFO - [2024-06-18T16:41:52.219+0000] {dag.py:3954} INFO - Setting next_dagrun for example_external_task_marker_child to None, run_after=None
[2024-06-18T16:41:52.224+0000] {logging_mixin.py:188} INFO - [2024-06-18T16:41:52.224+0000] {dag.py:3954} INFO - Setting next_dagrun for example_external_task_marker_parent to None, run_after=None
[2024-06-18T16:41:52.245+0000] {processor.py:183} INFO - Processing /home/airflow/.local/lib/python3.12/site-packages/airflow/example_dags/example_external_task_marker_dag.py took 0.106 seconds
[2024-06-18T16:42:22.463+0000] {processor.py:161} INFO - Started process (PID=432) to work on /home/airflow/.local/lib/python3.12/site-packages/airflow/example_dags/example_external_task_marker_dag.py
[2024-06-18T16:42:22.464+0000] {processor.py:830} INFO - Processing file /home/airflow/.local/lib/python3.12/site-packages/airflow/example_dags/example_external_task_marker_dag.py for tasks to queue
[2024-06-18T16:42:22.467+0000] {logging_mixin.py:188} INFO - [2024-06-18T16:42:22.466+0000] {dagbag.py:545} INFO - Filling up the DagBag from /home/airflow/.local/lib/python3.12/site-packages/airflow/example_dags/example_external_task_marker_dag.py
[2024-06-18T16:42:22.476+0000] {processor.py:840} INFO - DAG(s) 'example_external_task_marker_parent', 'example_external_task_marker_child' retrieved from /home/airflow/.local/lib/python3.12/site-packages/airflow/example_dags/example_external_task_marker_dag.py
[2024-06-18T16:42:22.507+0000] {logging_mixin.py:188} INFO - [2024-06-18T16:42:22.507+0000] {dag.py:3096} INFO - Sync 2 DAGs
[2024-06-18T16:42:22.523+0000] {logging_mixin.py:188} INFO - [2024-06-18T16:42:22.523+0000] {dag.py:3954} INFO - Setting next_dagrun for example_external_task_marker_child to None, run_after=None
[2024-06-18T16:42:22.529+0000] {logging_mixin.py:188} INFO - [2024-06-18T16:42:22.529+0000] {dag.py:3954} INFO - Setting next_dagrun for example_external_task_marker_parent to None, run_after=None
[2024-06-18T16:42:22.550+0000] {processor.py:183} INFO - Processing /home/airflow/.local/lib/python3.12/site-packages/airflow/example_dags/example_external_task_marker_dag.py took 0.096 seconds
[2024-06-18T16:42:52.960+0000] {processor.py:161} INFO - Started process (PID=490) to work on /home/airflow/.local/lib/python3.12/site-packages/airflow/example_dags/example_external_task_marker_dag.py
[2024-06-18T16:42:52.963+0000] {processor.py:830} INFO - Processing file /home/airflow/.local/lib/python3.12/site-packages/airflow/example_dags/example_external_task_marker_dag.py for tasks to queue
[2024-06-18T16:42:52.967+0000] {logging_mixin.py:188} INFO - [2024-06-18T16:42:52.967+0000] {dagbag.py:545} INFO - Filling up the DagBag from /home/airflow/.local/lib/python3.12/site-packages/airflow/example_dags/example_external_task_marker_dag.py
[2024-06-18T16:42:53.442+0000] {logging_mixin.py:188} INFO - [2024-06-18T16:42:53.442+0000] {process_utils.py:263} INFO - Waiting up to 5 seconds for processes to exit...
