[2024-06-18T16:27:47.293+0000] {processor.py:161} INFO - Started process (PID=52) to work on /home/airflow/.local/lib/python3.12/site-packages/airflow/example_dags/example_params_trigger_ui.py
[2024-06-18T16:27:47.294+0000] {processor.py:830} INFO - Processing file /home/airflow/.local/lib/python3.12/site-packages/airflow/example_dags/example_params_trigger_ui.py for tasks to queue
[2024-06-18T16:27:47.297+0000] {logging_mixin.py:188} INFO - [2024-06-18T16:27:47.296+0000] {dagbag.py:545} INFO - Filling up the DagBag from /home/airflow/.local/lib/python3.12/site-packages/airflow/example_dags/example_params_trigger_ui.py
[2024-06-18T16:27:47.317+0000] {processor.py:840} INFO - DAG(s) 'example_params_trigger_ui' retrieved from /home/airflow/.local/lib/python3.12/site-packages/airflow/example_dags/example_params_trigger_ui.py
[2024-06-18T16:27:47.488+0000] {logging_mixin.py:188} INFO - [2024-06-18T16:27:47.487+0000] {dag.py:3096} INFO - Sync 1 DAGs
[2024-06-18T16:27:47.510+0000] {logging_mixin.py:188} INFO - [2024-06-18T16:27:47.509+0000] {dag.py:3954} INFO - Setting next_dagrun for example_params_trigger_ui to None, run_after=None
[2024-06-18T16:27:47.556+0000] {processor.py:183} INFO - Processing /home/airflow/.local/lib/python3.12/site-packages/airflow/example_dags/example_params_trigger_ui.py took 0.270 seconds
[2024-06-18T16:28:17.831+0000] {processor.py:161} INFO - Started process (PID=110) to work on /home/airflow/.local/lib/python3.12/site-packages/airflow/example_dags/example_params_trigger_ui.py
[2024-06-18T16:28:17.832+0000] {processor.py:830} INFO - Processing file /home/airflow/.local/lib/python3.12/site-packages/airflow/example_dags/example_params_trigger_ui.py for tasks to queue
[2024-06-18T16:28:17.835+0000] {logging_mixin.py:188} INFO - [2024-06-18T16:28:17.835+0000] {dagbag.py:545} INFO - Filling up the DagBag from /home/airflow/.local/lib/python3.12/site-packages/airflow/example_dags/example_params_trigger_ui.py
[2024-06-18T16:28:17.855+0000] {processor.py:840} INFO - DAG(s) 'example_params_trigger_ui' retrieved from /home/airflow/.local/lib/python3.12/site-packages/airflow/example_dags/example_params_trigger_ui.py
[2024-06-18T16:28:17.920+0000] {logging_mixin.py:188} INFO - [2024-06-18T16:28:17.920+0000] {dag.py:3096} INFO - Sync 1 DAGs
[2024-06-18T16:28:17.936+0000] {logging_mixin.py:188} INFO - [2024-06-18T16:28:17.936+0000] {dag.py:3954} INFO - Setting next_dagrun for example_params_trigger_ui to None, run_after=None
[2024-06-18T16:28:17.957+0000] {processor.py:183} INFO - Processing /home/airflow/.local/lib/python3.12/site-packages/airflow/example_dags/example_params_trigger_ui.py took 0.134 seconds
[2024-06-18T16:28:48.201+0000] {processor.py:161} INFO - Started process (PID=168) to work on /home/airflow/.local/lib/python3.12/site-packages/airflow/example_dags/example_params_trigger_ui.py
[2024-06-18T16:28:48.202+0000] {processor.py:830} INFO - Processing file /home/airflow/.local/lib/python3.12/site-packages/airflow/example_dags/example_params_trigger_ui.py for tasks to queue
[2024-06-18T16:28:48.205+0000] {logging_mixin.py:188} INFO - [2024-06-18T16:28:48.204+0000] {dagbag.py:545} INFO - Filling up the DagBag from /home/airflow/.local/lib/python3.12/site-packages/airflow/example_dags/example_params_trigger_ui.py
[2024-06-18T16:28:48.222+0000] {processor.py:840} INFO - DAG(s) 'example_params_trigger_ui' retrieved from /home/airflow/.local/lib/python3.12/site-packages/airflow/example_dags/example_params_trigger_ui.py
[2024-06-18T16:28:48.278+0000] {logging_mixin.py:188} INFO - [2024-06-18T16:28:48.278+0000] {dag.py:3096} INFO - Sync 1 DAGs
[2024-06-18T16:28:48.294+0000] {logging_mixin.py:188} INFO - [2024-06-18T16:28:48.294+0000] {dag.py:3954} INFO - Setting next_dagrun for example_params_trigger_ui to None, run_after=None
[2024-06-18T16:28:48.327+0000] {processor.py:183} INFO - Processing /home/airflow/.local/lib/python3.12/site-packages/airflow/example_dags/example_params_trigger_ui.py took 0.134 seconds
[2024-06-18T16:29:19.172+0000] {processor.py:161} INFO - Started process (PID=226) to work on /home/airflow/.local/lib/python3.12/site-packages/airflow/example_dags/example_params_trigger_ui.py
[2024-06-18T16:29:19.173+0000] {processor.py:830} INFO - Processing file /home/airflow/.local/lib/python3.12/site-packages/airflow/example_dags/example_params_trigger_ui.py for tasks to queue
[2024-06-18T16:29:19.176+0000] {logging_mixin.py:188} INFO - [2024-06-18T16:29:19.176+0000] {dagbag.py:545} INFO - Filling up the DagBag from /home/airflow/.local/lib/python3.12/site-packages/airflow/example_dags/example_params_trigger_ui.py
[2024-06-18T16:29:19.194+0000] {processor.py:840} INFO - DAG(s) 'example_params_trigger_ui' retrieved from /home/airflow/.local/lib/python3.12/site-packages/airflow/example_dags/example_params_trigger_ui.py
[2024-06-18T16:29:19.249+0000] {logging_mixin.py:188} INFO - [2024-06-18T16:29:19.249+0000] {dag.py:3096} INFO - Sync 1 DAGs
[2024-06-18T16:29:19.265+0000] {logging_mixin.py:188} INFO - [2024-06-18T16:29:19.265+0000] {dag.py:3954} INFO - Setting next_dagrun for example_params_trigger_ui to None, run_after=None
[2024-06-18T16:29:19.288+0000] {processor.py:183} INFO - Processing /home/airflow/.local/lib/python3.12/site-packages/airflow/example_dags/example_params_trigger_ui.py took 0.126 seconds
[2024-06-18T16:29:49.423+0000] {processor.py:161} INFO - Started process (PID=284) to work on /home/airflow/.local/lib/python3.12/site-packages/airflow/example_dags/example_params_trigger_ui.py
[2024-06-18T16:29:49.424+0000] {processor.py:830} INFO - Processing file /home/airflow/.local/lib/python3.12/site-packages/airflow/example_dags/example_params_trigger_ui.py for tasks to queue
[2024-06-18T16:29:49.427+0000] {logging_mixin.py:188} INFO - [2024-06-18T16:29:49.426+0000] {dagbag.py:545} INFO - Filling up the DagBag from /home/airflow/.local/lib/python3.12/site-packages/airflow/example_dags/example_params_trigger_ui.py
[2024-06-18T16:29:49.444+0000] {processor.py:840} INFO - DAG(s) 'example_params_trigger_ui' retrieved from /home/airflow/.local/lib/python3.12/site-packages/airflow/example_dags/example_params_trigger_ui.py
[2024-06-18T16:29:49.500+0000] {logging_mixin.py:188} INFO - [2024-06-18T16:29:49.500+0000] {dag.py:3096} INFO - Sync 1 DAGs
[2024-06-18T16:29:49.516+0000] {logging_mixin.py:188} INFO - [2024-06-18T16:29:49.516+0000] {dag.py:3954} INFO - Setting next_dagrun for example_params_trigger_ui to None, run_after=None
[2024-06-18T16:29:49.538+0000] {processor.py:183} INFO - Processing /home/airflow/.local/lib/python3.12/site-packages/airflow/example_dags/example_params_trigger_ui.py took 0.123 seconds
[2024-06-18T16:30:19.982+0000] {processor.py:161} INFO - Started process (PID=342) to work on /home/airflow/.local/lib/python3.12/site-packages/airflow/example_dags/example_params_trigger_ui.py
[2024-06-18T16:30:19.983+0000] {processor.py:830} INFO - Processing file /home/airflow/.local/lib/python3.12/site-packages/airflow/example_dags/example_params_trigger_ui.py for tasks to queue
[2024-06-18T16:30:19.985+0000] {logging_mixin.py:188} INFO - [2024-06-18T16:30:19.985+0000] {dagbag.py:545} INFO - Filling up the DagBag from /home/airflow/.local/lib/python3.12/site-packages/airflow/example_dags/example_params_trigger_ui.py
[2024-06-18T16:30:20.004+0000] {processor.py:840} INFO - DAG(s) 'example_params_trigger_ui' retrieved from /home/airflow/.local/lib/python3.12/site-packages/airflow/example_dags/example_params_trigger_ui.py
[2024-06-18T16:30:20.067+0000] {logging_mixin.py:188} INFO - [2024-06-18T16:30:20.066+0000] {dag.py:3096} INFO - Sync 1 DAGs
[2024-06-18T16:30:20.093+0000] {logging_mixin.py:188} INFO - [2024-06-18T16:30:20.092+0000] {dag.py:3954} INFO - Setting next_dagrun for example_params_trigger_ui to None, run_after=None
[2024-06-18T16:30:20.122+0000] {processor.py:183} INFO - Processing /home/airflow/.local/lib/python3.12/site-packages/airflow/example_dags/example_params_trigger_ui.py took 0.152 seconds
[2024-06-18T16:30:51.039+0000] {processor.py:161} INFO - Started process (PID=400) to work on /home/airflow/.local/lib/python3.12/site-packages/airflow/example_dags/example_params_trigger_ui.py
[2024-06-18T16:30:51.041+0000] {processor.py:830} INFO - Processing file /home/airflow/.local/lib/python3.12/site-packages/airflow/example_dags/example_params_trigger_ui.py for tasks to queue
[2024-06-18T16:30:51.044+0000] {logging_mixin.py:188} INFO - [2024-06-18T16:30:51.044+0000] {dagbag.py:545} INFO - Filling up the DagBag from /home/airflow/.local/lib/python3.12/site-packages/airflow/example_dags/example_params_trigger_ui.py
[2024-06-18T16:30:51.069+0000] {processor.py:840} INFO - DAG(s) 'example_params_trigger_ui' retrieved from /home/airflow/.local/lib/python3.12/site-packages/airflow/example_dags/example_params_trigger_ui.py
[2024-06-18T16:30:51.127+0000] {logging_mixin.py:188} INFO - [2024-06-18T16:30:51.127+0000] {dag.py:3096} INFO - Sync 1 DAGs
[2024-06-18T16:30:51.144+0000] {logging_mixin.py:188} INFO - [2024-06-18T16:30:51.144+0000] {dag.py:3954} INFO - Setting next_dagrun for example_params_trigger_ui to None, run_after=None
[2024-06-18T16:30:51.169+0000] {processor.py:183} INFO - Processing /home/airflow/.local/lib/python3.12/site-packages/airflow/example_dags/example_params_trigger_ui.py took 0.142 seconds
[2024-06-18T16:31:21.437+0000] {processor.py:161} INFO - Started process (PID=458) to work on /home/airflow/.local/lib/python3.12/site-packages/airflow/example_dags/example_params_trigger_ui.py
[2024-06-18T16:31:21.438+0000] {processor.py:830} INFO - Processing file /home/airflow/.local/lib/python3.12/site-packages/airflow/example_dags/example_params_trigger_ui.py for tasks to queue
[2024-06-18T16:31:21.441+0000] {logging_mixin.py:188} INFO - [2024-06-18T16:31:21.440+0000] {dagbag.py:545} INFO - Filling up the DagBag from /home/airflow/.local/lib/python3.12/site-packages/airflow/example_dags/example_params_trigger_ui.py
[2024-06-18T16:31:21.459+0000] {processor.py:840} INFO - DAG(s) 'example_params_trigger_ui' retrieved from /home/airflow/.local/lib/python3.12/site-packages/airflow/example_dags/example_params_trigger_ui.py
[2024-06-18T16:31:21.512+0000] {logging_mixin.py:188} INFO - [2024-06-18T16:31:21.512+0000] {dag.py:3096} INFO - Sync 1 DAGs
[2024-06-18T16:31:21.529+0000] {logging_mixin.py:188} INFO - [2024-06-18T16:31:21.528+0000] {dag.py:3954} INFO - Setting next_dagrun for example_params_trigger_ui to None, run_after=None
[2024-06-18T16:31:21.551+0000] {processor.py:183} INFO - Processing /home/airflow/.local/lib/python3.12/site-packages/airflow/example_dags/example_params_trigger_ui.py took 0.121 seconds
[2024-06-18T16:31:51.696+0000] {processor.py:161} INFO - Started process (PID=515) to work on /home/airflow/.local/lib/python3.12/site-packages/airflow/example_dags/example_params_trigger_ui.py
[2024-06-18T16:31:51.698+0000] {processor.py:830} INFO - Processing file /home/airflow/.local/lib/python3.12/site-packages/airflow/example_dags/example_params_trigger_ui.py for tasks to queue
[2024-06-18T16:31:51.700+0000] {logging_mixin.py:188} INFO - [2024-06-18T16:31:51.700+0000] {dagbag.py:545} INFO - Filling up the DagBag from /home/airflow/.local/lib/python3.12/site-packages/airflow/example_dags/example_params_trigger_ui.py
[2024-06-18T16:31:51.718+0000] {processor.py:840} INFO - DAG(s) 'example_params_trigger_ui' retrieved from /home/airflow/.local/lib/python3.12/site-packages/airflow/example_dags/example_params_trigger_ui.py
[2024-06-18T16:31:51.776+0000] {logging_mixin.py:188} INFO - [2024-06-18T16:31:51.776+0000] {dag.py:3096} INFO - Sync 1 DAGs
[2024-06-18T16:31:51.794+0000] {logging_mixin.py:188} INFO - [2024-06-18T16:31:51.794+0000] {dag.py:3954} INFO - Setting next_dagrun for example_params_trigger_ui to None, run_after=None
[2024-06-18T16:31:51.819+0000] {processor.py:183} INFO - Processing /home/airflow/.local/lib/python3.12/site-packages/airflow/example_dags/example_params_trigger_ui.py took 0.134 seconds
[2024-06-18T16:32:22.100+0000] {processor.py:161} INFO - Started process (PID=572) to work on /home/airflow/.local/lib/python3.12/site-packages/airflow/example_dags/example_params_trigger_ui.py
[2024-06-18T16:32:22.102+0000] {processor.py:830} INFO - Processing file /home/airflow/.local/lib/python3.12/site-packages/airflow/example_dags/example_params_trigger_ui.py for tasks to queue
[2024-06-18T16:32:22.105+0000] {logging_mixin.py:188} INFO - [2024-06-18T16:32:22.104+0000] {dagbag.py:545} INFO - Filling up the DagBag from /home/airflow/.local/lib/python3.12/site-packages/airflow/example_dags/example_params_trigger_ui.py
[2024-06-18T16:32:22.124+0000] {processor.py:840} INFO - DAG(s) 'example_params_trigger_ui' retrieved from /home/airflow/.local/lib/python3.12/site-packages/airflow/example_dags/example_params_trigger_ui.py
[2024-06-18T16:32:22.184+0000] {logging_mixin.py:188} INFO - [2024-06-18T16:32:22.183+0000] {dag.py:3096} INFO - Sync 1 DAGs
[2024-06-18T16:32:22.201+0000] {logging_mixin.py:188} INFO - [2024-06-18T16:32:22.201+0000] {dag.py:3954} INFO - Setting next_dagrun for example_params_trigger_ui to None, run_after=None
[2024-06-18T16:32:22.224+0000] {processor.py:183} INFO - Processing /home/airflow/.local/lib/python3.12/site-packages/airflow/example_dags/example_params_trigger_ui.py took 0.133 seconds
[2024-06-18T16:32:52.692+0000] {processor.py:161} INFO - Started process (PID=631) to work on /home/airflow/.local/lib/python3.12/site-packages/airflow/example_dags/example_params_trigger_ui.py
[2024-06-18T16:32:52.694+0000] {processor.py:830} INFO - Processing file /home/airflow/.local/lib/python3.12/site-packages/airflow/example_dags/example_params_trigger_ui.py for tasks to queue
[2024-06-18T16:32:52.696+0000] {logging_mixin.py:188} INFO - [2024-06-18T16:32:52.696+0000] {dagbag.py:545} INFO - Filling up the DagBag from /home/airflow/.local/lib/python3.12/site-packages/airflow/example_dags/example_params_trigger_ui.py
[2024-06-18T16:32:52.721+0000] {processor.py:840} INFO - DAG(s) 'example_params_trigger_ui' retrieved from /home/airflow/.local/lib/python3.12/site-packages/airflow/example_dags/example_params_trigger_ui.py
[2024-06-18T16:32:52.779+0000] {logging_mixin.py:188} INFO - [2024-06-18T16:32:52.779+0000] {dag.py:3096} INFO - Sync 1 DAGs
[2024-06-18T16:32:52.794+0000] {logging_mixin.py:188} INFO - [2024-06-18T16:32:52.794+0000] {dag.py:3954} INFO - Setting next_dagrun for example_params_trigger_ui to None, run_after=None
[2024-06-18T16:32:52.815+0000] {processor.py:183} INFO - Processing /home/airflow/.local/lib/python3.12/site-packages/airflow/example_dags/example_params_trigger_ui.py took 0.131 seconds
[2024-06-18T16:33:22.856+0000] {processor.py:161} INFO - Started process (PID=688) to work on /home/airflow/.local/lib/python3.12/site-packages/airflow/example_dags/example_params_trigger_ui.py
[2024-06-18T16:33:22.858+0000] {processor.py:830} INFO - Processing file /home/airflow/.local/lib/python3.12/site-packages/airflow/example_dags/example_params_trigger_ui.py for tasks to queue
[2024-06-18T16:33:22.860+0000] {logging_mixin.py:188} INFO - [2024-06-18T16:33:22.860+0000] {dagbag.py:545} INFO - Filling up the DagBag from /home/airflow/.local/lib/python3.12/site-packages/airflow/example_dags/example_params_trigger_ui.py
[2024-06-18T16:33:22.878+0000] {processor.py:840} INFO - DAG(s) 'example_params_trigger_ui' retrieved from /home/airflow/.local/lib/python3.12/site-packages/airflow/example_dags/example_params_trigger_ui.py
[2024-06-18T16:33:22.932+0000] {logging_mixin.py:188} INFO - [2024-06-18T16:33:22.932+0000] {dag.py:3096} INFO - Sync 1 DAGs
[2024-06-18T16:33:22.948+0000] {logging_mixin.py:188} INFO - [2024-06-18T16:33:22.948+0000] {dag.py:3954} INFO - Setting next_dagrun for example_params_trigger_ui to None, run_after=None
[2024-06-18T16:33:22.969+0000] {processor.py:183} INFO - Processing /home/airflow/.local/lib/python3.12/site-packages/airflow/example_dags/example_params_trigger_ui.py took 0.121 seconds
[2024-06-18T16:33:53.182+0000] {processor.py:161} INFO - Started process (PID=746) to work on /home/airflow/.local/lib/python3.12/site-packages/airflow/example_dags/example_params_trigger_ui.py
[2024-06-18T16:33:53.183+0000] {processor.py:830} INFO - Processing file /home/airflow/.local/lib/python3.12/site-packages/airflow/example_dags/example_params_trigger_ui.py for tasks to queue
[2024-06-18T16:33:53.186+0000] {logging_mixin.py:188} INFO - [2024-06-18T16:33:53.185+0000] {dagbag.py:545} INFO - Filling up the DagBag from /home/airflow/.local/lib/python3.12/site-packages/airflow/example_dags/example_params_trigger_ui.py
[2024-06-18T16:33:53.204+0000] {processor.py:840} INFO - DAG(s) 'example_params_trigger_ui' retrieved from /home/airflow/.local/lib/python3.12/site-packages/airflow/example_dags/example_params_trigger_ui.py
[2024-06-18T16:33:53.261+0000] {logging_mixin.py:188} INFO - [2024-06-18T16:33:53.260+0000] {dag.py:3096} INFO - Sync 1 DAGs
[2024-06-18T16:33:53.277+0000] {logging_mixin.py:188} INFO - [2024-06-18T16:33:53.276+0000] {dag.py:3954} INFO - Setting next_dagrun for example_params_trigger_ui to None, run_after=None
[2024-06-18T16:33:53.300+0000] {processor.py:183} INFO - Processing /home/airflow/.local/lib/python3.12/site-packages/airflow/example_dags/example_params_trigger_ui.py took 0.126 seconds
[2024-06-18T16:34:23.467+0000] {processor.py:161} INFO - Started process (PID=804) to work on /home/airflow/.local/lib/python3.12/site-packages/airflow/example_dags/example_params_trigger_ui.py
[2024-06-18T16:34:23.469+0000] {processor.py:830} INFO - Processing file /home/airflow/.local/lib/python3.12/site-packages/airflow/example_dags/example_params_trigger_ui.py for tasks to queue
[2024-06-18T16:34:23.471+0000] {logging_mixin.py:188} INFO - [2024-06-18T16:34:23.471+0000] {dagbag.py:545} INFO - Filling up the DagBag from /home/airflow/.local/lib/python3.12/site-packages/airflow/example_dags/example_params_trigger_ui.py
[2024-06-18T16:34:23.489+0000] {processor.py:840} INFO - DAG(s) 'example_params_trigger_ui' retrieved from /home/airflow/.local/lib/python3.12/site-packages/airflow/example_dags/example_params_trigger_ui.py
[2024-06-18T16:34:23.552+0000] {logging_mixin.py:188} INFO - [2024-06-18T16:34:23.552+0000] {dag.py:3096} INFO - Sync 1 DAGs
[2024-06-18T16:34:23.572+0000] {logging_mixin.py:188} INFO - [2024-06-18T16:34:23.572+0000] {dag.py:3954} INFO - Setting next_dagrun for example_params_trigger_ui to None, run_after=None
[2024-06-18T16:34:23.594+0000] {processor.py:183} INFO - Processing /home/airflow/.local/lib/python3.12/site-packages/airflow/example_dags/example_params_trigger_ui.py took 0.136 seconds
[2024-06-18T16:34:54.036+0000] {processor.py:161} INFO - Started process (PID=862) to work on /home/airflow/.local/lib/python3.12/site-packages/airflow/example_dags/example_params_trigger_ui.py
[2024-06-18T16:34:54.038+0000] {processor.py:830} INFO - Processing file /home/airflow/.local/lib/python3.12/site-packages/airflow/example_dags/example_params_trigger_ui.py for tasks to queue
[2024-06-18T16:34:54.040+0000] {logging_mixin.py:188} INFO - [2024-06-18T16:34:54.040+0000] {dagbag.py:545} INFO - Filling up the DagBag from /home/airflow/.local/lib/python3.12/site-packages/airflow/example_dags/example_params_trigger_ui.py
[2024-06-18T16:34:54.063+0000] {processor.py:840} INFO - DAG(s) 'example_params_trigger_ui' retrieved from /home/airflow/.local/lib/python3.12/site-packages/airflow/example_dags/example_params_trigger_ui.py
[2024-06-18T16:34:54.123+0000] {logging_mixin.py:188} INFO - [2024-06-18T16:34:54.122+0000] {dag.py:3096} INFO - Sync 1 DAGs
[2024-06-18T16:34:54.140+0000] {logging_mixin.py:188} INFO - [2024-06-18T16:34:54.140+0000] {dag.py:3954} INFO - Setting next_dagrun for example_params_trigger_ui to None, run_after=None
[2024-06-18T16:34:54.163+0000] {processor.py:183} INFO - Processing /home/airflow/.local/lib/python3.12/site-packages/airflow/example_dags/example_params_trigger_ui.py took 0.134 seconds
[2024-06-18T16:35:24.343+0000] {processor.py:161} INFO - Started process (PID=920) to work on /home/airflow/.local/lib/python3.12/site-packages/airflow/example_dags/example_params_trigger_ui.py
[2024-06-18T16:35:24.344+0000] {processor.py:830} INFO - Processing file /home/airflow/.local/lib/python3.12/site-packages/airflow/example_dags/example_params_trigger_ui.py for tasks to queue
[2024-06-18T16:35:24.347+0000] {logging_mixin.py:188} INFO - [2024-06-18T16:35:24.346+0000] {dagbag.py:545} INFO - Filling up the DagBag from /home/airflow/.local/lib/python3.12/site-packages/airflow/example_dags/example_params_trigger_ui.py
[2024-06-18T16:35:24.365+0000] {processor.py:840} INFO - DAG(s) 'example_params_trigger_ui' retrieved from /home/airflow/.local/lib/python3.12/site-packages/airflow/example_dags/example_params_trigger_ui.py
[2024-06-18T16:35:24.419+0000] {logging_mixin.py:188} INFO - [2024-06-18T16:35:24.419+0000] {dag.py:3096} INFO - Sync 1 DAGs
[2024-06-18T16:35:24.436+0000] {logging_mixin.py:188} INFO - [2024-06-18T16:35:24.436+0000] {dag.py:3954} INFO - Setting next_dagrun for example_params_trigger_ui to None, run_after=None
[2024-06-18T16:35:24.459+0000] {processor.py:183} INFO - Processing /home/airflow/.local/lib/python3.12/site-packages/airflow/example_dags/example_params_trigger_ui.py took 0.124 seconds
[2024-06-18T16:35:54.781+0000] {processor.py:161} INFO - Started process (PID=978) to work on /home/airflow/.local/lib/python3.12/site-packages/airflow/example_dags/example_params_trigger_ui.py
[2024-06-18T16:35:54.786+0000] {processor.py:830} INFO - Processing file /home/airflow/.local/lib/python3.12/site-packages/airflow/example_dags/example_params_trigger_ui.py for tasks to queue
[2024-06-18T16:35:54.788+0000] {logging_mixin.py:188} INFO - [2024-06-18T16:35:54.788+0000] {dagbag.py:545} INFO - Filling up the DagBag from /home/airflow/.local/lib/python3.12/site-packages/airflow/example_dags/example_params_trigger_ui.py
[2024-06-18T16:35:54.807+0000] {processor.py:840} INFO - DAG(s) 'example_params_trigger_ui' retrieved from /home/airflow/.local/lib/python3.12/site-packages/airflow/example_dags/example_params_trigger_ui.py
[2024-06-18T16:35:54.873+0000] {logging_mixin.py:188} INFO - [2024-06-18T16:35:54.872+0000] {dag.py:3096} INFO - Sync 1 DAGs
[2024-06-18T16:35:54.891+0000] {logging_mixin.py:188} INFO - [2024-06-18T16:35:54.891+0000] {dag.py:3954} INFO - Setting next_dagrun for example_params_trigger_ui to None, run_after=None
[2024-06-18T16:35:54.917+0000] {processor.py:183} INFO - Processing /home/airflow/.local/lib/python3.12/site-packages/airflow/example_dags/example_params_trigger_ui.py took 0.145 seconds
[2024-06-18T16:36:25.038+0000] {processor.py:161} INFO - Started process (PID=1042) to work on /home/airflow/.local/lib/python3.12/site-packages/airflow/example_dags/example_params_trigger_ui.py
[2024-06-18T16:36:25.041+0000] {processor.py:830} INFO - Processing file /home/airflow/.local/lib/python3.12/site-packages/airflow/example_dags/example_params_trigger_ui.py for tasks to queue
[2024-06-18T16:36:25.044+0000] {logging_mixin.py:188} INFO - [2024-06-18T16:36:25.043+0000] {dagbag.py:545} INFO - Filling up the DagBag from /home/airflow/.local/lib/python3.12/site-packages/airflow/example_dags/example_params_trigger_ui.py
[2024-06-18T16:36:25.062+0000] {processor.py:840} INFO - DAG(s) 'example_params_trigger_ui' retrieved from /home/airflow/.local/lib/python3.12/site-packages/airflow/example_dags/example_params_trigger_ui.py
[2024-06-18T16:36:25.125+0000] {logging_mixin.py:188} INFO - [2024-06-18T16:36:25.124+0000] {dag.py:3096} INFO - Sync 1 DAGs
[2024-06-18T16:36:25.147+0000] {logging_mixin.py:188} INFO - [2024-06-18T16:36:25.146+0000] {dag.py:3954} INFO - Setting next_dagrun for example_params_trigger_ui to None, run_after=None
[2024-06-18T16:36:25.173+0000] {processor.py:183} INFO - Processing /home/airflow/.local/lib/python3.12/site-packages/airflow/example_dags/example_params_trigger_ui.py took 0.144 seconds
[2024-06-18T16:36:55.298+0000] {processor.py:161} INFO - Started process (PID=1100) to work on /home/airflow/.local/lib/python3.12/site-packages/airflow/example_dags/example_params_trigger_ui.py
[2024-06-18T16:36:55.299+0000] {processor.py:830} INFO - Processing file /home/airflow/.local/lib/python3.12/site-packages/airflow/example_dags/example_params_trigger_ui.py for tasks to queue
[2024-06-18T16:36:55.301+0000] {logging_mixin.py:188} INFO - [2024-06-18T16:36:55.301+0000] {dagbag.py:545} INFO - Filling up the DagBag from /home/airflow/.local/lib/python3.12/site-packages/airflow/example_dags/example_params_trigger_ui.py
[2024-06-18T16:36:55.320+0000] {processor.py:840} INFO - DAG(s) 'example_params_trigger_ui' retrieved from /home/airflow/.local/lib/python3.12/site-packages/airflow/example_dags/example_params_trigger_ui.py
[2024-06-18T16:36:55.380+0000] {logging_mixin.py:188} INFO - [2024-06-18T16:36:55.379+0000] {dag.py:3096} INFO - Sync 1 DAGs
[2024-06-18T16:36:55.397+0000] {logging_mixin.py:188} INFO - [2024-06-18T16:36:55.397+0000] {dag.py:3954} INFO - Setting next_dagrun for example_params_trigger_ui to None, run_after=None
[2024-06-18T16:36:55.422+0000] {processor.py:183} INFO - Processing /home/airflow/.local/lib/python3.12/site-packages/airflow/example_dags/example_params_trigger_ui.py took 0.132 seconds
[2024-06-18T16:37:25.544+0000] {processor.py:161} INFO - Started process (PID=1158) to work on /home/airflow/.local/lib/python3.12/site-packages/airflow/example_dags/example_params_trigger_ui.py
[2024-06-18T16:37:25.546+0000] {processor.py:830} INFO - Processing file /home/airflow/.local/lib/python3.12/site-packages/airflow/example_dags/example_params_trigger_ui.py for tasks to queue
[2024-06-18T16:37:25.549+0000] {logging_mixin.py:188} INFO - [2024-06-18T16:37:25.548+0000] {dagbag.py:545} INFO - Filling up the DagBag from /home/airflow/.local/lib/python3.12/site-packages/airflow/example_dags/example_params_trigger_ui.py
[2024-06-18T16:37:25.568+0000] {processor.py:840} INFO - DAG(s) 'example_params_trigger_ui' retrieved from /home/airflow/.local/lib/python3.12/site-packages/airflow/example_dags/example_params_trigger_ui.py
[2024-06-18T16:37:25.624+0000] {logging_mixin.py:188} INFO - [2024-06-18T16:37:25.624+0000] {dag.py:3096} INFO - Sync 1 DAGs
[2024-06-18T16:37:25.646+0000] {logging_mixin.py:188} INFO - [2024-06-18T16:37:25.646+0000] {dag.py:3954} INFO - Setting next_dagrun for example_params_trigger_ui to None, run_after=None
[2024-06-18T16:37:25.670+0000] {processor.py:183} INFO - Processing /home/airflow/.local/lib/python3.12/site-packages/airflow/example_dags/example_params_trigger_ui.py took 0.134 seconds
[2024-06-18T16:38:51.748+0000] {processor.py:161} INFO - Started process (PID=51) to work on /home/airflow/.local/lib/python3.12/site-packages/airflow/example_dags/example_params_trigger_ui.py
[2024-06-18T16:38:51.749+0000] {processor.py:830} INFO - Processing file /home/airflow/.local/lib/python3.12/site-packages/airflow/example_dags/example_params_trigger_ui.py for tasks to queue
[2024-06-18T16:38:51.752+0000] {logging_mixin.py:188} INFO - [2024-06-18T16:38:51.752+0000] {dagbag.py:545} INFO - Filling up the DagBag from /home/airflow/.local/lib/python3.12/site-packages/airflow/example_dags/example_params_trigger_ui.py
[2024-06-18T16:38:51.774+0000] {processor.py:840} INFO - DAG(s) 'example_params_trigger_ui' retrieved from /home/airflow/.local/lib/python3.12/site-packages/airflow/example_dags/example_params_trigger_ui.py
[2024-06-18T16:38:51.793+0000] {logging_mixin.py:188} INFO - [2024-06-18T16:38:51.792+0000] {dag.py:3096} INFO - Sync 1 DAGs
[2024-06-18T16:38:51.811+0000] {logging_mixin.py:188} INFO - [2024-06-18T16:38:51.811+0000] {dag.py:3954} INFO - Setting next_dagrun for example_params_trigger_ui to None, run_after=None
[2024-06-18T16:38:51.833+0000] {processor.py:183} INFO - Processing /home/airflow/.local/lib/python3.12/site-packages/airflow/example_dags/example_params_trigger_ui.py took 0.094 seconds
[2024-06-18T16:39:23.262+0000] {processor.py:161} INFO - Started process (PID=108) to work on /home/airflow/.local/lib/python3.12/site-packages/airflow/example_dags/example_params_trigger_ui.py
[2024-06-18T16:39:23.264+0000] {processor.py:830} INFO - Processing file /home/airflow/.local/lib/python3.12/site-packages/airflow/example_dags/example_params_trigger_ui.py for tasks to queue
[2024-06-18T16:39:23.266+0000] {logging_mixin.py:188} INFO - [2024-06-18T16:39:23.266+0000] {dagbag.py:545} INFO - Filling up the DagBag from /home/airflow/.local/lib/python3.12/site-packages/airflow/example_dags/example_params_trigger_ui.py
[2024-06-18T16:39:23.284+0000] {processor.py:840} INFO - DAG(s) 'example_params_trigger_ui' retrieved from /home/airflow/.local/lib/python3.12/site-packages/airflow/example_dags/example_params_trigger_ui.py
[2024-06-18T16:39:23.442+0000] {logging_mixin.py:188} INFO - [2024-06-18T16:39:23.442+0000] {dag.py:3096} INFO - Sync 1 DAGs
[2024-06-18T16:39:23.457+0000] {logging_mixin.py:188} INFO - [2024-06-18T16:39:23.457+0000] {dag.py:3954} INFO - Setting next_dagrun for example_params_trigger_ui to None, run_after=None
[2024-06-18T16:39:23.482+0000] {processor.py:183} INFO - Processing /home/airflow/.local/lib/python3.12/site-packages/airflow/example_dags/example_params_trigger_ui.py took 0.228 seconds
[2024-06-18T16:39:53.985+0000] {processor.py:161} INFO - Started process (PID=166) to work on /home/airflow/.local/lib/python3.12/site-packages/airflow/example_dags/example_params_trigger_ui.py
[2024-06-18T16:39:53.987+0000] {processor.py:830} INFO - Processing file /home/airflow/.local/lib/python3.12/site-packages/airflow/example_dags/example_params_trigger_ui.py for tasks to queue
[2024-06-18T16:39:53.989+0000] {logging_mixin.py:188} INFO - [2024-06-18T16:39:53.989+0000] {dagbag.py:545} INFO - Filling up the DagBag from /home/airflow/.local/lib/python3.12/site-packages/airflow/example_dags/example_params_trigger_ui.py
[2024-06-18T16:39:54.008+0000] {processor.py:840} INFO - DAG(s) 'example_params_trigger_ui' retrieved from /home/airflow/.local/lib/python3.12/site-packages/airflow/example_dags/example_params_trigger_ui.py
[2024-06-18T16:39:54.066+0000] {logging_mixin.py:188} INFO - [2024-06-18T16:39:54.065+0000] {dag.py:3096} INFO - Sync 1 DAGs
[2024-06-18T16:39:54.083+0000] {logging_mixin.py:188} INFO - [2024-06-18T16:39:54.083+0000] {dag.py:3954} INFO - Setting next_dagrun for example_params_trigger_ui to None, run_after=None
[2024-06-18T16:39:54.127+0000] {processor.py:183} INFO - Processing /home/airflow/.local/lib/python3.12/site-packages/airflow/example_dags/example_params_trigger_ui.py took 0.150 seconds
[2024-06-18T16:40:24.315+0000] {processor.py:161} INFO - Started process (PID=224) to work on /home/airflow/.local/lib/python3.12/site-packages/airflow/example_dags/example_params_trigger_ui.py
[2024-06-18T16:40:24.317+0000] {processor.py:830} INFO - Processing file /home/airflow/.local/lib/python3.12/site-packages/airflow/example_dags/example_params_trigger_ui.py for tasks to queue
[2024-06-18T16:40:24.321+0000] {logging_mixin.py:188} INFO - [2024-06-18T16:40:24.320+0000] {dagbag.py:545} INFO - Filling up the DagBag from /home/airflow/.local/lib/python3.12/site-packages/airflow/example_dags/example_params_trigger_ui.py
[2024-06-18T16:40:24.350+0000] {processor.py:840} INFO - DAG(s) 'example_params_trigger_ui' retrieved from /home/airflow/.local/lib/python3.12/site-packages/airflow/example_dags/example_params_trigger_ui.py
[2024-06-18T16:40:24.459+0000] {logging_mixin.py:188} INFO - [2024-06-18T16:40:24.459+0000] {dag.py:3096} INFO - Sync 1 DAGs
[2024-06-18T16:40:24.487+0000] {logging_mixin.py:188} INFO - [2024-06-18T16:40:24.487+0000] {dag.py:3954} INFO - Setting next_dagrun for example_params_trigger_ui to None, run_after=None
[2024-06-18T16:40:24.522+0000] {processor.py:183} INFO - Processing /home/airflow/.local/lib/python3.12/site-packages/airflow/example_dags/example_params_trigger_ui.py took 0.219 seconds
[2024-06-18T16:40:54.581+0000] {processor.py:161} INFO - Started process (PID=282) to work on /home/airflow/.local/lib/python3.12/site-packages/airflow/example_dags/example_params_trigger_ui.py
[2024-06-18T16:40:54.583+0000] {processor.py:830} INFO - Processing file /home/airflow/.local/lib/python3.12/site-packages/airflow/example_dags/example_params_trigger_ui.py for tasks to queue
[2024-06-18T16:40:54.585+0000] {logging_mixin.py:188} INFO - [2024-06-18T16:40:54.585+0000] {dagbag.py:545} INFO - Filling up the DagBag from /home/airflow/.local/lib/python3.12/site-packages/airflow/example_dags/example_params_trigger_ui.py
[2024-06-18T16:40:54.604+0000] {processor.py:840} INFO - DAG(s) 'example_params_trigger_ui' retrieved from /home/airflow/.local/lib/python3.12/site-packages/airflow/example_dags/example_params_trigger_ui.py
[2024-06-18T16:40:54.697+0000] {logging_mixin.py:188} INFO - [2024-06-18T16:40:54.696+0000] {dag.py:3096} INFO - Sync 1 DAGs
[2024-06-18T16:40:54.713+0000] {logging_mixin.py:188} INFO - [2024-06-18T16:40:54.712+0000] {dag.py:3954} INFO - Setting next_dagrun for example_params_trigger_ui to None, run_after=None
[2024-06-18T16:40:54.742+0000] {processor.py:183} INFO - Processing /home/airflow/.local/lib/python3.12/site-packages/airflow/example_dags/example_params_trigger_ui.py took 0.169 seconds
[2024-06-18T16:41:25.622+0000] {processor.py:161} INFO - Started process (PID=340) to work on /home/airflow/.local/lib/python3.12/site-packages/airflow/example_dags/example_params_trigger_ui.py
[2024-06-18T16:41:25.624+0000] {processor.py:830} INFO - Processing file /home/airflow/.local/lib/python3.12/site-packages/airflow/example_dags/example_params_trigger_ui.py for tasks to queue
[2024-06-18T16:41:25.626+0000] {logging_mixin.py:188} INFO - [2024-06-18T16:41:25.626+0000] {dagbag.py:545} INFO - Filling up the DagBag from /home/airflow/.local/lib/python3.12/site-packages/airflow/example_dags/example_params_trigger_ui.py
[2024-06-18T16:41:25.644+0000] {processor.py:840} INFO - DAG(s) 'example_params_trigger_ui' retrieved from /home/airflow/.local/lib/python3.12/site-packages/airflow/example_dags/example_params_trigger_ui.py
[2024-06-18T16:41:25.699+0000] {logging_mixin.py:188} INFO - [2024-06-18T16:41:25.698+0000] {dag.py:3096} INFO - Sync 1 DAGs
[2024-06-18T16:41:25.719+0000] {logging_mixin.py:188} INFO - [2024-06-18T16:41:25.719+0000] {dag.py:3954} INFO - Setting next_dagrun for example_params_trigger_ui to None, run_after=None
[2024-06-18T16:41:25.746+0000] {processor.py:183} INFO - Processing /home/airflow/.local/lib/python3.12/site-packages/airflow/example_dags/example_params_trigger_ui.py took 0.131 seconds
[2024-06-18T16:41:56.151+0000] {processor.py:161} INFO - Started process (PID=398) to work on /home/airflow/.local/lib/python3.12/site-packages/airflow/example_dags/example_params_trigger_ui.py
[2024-06-18T16:41:56.152+0000] {processor.py:830} INFO - Processing file /home/airflow/.local/lib/python3.12/site-packages/airflow/example_dags/example_params_trigger_ui.py for tasks to queue
[2024-06-18T16:41:56.155+0000] {logging_mixin.py:188} INFO - [2024-06-18T16:41:56.154+0000] {dagbag.py:545} INFO - Filling up the DagBag from /home/airflow/.local/lib/python3.12/site-packages/airflow/example_dags/example_params_trigger_ui.py
[2024-06-18T16:41:56.175+0000] {processor.py:840} INFO - DAG(s) 'example_params_trigger_ui' retrieved from /home/airflow/.local/lib/python3.12/site-packages/airflow/example_dags/example_params_trigger_ui.py
[2024-06-18T16:41:56.229+0000] {logging_mixin.py:188} INFO - [2024-06-18T16:41:56.229+0000] {dag.py:3096} INFO - Sync 1 DAGs
[2024-06-18T16:41:56.246+0000] {logging_mixin.py:188} INFO - [2024-06-18T16:41:56.246+0000] {dag.py:3954} INFO - Setting next_dagrun for example_params_trigger_ui to None, run_after=None
[2024-06-18T16:41:56.268+0000] {processor.py:183} INFO - Processing /home/airflow/.local/lib/python3.12/site-packages/airflow/example_dags/example_params_trigger_ui.py took 0.126 seconds
[2024-06-18T16:42:26.442+0000] {processor.py:161} INFO - Started process (PID=456) to work on /home/airflow/.local/lib/python3.12/site-packages/airflow/example_dags/example_params_trigger_ui.py
[2024-06-18T16:42:26.446+0000] {processor.py:830} INFO - Processing file /home/airflow/.local/lib/python3.12/site-packages/airflow/example_dags/example_params_trigger_ui.py for tasks to queue
[2024-06-18T16:42:26.449+0000] {logging_mixin.py:188} INFO - [2024-06-18T16:42:26.449+0000] {dagbag.py:545} INFO - Filling up the DagBag from /home/airflow/.local/lib/python3.12/site-packages/airflow/example_dags/example_params_trigger_ui.py
[2024-06-18T16:42:26.469+0000] {processor.py:840} INFO - DAG(s) 'example_params_trigger_ui' retrieved from /home/airflow/.local/lib/python3.12/site-packages/airflow/example_dags/example_params_trigger_ui.py
[2024-06-18T16:42:26.530+0000] {logging_mixin.py:188} INFO - [2024-06-18T16:42:26.530+0000] {dag.py:3096} INFO - Sync 1 DAGs
[2024-06-18T16:42:26.547+0000] {logging_mixin.py:188} INFO - [2024-06-18T16:42:26.546+0000] {dag.py:3954} INFO - Setting next_dagrun for example_params_trigger_ui to None, run_after=None
[2024-06-18T16:42:26.573+0000] {processor.py:183} INFO - Processing /home/airflow/.local/lib/python3.12/site-packages/airflow/example_dags/example_params_trigger_ui.py took 0.145 seconds
