[2024-06-18T16:27:49.294+0000] {processor.py:161} INFO - Started process (PID=64) to work on /home/airflow/.local/lib/python3.12/site-packages/airflow/example_dags/example_datasets.py
[2024-06-18T16:27:49.295+0000] {processor.py:830} INFO - Processing file /home/airflow/.local/lib/python3.12/site-packages/airflow/example_dags/example_datasets.py for tasks to queue
[2024-06-18T16:27:49.297+0000] {logging_mixin.py:188} INFO - [2024-06-18T16:27:49.297+0000] {dagbag.py:545} INFO - Filling up the DagBag from /home/airflow/.local/lib/python3.12/site-packages/airflow/example_dags/example_datasets.py
[2024-06-18T16:27:49.322+0000] {processor.py:840} INFO - DAG(s) 'conditional_dataset_and_time_based_timetable', 'consume_1_or_2_with_dataset_expressions', 'dataset_produces_1', 'dataset_consumes_1_never_scheduled', 'consume_1_or_both_2_and_3_with_dataset_expressions', 'dataset_produces_2', 'dataset_consumes_unknown_never_scheduled', 'dataset_consumes_1', 'consume_1_and_2_with_dataset_expressions', 'dataset_consumes_1_and_2' retrieved from /home/airflow/.local/lib/python3.12/site-packages/airflow/example_dags/example_datasets.py
[2024-06-18T16:27:49.579+0000] {logging_mixin.py:188} INFO - [2024-06-18T16:27:49.578+0000] {dag.py:3096} INFO - Sync 10 DAGs
[2024-06-18T16:27:49.610+0000] {logging_mixin.py:188} INFO - [2024-06-18T16:27:49.610+0000] {dag.py:3954} INFO - Setting next_dagrun for conditional_dataset_and_time_based_timetable to 2024-06-12 01:00:00+00:00, run_after=2024-06-12 01:00:00+00:00
[2024-06-18T16:27:49.614+0000] {logging_mixin.py:188} INFO - [2024-06-18T16:27:49.614+0000] {dag.py:3954} INFO - Setting next_dagrun for consume_1_and_2_with_dataset_expressions to None, run_after=None
[2024-06-18T16:27:49.616+0000] {logging_mixin.py:188} INFO - [2024-06-18T16:27:49.616+0000] {dag.py:3954} INFO - Setting next_dagrun for consume_1_or_2_with_dataset_expressions to None, run_after=None
[2024-06-18T16:27:49.617+0000] {logging_mixin.py:188} INFO - [2024-06-18T16:27:49.617+0000] {dag.py:3954} INFO - Setting next_dagrun for consume_1_or_both_2_and_3_with_dataset_expressions to None, run_after=None
[2024-06-18T16:27:49.618+0000] {logging_mixin.py:188} INFO - [2024-06-18T16:27:49.618+0000] {dag.py:3954} INFO - Setting next_dagrun for dataset_consumes_1 to None, run_after=None
[2024-06-18T16:27:49.620+0000] {logging_mixin.py:188} INFO - [2024-06-18T16:27:49.619+0000] {dag.py:3954} INFO - Setting next_dagrun for dataset_consumes_1_and_2 to None, run_after=None
[2024-06-18T16:27:49.621+0000] {logging_mixin.py:188} INFO - [2024-06-18T16:27:49.621+0000] {dag.py:3954} INFO - Setting next_dagrun for dataset_consumes_1_never_scheduled to None, run_after=None
[2024-06-18T16:27:49.622+0000] {logging_mixin.py:188} INFO - [2024-06-18T16:27:49.622+0000] {dag.py:3954} INFO - Setting next_dagrun for dataset_consumes_unknown_never_scheduled to None, run_after=None
[2024-06-18T16:27:49.625+0000] {logging_mixin.py:188} INFO - [2024-06-18T16:27:49.624+0000] {dag.py:3954} INFO - Setting next_dagrun for dataset_produces_1 to 2024-06-17 00:00:00+00:00, run_after=2024-06-18 00:00:00+00:00
[2024-06-18T16:27:49.626+0000] {logging_mixin.py:188} INFO - [2024-06-18T16:27:49.626+0000] {dag.py:3954} INFO - Setting next_dagrun for dataset_produces_2 to None, run_after=None
[2024-06-18T16:27:49.670+0000] {processor.py:183} INFO - Processing /home/airflow/.local/lib/python3.12/site-packages/airflow/example_dags/example_datasets.py took 0.384 seconds
[2024-06-18T16:28:20.563+0000] {processor.py:161} INFO - Started process (PID=122) to work on /home/airflow/.local/lib/python3.12/site-packages/airflow/example_dags/example_datasets.py
[2024-06-18T16:28:20.565+0000] {processor.py:830} INFO - Processing file /home/airflow/.local/lib/python3.12/site-packages/airflow/example_dags/example_datasets.py for tasks to queue
[2024-06-18T16:28:20.568+0000] {logging_mixin.py:188} INFO - [2024-06-18T16:28:20.568+0000] {dagbag.py:545} INFO - Filling up the DagBag from /home/airflow/.local/lib/python3.12/site-packages/airflow/example_dags/example_datasets.py
[2024-06-18T16:28:20.594+0000] {processor.py:840} INFO - DAG(s) 'dataset_consumes_1_never_scheduled', 'dataset_consumes_unknown_never_scheduled', 'conditional_dataset_and_time_based_timetable', 'dataset_produces_1', 'consume_1_and_2_with_dataset_expressions', 'consume_1_or_2_with_dataset_expressions', 'dataset_consumes_1', 'consume_1_or_both_2_and_3_with_dataset_expressions', 'dataset_produces_2', 'dataset_consumes_1_and_2' retrieved from /home/airflow/.local/lib/python3.12/site-packages/airflow/example_dags/example_datasets.py
[2024-06-18T16:28:20.672+0000] {logging_mixin.py:188} INFO - [2024-06-18T16:28:20.672+0000] {dag.py:3096} INFO - Sync 10 DAGs
[2024-06-18T16:28:20.709+0000] {logging_mixin.py:188} INFO - [2024-06-18T16:28:20.708+0000] {dag.py:3954} INFO - Setting next_dagrun for conditional_dataset_and_time_based_timetable to 2024-06-12 01:00:00+00:00, run_after=2024-06-12 01:00:00+00:00
[2024-06-18T16:28:20.713+0000] {logging_mixin.py:188} INFO - [2024-06-18T16:28:20.713+0000] {dag.py:3954} INFO - Setting next_dagrun for consume_1_and_2_with_dataset_expressions to None, run_after=None
[2024-06-18T16:28:20.714+0000] {logging_mixin.py:188} INFO - [2024-06-18T16:28:20.714+0000] {dag.py:3954} INFO - Setting next_dagrun for consume_1_or_2_with_dataset_expressions to None, run_after=None
[2024-06-18T16:28:20.716+0000] {logging_mixin.py:188} INFO - [2024-06-18T16:28:20.715+0000] {dag.py:3954} INFO - Setting next_dagrun for consume_1_or_both_2_and_3_with_dataset_expressions to None, run_after=None
[2024-06-18T16:28:20.717+0000] {logging_mixin.py:188} INFO - [2024-06-18T16:28:20.717+0000] {dag.py:3954} INFO - Setting next_dagrun for dataset_consumes_1 to None, run_after=None
[2024-06-18T16:28:20.718+0000] {logging_mixin.py:188} INFO - [2024-06-18T16:28:20.718+0000] {dag.py:3954} INFO - Setting next_dagrun for dataset_consumes_1_and_2 to None, run_after=None
[2024-06-18T16:28:20.719+0000] {logging_mixin.py:188} INFO - [2024-06-18T16:28:20.719+0000] {dag.py:3954} INFO - Setting next_dagrun for dataset_consumes_1_never_scheduled to None, run_after=None
[2024-06-18T16:28:20.720+0000] {logging_mixin.py:188} INFO - [2024-06-18T16:28:20.720+0000] {dag.py:3954} INFO - Setting next_dagrun for dataset_consumes_unknown_never_scheduled to None, run_after=None
[2024-06-18T16:28:20.723+0000] {logging_mixin.py:188} INFO - [2024-06-18T16:28:20.723+0000] {dag.py:3954} INFO - Setting next_dagrun for dataset_produces_1 to 2024-06-17 00:00:00+00:00, run_after=2024-06-18 00:00:00+00:00
[2024-06-18T16:28:20.724+0000] {logging_mixin.py:188} INFO - [2024-06-18T16:28:20.724+0000] {dag.py:3954} INFO - Setting next_dagrun for dataset_produces_2 to None, run_after=None
[2024-06-18T16:28:20.763+0000] {processor.py:183} INFO - Processing /home/airflow/.local/lib/python3.12/site-packages/airflow/example_dags/example_datasets.py took 0.210 seconds
[2024-06-18T16:28:51.085+0000] {processor.py:161} INFO - Started process (PID=180) to work on /home/airflow/.local/lib/python3.12/site-packages/airflow/example_dags/example_datasets.py
[2024-06-18T16:28:51.087+0000] {processor.py:830} INFO - Processing file /home/airflow/.local/lib/python3.12/site-packages/airflow/example_dags/example_datasets.py for tasks to queue
[2024-06-18T16:28:51.091+0000] {logging_mixin.py:188} INFO - [2024-06-18T16:28:51.090+0000] {dagbag.py:545} INFO - Filling up the DagBag from /home/airflow/.local/lib/python3.12/site-packages/airflow/example_dags/example_datasets.py
[2024-06-18T16:28:51.122+0000] {processor.py:840} INFO - DAG(s) 'consume_1_or_2_with_dataset_expressions', 'conditional_dataset_and_time_based_timetable', 'consume_1_or_both_2_and_3_with_dataset_expressions', 'dataset_consumes_1', 'dataset_produces_2', 'dataset_consumes_unknown_never_scheduled', 'consume_1_and_2_with_dataset_expressions', 'dataset_produces_1', 'dataset_consumes_1_and_2', 'dataset_consumes_1_never_scheduled' retrieved from /home/airflow/.local/lib/python3.12/site-packages/airflow/example_dags/example_datasets.py
[2024-06-18T16:28:51.225+0000] {logging_mixin.py:188} INFO - [2024-06-18T16:28:51.225+0000] {dag.py:3096} INFO - Sync 10 DAGs
[2024-06-18T16:28:51.280+0000] {logging_mixin.py:188} INFO - [2024-06-18T16:28:51.279+0000] {dag.py:3954} INFO - Setting next_dagrun for conditional_dataset_and_time_based_timetable to 2024-06-12 01:00:00+00:00, run_after=2024-06-12 01:00:00+00:00
[2024-06-18T16:28:51.287+0000] {logging_mixin.py:188} INFO - [2024-06-18T16:28:51.287+0000] {dag.py:3954} INFO - Setting next_dagrun for consume_1_and_2_with_dataset_expressions to None, run_after=None
[2024-06-18T16:28:51.290+0000] {logging_mixin.py:188} INFO - [2024-06-18T16:28:51.289+0000] {dag.py:3954} INFO - Setting next_dagrun for consume_1_or_2_with_dataset_expressions to None, run_after=None
[2024-06-18T16:28:51.292+0000] {logging_mixin.py:188} INFO - [2024-06-18T16:28:51.291+0000] {dag.py:3954} INFO - Setting next_dagrun for consume_1_or_both_2_and_3_with_dataset_expressions to None, run_after=None
[2024-06-18T16:28:51.294+0000] {logging_mixin.py:188} INFO - [2024-06-18T16:28:51.294+0000] {dag.py:3954} INFO - Setting next_dagrun for dataset_consumes_1 to None, run_after=None
[2024-06-18T16:28:51.296+0000] {logging_mixin.py:188} INFO - [2024-06-18T16:28:51.296+0000] {dag.py:3954} INFO - Setting next_dagrun for dataset_consumes_1_and_2 to None, run_after=None
[2024-06-18T16:28:51.298+0000] {logging_mixin.py:188} INFO - [2024-06-18T16:28:51.298+0000] {dag.py:3954} INFO - Setting next_dagrun for dataset_consumes_1_never_scheduled to None, run_after=None
[2024-06-18T16:28:51.300+0000] {logging_mixin.py:188} INFO - [2024-06-18T16:28:51.300+0000] {dag.py:3954} INFO - Setting next_dagrun for dataset_consumes_unknown_never_scheduled to None, run_after=None
[2024-06-18T16:28:51.306+0000] {logging_mixin.py:188} INFO - [2024-06-18T16:28:51.305+0000] {dag.py:3954} INFO - Setting next_dagrun for dataset_produces_1 to 2024-06-17 00:00:00+00:00, run_after=2024-06-18 00:00:00+00:00
[2024-06-18T16:28:51.308+0000] {logging_mixin.py:188} INFO - [2024-06-18T16:28:51.308+0000] {dag.py:3954} INFO - Setting next_dagrun for dataset_produces_2 to None, run_after=None
[2024-06-18T16:28:51.364+0000] {processor.py:183} INFO - Processing /home/airflow/.local/lib/python3.12/site-packages/airflow/example_dags/example_datasets.py took 0.291 seconds
[2024-06-18T16:29:22.036+0000] {processor.py:161} INFO - Started process (PID=238) to work on /home/airflow/.local/lib/python3.12/site-packages/airflow/example_dags/example_datasets.py
[2024-06-18T16:29:22.038+0000] {processor.py:830} INFO - Processing file /home/airflow/.local/lib/python3.12/site-packages/airflow/example_dags/example_datasets.py for tasks to queue
[2024-06-18T16:29:22.041+0000] {logging_mixin.py:188} INFO - [2024-06-18T16:29:22.040+0000] {dagbag.py:545} INFO - Filling up the DagBag from /home/airflow/.local/lib/python3.12/site-packages/airflow/example_dags/example_datasets.py
[2024-06-18T16:29:22.058+0000] {processor.py:840} INFO - DAG(s) 'dataset_consumes_1_never_scheduled', 'consume_1_or_both_2_and_3_with_dataset_expressions', 'consume_1_and_2_with_dataset_expressions', 'dataset_consumes_1_and_2', 'consume_1_or_2_with_dataset_expressions', 'conditional_dataset_and_time_based_timetable', 'dataset_consumes_unknown_never_scheduled', 'dataset_produces_1', 'dataset_produces_2', 'dataset_consumes_1' retrieved from /home/airflow/.local/lib/python3.12/site-packages/airflow/example_dags/example_datasets.py
[2024-06-18T16:29:22.112+0000] {logging_mixin.py:188} INFO - [2024-06-18T16:29:22.112+0000] {dag.py:3096} INFO - Sync 10 DAGs
[2024-06-18T16:29:22.142+0000] {logging_mixin.py:188} INFO - [2024-06-18T16:29:22.142+0000] {dag.py:3954} INFO - Setting next_dagrun for conditional_dataset_and_time_based_timetable to 2024-06-12 01:00:00+00:00, run_after=2024-06-12 01:00:00+00:00
[2024-06-18T16:29:22.147+0000] {logging_mixin.py:188} INFO - [2024-06-18T16:29:22.146+0000] {dag.py:3954} INFO - Setting next_dagrun for consume_1_and_2_with_dataset_expressions to None, run_after=None
[2024-06-18T16:29:22.148+0000] {logging_mixin.py:188} INFO - [2024-06-18T16:29:22.148+0000] {dag.py:3954} INFO - Setting next_dagrun for consume_1_or_2_with_dataset_expressions to None, run_after=None
[2024-06-18T16:29:22.150+0000] {logging_mixin.py:188} INFO - [2024-06-18T16:29:22.150+0000] {dag.py:3954} INFO - Setting next_dagrun for consume_1_or_both_2_and_3_with_dataset_expressions to None, run_after=None
[2024-06-18T16:29:22.151+0000] {logging_mixin.py:188} INFO - [2024-06-18T16:29:22.151+0000] {dag.py:3954} INFO - Setting next_dagrun for dataset_consumes_1 to None, run_after=None
[2024-06-18T16:29:22.152+0000] {logging_mixin.py:188} INFO - [2024-06-18T16:29:22.152+0000] {dag.py:3954} INFO - Setting next_dagrun for dataset_consumes_1_and_2 to None, run_after=None
[2024-06-18T16:29:22.153+0000] {logging_mixin.py:188} INFO - [2024-06-18T16:29:22.153+0000] {dag.py:3954} INFO - Setting next_dagrun for dataset_consumes_1_never_scheduled to None, run_after=None
[2024-06-18T16:29:22.155+0000] {logging_mixin.py:188} INFO - [2024-06-18T16:29:22.155+0000] {dag.py:3954} INFO - Setting next_dagrun for dataset_consumes_unknown_never_scheduled to None, run_after=None
[2024-06-18T16:29:22.157+0000] {logging_mixin.py:188} INFO - [2024-06-18T16:29:22.157+0000] {dag.py:3954} INFO - Setting next_dagrun for dataset_produces_1 to 2024-06-17 00:00:00+00:00, run_after=2024-06-18 00:00:00+00:00
[2024-06-18T16:29:22.159+0000] {logging_mixin.py:188} INFO - [2024-06-18T16:29:22.158+0000] {dag.py:3954} INFO - Setting next_dagrun for dataset_produces_2 to None, run_after=None
[2024-06-18T16:29:22.196+0000] {processor.py:183} INFO - Processing /home/airflow/.local/lib/python3.12/site-packages/airflow/example_dags/example_datasets.py took 0.167 seconds
[2024-06-18T16:29:52.415+0000] {processor.py:161} INFO - Started process (PID=296) to work on /home/airflow/.local/lib/python3.12/site-packages/airflow/example_dags/example_datasets.py
[2024-06-18T16:29:52.416+0000] {processor.py:830} INFO - Processing file /home/airflow/.local/lib/python3.12/site-packages/airflow/example_dags/example_datasets.py for tasks to queue
[2024-06-18T16:29:52.419+0000] {logging_mixin.py:188} INFO - [2024-06-18T16:29:52.418+0000] {dagbag.py:545} INFO - Filling up the DagBag from /home/airflow/.local/lib/python3.12/site-packages/airflow/example_dags/example_datasets.py
[2024-06-18T16:29:52.439+0000] {processor.py:840} INFO - DAG(s) 'consume_1_or_both_2_and_3_with_dataset_expressions', 'dataset_consumes_1', 'dataset_consumes_unknown_never_scheduled', 'conditional_dataset_and_time_based_timetable', 'dataset_produces_2', 'consume_1_or_2_with_dataset_expressions', 'dataset_produces_1', 'dataset_consumes_1_never_scheduled', 'consume_1_and_2_with_dataset_expressions', 'dataset_consumes_1_and_2' retrieved from /home/airflow/.local/lib/python3.12/site-packages/airflow/example_dags/example_datasets.py
[2024-06-18T16:29:52.500+0000] {logging_mixin.py:188} INFO - [2024-06-18T16:29:52.499+0000] {dag.py:3096} INFO - Sync 10 DAGs
[2024-06-18T16:29:52.533+0000] {logging_mixin.py:188} INFO - [2024-06-18T16:29:52.533+0000] {dag.py:3954} INFO - Setting next_dagrun for conditional_dataset_and_time_based_timetable to 2024-06-12 01:00:00+00:00, run_after=2024-06-12 01:00:00+00:00
[2024-06-18T16:29:52.539+0000] {logging_mixin.py:188} INFO - [2024-06-18T16:29:52.538+0000] {dag.py:3954} INFO - Setting next_dagrun for consume_1_and_2_with_dataset_expressions to None, run_after=None
[2024-06-18T16:29:52.540+0000] {logging_mixin.py:188} INFO - [2024-06-18T16:29:52.540+0000] {dag.py:3954} INFO - Setting next_dagrun for consume_1_or_2_with_dataset_expressions to None, run_after=None
[2024-06-18T16:29:52.542+0000] {logging_mixin.py:188} INFO - [2024-06-18T16:29:52.541+0000] {dag.py:3954} INFO - Setting next_dagrun for consume_1_or_both_2_and_3_with_dataset_expressions to None, run_after=None
[2024-06-18T16:29:52.543+0000] {logging_mixin.py:188} INFO - [2024-06-18T16:29:52.543+0000] {dag.py:3954} INFO - Setting next_dagrun for dataset_consumes_1 to None, run_after=None
[2024-06-18T16:29:52.544+0000] {logging_mixin.py:188} INFO - [2024-06-18T16:29:52.544+0000] {dag.py:3954} INFO - Setting next_dagrun for dataset_consumes_1_and_2 to None, run_after=None
[2024-06-18T16:29:52.546+0000] {logging_mixin.py:188} INFO - [2024-06-18T16:29:52.546+0000] {dag.py:3954} INFO - Setting next_dagrun for dataset_consumes_1_never_scheduled to None, run_after=None
[2024-06-18T16:29:52.548+0000] {logging_mixin.py:188} INFO - [2024-06-18T16:29:52.548+0000] {dag.py:3954} INFO - Setting next_dagrun for dataset_consumes_unknown_never_scheduled to None, run_after=None
[2024-06-18T16:29:52.553+0000] {logging_mixin.py:188} INFO - [2024-06-18T16:29:52.553+0000] {dag.py:3954} INFO - Setting next_dagrun for dataset_produces_1 to 2024-06-17 00:00:00+00:00, run_after=2024-06-18 00:00:00+00:00
[2024-06-18T16:29:52.555+0000] {logging_mixin.py:188} INFO - [2024-06-18T16:29:52.555+0000] {dag.py:3954} INFO - Setting next_dagrun for dataset_produces_2 to None, run_after=None
[2024-06-18T16:29:52.593+0000] {processor.py:183} INFO - Processing /home/airflow/.local/lib/python3.12/site-packages/airflow/example_dags/example_datasets.py took 0.186 seconds
[2024-06-18T16:30:22.789+0000] {processor.py:161} INFO - Started process (PID=354) to work on /home/airflow/.local/lib/python3.12/site-packages/airflow/example_dags/example_datasets.py
[2024-06-18T16:30:22.790+0000] {processor.py:830} INFO - Processing file /home/airflow/.local/lib/python3.12/site-packages/airflow/example_dags/example_datasets.py for tasks to queue
[2024-06-18T16:30:22.793+0000] {logging_mixin.py:188} INFO - [2024-06-18T16:30:22.792+0000] {dagbag.py:545} INFO - Filling up the DagBag from /home/airflow/.local/lib/python3.12/site-packages/airflow/example_dags/example_datasets.py
[2024-06-18T16:30:22.813+0000] {processor.py:840} INFO - DAG(s) 'dataset_consumes_1_and_2', 'consume_1_and_2_with_dataset_expressions', 'conditional_dataset_and_time_based_timetable', 'dataset_produces_2', 'consume_1_or_both_2_and_3_with_dataset_expressions', 'dataset_consumes_1_never_scheduled', 'dataset_consumes_1', 'consume_1_or_2_with_dataset_expressions', 'dataset_produces_1', 'dataset_consumes_unknown_never_scheduled' retrieved from /home/airflow/.local/lib/python3.12/site-packages/airflow/example_dags/example_datasets.py
[2024-06-18T16:30:22.873+0000] {logging_mixin.py:188} INFO - [2024-06-18T16:30:22.873+0000] {dag.py:3096} INFO - Sync 10 DAGs
[2024-06-18T16:30:22.905+0000] {logging_mixin.py:188} INFO - [2024-06-18T16:30:22.905+0000] {dag.py:3954} INFO - Setting next_dagrun for conditional_dataset_and_time_based_timetable to 2024-06-12 01:00:00+00:00, run_after=2024-06-12 01:00:00+00:00
[2024-06-18T16:30:22.909+0000] {logging_mixin.py:188} INFO - [2024-06-18T16:30:22.909+0000] {dag.py:3954} INFO - Setting next_dagrun for consume_1_and_2_with_dataset_expressions to None, run_after=None
[2024-06-18T16:30:22.911+0000] {logging_mixin.py:188} INFO - [2024-06-18T16:30:22.911+0000] {dag.py:3954} INFO - Setting next_dagrun for consume_1_or_2_with_dataset_expressions to None, run_after=None
[2024-06-18T16:30:22.912+0000] {logging_mixin.py:188} INFO - [2024-06-18T16:30:22.912+0000] {dag.py:3954} INFO - Setting next_dagrun for consume_1_or_both_2_and_3_with_dataset_expressions to None, run_after=None
[2024-06-18T16:30:22.914+0000] {logging_mixin.py:188} INFO - [2024-06-18T16:30:22.913+0000] {dag.py:3954} INFO - Setting next_dagrun for dataset_consumes_1 to None, run_after=None
[2024-06-18T16:30:22.915+0000] {logging_mixin.py:188} INFO - [2024-06-18T16:30:22.915+0000] {dag.py:3954} INFO - Setting next_dagrun for dataset_consumes_1_and_2 to None, run_after=None
[2024-06-18T16:30:22.917+0000] {logging_mixin.py:188} INFO - [2024-06-18T16:30:22.916+0000] {dag.py:3954} INFO - Setting next_dagrun for dataset_consumes_1_never_scheduled to None, run_after=None
[2024-06-18T16:30:22.918+0000] {logging_mixin.py:188} INFO - [2024-06-18T16:30:22.918+0000] {dag.py:3954} INFO - Setting next_dagrun for dataset_consumes_unknown_never_scheduled to None, run_after=None
[2024-06-18T16:30:22.921+0000] {logging_mixin.py:188} INFO - [2024-06-18T16:30:22.920+0000] {dag.py:3954} INFO - Setting next_dagrun for dataset_produces_1 to 2024-06-17 00:00:00+00:00, run_after=2024-06-18 00:00:00+00:00
[2024-06-18T16:30:22.922+0000] {logging_mixin.py:188} INFO - [2024-06-18T16:30:22.922+0000] {dag.py:3954} INFO - Setting next_dagrun for dataset_produces_2 to None, run_after=None
[2024-06-18T16:30:22.963+0000] {processor.py:183} INFO - Processing /home/airflow/.local/lib/python3.12/site-packages/airflow/example_dags/example_datasets.py took 0.182 seconds
[2024-06-18T16:30:53.139+0000] {processor.py:161} INFO - Started process (PID=412) to work on /home/airflow/.local/lib/python3.12/site-packages/airflow/example_dags/example_datasets.py
[2024-06-18T16:30:53.140+0000] {processor.py:830} INFO - Processing file /home/airflow/.local/lib/python3.12/site-packages/airflow/example_dags/example_datasets.py for tasks to queue
[2024-06-18T16:30:53.143+0000] {logging_mixin.py:188} INFO - [2024-06-18T16:30:53.143+0000] {dagbag.py:545} INFO - Filling up the DagBag from /home/airflow/.local/lib/python3.12/site-packages/airflow/example_dags/example_datasets.py
[2024-06-18T16:30:53.161+0000] {processor.py:840} INFO - DAG(s) 'consume_1_or_both_2_and_3_with_dataset_expressions', 'dataset_consumes_1', 'dataset_consumes_1_never_scheduled', 'dataset_consumes_unknown_never_scheduled', 'consume_1_and_2_with_dataset_expressions', 'dataset_consumes_1_and_2', 'dataset_produces_1', 'conditional_dataset_and_time_based_timetable', 'dataset_produces_2', 'consume_1_or_2_with_dataset_expressions' retrieved from /home/airflow/.local/lib/python3.12/site-packages/airflow/example_dags/example_datasets.py
[2024-06-18T16:30:53.221+0000] {logging_mixin.py:188} INFO - [2024-06-18T16:30:53.220+0000] {dag.py:3096} INFO - Sync 10 DAGs
[2024-06-18T16:30:53.254+0000] {logging_mixin.py:188} INFO - [2024-06-18T16:30:53.254+0000] {dag.py:3954} INFO - Setting next_dagrun for conditional_dataset_and_time_based_timetable to 2024-06-12 01:00:00+00:00, run_after=2024-06-12 01:00:00+00:00
[2024-06-18T16:30:53.259+0000] {logging_mixin.py:188} INFO - [2024-06-18T16:30:53.259+0000] {dag.py:3954} INFO - Setting next_dagrun for consume_1_and_2_with_dataset_expressions to None, run_after=None
[2024-06-18T16:30:53.261+0000] {logging_mixin.py:188} INFO - [2024-06-18T16:30:53.261+0000] {dag.py:3954} INFO - Setting next_dagrun for consume_1_or_2_with_dataset_expressions to None, run_after=None
[2024-06-18T16:30:53.263+0000] {logging_mixin.py:188} INFO - [2024-06-18T16:30:53.262+0000] {dag.py:3954} INFO - Setting next_dagrun for consume_1_or_both_2_and_3_with_dataset_expressions to None, run_after=None
[2024-06-18T16:30:53.264+0000] {logging_mixin.py:188} INFO - [2024-06-18T16:30:53.264+0000] {dag.py:3954} INFO - Setting next_dagrun for dataset_consumes_1 to None, run_after=None
[2024-06-18T16:30:53.265+0000] {logging_mixin.py:188} INFO - [2024-06-18T16:30:53.265+0000] {dag.py:3954} INFO - Setting next_dagrun for dataset_consumes_1_and_2 to None, run_after=None
[2024-06-18T16:30:53.267+0000] {logging_mixin.py:188} INFO - [2024-06-18T16:30:53.266+0000] {dag.py:3954} INFO - Setting next_dagrun for dataset_consumes_1_never_scheduled to None, run_after=None
[2024-06-18T16:30:53.268+0000] {logging_mixin.py:188} INFO - [2024-06-18T16:30:53.267+0000] {dag.py:3954} INFO - Setting next_dagrun for dataset_consumes_unknown_never_scheduled to None, run_after=None
[2024-06-18T16:30:53.270+0000] {logging_mixin.py:188} INFO - [2024-06-18T16:30:53.270+0000] {dag.py:3954} INFO - Setting next_dagrun for dataset_produces_1 to 2024-06-17 00:00:00+00:00, run_after=2024-06-18 00:00:00+00:00
[2024-06-18T16:30:53.271+0000] {logging_mixin.py:188} INFO - [2024-06-18T16:30:53.271+0000] {dag.py:3954} INFO - Setting next_dagrun for dataset_produces_2 to None, run_after=None
[2024-06-18T16:30:53.314+0000] {processor.py:183} INFO - Processing /home/airflow/.local/lib/python3.12/site-packages/airflow/example_dags/example_datasets.py took 0.183 seconds
[2024-06-18T16:31:23.379+0000] {processor.py:161} INFO - Started process (PID=471) to work on /home/airflow/.local/lib/python3.12/site-packages/airflow/example_dags/example_datasets.py
[2024-06-18T16:31:23.380+0000] {processor.py:830} INFO - Processing file /home/airflow/.local/lib/python3.12/site-packages/airflow/example_dags/example_datasets.py for tasks to queue
[2024-06-18T16:31:23.382+0000] {logging_mixin.py:188} INFO - [2024-06-18T16:31:23.382+0000] {dagbag.py:545} INFO - Filling up the DagBag from /home/airflow/.local/lib/python3.12/site-packages/airflow/example_dags/example_datasets.py
[2024-06-18T16:31:23.400+0000] {processor.py:840} INFO - DAG(s) 'dataset_consumes_1', 'dataset_produces_2', 'dataset_consumes_1_and_2', 'conditional_dataset_and_time_based_timetable', 'consume_1_or_both_2_and_3_with_dataset_expressions', 'dataset_consumes_1_never_scheduled', 'dataset_produces_1', 'consume_1_or_2_with_dataset_expressions', 'consume_1_and_2_with_dataset_expressions', 'dataset_consumes_unknown_never_scheduled' retrieved from /home/airflow/.local/lib/python3.12/site-packages/airflow/example_dags/example_datasets.py
[2024-06-18T16:31:23.457+0000] {logging_mixin.py:188} INFO - [2024-06-18T16:31:23.456+0000] {dag.py:3096} INFO - Sync 10 DAGs
[2024-06-18T16:31:23.486+0000] {logging_mixin.py:188} INFO - [2024-06-18T16:31:23.486+0000] {dag.py:3954} INFO - Setting next_dagrun for conditional_dataset_and_time_based_timetable to 2024-06-12 01:00:00+00:00, run_after=2024-06-12 01:00:00+00:00
[2024-06-18T16:31:23.490+0000] {logging_mixin.py:188} INFO - [2024-06-18T16:31:23.490+0000] {dag.py:3954} INFO - Setting next_dagrun for consume_1_and_2_with_dataset_expressions to None, run_after=None
[2024-06-18T16:31:23.492+0000] {logging_mixin.py:188} INFO - [2024-06-18T16:31:23.491+0000] {dag.py:3954} INFO - Setting next_dagrun for consume_1_or_2_with_dataset_expressions to None, run_after=None
[2024-06-18T16:31:23.493+0000] {logging_mixin.py:188} INFO - [2024-06-18T16:31:23.493+0000] {dag.py:3954} INFO - Setting next_dagrun for consume_1_or_both_2_and_3_with_dataset_expressions to None, run_after=None
[2024-06-18T16:31:23.494+0000] {logging_mixin.py:188} INFO - [2024-06-18T16:31:23.494+0000] {dag.py:3954} INFO - Setting next_dagrun for dataset_consumes_1 to None, run_after=None
[2024-06-18T16:31:23.496+0000] {logging_mixin.py:188} INFO - [2024-06-18T16:31:23.495+0000] {dag.py:3954} INFO - Setting next_dagrun for dataset_consumes_1_and_2 to None, run_after=None
[2024-06-18T16:31:23.497+0000] {logging_mixin.py:188} INFO - [2024-06-18T16:31:23.497+0000] {dag.py:3954} INFO - Setting next_dagrun for dataset_consumes_1_never_scheduled to None, run_after=None
[2024-06-18T16:31:23.498+0000] {logging_mixin.py:188} INFO - [2024-06-18T16:31:23.498+0000] {dag.py:3954} INFO - Setting next_dagrun for dataset_consumes_unknown_never_scheduled to None, run_after=None
[2024-06-18T16:31:23.501+0000] {logging_mixin.py:188} INFO - [2024-06-18T16:31:23.501+0000] {dag.py:3954} INFO - Setting next_dagrun for dataset_produces_1 to 2024-06-17 00:00:00+00:00, run_after=2024-06-18 00:00:00+00:00
[2024-06-18T16:31:23.502+0000] {logging_mixin.py:188} INFO - [2024-06-18T16:31:23.502+0000] {dag.py:3954} INFO - Setting next_dagrun for dataset_produces_2 to None, run_after=None
[2024-06-18T16:31:23.542+0000] {processor.py:183} INFO - Processing /home/airflow/.local/lib/python3.12/site-packages/airflow/example_dags/example_datasets.py took 0.172 seconds
[2024-06-18T16:31:53.637+0000] {processor.py:161} INFO - Started process (PID=528) to work on /home/airflow/.local/lib/python3.12/site-packages/airflow/example_dags/example_datasets.py
[2024-06-18T16:31:53.639+0000] {processor.py:830} INFO - Processing file /home/airflow/.local/lib/python3.12/site-packages/airflow/example_dags/example_datasets.py for tasks to queue
[2024-06-18T16:31:53.641+0000] {logging_mixin.py:188} INFO - [2024-06-18T16:31:53.641+0000] {dagbag.py:545} INFO - Filling up the DagBag from /home/airflow/.local/lib/python3.12/site-packages/airflow/example_dags/example_datasets.py
[2024-06-18T16:31:53.664+0000] {processor.py:840} INFO - DAG(s) 'consume_1_and_2_with_dataset_expressions', 'dataset_consumes_unknown_never_scheduled', 'dataset_consumes_1_never_scheduled', 'conditional_dataset_and_time_based_timetable', 'dataset_consumes_1_and_2', 'consume_1_or_2_with_dataset_expressions', 'dataset_produces_2', 'dataset_consumes_1', 'consume_1_or_both_2_and_3_with_dataset_expressions', 'dataset_produces_1' retrieved from /home/airflow/.local/lib/python3.12/site-packages/airflow/example_dags/example_datasets.py
[2024-06-18T16:31:53.734+0000] {logging_mixin.py:188} INFO - [2024-06-18T16:31:53.733+0000] {dag.py:3096} INFO - Sync 10 DAGs
[2024-06-18T16:31:53.772+0000] {logging_mixin.py:188} INFO - [2024-06-18T16:31:53.771+0000] {dag.py:3954} INFO - Setting next_dagrun for conditional_dataset_and_time_based_timetable to 2024-06-12 01:00:00+00:00, run_after=2024-06-12 01:00:00+00:00
[2024-06-18T16:31:53.778+0000] {logging_mixin.py:188} INFO - [2024-06-18T16:31:53.777+0000] {dag.py:3954} INFO - Setting next_dagrun for consume_1_and_2_with_dataset_expressions to None, run_after=None
[2024-06-18T16:31:53.779+0000] {logging_mixin.py:188} INFO - [2024-06-18T16:31:53.779+0000] {dag.py:3954} INFO - Setting next_dagrun for consume_1_or_2_with_dataset_expressions to None, run_after=None
[2024-06-18T16:31:53.781+0000] {logging_mixin.py:188} INFO - [2024-06-18T16:31:53.781+0000] {dag.py:3954} INFO - Setting next_dagrun for consume_1_or_both_2_and_3_with_dataset_expressions to None, run_after=None
[2024-06-18T16:31:53.782+0000] {logging_mixin.py:188} INFO - [2024-06-18T16:31:53.782+0000] {dag.py:3954} INFO - Setting next_dagrun for dataset_consumes_1 to None, run_after=None
[2024-06-18T16:31:53.783+0000] {logging_mixin.py:188} INFO - [2024-06-18T16:31:53.783+0000] {dag.py:3954} INFO - Setting next_dagrun for dataset_consumes_1_and_2 to None, run_after=None
[2024-06-18T16:31:53.785+0000] {logging_mixin.py:188} INFO - [2024-06-18T16:31:53.784+0000] {dag.py:3954} INFO - Setting next_dagrun for dataset_consumes_1_never_scheduled to None, run_after=None
[2024-06-18T16:31:53.786+0000] {logging_mixin.py:188} INFO - [2024-06-18T16:31:53.786+0000] {dag.py:3954} INFO - Setting next_dagrun for dataset_consumes_unknown_never_scheduled to None, run_after=None
[2024-06-18T16:31:53.788+0000] {logging_mixin.py:188} INFO - [2024-06-18T16:31:53.788+0000] {dag.py:3954} INFO - Setting next_dagrun for dataset_produces_1 to 2024-06-17 00:00:00+00:00, run_after=2024-06-18 00:00:00+00:00
[2024-06-18T16:31:53.789+0000] {logging_mixin.py:188} INFO - [2024-06-18T16:31:53.789+0000] {dag.py:3954} INFO - Setting next_dagrun for dataset_produces_2 to None, run_after=None
[2024-06-18T16:31:53.828+0000] {processor.py:183} INFO - Processing /home/airflow/.local/lib/python3.12/site-packages/airflow/example_dags/example_datasets.py took 0.199 seconds
[2024-06-18T16:32:24.139+0000] {processor.py:161} INFO - Started process (PID=585) to work on /home/airflow/.local/lib/python3.12/site-packages/airflow/example_dags/example_datasets.py
[2024-06-18T16:32:24.140+0000] {processor.py:830} INFO - Processing file /home/airflow/.local/lib/python3.12/site-packages/airflow/example_dags/example_datasets.py for tasks to queue
[2024-06-18T16:32:24.143+0000] {logging_mixin.py:188} INFO - [2024-06-18T16:32:24.143+0000] {dagbag.py:545} INFO - Filling up the DagBag from /home/airflow/.local/lib/python3.12/site-packages/airflow/example_dags/example_datasets.py
[2024-06-18T16:32:24.170+0000] {processor.py:840} INFO - DAG(s) 'dataset_produces_1', 'consume_1_or_both_2_and_3_with_dataset_expressions', 'consume_1_and_2_with_dataset_expressions', 'dataset_consumes_1_and_2', 'dataset_consumes_1_never_scheduled', 'dataset_consumes_unknown_never_scheduled', 'dataset_produces_2', 'dataset_consumes_1', 'conditional_dataset_and_time_based_timetable', 'consume_1_or_2_with_dataset_expressions' retrieved from /home/airflow/.local/lib/python3.12/site-packages/airflow/example_dags/example_datasets.py
[2024-06-18T16:32:24.234+0000] {logging_mixin.py:188} INFO - [2024-06-18T16:32:24.233+0000] {dag.py:3096} INFO - Sync 10 DAGs
[2024-06-18T16:32:24.268+0000] {logging_mixin.py:188} INFO - [2024-06-18T16:32:24.268+0000] {dag.py:3954} INFO - Setting next_dagrun for conditional_dataset_and_time_based_timetable to 2024-06-12 01:00:00+00:00, run_after=2024-06-12 01:00:00+00:00
[2024-06-18T16:32:24.274+0000] {logging_mixin.py:188} INFO - [2024-06-18T16:32:24.274+0000] {dag.py:3954} INFO - Setting next_dagrun for consume_1_and_2_with_dataset_expressions to None, run_after=None
[2024-06-18T16:32:24.276+0000] {logging_mixin.py:188} INFO - [2024-06-18T16:32:24.276+0000] {dag.py:3954} INFO - Setting next_dagrun for consume_1_or_2_with_dataset_expressions to None, run_after=None
[2024-06-18T16:32:24.278+0000] {logging_mixin.py:188} INFO - [2024-06-18T16:32:24.278+0000] {dag.py:3954} INFO - Setting next_dagrun for consume_1_or_both_2_and_3_with_dataset_expressions to None, run_after=None
[2024-06-18T16:32:24.280+0000] {logging_mixin.py:188} INFO - [2024-06-18T16:32:24.280+0000] {dag.py:3954} INFO - Setting next_dagrun for dataset_consumes_1 to None, run_after=None
[2024-06-18T16:32:24.282+0000] {logging_mixin.py:188} INFO - [2024-06-18T16:32:24.281+0000] {dag.py:3954} INFO - Setting next_dagrun for dataset_consumes_1_and_2 to None, run_after=None
[2024-06-18T16:32:24.283+0000] {logging_mixin.py:188} INFO - [2024-06-18T16:32:24.283+0000] {dag.py:3954} INFO - Setting next_dagrun for dataset_consumes_1_never_scheduled to None, run_after=None
[2024-06-18T16:32:24.285+0000] {logging_mixin.py:188} INFO - [2024-06-18T16:32:24.285+0000] {dag.py:3954} INFO - Setting next_dagrun for dataset_consumes_unknown_never_scheduled to None, run_after=None
[2024-06-18T16:32:24.288+0000] {logging_mixin.py:188} INFO - [2024-06-18T16:32:24.288+0000] {dag.py:3954} INFO - Setting next_dagrun for dataset_produces_1 to 2024-06-17 00:00:00+00:00, run_after=2024-06-18 00:00:00+00:00
[2024-06-18T16:32:24.289+0000] {logging_mixin.py:188} INFO - [2024-06-18T16:32:24.289+0000] {dag.py:3954} INFO - Setting next_dagrun for dataset_produces_2 to None, run_after=None
[2024-06-18T16:32:24.349+0000] {processor.py:183} INFO - Processing /home/airflow/.local/lib/python3.12/site-packages/airflow/example_dags/example_datasets.py took 0.219 seconds
[2024-06-18T16:32:54.689+0000] {processor.py:161} INFO - Started process (PID=649) to work on /home/airflow/.local/lib/python3.12/site-packages/airflow/example_dags/example_datasets.py
[2024-06-18T16:32:54.691+0000] {processor.py:830} INFO - Processing file /home/airflow/.local/lib/python3.12/site-packages/airflow/example_dags/example_datasets.py for tasks to queue
[2024-06-18T16:32:54.693+0000] {logging_mixin.py:188} INFO - [2024-06-18T16:32:54.693+0000] {dagbag.py:545} INFO - Filling up the DagBag from /home/airflow/.local/lib/python3.12/site-packages/airflow/example_dags/example_datasets.py
[2024-06-18T16:32:54.711+0000] {processor.py:840} INFO - DAG(s) 'dataset_consumes_1_and_2', 'dataset_produces_2', 'dataset_consumes_1_never_scheduled', 'consume_1_or_both_2_and_3_with_dataset_expressions', 'dataset_consumes_unknown_never_scheduled', 'consume_1_and_2_with_dataset_expressions', 'conditional_dataset_and_time_based_timetable', 'dataset_produces_1', 'consume_1_or_2_with_dataset_expressions', 'dataset_consumes_1' retrieved from /home/airflow/.local/lib/python3.12/site-packages/airflow/example_dags/example_datasets.py
[2024-06-18T16:32:54.780+0000] {logging_mixin.py:188} INFO - [2024-06-18T16:32:54.780+0000] {dag.py:3096} INFO - Sync 10 DAGs
[2024-06-18T16:32:54.811+0000] {logging_mixin.py:188} INFO - [2024-06-18T16:32:54.811+0000] {dag.py:3954} INFO - Setting next_dagrun for conditional_dataset_and_time_based_timetable to 2024-06-12 01:00:00+00:00, run_after=2024-06-12 01:00:00+00:00
[2024-06-18T16:32:54.816+0000] {logging_mixin.py:188} INFO - [2024-06-18T16:32:54.816+0000] {dag.py:3954} INFO - Setting next_dagrun for consume_1_and_2_with_dataset_expressions to None, run_after=None
[2024-06-18T16:32:54.817+0000] {logging_mixin.py:188} INFO - [2024-06-18T16:32:54.817+0000] {dag.py:3954} INFO - Setting next_dagrun for consume_1_or_2_with_dataset_expressions to None, run_after=None
[2024-06-18T16:32:54.819+0000] {logging_mixin.py:188} INFO - [2024-06-18T16:32:54.818+0000] {dag.py:3954} INFO - Setting next_dagrun for consume_1_or_both_2_and_3_with_dataset_expressions to None, run_after=None
[2024-06-18T16:32:54.820+0000] {logging_mixin.py:188} INFO - [2024-06-18T16:32:54.820+0000] {dag.py:3954} INFO - Setting next_dagrun for dataset_consumes_1 to None, run_after=None
[2024-06-18T16:32:54.821+0000] {logging_mixin.py:188} INFO - [2024-06-18T16:32:54.821+0000] {dag.py:3954} INFO - Setting next_dagrun for dataset_consumes_1_and_2 to None, run_after=None
[2024-06-18T16:32:54.822+0000] {logging_mixin.py:188} INFO - [2024-06-18T16:32:54.822+0000] {dag.py:3954} INFO - Setting next_dagrun for dataset_consumes_1_never_scheduled to None, run_after=None
[2024-06-18T16:32:54.824+0000] {logging_mixin.py:188} INFO - [2024-06-18T16:32:54.823+0000] {dag.py:3954} INFO - Setting next_dagrun for dataset_consumes_unknown_never_scheduled to None, run_after=None
[2024-06-18T16:32:54.826+0000] {logging_mixin.py:188} INFO - [2024-06-18T16:32:54.826+0000] {dag.py:3954} INFO - Setting next_dagrun for dataset_produces_1 to 2024-06-17 00:00:00+00:00, run_after=2024-06-18 00:00:00+00:00
[2024-06-18T16:32:54.827+0000] {logging_mixin.py:188} INFO - [2024-06-18T16:32:54.827+0000] {dag.py:3954} INFO - Setting next_dagrun for dataset_produces_2 to None, run_after=None
[2024-06-18T16:32:54.882+0000] {processor.py:183} INFO - Processing /home/airflow/.local/lib/python3.12/site-packages/airflow/example_dags/example_datasets.py took 0.201 seconds
[2024-06-18T16:33:25.011+0000] {processor.py:161} INFO - Started process (PID=707) to work on /home/airflow/.local/lib/python3.12/site-packages/airflow/example_dags/example_datasets.py
[2024-06-18T16:33:25.012+0000] {processor.py:830} INFO - Processing file /home/airflow/.local/lib/python3.12/site-packages/airflow/example_dags/example_datasets.py for tasks to queue
[2024-06-18T16:33:25.015+0000] {logging_mixin.py:188} INFO - [2024-06-18T16:33:25.014+0000] {dagbag.py:545} INFO - Filling up the DagBag from /home/airflow/.local/lib/python3.12/site-packages/airflow/example_dags/example_datasets.py
[2024-06-18T16:33:25.033+0000] {processor.py:840} INFO - DAG(s) 'consume_1_or_2_with_dataset_expressions', 'dataset_consumes_1', 'conditional_dataset_and_time_based_timetable', 'dataset_consumes_1_and_2', 'dataset_consumes_unknown_never_scheduled', 'consume_1_and_2_with_dataset_expressions', 'dataset_consumes_1_never_scheduled', 'dataset_produces_2', 'consume_1_or_both_2_and_3_with_dataset_expressions', 'dataset_produces_1' retrieved from /home/airflow/.local/lib/python3.12/site-packages/airflow/example_dags/example_datasets.py
[2024-06-18T16:33:25.086+0000] {logging_mixin.py:188} INFO - [2024-06-18T16:33:25.085+0000] {dag.py:3096} INFO - Sync 10 DAGs
[2024-06-18T16:33:25.115+0000] {logging_mixin.py:188} INFO - [2024-06-18T16:33:25.114+0000] {dag.py:3954} INFO - Setting next_dagrun for conditional_dataset_and_time_based_timetable to 2024-06-12 01:00:00+00:00, run_after=2024-06-12 01:00:00+00:00
[2024-06-18T16:33:25.119+0000] {logging_mixin.py:188} INFO - [2024-06-18T16:33:25.119+0000] {dag.py:3954} INFO - Setting next_dagrun for consume_1_and_2_with_dataset_expressions to None, run_after=None
[2024-06-18T16:33:25.120+0000] {logging_mixin.py:188} INFO - [2024-06-18T16:33:25.120+0000] {dag.py:3954} INFO - Setting next_dagrun for consume_1_or_2_with_dataset_expressions to None, run_after=None
[2024-06-18T16:33:25.122+0000] {logging_mixin.py:188} INFO - [2024-06-18T16:33:25.121+0000] {dag.py:3954} INFO - Setting next_dagrun for consume_1_or_both_2_and_3_with_dataset_expressions to None, run_after=None
[2024-06-18T16:33:25.123+0000] {logging_mixin.py:188} INFO - [2024-06-18T16:33:25.123+0000] {dag.py:3954} INFO - Setting next_dagrun for dataset_consumes_1 to None, run_after=None
[2024-06-18T16:33:25.125+0000] {logging_mixin.py:188} INFO - [2024-06-18T16:33:25.124+0000] {dag.py:3954} INFO - Setting next_dagrun for dataset_consumes_1_and_2 to None, run_after=None
[2024-06-18T16:33:25.126+0000] {logging_mixin.py:188} INFO - [2024-06-18T16:33:25.126+0000] {dag.py:3954} INFO - Setting next_dagrun for dataset_consumes_1_never_scheduled to None, run_after=None
[2024-06-18T16:33:25.128+0000] {logging_mixin.py:188} INFO - [2024-06-18T16:33:25.128+0000] {dag.py:3954} INFO - Setting next_dagrun for dataset_consumes_unknown_never_scheduled to None, run_after=None
[2024-06-18T16:33:25.132+0000] {logging_mixin.py:188} INFO - [2024-06-18T16:33:25.131+0000] {dag.py:3954} INFO - Setting next_dagrun for dataset_produces_1 to 2024-06-17 00:00:00+00:00, run_after=2024-06-18 00:00:00+00:00
[2024-06-18T16:33:25.133+0000] {logging_mixin.py:188} INFO - [2024-06-18T16:33:25.133+0000] {dag.py:3954} INFO - Setting next_dagrun for dataset_produces_2 to None, run_after=None
[2024-06-18T16:33:25.179+0000] {processor.py:183} INFO - Processing /home/airflow/.local/lib/python3.12/site-packages/airflow/example_dags/example_datasets.py took 0.176 seconds
[2024-06-18T16:33:55.259+0000] {processor.py:161} INFO - Started process (PID=765) to work on /home/airflow/.local/lib/python3.12/site-packages/airflow/example_dags/example_datasets.py
[2024-06-18T16:33:55.260+0000] {processor.py:830} INFO - Processing file /home/airflow/.local/lib/python3.12/site-packages/airflow/example_dags/example_datasets.py for tasks to queue
[2024-06-18T16:33:55.263+0000] {logging_mixin.py:188} INFO - [2024-06-18T16:33:55.262+0000] {dagbag.py:545} INFO - Filling up the DagBag from /home/airflow/.local/lib/python3.12/site-packages/airflow/example_dags/example_datasets.py
[2024-06-18T16:33:55.282+0000] {processor.py:840} INFO - DAG(s) 'dataset_produces_1', 'dataset_consumes_1_and_2', 'consume_1_and_2_with_dataset_expressions', 'dataset_consumes_unknown_never_scheduled', 'dataset_consumes_1', 'conditional_dataset_and_time_based_timetable', 'dataset_consumes_1_never_scheduled', 'consume_1_or_2_with_dataset_expressions', 'dataset_produces_2', 'consume_1_or_both_2_and_3_with_dataset_expressions' retrieved from /home/airflow/.local/lib/python3.12/site-packages/airflow/example_dags/example_datasets.py
[2024-06-18T16:33:55.360+0000] {logging_mixin.py:188} INFO - [2024-06-18T16:33:55.359+0000] {dag.py:3096} INFO - Sync 10 DAGs
[2024-06-18T16:33:55.402+0000] {logging_mixin.py:188} INFO - [2024-06-18T16:33:55.402+0000] {dag.py:3954} INFO - Setting next_dagrun for conditional_dataset_and_time_based_timetable to 2024-06-12 01:00:00+00:00, run_after=2024-06-12 01:00:00+00:00
[2024-06-18T16:33:55.409+0000] {logging_mixin.py:188} INFO - [2024-06-18T16:33:55.408+0000] {dag.py:3954} INFO - Setting next_dagrun for consume_1_and_2_with_dataset_expressions to None, run_after=None
[2024-06-18T16:33:55.411+0000] {logging_mixin.py:188} INFO - [2024-06-18T16:33:55.411+0000] {dag.py:3954} INFO - Setting next_dagrun for consume_1_or_2_with_dataset_expressions to None, run_after=None
[2024-06-18T16:33:55.413+0000] {logging_mixin.py:188} INFO - [2024-06-18T16:33:55.412+0000] {dag.py:3954} INFO - Setting next_dagrun for consume_1_or_both_2_and_3_with_dataset_expressions to None, run_after=None
[2024-06-18T16:33:55.417+0000] {logging_mixin.py:188} INFO - [2024-06-18T16:33:55.417+0000] {dag.py:3954} INFO - Setting next_dagrun for dataset_consumes_1 to None, run_after=None
[2024-06-18T16:33:55.419+0000] {logging_mixin.py:188} INFO - [2024-06-18T16:33:55.419+0000] {dag.py:3954} INFO - Setting next_dagrun for dataset_consumes_1_and_2 to None, run_after=None
[2024-06-18T16:33:55.421+0000] {logging_mixin.py:188} INFO - [2024-06-18T16:33:55.420+0000] {dag.py:3954} INFO - Setting next_dagrun for dataset_consumes_1_never_scheduled to None, run_after=None
[2024-06-18T16:33:55.423+0000] {logging_mixin.py:188} INFO - [2024-06-18T16:33:55.423+0000] {dag.py:3954} INFO - Setting next_dagrun for dataset_consumes_unknown_never_scheduled to None, run_after=None
[2024-06-18T16:33:55.428+0000] {logging_mixin.py:188} INFO - [2024-06-18T16:33:55.427+0000] {dag.py:3954} INFO - Setting next_dagrun for dataset_produces_1 to 2024-06-17 00:00:00+00:00, run_after=2024-06-18 00:00:00+00:00
[2024-06-18T16:33:55.429+0000] {logging_mixin.py:188} INFO - [2024-06-18T16:33:55.429+0000] {dag.py:3954} INFO - Setting next_dagrun for dataset_produces_2 to None, run_after=None
[2024-06-18T16:33:55.476+0000] {processor.py:183} INFO - Processing /home/airflow/.local/lib/python3.12/site-packages/airflow/example_dags/example_datasets.py took 0.227 seconds
[2024-06-18T16:34:25.511+0000] {processor.py:161} INFO - Started process (PID=823) to work on /home/airflow/.local/lib/python3.12/site-packages/airflow/example_dags/example_datasets.py
[2024-06-18T16:34:25.512+0000] {processor.py:830} INFO - Processing file /home/airflow/.local/lib/python3.12/site-packages/airflow/example_dags/example_datasets.py for tasks to queue
[2024-06-18T16:34:25.515+0000] {logging_mixin.py:188} INFO - [2024-06-18T16:34:25.515+0000] {dagbag.py:545} INFO - Filling up the DagBag from /home/airflow/.local/lib/python3.12/site-packages/airflow/example_dags/example_datasets.py
[2024-06-18T16:34:25.539+0000] {processor.py:840} INFO - DAG(s) 'dataset_produces_2', 'consume_1_or_both_2_and_3_with_dataset_expressions', 'dataset_consumes_1_never_scheduled', 'dataset_produces_1', 'consume_1_and_2_with_dataset_expressions', 'dataset_consumes_1_and_2', 'consume_1_or_2_with_dataset_expressions', 'dataset_consumes_unknown_never_scheduled', 'dataset_consumes_1', 'conditional_dataset_and_time_based_timetable' retrieved from /home/airflow/.local/lib/python3.12/site-packages/airflow/example_dags/example_datasets.py
[2024-06-18T16:34:25.604+0000] {logging_mixin.py:188} INFO - [2024-06-18T16:34:25.604+0000] {dag.py:3096} INFO - Sync 10 DAGs
[2024-06-18T16:34:25.634+0000] {logging_mixin.py:188} INFO - [2024-06-18T16:34:25.634+0000] {dag.py:3954} INFO - Setting next_dagrun for conditional_dataset_and_time_based_timetable to 2024-06-12 01:00:00+00:00, run_after=2024-06-12 01:00:00+00:00
[2024-06-18T16:34:25.639+0000] {logging_mixin.py:188} INFO - [2024-06-18T16:34:25.639+0000] {dag.py:3954} INFO - Setting next_dagrun for consume_1_and_2_with_dataset_expressions to None, run_after=None
[2024-06-18T16:34:25.640+0000] {logging_mixin.py:188} INFO - [2024-06-18T16:34:25.640+0000] {dag.py:3954} INFO - Setting next_dagrun for consume_1_or_2_with_dataset_expressions to None, run_after=None
[2024-06-18T16:34:25.641+0000] {logging_mixin.py:188} INFO - [2024-06-18T16:34:25.641+0000] {dag.py:3954} INFO - Setting next_dagrun for consume_1_or_both_2_and_3_with_dataset_expressions to None, run_after=None
[2024-06-18T16:34:25.643+0000] {logging_mixin.py:188} INFO - [2024-06-18T16:34:25.642+0000] {dag.py:3954} INFO - Setting next_dagrun for dataset_consumes_1 to None, run_after=None
[2024-06-18T16:34:25.644+0000] {logging_mixin.py:188} INFO - [2024-06-18T16:34:25.643+0000] {dag.py:3954} INFO - Setting next_dagrun for dataset_consumes_1_and_2 to None, run_after=None
[2024-06-18T16:34:25.645+0000] {logging_mixin.py:188} INFO - [2024-06-18T16:34:25.645+0000] {dag.py:3954} INFO - Setting next_dagrun for dataset_consumes_1_never_scheduled to None, run_after=None
[2024-06-18T16:34:25.646+0000] {logging_mixin.py:188} INFO - [2024-06-18T16:34:25.646+0000] {dag.py:3954} INFO - Setting next_dagrun for dataset_consumes_unknown_never_scheduled to None, run_after=None
[2024-06-18T16:34:25.648+0000] {logging_mixin.py:188} INFO - [2024-06-18T16:34:25.648+0000] {dag.py:3954} INFO - Setting next_dagrun for dataset_produces_1 to 2024-06-17 00:00:00+00:00, run_after=2024-06-18 00:00:00+00:00
[2024-06-18T16:34:25.650+0000] {logging_mixin.py:188} INFO - [2024-06-18T16:34:25.649+0000] {dag.py:3954} INFO - Setting next_dagrun for dataset_produces_2 to None, run_after=None
[2024-06-18T16:34:25.692+0000] {processor.py:183} INFO - Processing /home/airflow/.local/lib/python3.12/site-packages/airflow/example_dags/example_datasets.py took 0.189 seconds
[2024-06-18T16:34:56.113+0000] {processor.py:161} INFO - Started process (PID=881) to work on /home/airflow/.local/lib/python3.12/site-packages/airflow/example_dags/example_datasets.py
[2024-06-18T16:34:56.115+0000] {processor.py:830} INFO - Processing file /home/airflow/.local/lib/python3.12/site-packages/airflow/example_dags/example_datasets.py for tasks to queue
[2024-06-18T16:34:56.119+0000] {logging_mixin.py:188} INFO - [2024-06-18T16:34:56.118+0000] {dagbag.py:545} INFO - Filling up the DagBag from /home/airflow/.local/lib/python3.12/site-packages/airflow/example_dags/example_datasets.py
[2024-06-18T16:34:56.149+0000] {processor.py:840} INFO - DAG(s) 'dataset_produces_1', 'conditional_dataset_and_time_based_timetable', 'dataset_consumes_1', 'dataset_consumes_1_and_2', 'consume_1_or_2_with_dataset_expressions', 'consume_1_or_both_2_and_3_with_dataset_expressions', 'dataset_consumes_unknown_never_scheduled', 'dataset_produces_2', 'dataset_consumes_1_never_scheduled', 'consume_1_and_2_with_dataset_expressions' retrieved from /home/airflow/.local/lib/python3.12/site-packages/airflow/example_dags/example_datasets.py
[2024-06-18T16:34:56.229+0000] {logging_mixin.py:188} INFO - [2024-06-18T16:34:56.229+0000] {dag.py:3096} INFO - Sync 10 DAGs
[2024-06-18T16:34:56.262+0000] {logging_mixin.py:188} INFO - [2024-06-18T16:34:56.261+0000] {dag.py:3954} INFO - Setting next_dagrun for conditional_dataset_and_time_based_timetable to 2024-06-12 01:00:00+00:00, run_after=2024-06-12 01:00:00+00:00
[2024-06-18T16:34:56.267+0000] {logging_mixin.py:188} INFO - [2024-06-18T16:34:56.266+0000] {dag.py:3954} INFO - Setting next_dagrun for consume_1_and_2_with_dataset_expressions to None, run_after=None
[2024-06-18T16:34:56.269+0000] {logging_mixin.py:188} INFO - [2024-06-18T16:34:56.269+0000] {dag.py:3954} INFO - Setting next_dagrun for consume_1_or_2_with_dataset_expressions to None, run_after=None
[2024-06-18T16:34:56.271+0000] {logging_mixin.py:188} INFO - [2024-06-18T16:34:56.271+0000] {dag.py:3954} INFO - Setting next_dagrun for consume_1_or_both_2_and_3_with_dataset_expressions to None, run_after=None
[2024-06-18T16:34:56.273+0000] {logging_mixin.py:188} INFO - [2024-06-18T16:34:56.272+0000] {dag.py:3954} INFO - Setting next_dagrun for dataset_consumes_1 to None, run_after=None
[2024-06-18T16:34:56.274+0000] {logging_mixin.py:188} INFO - [2024-06-18T16:34:56.274+0000] {dag.py:3954} INFO - Setting next_dagrun for dataset_consumes_1_and_2 to None, run_after=None
[2024-06-18T16:34:56.276+0000] {logging_mixin.py:188} INFO - [2024-06-18T16:34:56.276+0000] {dag.py:3954} INFO - Setting next_dagrun for dataset_consumes_1_never_scheduled to None, run_after=None
[2024-06-18T16:34:56.278+0000] {logging_mixin.py:188} INFO - [2024-06-18T16:34:56.277+0000] {dag.py:3954} INFO - Setting next_dagrun for dataset_consumes_unknown_never_scheduled to None, run_after=None
[2024-06-18T16:34:56.281+0000] {logging_mixin.py:188} INFO - [2024-06-18T16:34:56.280+0000] {dag.py:3954} INFO - Setting next_dagrun for dataset_produces_1 to 2024-06-17 00:00:00+00:00, run_after=2024-06-18 00:00:00+00:00
[2024-06-18T16:34:56.282+0000] {logging_mixin.py:188} INFO - [2024-06-18T16:34:56.282+0000] {dag.py:3954} INFO - Setting next_dagrun for dataset_produces_2 to None, run_after=None
[2024-06-18T16:34:56.320+0000] {processor.py:183} INFO - Processing /home/airflow/.local/lib/python3.12/site-packages/airflow/example_dags/example_datasets.py took 0.219 seconds
[2024-06-18T16:35:26.444+0000] {processor.py:161} INFO - Started process (PID=939) to work on /home/airflow/.local/lib/python3.12/site-packages/airflow/example_dags/example_datasets.py
[2024-06-18T16:35:26.445+0000] {processor.py:830} INFO - Processing file /home/airflow/.local/lib/python3.12/site-packages/airflow/example_dags/example_datasets.py for tasks to queue
[2024-06-18T16:35:26.447+0000] {logging_mixin.py:188} INFO - [2024-06-18T16:35:26.447+0000] {dagbag.py:545} INFO - Filling up the DagBag from /home/airflow/.local/lib/python3.12/site-packages/airflow/example_dags/example_datasets.py
[2024-06-18T16:35:26.466+0000] {processor.py:840} INFO - DAG(s) 'dataset_consumes_1_never_scheduled', 'dataset_consumes_1_and_2', 'dataset_consumes_1', 'dataset_consumes_unknown_never_scheduled', 'conditional_dataset_and_time_based_timetable', 'consume_1_or_both_2_and_3_with_dataset_expressions', 'dataset_produces_1', 'dataset_produces_2', 'consume_1_and_2_with_dataset_expressions', 'consume_1_or_2_with_dataset_expressions' retrieved from /home/airflow/.local/lib/python3.12/site-packages/airflow/example_dags/example_datasets.py
[2024-06-18T16:35:26.522+0000] {logging_mixin.py:188} INFO - [2024-06-18T16:35:26.522+0000] {dag.py:3096} INFO - Sync 10 DAGs
[2024-06-18T16:35:26.551+0000] {logging_mixin.py:188} INFO - [2024-06-18T16:35:26.551+0000] {dag.py:3954} INFO - Setting next_dagrun for conditional_dataset_and_time_based_timetable to 2024-06-12 01:00:00+00:00, run_after=2024-06-12 01:00:00+00:00
[2024-06-18T16:35:26.556+0000] {logging_mixin.py:188} INFO - [2024-06-18T16:35:26.556+0000] {dag.py:3954} INFO - Setting next_dagrun for consume_1_and_2_with_dataset_expressions to None, run_after=None
[2024-06-18T16:35:26.558+0000] {logging_mixin.py:188} INFO - [2024-06-18T16:35:26.558+0000] {dag.py:3954} INFO - Setting next_dagrun for consume_1_or_2_with_dataset_expressions to None, run_after=None
[2024-06-18T16:35:26.559+0000] {logging_mixin.py:188} INFO - [2024-06-18T16:35:26.559+0000] {dag.py:3954} INFO - Setting next_dagrun for consume_1_or_both_2_and_3_with_dataset_expressions to None, run_after=None
[2024-06-18T16:35:26.560+0000] {logging_mixin.py:188} INFO - [2024-06-18T16:35:26.560+0000] {dag.py:3954} INFO - Setting next_dagrun for dataset_consumes_1 to None, run_after=None
[2024-06-18T16:35:26.562+0000] {logging_mixin.py:188} INFO - [2024-06-18T16:35:26.561+0000] {dag.py:3954} INFO - Setting next_dagrun for dataset_consumes_1_and_2 to None, run_after=None
[2024-06-18T16:35:26.563+0000] {logging_mixin.py:188} INFO - [2024-06-18T16:35:26.563+0000] {dag.py:3954} INFO - Setting next_dagrun for dataset_consumes_1_never_scheduled to None, run_after=None
[2024-06-18T16:35:26.564+0000] {logging_mixin.py:188} INFO - [2024-06-18T16:35:26.564+0000] {dag.py:3954} INFO - Setting next_dagrun for dataset_consumes_unknown_never_scheduled to None, run_after=None
[2024-06-18T16:35:26.566+0000] {logging_mixin.py:188} INFO - [2024-06-18T16:35:26.566+0000] {dag.py:3954} INFO - Setting next_dagrun for dataset_produces_1 to 2024-06-17 00:00:00+00:00, run_after=2024-06-18 00:00:00+00:00
[2024-06-18T16:35:26.568+0000] {logging_mixin.py:188} INFO - [2024-06-18T16:35:26.567+0000] {dag.py:3954} INFO - Setting next_dagrun for dataset_produces_2 to None, run_after=None
[2024-06-18T16:35:26.605+0000] {processor.py:183} INFO - Processing /home/airflow/.local/lib/python3.12/site-packages/airflow/example_dags/example_datasets.py took 0.169 seconds
[2024-06-18T16:35:56.782+0000] {processor.py:161} INFO - Started process (PID=998) to work on /home/airflow/.local/lib/python3.12/site-packages/airflow/example_dags/example_datasets.py
[2024-06-18T16:35:56.784+0000] {processor.py:830} INFO - Processing file /home/airflow/.local/lib/python3.12/site-packages/airflow/example_dags/example_datasets.py for tasks to queue
[2024-06-18T16:35:56.786+0000] {logging_mixin.py:188} INFO - [2024-06-18T16:35:56.786+0000] {dagbag.py:545} INFO - Filling up the DagBag from /home/airflow/.local/lib/python3.12/site-packages/airflow/example_dags/example_datasets.py
[2024-06-18T16:35:56.804+0000] {processor.py:840} INFO - DAG(s) 'consume_1_and_2_with_dataset_expressions', 'dataset_consumes_1', 'consume_1_or_2_with_dataset_expressions', 'dataset_produces_2', 'dataset_consumes_1_and_2', 'consume_1_or_both_2_and_3_with_dataset_expressions', 'conditional_dataset_and_time_based_timetable', 'dataset_produces_1', 'dataset_consumes_unknown_never_scheduled', 'dataset_consumes_1_never_scheduled' retrieved from /home/airflow/.local/lib/python3.12/site-packages/airflow/example_dags/example_datasets.py
[2024-06-18T16:35:56.870+0000] {logging_mixin.py:188} INFO - [2024-06-18T16:35:56.870+0000] {dag.py:3096} INFO - Sync 10 DAGs
[2024-06-18T16:35:56.899+0000] {logging_mixin.py:188} INFO - [2024-06-18T16:35:56.898+0000] {dag.py:3954} INFO - Setting next_dagrun for conditional_dataset_and_time_based_timetable to 2024-06-12 01:00:00+00:00, run_after=2024-06-12 01:00:00+00:00
[2024-06-18T16:35:56.903+0000] {logging_mixin.py:188} INFO - [2024-06-18T16:35:56.903+0000] {dag.py:3954} INFO - Setting next_dagrun for consume_1_and_2_with_dataset_expressions to None, run_after=None
[2024-06-18T16:35:56.904+0000] {logging_mixin.py:188} INFO - [2024-06-18T16:35:56.904+0000] {dag.py:3954} INFO - Setting next_dagrun for consume_1_or_2_with_dataset_expressions to None, run_after=None
[2024-06-18T16:35:56.905+0000] {logging_mixin.py:188} INFO - [2024-06-18T16:35:56.905+0000] {dag.py:3954} INFO - Setting next_dagrun for consume_1_or_both_2_and_3_with_dataset_expressions to None, run_after=None
[2024-06-18T16:35:56.906+0000] {logging_mixin.py:188} INFO - [2024-06-18T16:35:56.906+0000] {dag.py:3954} INFO - Setting next_dagrun for dataset_consumes_1 to None, run_after=None
[2024-06-18T16:35:56.908+0000] {logging_mixin.py:188} INFO - [2024-06-18T16:35:56.907+0000] {dag.py:3954} INFO - Setting next_dagrun for dataset_consumes_1_and_2 to None, run_after=None
[2024-06-18T16:35:56.909+0000] {logging_mixin.py:188} INFO - [2024-06-18T16:35:56.909+0000] {dag.py:3954} INFO - Setting next_dagrun for dataset_consumes_1_never_scheduled to None, run_after=None
[2024-06-18T16:35:56.910+0000] {logging_mixin.py:188} INFO - [2024-06-18T16:35:56.910+0000] {dag.py:3954} INFO - Setting next_dagrun for dataset_consumes_unknown_never_scheduled to None, run_after=None
[2024-06-18T16:35:56.912+0000] {logging_mixin.py:188} INFO - [2024-06-18T16:35:56.912+0000] {dag.py:3954} INFO - Setting next_dagrun for dataset_produces_1 to 2024-06-17 00:00:00+00:00, run_after=2024-06-18 00:00:00+00:00
[2024-06-18T16:35:56.914+0000] {logging_mixin.py:188} INFO - [2024-06-18T16:35:56.913+0000] {dag.py:3954} INFO - Setting next_dagrun for dataset_produces_2 to None, run_after=None
[2024-06-18T16:35:56.948+0000] {processor.py:183} INFO - Processing /home/airflow/.local/lib/python3.12/site-packages/airflow/example_dags/example_datasets.py took 0.174 seconds
[2024-06-18T16:36:27.001+0000] {processor.py:161} INFO - Started process (PID=1056) to work on /home/airflow/.local/lib/python3.12/site-packages/airflow/example_dags/example_datasets.py
[2024-06-18T16:36:27.002+0000] {processor.py:830} INFO - Processing file /home/airflow/.local/lib/python3.12/site-packages/airflow/example_dags/example_datasets.py for tasks to queue
[2024-06-18T16:36:27.005+0000] {logging_mixin.py:188} INFO - [2024-06-18T16:36:27.004+0000] {dagbag.py:545} INFO - Filling up the DagBag from /home/airflow/.local/lib/python3.12/site-packages/airflow/example_dags/example_datasets.py
[2024-06-18T16:36:27.024+0000] {processor.py:840} INFO - DAG(s) 'consume_1_and_2_with_dataset_expressions', 'dataset_produces_2', 'consume_1_or_both_2_and_3_with_dataset_expressions', 'consume_1_or_2_with_dataset_expressions', 'dataset_consumes_1_and_2', 'conditional_dataset_and_time_based_timetable', 'dataset_consumes_unknown_never_scheduled', 'dataset_consumes_1_never_scheduled', 'dataset_produces_1', 'dataset_consumes_1' retrieved from /home/airflow/.local/lib/python3.12/site-packages/airflow/example_dags/example_datasets.py
[2024-06-18T16:36:27.081+0000] {logging_mixin.py:188} INFO - [2024-06-18T16:36:27.080+0000] {dag.py:3096} INFO - Sync 10 DAGs
[2024-06-18T16:36:27.112+0000] {logging_mixin.py:188} INFO - [2024-06-18T16:36:27.112+0000] {dag.py:3954} INFO - Setting next_dagrun for conditional_dataset_and_time_based_timetable to 2024-06-12 01:00:00+00:00, run_after=2024-06-12 01:00:00+00:00
[2024-06-18T16:36:27.117+0000] {logging_mixin.py:188} INFO - [2024-06-18T16:36:27.117+0000] {dag.py:3954} INFO - Setting next_dagrun for consume_1_and_2_with_dataset_expressions to None, run_after=None
[2024-06-18T16:36:27.119+0000] {logging_mixin.py:188} INFO - [2024-06-18T16:36:27.118+0000] {dag.py:3954} INFO - Setting next_dagrun for consume_1_or_2_with_dataset_expressions to None, run_after=None
[2024-06-18T16:36:27.120+0000] {logging_mixin.py:188} INFO - [2024-06-18T16:36:27.120+0000] {dag.py:3954} INFO - Setting next_dagrun for consume_1_or_both_2_and_3_with_dataset_expressions to None, run_after=None
[2024-06-18T16:36:27.121+0000] {logging_mixin.py:188} INFO - [2024-06-18T16:36:27.121+0000] {dag.py:3954} INFO - Setting next_dagrun for dataset_consumes_1 to None, run_after=None
[2024-06-18T16:36:27.122+0000] {logging_mixin.py:188} INFO - [2024-06-18T16:36:27.122+0000] {dag.py:3954} INFO - Setting next_dagrun for dataset_consumes_1_and_2 to None, run_after=None
[2024-06-18T16:36:27.124+0000] {logging_mixin.py:188} INFO - [2024-06-18T16:36:27.123+0000] {dag.py:3954} INFO - Setting next_dagrun for dataset_consumes_1_never_scheduled to None, run_after=None
[2024-06-18T16:36:27.125+0000] {logging_mixin.py:188} INFO - [2024-06-18T16:36:27.125+0000] {dag.py:3954} INFO - Setting next_dagrun for dataset_consumes_unknown_never_scheduled to None, run_after=None
[2024-06-18T16:36:27.127+0000] {logging_mixin.py:188} INFO - [2024-06-18T16:36:27.127+0000] {dag.py:3954} INFO - Setting next_dagrun for dataset_produces_1 to 2024-06-17 00:00:00+00:00, run_after=2024-06-18 00:00:00+00:00
[2024-06-18T16:36:27.128+0000] {logging_mixin.py:188} INFO - [2024-06-18T16:36:27.128+0000] {dag.py:3954} INFO - Setting next_dagrun for dataset_produces_2 to None, run_after=None
[2024-06-18T16:36:27.166+0000] {processor.py:183} INFO - Processing /home/airflow/.local/lib/python3.12/site-packages/airflow/example_dags/example_datasets.py took 0.173 seconds
[2024-06-18T16:36:58.099+0000] {processor.py:161} INFO - Started process (PID=1114) to work on /home/airflow/.local/lib/python3.12/site-packages/airflow/example_dags/example_datasets.py
[2024-06-18T16:36:58.100+0000] {processor.py:830} INFO - Processing file /home/airflow/.local/lib/python3.12/site-packages/airflow/example_dags/example_datasets.py for tasks to queue
[2024-06-18T16:36:58.103+0000] {logging_mixin.py:188} INFO - [2024-06-18T16:36:58.103+0000] {dagbag.py:545} INFO - Filling up the DagBag from /home/airflow/.local/lib/python3.12/site-packages/airflow/example_dags/example_datasets.py
[2024-06-18T16:36:58.122+0000] {processor.py:840} INFO - DAG(s) 'consume_1_or_2_with_dataset_expressions', 'consume_1_and_2_with_dataset_expressions', 'dataset_consumes_1_never_scheduled', 'dataset_produces_2', 'dataset_consumes_1', 'dataset_consumes_1_and_2', 'consume_1_or_both_2_and_3_with_dataset_expressions', 'dataset_produces_1', 'conditional_dataset_and_time_based_timetable', 'dataset_consumes_unknown_never_scheduled' retrieved from /home/airflow/.local/lib/python3.12/site-packages/airflow/example_dags/example_datasets.py
[2024-06-18T16:36:58.179+0000] {logging_mixin.py:188} INFO - [2024-06-18T16:36:58.178+0000] {dag.py:3096} INFO - Sync 10 DAGs
[2024-06-18T16:36:58.219+0000] {logging_mixin.py:188} INFO - [2024-06-18T16:36:58.218+0000] {dag.py:3954} INFO - Setting next_dagrun for conditional_dataset_and_time_based_timetable to 2024-06-12 01:00:00+00:00, run_after=2024-06-12 01:00:00+00:00
[2024-06-18T16:36:58.226+0000] {logging_mixin.py:188} INFO - [2024-06-18T16:36:58.226+0000] {dag.py:3954} INFO - Setting next_dagrun for consume_1_and_2_with_dataset_expressions to None, run_after=None
[2024-06-18T16:36:58.228+0000] {logging_mixin.py:188} INFO - [2024-06-18T16:36:58.228+0000] {dag.py:3954} INFO - Setting next_dagrun for consume_1_or_2_with_dataset_expressions to None, run_after=None
[2024-06-18T16:36:58.231+0000] {logging_mixin.py:188} INFO - [2024-06-18T16:36:58.230+0000] {dag.py:3954} INFO - Setting next_dagrun for consume_1_or_both_2_and_3_with_dataset_expressions to None, run_after=None
[2024-06-18T16:36:58.232+0000] {logging_mixin.py:188} INFO - [2024-06-18T16:36:58.232+0000] {dag.py:3954} INFO - Setting next_dagrun for dataset_consumes_1 to None, run_after=None
[2024-06-18T16:36:58.234+0000] {logging_mixin.py:188} INFO - [2024-06-18T16:36:58.234+0000] {dag.py:3954} INFO - Setting next_dagrun for dataset_consumes_1_and_2 to None, run_after=None
[2024-06-18T16:36:58.236+0000] {logging_mixin.py:188} INFO - [2024-06-18T16:36:58.236+0000] {dag.py:3954} INFO - Setting next_dagrun for dataset_consumes_1_never_scheduled to None, run_after=None
[2024-06-18T16:36:58.238+0000] {logging_mixin.py:188} INFO - [2024-06-18T16:36:58.238+0000] {dag.py:3954} INFO - Setting next_dagrun for dataset_consumes_unknown_never_scheduled to None, run_after=None
[2024-06-18T16:36:58.242+0000] {logging_mixin.py:188} INFO - [2024-06-18T16:36:58.242+0000] {dag.py:3954} INFO - Setting next_dagrun for dataset_produces_1 to 2024-06-17 00:00:00+00:00, run_after=2024-06-18 00:00:00+00:00
[2024-06-18T16:36:58.244+0000] {logging_mixin.py:188} INFO - [2024-06-18T16:36:58.244+0000] {dag.py:3954} INFO - Setting next_dagrun for dataset_produces_2 to None, run_after=None
[2024-06-18T16:36:58.286+0000] {processor.py:183} INFO - Processing /home/airflow/.local/lib/python3.12/site-packages/airflow/example_dags/example_datasets.py took 0.198 seconds
[2024-06-18T16:38:52.667+0000] {processor.py:161} INFO - Started process (PID=63) to work on /home/airflow/.local/lib/python3.12/site-packages/airflow/example_dags/example_datasets.py
[2024-06-18T16:38:52.669+0000] {processor.py:830} INFO - Processing file /home/airflow/.local/lib/python3.12/site-packages/airflow/example_dags/example_datasets.py for tasks to queue
[2024-06-18T16:38:52.671+0000] {logging_mixin.py:188} INFO - [2024-06-18T16:38:52.671+0000] {dagbag.py:545} INFO - Filling up the DagBag from /home/airflow/.local/lib/python3.12/site-packages/airflow/example_dags/example_datasets.py
[2024-06-18T16:38:52.694+0000] {processor.py:840} INFO - DAG(s) 'consume_1_and_2_with_dataset_expressions', 'dataset_consumes_1', 'consume_1_or_2_with_dataset_expressions', 'dataset_produces_2', 'conditional_dataset_and_time_based_timetable', 'consume_1_or_both_2_and_3_with_dataset_expressions', 'dataset_consumes_1_never_scheduled', 'dataset_consumes_1_and_2', 'dataset_produces_1', 'dataset_consumes_unknown_never_scheduled' retrieved from /home/airflow/.local/lib/python3.12/site-packages/airflow/example_dags/example_datasets.py
[2024-06-18T16:38:52.716+0000] {logging_mixin.py:188} INFO - [2024-06-18T16:38:52.715+0000] {dag.py:3096} INFO - Sync 10 DAGs
[2024-06-18T16:38:52.750+0000] {logging_mixin.py:188} INFO - [2024-06-18T16:38:52.749+0000] {dag.py:3954} INFO - Setting next_dagrun for conditional_dataset_and_time_based_timetable to 2024-06-12 01:00:00+00:00, run_after=2024-06-12 01:00:00+00:00
[2024-06-18T16:38:52.755+0000] {logging_mixin.py:188} INFO - [2024-06-18T16:38:52.754+0000] {dag.py:3954} INFO - Setting next_dagrun for consume_1_and_2_with_dataset_expressions to None, run_after=None
[2024-06-18T16:38:52.756+0000] {logging_mixin.py:188} INFO - [2024-06-18T16:38:52.756+0000] {dag.py:3954} INFO - Setting next_dagrun for consume_1_or_2_with_dataset_expressions to None, run_after=None
[2024-06-18T16:38:52.758+0000] {logging_mixin.py:188} INFO - [2024-06-18T16:38:52.757+0000] {dag.py:3954} INFO - Setting next_dagrun for consume_1_or_both_2_and_3_with_dataset_expressions to None, run_after=None
[2024-06-18T16:38:52.759+0000] {logging_mixin.py:188} INFO - [2024-06-18T16:38:52.759+0000] {dag.py:3954} INFO - Setting next_dagrun for dataset_consumes_1 to None, run_after=None
[2024-06-18T16:38:52.760+0000] {logging_mixin.py:188} INFO - [2024-06-18T16:38:52.760+0000] {dag.py:3954} INFO - Setting next_dagrun for dataset_consumes_1_and_2 to None, run_after=None
[2024-06-18T16:38:52.761+0000] {logging_mixin.py:188} INFO - [2024-06-18T16:38:52.761+0000] {dag.py:3954} INFO - Setting next_dagrun for dataset_consumes_1_never_scheduled to None, run_after=None
[2024-06-18T16:38:52.762+0000] {logging_mixin.py:188} INFO - [2024-06-18T16:38:52.762+0000] {dag.py:3954} INFO - Setting next_dagrun for dataset_consumes_unknown_never_scheduled to None, run_after=None
[2024-06-18T16:38:52.765+0000] {logging_mixin.py:188} INFO - [2024-06-18T16:38:52.765+0000] {dag.py:3954} INFO - Setting next_dagrun for dataset_produces_1 to 2024-06-17 00:00:00+00:00, run_after=2024-06-18 00:00:00+00:00
[2024-06-18T16:38:52.766+0000] {logging_mixin.py:188} INFO - [2024-06-18T16:38:52.766+0000] {dag.py:3954} INFO - Setting next_dagrun for dataset_produces_2 to None, run_after=None
[2024-06-18T16:38:52.810+0000] {processor.py:183} INFO - Processing /home/airflow/.local/lib/python3.12/site-packages/airflow/example_dags/example_datasets.py took 0.150 seconds
[2024-06-18T16:39:24.864+0000] {processor.py:161} INFO - Started process (PID=120) to work on /home/airflow/.local/lib/python3.12/site-packages/airflow/example_dags/example_datasets.py
[2024-06-18T16:39:24.865+0000] {processor.py:830} INFO - Processing file /home/airflow/.local/lib/python3.12/site-packages/airflow/example_dags/example_datasets.py for tasks to queue
[2024-06-18T16:39:24.867+0000] {logging_mixin.py:188} INFO - [2024-06-18T16:39:24.867+0000] {dagbag.py:545} INFO - Filling up the DagBag from /home/airflow/.local/lib/python3.12/site-packages/airflow/example_dags/example_datasets.py
[2024-06-18T16:39:24.885+0000] {processor.py:840} INFO - DAG(s) 'dataset_produces_2', 'consume_1_and_2_with_dataset_expressions', 'dataset_consumes_unknown_never_scheduled', 'dataset_consumes_1_never_scheduled', 'dataset_produces_1', 'conditional_dataset_and_time_based_timetable', 'dataset_consumes_1_and_2', 'consume_1_or_2_with_dataset_expressions', 'dataset_consumes_1', 'consume_1_or_both_2_and_3_with_dataset_expressions' retrieved from /home/airflow/.local/lib/python3.12/site-packages/airflow/example_dags/example_datasets.py
[2024-06-18T16:39:25.112+0000] {logging_mixin.py:188} INFO - [2024-06-18T16:39:25.112+0000] {dag.py:3096} INFO - Sync 10 DAGs
[2024-06-18T16:39:25.142+0000] {logging_mixin.py:188} INFO - [2024-06-18T16:39:25.142+0000] {dag.py:3954} INFO - Setting next_dagrun for conditional_dataset_and_time_based_timetable to 2024-06-12 01:00:00+00:00, run_after=2024-06-12 01:00:00+00:00
[2024-06-18T16:39:25.146+0000] {logging_mixin.py:188} INFO - [2024-06-18T16:39:25.145+0000] {dag.py:3954} INFO - Setting next_dagrun for consume_1_and_2_with_dataset_expressions to None, run_after=None
[2024-06-18T16:39:25.147+0000] {logging_mixin.py:188} INFO - [2024-06-18T16:39:25.147+0000] {dag.py:3954} INFO - Setting next_dagrun for consume_1_or_2_with_dataset_expressions to None, run_after=None
[2024-06-18T16:39:25.149+0000] {logging_mixin.py:188} INFO - [2024-06-18T16:39:25.148+0000] {dag.py:3954} INFO - Setting next_dagrun for consume_1_or_both_2_and_3_with_dataset_expressions to None, run_after=None
[2024-06-18T16:39:25.150+0000] {logging_mixin.py:188} INFO - [2024-06-18T16:39:25.150+0000] {dag.py:3954} INFO - Setting next_dagrun for dataset_consumes_1 to None, run_after=None
[2024-06-18T16:39:25.151+0000] {logging_mixin.py:188} INFO - [2024-06-18T16:39:25.151+0000] {dag.py:3954} INFO - Setting next_dagrun for dataset_consumes_1_and_2 to None, run_after=None
[2024-06-18T16:39:25.153+0000] {logging_mixin.py:188} INFO - [2024-06-18T16:39:25.153+0000] {dag.py:3954} INFO - Setting next_dagrun for dataset_consumes_1_never_scheduled to None, run_after=None
[2024-06-18T16:39:25.154+0000] {logging_mixin.py:188} INFO - [2024-06-18T16:39:25.154+0000] {dag.py:3954} INFO - Setting next_dagrun for dataset_consumes_unknown_never_scheduled to None, run_after=None
[2024-06-18T16:39:25.157+0000] {logging_mixin.py:188} INFO - [2024-06-18T16:39:25.157+0000] {dag.py:3954} INFO - Setting next_dagrun for dataset_produces_1 to 2024-06-17 00:00:00+00:00, run_after=2024-06-18 00:00:00+00:00
[2024-06-18T16:39:25.158+0000] {logging_mixin.py:188} INFO - [2024-06-18T16:39:25.158+0000] {dag.py:3954} INFO - Setting next_dagrun for dataset_produces_2 to None, run_after=None
[2024-06-18T16:39:25.202+0000] {processor.py:183} INFO - Processing /home/airflow/.local/lib/python3.12/site-packages/airflow/example_dags/example_datasets.py took 0.346 seconds
[2024-06-18T16:39:56.116+0000] {processor.py:161} INFO - Started process (PID=178) to work on /home/airflow/.local/lib/python3.12/site-packages/airflow/example_dags/example_datasets.py
[2024-06-18T16:39:56.118+0000] {processor.py:830} INFO - Processing file /home/airflow/.local/lib/python3.12/site-packages/airflow/example_dags/example_datasets.py for tasks to queue
[2024-06-18T16:39:56.121+0000] {logging_mixin.py:188} INFO - [2024-06-18T16:39:56.121+0000] {dagbag.py:545} INFO - Filling up the DagBag from /home/airflow/.local/lib/python3.12/site-packages/airflow/example_dags/example_datasets.py
[2024-06-18T16:39:56.146+0000] {processor.py:840} INFO - DAG(s) 'dataset_produces_1', 'consume_1_or_both_2_and_3_with_dataset_expressions', 'consume_1_and_2_with_dataset_expressions', 'dataset_consumes_1', 'dataset_consumes_unknown_never_scheduled', 'dataset_consumes_1_never_scheduled', 'conditional_dataset_and_time_based_timetable', 'dataset_produces_2', 'dataset_consumes_1_and_2', 'consume_1_or_2_with_dataset_expressions' retrieved from /home/airflow/.local/lib/python3.12/site-packages/airflow/example_dags/example_datasets.py
[2024-06-18T16:39:56.216+0000] {logging_mixin.py:188} INFO - [2024-06-18T16:39:56.216+0000] {dag.py:3096} INFO - Sync 10 DAGs
[2024-06-18T16:39:56.249+0000] {logging_mixin.py:188} INFO - [2024-06-18T16:39:56.248+0000] {dag.py:3954} INFO - Setting next_dagrun for conditional_dataset_and_time_based_timetable to 2024-06-12 01:00:00+00:00, run_after=2024-06-12 01:00:00+00:00
[2024-06-18T16:39:56.254+0000] {logging_mixin.py:188} INFO - [2024-06-18T16:39:56.254+0000] {dag.py:3954} INFO - Setting next_dagrun for consume_1_and_2_with_dataset_expressions to None, run_after=None
[2024-06-18T16:39:56.256+0000] {logging_mixin.py:188} INFO - [2024-06-18T16:39:56.255+0000] {dag.py:3954} INFO - Setting next_dagrun for consume_1_or_2_with_dataset_expressions to None, run_after=None
[2024-06-18T16:39:56.257+0000] {logging_mixin.py:188} INFO - [2024-06-18T16:39:56.257+0000] {dag.py:3954} INFO - Setting next_dagrun for consume_1_or_both_2_and_3_with_dataset_expressions to None, run_after=None
[2024-06-18T16:39:56.259+0000] {logging_mixin.py:188} INFO - [2024-06-18T16:39:56.258+0000] {dag.py:3954} INFO - Setting next_dagrun for dataset_consumes_1 to None, run_after=None
[2024-06-18T16:39:56.260+0000] {logging_mixin.py:188} INFO - [2024-06-18T16:39:56.260+0000] {dag.py:3954} INFO - Setting next_dagrun for dataset_consumes_1_and_2 to None, run_after=None
[2024-06-18T16:39:56.261+0000] {logging_mixin.py:188} INFO - [2024-06-18T16:39:56.261+0000] {dag.py:3954} INFO - Setting next_dagrun for dataset_consumes_1_never_scheduled to None, run_after=None
[2024-06-18T16:39:56.263+0000] {logging_mixin.py:188} INFO - [2024-06-18T16:39:56.262+0000] {dag.py:3954} INFO - Setting next_dagrun for dataset_consumes_unknown_never_scheduled to None, run_after=None
[2024-06-18T16:39:56.265+0000] {logging_mixin.py:188} INFO - [2024-06-18T16:39:56.265+0000] {dag.py:3954} INFO - Setting next_dagrun for dataset_produces_1 to 2024-06-17 00:00:00+00:00, run_after=2024-06-18 00:00:00+00:00
[2024-06-18T16:39:56.267+0000] {logging_mixin.py:188} INFO - [2024-06-18T16:39:56.266+0000] {dag.py:3954} INFO - Setting next_dagrun for dataset_produces_2 to None, run_after=None
[2024-06-18T16:39:56.307+0000] {processor.py:183} INFO - Processing /home/airflow/.local/lib/python3.12/site-packages/airflow/example_dags/example_datasets.py took 0.200 seconds
[2024-06-18T16:40:26.355+0000] {processor.py:161} INFO - Started process (PID=236) to work on /home/airflow/.local/lib/python3.12/site-packages/airflow/example_dags/example_datasets.py
[2024-06-18T16:40:26.357+0000] {processor.py:830} INFO - Processing file /home/airflow/.local/lib/python3.12/site-packages/airflow/example_dags/example_datasets.py for tasks to queue
[2024-06-18T16:40:26.359+0000] {logging_mixin.py:188} INFO - [2024-06-18T16:40:26.359+0000] {dagbag.py:545} INFO - Filling up the DagBag from /home/airflow/.local/lib/python3.12/site-packages/airflow/example_dags/example_datasets.py
[2024-06-18T16:40:26.381+0000] {processor.py:840} INFO - DAG(s) 'consume_1_or_2_with_dataset_expressions', 'consume_1_and_2_with_dataset_expressions', 'dataset_consumes_1_never_scheduled', 'dataset_produces_1', 'conditional_dataset_and_time_based_timetable', 'dataset_consumes_unknown_never_scheduled', 'dataset_consumes_1', 'dataset_consumes_1_and_2', 'dataset_produces_2', 'consume_1_or_both_2_and_3_with_dataset_expressions' retrieved from /home/airflow/.local/lib/python3.12/site-packages/airflow/example_dags/example_datasets.py
[2024-06-18T16:40:26.453+0000] {logging_mixin.py:188} INFO - [2024-06-18T16:40:26.452+0000] {dag.py:3096} INFO - Sync 10 DAGs
[2024-06-18T16:40:26.485+0000] {logging_mixin.py:188} INFO - [2024-06-18T16:40:26.484+0000] {dag.py:3954} INFO - Setting next_dagrun for conditional_dataset_and_time_based_timetable to 2024-06-12 01:00:00+00:00, run_after=2024-06-12 01:00:00+00:00
[2024-06-18T16:40:26.490+0000] {logging_mixin.py:188} INFO - [2024-06-18T16:40:26.489+0000] {dag.py:3954} INFO - Setting next_dagrun for consume_1_and_2_with_dataset_expressions to None, run_after=None
[2024-06-18T16:40:26.491+0000] {logging_mixin.py:188} INFO - [2024-06-18T16:40:26.491+0000] {dag.py:3954} INFO - Setting next_dagrun for consume_1_or_2_with_dataset_expressions to None, run_after=None
[2024-06-18T16:40:26.492+0000] {logging_mixin.py:188} INFO - [2024-06-18T16:40:26.492+0000] {dag.py:3954} INFO - Setting next_dagrun for consume_1_or_both_2_and_3_with_dataset_expressions to None, run_after=None
[2024-06-18T16:40:26.493+0000] {logging_mixin.py:188} INFO - [2024-06-18T16:40:26.493+0000] {dag.py:3954} INFO - Setting next_dagrun for dataset_consumes_1 to None, run_after=None
[2024-06-18T16:40:26.495+0000] {logging_mixin.py:188} INFO - [2024-06-18T16:40:26.495+0000] {dag.py:3954} INFO - Setting next_dagrun for dataset_consumes_1_and_2 to None, run_after=None
[2024-06-18T16:40:26.496+0000] {logging_mixin.py:188} INFO - [2024-06-18T16:40:26.496+0000] {dag.py:3954} INFO - Setting next_dagrun for dataset_consumes_1_never_scheduled to None, run_after=None
[2024-06-18T16:40:26.497+0000] {logging_mixin.py:188} INFO - [2024-06-18T16:40:26.497+0000] {dag.py:3954} INFO - Setting next_dagrun for dataset_consumes_unknown_never_scheduled to None, run_after=None
[2024-06-18T16:40:26.500+0000] {logging_mixin.py:188} INFO - [2024-06-18T16:40:26.500+0000] {dag.py:3954} INFO - Setting next_dagrun for dataset_produces_1 to 2024-06-17 00:00:00+00:00, run_after=2024-06-18 00:00:00+00:00
[2024-06-18T16:40:26.501+0000] {logging_mixin.py:188} INFO - [2024-06-18T16:40:26.501+0000] {dag.py:3954} INFO - Setting next_dagrun for dataset_produces_2 to None, run_after=None
[2024-06-18T16:40:26.538+0000] {processor.py:183} INFO - Processing /home/airflow/.local/lib/python3.12/site-packages/airflow/example_dags/example_datasets.py took 0.191 seconds
[2024-06-18T16:40:56.740+0000] {processor.py:161} INFO - Started process (PID=294) to work on /home/airflow/.local/lib/python3.12/site-packages/airflow/example_dags/example_datasets.py
[2024-06-18T16:40:56.742+0000] {processor.py:830} INFO - Processing file /home/airflow/.local/lib/python3.12/site-packages/airflow/example_dags/example_datasets.py for tasks to queue
[2024-06-18T16:40:56.744+0000] {logging_mixin.py:188} INFO - [2024-06-18T16:40:56.744+0000] {dagbag.py:545} INFO - Filling up the DagBag from /home/airflow/.local/lib/python3.12/site-packages/airflow/example_dags/example_datasets.py
[2024-06-18T16:40:56.764+0000] {processor.py:840} INFO - DAG(s) 'conditional_dataset_and_time_based_timetable', 'dataset_consumes_1_never_scheduled', 'consume_1_and_2_with_dataset_expressions', 'dataset_consumes_1', 'dataset_consumes_1_and_2', 'dataset_consumes_unknown_never_scheduled', 'consume_1_or_both_2_and_3_with_dataset_expressions', 'consume_1_or_2_with_dataset_expressions', 'dataset_produces_2', 'dataset_produces_1' retrieved from /home/airflow/.local/lib/python3.12/site-packages/airflow/example_dags/example_datasets.py
[2024-06-18T16:40:56.826+0000] {logging_mixin.py:188} INFO - [2024-06-18T16:40:56.826+0000] {dag.py:3096} INFO - Sync 10 DAGs
[2024-06-18T16:40:56.864+0000] {logging_mixin.py:188} INFO - [2024-06-18T16:40:56.864+0000] {dag.py:3954} INFO - Setting next_dagrun for conditional_dataset_and_time_based_timetable to 2024-06-12 01:00:00+00:00, run_after=2024-06-12 01:00:00+00:00
[2024-06-18T16:40:56.869+0000] {logging_mixin.py:188} INFO - [2024-06-18T16:40:56.869+0000] {dag.py:3954} INFO - Setting next_dagrun for consume_1_and_2_with_dataset_expressions to None, run_after=None
[2024-06-18T16:40:56.871+0000] {logging_mixin.py:188} INFO - [2024-06-18T16:40:56.871+0000] {dag.py:3954} INFO - Setting next_dagrun for consume_1_or_2_with_dataset_expressions to None, run_after=None
[2024-06-18T16:40:56.872+0000] {logging_mixin.py:188} INFO - [2024-06-18T16:40:56.872+0000] {dag.py:3954} INFO - Setting next_dagrun for consume_1_or_both_2_and_3_with_dataset_expressions to None, run_after=None
[2024-06-18T16:40:56.874+0000] {logging_mixin.py:188} INFO - [2024-06-18T16:40:56.873+0000] {dag.py:3954} INFO - Setting next_dagrun for dataset_consumes_1 to None, run_after=None
[2024-06-18T16:40:56.875+0000] {logging_mixin.py:188} INFO - [2024-06-18T16:40:56.875+0000] {dag.py:3954} INFO - Setting next_dagrun for dataset_consumes_1_and_2 to None, run_after=None
[2024-06-18T16:40:56.876+0000] {logging_mixin.py:188} INFO - [2024-06-18T16:40:56.876+0000] {dag.py:3954} INFO - Setting next_dagrun for dataset_consumes_1_never_scheduled to None, run_after=None
[2024-06-18T16:40:56.878+0000] {logging_mixin.py:188} INFO - [2024-06-18T16:40:56.877+0000] {dag.py:3954} INFO - Setting next_dagrun for dataset_consumes_unknown_never_scheduled to None, run_after=None
[2024-06-18T16:40:56.881+0000] {logging_mixin.py:188} INFO - [2024-06-18T16:40:56.880+0000] {dag.py:3954} INFO - Setting next_dagrun for dataset_produces_1 to 2024-06-17 00:00:00+00:00, run_after=2024-06-18 00:00:00+00:00
[2024-06-18T16:40:56.882+0000] {logging_mixin.py:188} INFO - [2024-06-18T16:40:56.882+0000] {dag.py:3954} INFO - Setting next_dagrun for dataset_produces_2 to None, run_after=None
[2024-06-18T16:40:56.936+0000] {processor.py:183} INFO - Processing /home/airflow/.local/lib/python3.12/site-packages/airflow/example_dags/example_datasets.py took 0.205 seconds
[2024-06-18T16:41:27.509+0000] {processor.py:161} INFO - Started process (PID=352) to work on /home/airflow/.local/lib/python3.12/site-packages/airflow/example_dags/example_datasets.py
[2024-06-18T16:41:27.510+0000] {processor.py:830} INFO - Processing file /home/airflow/.local/lib/python3.12/site-packages/airflow/example_dags/example_datasets.py for tasks to queue
[2024-06-18T16:41:27.513+0000] {logging_mixin.py:188} INFO - [2024-06-18T16:41:27.512+0000] {dagbag.py:545} INFO - Filling up the DagBag from /home/airflow/.local/lib/python3.12/site-packages/airflow/example_dags/example_datasets.py
[2024-06-18T16:41:27.530+0000] {processor.py:840} INFO - DAG(s) 'dataset_produces_2', 'dataset_consumes_1', 'consume_1_or_both_2_and_3_with_dataset_expressions', 'consume_1_or_2_with_dataset_expressions', 'dataset_produces_1', 'conditional_dataset_and_time_based_timetable', 'consume_1_and_2_with_dataset_expressions', 'dataset_consumes_1_never_scheduled', 'dataset_consumes_1_and_2', 'dataset_consumes_unknown_never_scheduled' retrieved from /home/airflow/.local/lib/python3.12/site-packages/airflow/example_dags/example_datasets.py
[2024-06-18T16:41:27.585+0000] {logging_mixin.py:188} INFO - [2024-06-18T16:41:27.584+0000] {dag.py:3096} INFO - Sync 10 DAGs
[2024-06-18T16:41:27.614+0000] {logging_mixin.py:188} INFO - [2024-06-18T16:41:27.613+0000] {dag.py:3954} INFO - Setting next_dagrun for conditional_dataset_and_time_based_timetable to 2024-06-12 01:00:00+00:00, run_after=2024-06-12 01:00:00+00:00
[2024-06-18T16:41:27.618+0000] {logging_mixin.py:188} INFO - [2024-06-18T16:41:27.618+0000] {dag.py:3954} INFO - Setting next_dagrun for consume_1_and_2_with_dataset_expressions to None, run_after=None
[2024-06-18T16:41:27.620+0000] {logging_mixin.py:188} INFO - [2024-06-18T16:41:27.619+0000] {dag.py:3954} INFO - Setting next_dagrun for consume_1_or_2_with_dataset_expressions to None, run_after=None
[2024-06-18T16:41:27.621+0000] {logging_mixin.py:188} INFO - [2024-06-18T16:41:27.621+0000] {dag.py:3954} INFO - Setting next_dagrun for consume_1_or_both_2_and_3_with_dataset_expressions to None, run_after=None
[2024-06-18T16:41:27.623+0000] {logging_mixin.py:188} INFO - [2024-06-18T16:41:27.623+0000] {dag.py:3954} INFO - Setting next_dagrun for dataset_consumes_1 to None, run_after=None
[2024-06-18T16:41:27.625+0000] {logging_mixin.py:188} INFO - [2024-06-18T16:41:27.625+0000] {dag.py:3954} INFO - Setting next_dagrun for dataset_consumes_1_and_2 to None, run_after=None
[2024-06-18T16:41:27.627+0000] {logging_mixin.py:188} INFO - [2024-06-18T16:41:27.626+0000] {dag.py:3954} INFO - Setting next_dagrun for dataset_consumes_1_never_scheduled to None, run_after=None
[2024-06-18T16:41:27.628+0000] {logging_mixin.py:188} INFO - [2024-06-18T16:41:27.628+0000] {dag.py:3954} INFO - Setting next_dagrun for dataset_consumes_unknown_never_scheduled to None, run_after=None
[2024-06-18T16:41:27.632+0000] {logging_mixin.py:188} INFO - [2024-06-18T16:41:27.632+0000] {dag.py:3954} INFO - Setting next_dagrun for dataset_produces_1 to 2024-06-17 00:00:00+00:00, run_after=2024-06-18 00:00:00+00:00
[2024-06-18T16:41:27.633+0000] {logging_mixin.py:188} INFO - [2024-06-18T16:41:27.633+0000] {dag.py:3954} INFO - Setting next_dagrun for dataset_produces_2 to None, run_after=None
[2024-06-18T16:41:27.671+0000] {processor.py:183} INFO - Processing /home/airflow/.local/lib/python3.12/site-packages/airflow/example_dags/example_datasets.py took 0.170 seconds
[2024-06-18T16:41:57.930+0000] {processor.py:161} INFO - Started process (PID=410) to work on /home/airflow/.local/lib/python3.12/site-packages/airflow/example_dags/example_datasets.py
[2024-06-18T16:41:57.932+0000] {processor.py:830} INFO - Processing file /home/airflow/.local/lib/python3.12/site-packages/airflow/example_dags/example_datasets.py for tasks to queue
[2024-06-18T16:41:57.934+0000] {logging_mixin.py:188} INFO - [2024-06-18T16:41:57.934+0000] {dagbag.py:545} INFO - Filling up the DagBag from /home/airflow/.local/lib/python3.12/site-packages/airflow/example_dags/example_datasets.py
[2024-06-18T16:41:57.952+0000] {processor.py:840} INFO - DAG(s) 'dataset_produces_2', 'consume_1_or_both_2_and_3_with_dataset_expressions', 'consume_1_or_2_with_dataset_expressions', 'conditional_dataset_and_time_based_timetable', 'dataset_consumes_1_never_scheduled', 'dataset_produces_1', 'dataset_consumes_1', 'dataset_consumes_1_and_2', 'consume_1_and_2_with_dataset_expressions', 'dataset_consumes_unknown_never_scheduled' retrieved from /home/airflow/.local/lib/python3.12/site-packages/airflow/example_dags/example_datasets.py
[2024-06-18T16:41:58.022+0000] {logging_mixin.py:188} INFO - [2024-06-18T16:41:58.022+0000] {dag.py:3096} INFO - Sync 10 DAGs
[2024-06-18T16:41:58.056+0000] {logging_mixin.py:188} INFO - [2024-06-18T16:41:58.055+0000] {dag.py:3954} INFO - Setting next_dagrun for conditional_dataset_and_time_based_timetable to 2024-06-12 01:00:00+00:00, run_after=2024-06-12 01:00:00+00:00
[2024-06-18T16:41:58.060+0000] {logging_mixin.py:188} INFO - [2024-06-18T16:41:58.060+0000] {dag.py:3954} INFO - Setting next_dagrun for consume_1_and_2_with_dataset_expressions to None, run_after=None
[2024-06-18T16:41:58.062+0000] {logging_mixin.py:188} INFO - [2024-06-18T16:41:58.061+0000] {dag.py:3954} INFO - Setting next_dagrun for consume_1_or_2_with_dataset_expressions to None, run_after=None
[2024-06-18T16:41:58.063+0000] {logging_mixin.py:188} INFO - [2024-06-18T16:41:58.063+0000] {dag.py:3954} INFO - Setting next_dagrun for consume_1_or_both_2_and_3_with_dataset_expressions to None, run_after=None
[2024-06-18T16:41:58.065+0000] {logging_mixin.py:188} INFO - [2024-06-18T16:41:58.064+0000] {dag.py:3954} INFO - Setting next_dagrun for dataset_consumes_1 to None, run_after=None
[2024-06-18T16:41:58.066+0000] {logging_mixin.py:188} INFO - [2024-06-18T16:41:58.066+0000] {dag.py:3954} INFO - Setting next_dagrun for dataset_consumes_1_and_2 to None, run_after=None
[2024-06-18T16:41:58.067+0000] {logging_mixin.py:188} INFO - [2024-06-18T16:41:58.067+0000] {dag.py:3954} INFO - Setting next_dagrun for dataset_consumes_1_never_scheduled to None, run_after=None
[2024-06-18T16:41:58.068+0000] {logging_mixin.py:188} INFO - [2024-06-18T16:41:58.068+0000] {dag.py:3954} INFO - Setting next_dagrun for dataset_consumes_unknown_never_scheduled to None, run_after=None
[2024-06-18T16:41:58.071+0000] {logging_mixin.py:188} INFO - [2024-06-18T16:41:58.071+0000] {dag.py:3954} INFO - Setting next_dagrun for dataset_produces_1 to 2024-06-17 00:00:00+00:00, run_after=2024-06-18 00:00:00+00:00
[2024-06-18T16:41:58.072+0000] {logging_mixin.py:188} INFO - [2024-06-18T16:41:58.072+0000] {dag.py:3954} INFO - Setting next_dagrun for dataset_produces_2 to None, run_after=None
[2024-06-18T16:41:58.111+0000] {processor.py:183} INFO - Processing /home/airflow/.local/lib/python3.12/site-packages/airflow/example_dags/example_datasets.py took 0.189 seconds
[2024-06-18T16:42:28.378+0000] {processor.py:161} INFO - Started process (PID=468) to work on /home/airflow/.local/lib/python3.12/site-packages/airflow/example_dags/example_datasets.py
[2024-06-18T16:42:28.379+0000] {processor.py:830} INFO - Processing file /home/airflow/.local/lib/python3.12/site-packages/airflow/example_dags/example_datasets.py for tasks to queue
[2024-06-18T16:42:28.382+0000] {logging_mixin.py:188} INFO - [2024-06-18T16:42:28.381+0000] {dagbag.py:545} INFO - Filling up the DagBag from /home/airflow/.local/lib/python3.12/site-packages/airflow/example_dags/example_datasets.py
[2024-06-18T16:42:28.402+0000] {processor.py:840} INFO - DAG(s) 'consume_1_or_2_with_dataset_expressions', 'conditional_dataset_and_time_based_timetable', 'dataset_produces_2', 'dataset_consumes_1', 'dataset_consumes_1_never_scheduled', 'dataset_consumes_unknown_never_scheduled', 'consume_1_and_2_with_dataset_expressions', 'dataset_consumes_1_and_2', 'consume_1_or_both_2_and_3_with_dataset_expressions', 'dataset_produces_1' retrieved from /home/airflow/.local/lib/python3.12/site-packages/airflow/example_dags/example_datasets.py
[2024-06-18T16:42:28.473+0000] {logging_mixin.py:188} INFO - [2024-06-18T16:42:28.473+0000] {dag.py:3096} INFO - Sync 10 DAGs
[2024-06-18T16:42:28.505+0000] {logging_mixin.py:188} INFO - [2024-06-18T16:42:28.505+0000] {dag.py:3954} INFO - Setting next_dagrun for conditional_dataset_and_time_based_timetable to 2024-06-12 01:00:00+00:00, run_after=2024-06-12 01:00:00+00:00
[2024-06-18T16:42:28.510+0000] {logging_mixin.py:188} INFO - [2024-06-18T16:42:28.509+0000] {dag.py:3954} INFO - Setting next_dagrun for consume_1_and_2_with_dataset_expressions to None, run_after=None
[2024-06-18T16:42:28.514+0000] {logging_mixin.py:188} INFO - [2024-06-18T16:42:28.514+0000] {dag.py:3954} INFO - Setting next_dagrun for consume_1_or_2_with_dataset_expressions to None, run_after=None
[2024-06-18T16:42:28.516+0000] {logging_mixin.py:188} INFO - [2024-06-18T16:42:28.516+0000] {dag.py:3954} INFO - Setting next_dagrun for consume_1_or_both_2_and_3_with_dataset_expressions to None, run_after=None
[2024-06-18T16:42:28.517+0000] {logging_mixin.py:188} INFO - [2024-06-18T16:42:28.517+0000] {dag.py:3954} INFO - Setting next_dagrun for dataset_consumes_1 to None, run_after=None
[2024-06-18T16:42:28.519+0000] {logging_mixin.py:188} INFO - [2024-06-18T16:42:28.518+0000] {dag.py:3954} INFO - Setting next_dagrun for dataset_consumes_1_and_2 to None, run_after=None
[2024-06-18T16:42:28.520+0000] {logging_mixin.py:188} INFO - [2024-06-18T16:42:28.520+0000] {dag.py:3954} INFO - Setting next_dagrun for dataset_consumes_1_never_scheduled to None, run_after=None
[2024-06-18T16:42:28.521+0000] {logging_mixin.py:188} INFO - [2024-06-18T16:42:28.521+0000] {dag.py:3954} INFO - Setting next_dagrun for dataset_consumes_unknown_never_scheduled to None, run_after=None
[2024-06-18T16:42:28.524+0000] {logging_mixin.py:188} INFO - [2024-06-18T16:42:28.524+0000] {dag.py:3954} INFO - Setting next_dagrun for dataset_produces_1 to 2024-06-17 00:00:00+00:00, run_after=2024-06-18 00:00:00+00:00
[2024-06-18T16:42:28.525+0000] {logging_mixin.py:188} INFO - [2024-06-18T16:42:28.525+0000] {dag.py:3954} INFO - Setting next_dagrun for dataset_produces_2 to None, run_after=None
[2024-06-18T16:42:28.568+0000] {processor.py:183} INFO - Processing /home/airflow/.local/lib/python3.12/site-packages/airflow/example_dags/example_datasets.py took 0.199 seconds
