[2024-06-18T16:27:48.854+0000] {processor.py:161} INFO - Started process (PID=61) to work on /home/airflow/.local/lib/python3.12/site-packages/airflow/example_dags/example_branch_python_dop_operator_3.py
[2024-06-18T16:27:48.855+0000] {processor.py:830} INFO - Processing file /home/airflow/.local/lib/python3.12/site-packages/airflow/example_dags/example_branch_python_dop_operator_3.py for tasks to queue
[2024-06-18T16:27:48.858+0000] {logging_mixin.py:188} INFO - [2024-06-18T16:27:48.858+0000] {dagbag.py:545} INFO - Filling up the DagBag from /home/airflow/.local/lib/python3.12/site-packages/airflow/example_dags/example_branch_python_dop_operator_3.py
[2024-06-18T16:27:48.873+0000] {processor.py:840} INFO - DAG(s) 'example_branch_dop_operator_v3' retrieved from /home/airflow/.local/lib/python3.12/site-packages/airflow/example_dags/example_branch_python_dop_operator_3.py
[2024-06-18T16:27:49.059+0000] {logging_mixin.py:188} INFO - [2024-06-18T16:27:49.059+0000] {dag.py:3096} INFO - Sync 1 DAGs
[2024-06-18T16:27:49.087+0000] {logging_mixin.py:188} INFO - [2024-06-18T16:27:49.087+0000] {dag.py:3954} INFO - Setting next_dagrun for example_branch_dop_operator_v3 to 2024-06-18 16:26:00+00:00, run_after=2024-06-18 16:27:00+00:00
[2024-06-18T16:27:49.107+0000] {processor.py:183} INFO - Processing /home/airflow/.local/lib/python3.12/site-packages/airflow/example_dags/example_branch_python_dop_operator_3.py took 0.270 seconds
[2024-06-18T16:28:19.406+0000] {processor.py:161} INFO - Started process (PID=119) to work on /home/airflow/.local/lib/python3.12/site-packages/airflow/example_dags/example_branch_python_dop_operator_3.py
[2024-06-18T16:28:19.407+0000] {processor.py:830} INFO - Processing file /home/airflow/.local/lib/python3.12/site-packages/airflow/example_dags/example_branch_python_dop_operator_3.py for tasks to queue
[2024-06-18T16:28:19.411+0000] {logging_mixin.py:188} INFO - [2024-06-18T16:28:19.410+0000] {dagbag.py:545} INFO - Filling up the DagBag from /home/airflow/.local/lib/python3.12/site-packages/airflow/example_dags/example_branch_python_dop_operator_3.py
[2024-06-18T16:28:19.425+0000] {processor.py:840} INFO - DAG(s) 'example_branch_dop_operator_v3' retrieved from /home/airflow/.local/lib/python3.12/site-packages/airflow/example_dags/example_branch_python_dop_operator_3.py
[2024-06-18T16:28:19.449+0000] {logging_mixin.py:188} INFO - [2024-06-18T16:28:19.449+0000] {dag.py:3096} INFO - Sync 1 DAGs
[2024-06-18T16:28:19.483+0000] {logging_mixin.py:188} INFO - [2024-06-18T16:28:19.483+0000] {dag.py:3954} INFO - Setting next_dagrun for example_branch_dop_operator_v3 to 2024-06-18 16:27:00+00:00, run_after=2024-06-18 16:28:00+00:00
[2024-06-18T16:28:19.505+0000] {processor.py:183} INFO - Processing /home/airflow/.local/lib/python3.12/site-packages/airflow/example_dags/example_branch_python_dop_operator_3.py took 0.109 seconds
[2024-06-18T16:28:49.869+0000] {processor.py:161} INFO - Started process (PID=177) to work on /home/airflow/.local/lib/python3.12/site-packages/airflow/example_dags/example_branch_python_dop_operator_3.py
[2024-06-18T16:28:49.870+0000] {processor.py:830} INFO - Processing file /home/airflow/.local/lib/python3.12/site-packages/airflow/example_dags/example_branch_python_dop_operator_3.py for tasks to queue
[2024-06-18T16:28:49.873+0000] {logging_mixin.py:188} INFO - [2024-06-18T16:28:49.873+0000] {dagbag.py:545} INFO - Filling up the DagBag from /home/airflow/.local/lib/python3.12/site-packages/airflow/example_dags/example_branch_python_dop_operator_3.py
[2024-06-18T16:28:49.887+0000] {processor.py:840} INFO - DAG(s) 'example_branch_dop_operator_v3' retrieved from /home/airflow/.local/lib/python3.12/site-packages/airflow/example_dags/example_branch_python_dop_operator_3.py
[2024-06-18T16:28:49.919+0000] {logging_mixin.py:188} INFO - [2024-06-18T16:28:49.919+0000] {dag.py:3096} INFO - Sync 1 DAGs
[2024-06-18T16:28:49.963+0000] {logging_mixin.py:188} INFO - [2024-06-18T16:28:49.962+0000] {dag.py:3954} INFO - Setting next_dagrun for example_branch_dop_operator_v3 to 2024-06-18 16:27:00+00:00, run_after=2024-06-18 16:28:00+00:00
[2024-06-18T16:28:49.989+0000] {processor.py:183} INFO - Processing /home/airflow/.local/lib/python3.12/site-packages/airflow/example_dags/example_branch_python_dop_operator_3.py took 0.130 seconds
[2024-06-18T16:29:20.826+0000] {processor.py:161} INFO - Started process (PID=235) to work on /home/airflow/.local/lib/python3.12/site-packages/airflow/example_dags/example_branch_python_dop_operator_3.py
[2024-06-18T16:29:20.827+0000] {processor.py:830} INFO - Processing file /home/airflow/.local/lib/python3.12/site-packages/airflow/example_dags/example_branch_python_dop_operator_3.py for tasks to queue
[2024-06-18T16:29:20.829+0000] {logging_mixin.py:188} INFO - [2024-06-18T16:29:20.829+0000] {dagbag.py:545} INFO - Filling up the DagBag from /home/airflow/.local/lib/python3.12/site-packages/airflow/example_dags/example_branch_python_dop_operator_3.py
[2024-06-18T16:29:20.841+0000] {processor.py:840} INFO - DAG(s) 'example_branch_dop_operator_v3' retrieved from /home/airflow/.local/lib/python3.12/site-packages/airflow/example_dags/example_branch_python_dop_operator_3.py
[2024-06-18T16:29:20.865+0000] {logging_mixin.py:188} INFO - [2024-06-18T16:29:20.864+0000] {dag.py:3096} INFO - Sync 1 DAGs
[2024-06-18T16:29:20.896+0000] {logging_mixin.py:188} INFO - [2024-06-18T16:29:20.895+0000] {dag.py:3954} INFO - Setting next_dagrun for example_branch_dop_operator_v3 to 2024-06-18 16:28:00+00:00, run_after=2024-06-18 16:29:00+00:00
[2024-06-18T16:29:20.915+0000] {processor.py:183} INFO - Processing /home/airflow/.local/lib/python3.12/site-packages/airflow/example_dags/example_branch_python_dop_operator_3.py took 0.097 seconds
[2024-06-18T16:29:51.191+0000] {processor.py:161} INFO - Started process (PID=293) to work on /home/airflow/.local/lib/python3.12/site-packages/airflow/example_dags/example_branch_python_dop_operator_3.py
[2024-06-18T16:29:51.193+0000] {processor.py:830} INFO - Processing file /home/airflow/.local/lib/python3.12/site-packages/airflow/example_dags/example_branch_python_dop_operator_3.py for tasks to queue
[2024-06-18T16:29:51.195+0000] {logging_mixin.py:188} INFO - [2024-06-18T16:29:51.195+0000] {dagbag.py:545} INFO - Filling up the DagBag from /home/airflow/.local/lib/python3.12/site-packages/airflow/example_dags/example_branch_python_dop_operator_3.py
[2024-06-18T16:29:51.207+0000] {processor.py:840} INFO - DAG(s) 'example_branch_dop_operator_v3' retrieved from /home/airflow/.local/lib/python3.12/site-packages/airflow/example_dags/example_branch_python_dop_operator_3.py
[2024-06-18T16:29:51.235+0000] {logging_mixin.py:188} INFO - [2024-06-18T16:29:51.235+0000] {dag.py:3096} INFO - Sync 1 DAGs
[2024-06-18T16:29:51.269+0000] {logging_mixin.py:188} INFO - [2024-06-18T16:29:51.269+0000] {dag.py:3954} INFO - Setting next_dagrun for example_branch_dop_operator_v3 to 2024-06-18 16:28:00+00:00, run_after=2024-06-18 16:29:00+00:00
[2024-06-18T16:29:51.294+0000] {processor.py:183} INFO - Processing /home/airflow/.local/lib/python3.12/site-packages/airflow/example_dags/example_branch_python_dop_operator_3.py took 0.113 seconds
[2024-06-18T16:30:21.644+0000] {processor.py:161} INFO - Started process (PID=351) to work on /home/airflow/.local/lib/python3.12/site-packages/airflow/example_dags/example_branch_python_dop_operator_3.py
[2024-06-18T16:30:21.645+0000] {processor.py:830} INFO - Processing file /home/airflow/.local/lib/python3.12/site-packages/airflow/example_dags/example_branch_python_dop_operator_3.py for tasks to queue
[2024-06-18T16:30:21.647+0000] {logging_mixin.py:188} INFO - [2024-06-18T16:30:21.647+0000] {dagbag.py:545} INFO - Filling up the DagBag from /home/airflow/.local/lib/python3.12/site-packages/airflow/example_dags/example_branch_python_dop_operator_3.py
[2024-06-18T16:30:21.658+0000] {processor.py:840} INFO - DAG(s) 'example_branch_dop_operator_v3' retrieved from /home/airflow/.local/lib/python3.12/site-packages/airflow/example_dags/example_branch_python_dop_operator_3.py
[2024-06-18T16:30:21.684+0000] {logging_mixin.py:188} INFO - [2024-06-18T16:30:21.683+0000] {dag.py:3096} INFO - Sync 1 DAGs
[2024-06-18T16:30:21.715+0000] {logging_mixin.py:188} INFO - [2024-06-18T16:30:21.715+0000] {dag.py:3954} INFO - Setting next_dagrun for example_branch_dop_operator_v3 to 2024-06-18 16:29:00+00:00, run_after=2024-06-18 16:30:00+00:00
[2024-06-18T16:30:21.737+0000] {processor.py:183} INFO - Processing /home/airflow/.local/lib/python3.12/site-packages/airflow/example_dags/example_branch_python_dop_operator_3.py took 0.101 seconds
[2024-06-18T16:30:51.889+0000] {processor.py:161} INFO - Started process (PID=409) to work on /home/airflow/.local/lib/python3.12/site-packages/airflow/example_dags/example_branch_python_dop_operator_3.py
[2024-06-18T16:30:51.891+0000] {processor.py:830} INFO - Processing file /home/airflow/.local/lib/python3.12/site-packages/airflow/example_dags/example_branch_python_dop_operator_3.py for tasks to queue
[2024-06-18T16:30:51.893+0000] {logging_mixin.py:188} INFO - [2024-06-18T16:30:51.893+0000] {dagbag.py:545} INFO - Filling up the DagBag from /home/airflow/.local/lib/python3.12/site-packages/airflow/example_dags/example_branch_python_dop_operator_3.py
[2024-06-18T16:30:51.905+0000] {processor.py:840} INFO - DAG(s) 'example_branch_dop_operator_v3' retrieved from /home/airflow/.local/lib/python3.12/site-packages/airflow/example_dags/example_branch_python_dop_operator_3.py
[2024-06-18T16:30:51.933+0000] {logging_mixin.py:188} INFO - [2024-06-18T16:30:51.932+0000] {dag.py:3096} INFO - Sync 1 DAGs
[2024-06-18T16:30:51.964+0000] {logging_mixin.py:188} INFO - [2024-06-18T16:30:51.964+0000] {dag.py:3954} INFO - Setting next_dagrun for example_branch_dop_operator_v3 to 2024-06-18 16:29:00+00:00, run_after=2024-06-18 16:30:00+00:00
[2024-06-18T16:30:51.987+0000] {processor.py:183} INFO - Processing /home/airflow/.local/lib/python3.12/site-packages/airflow/example_dags/example_branch_python_dop_operator_3.py took 0.109 seconds
[2024-06-18T16:31:22.133+0000] {processor.py:161} INFO - Started process (PID=467) to work on /home/airflow/.local/lib/python3.12/site-packages/airflow/example_dags/example_branch_python_dop_operator_3.py
[2024-06-18T16:31:22.134+0000] {processor.py:830} INFO - Processing file /home/airflow/.local/lib/python3.12/site-packages/airflow/example_dags/example_branch_python_dop_operator_3.py for tasks to queue
[2024-06-18T16:31:22.136+0000] {logging_mixin.py:188} INFO - [2024-06-18T16:31:22.136+0000] {dagbag.py:545} INFO - Filling up the DagBag from /home/airflow/.local/lib/python3.12/site-packages/airflow/example_dags/example_branch_python_dop_operator_3.py
[2024-06-18T16:31:22.147+0000] {processor.py:840} INFO - DAG(s) 'example_branch_dop_operator_v3' retrieved from /home/airflow/.local/lib/python3.12/site-packages/airflow/example_dags/example_branch_python_dop_operator_3.py
[2024-06-18T16:31:22.170+0000] {logging_mixin.py:188} INFO - [2024-06-18T16:31:22.170+0000] {dag.py:3096} INFO - Sync 1 DAGs
[2024-06-18T16:31:22.201+0000] {logging_mixin.py:188} INFO - [2024-06-18T16:31:22.201+0000] {dag.py:3954} INFO - Setting next_dagrun for example_branch_dop_operator_v3 to 2024-06-18 16:30:00+00:00, run_after=2024-06-18 16:31:00+00:00
[2024-06-18T16:31:22.222+0000] {processor.py:183} INFO - Processing /home/airflow/.local/lib/python3.12/site-packages/airflow/example_dags/example_branch_python_dop_operator_3.py took 0.097 seconds
[2024-06-18T16:31:52.489+0000] {processor.py:161} INFO - Started process (PID=525) to work on /home/airflow/.local/lib/python3.12/site-packages/airflow/example_dags/example_branch_python_dop_operator_3.py
[2024-06-18T16:31:52.491+0000] {processor.py:830} INFO - Processing file /home/airflow/.local/lib/python3.12/site-packages/airflow/example_dags/example_branch_python_dop_operator_3.py for tasks to queue
[2024-06-18T16:31:52.493+0000] {logging_mixin.py:188} INFO - [2024-06-18T16:31:52.493+0000] {dagbag.py:545} INFO - Filling up the DagBag from /home/airflow/.local/lib/python3.12/site-packages/airflow/example_dags/example_branch_python_dop_operator_3.py
[2024-06-18T16:31:52.508+0000] {processor.py:840} INFO - DAG(s) 'example_branch_dop_operator_v3' retrieved from /home/airflow/.local/lib/python3.12/site-packages/airflow/example_dags/example_branch_python_dop_operator_3.py
[2024-06-18T16:31:52.533+0000] {logging_mixin.py:188} INFO - [2024-06-18T16:31:52.533+0000] {dag.py:3096} INFO - Sync 1 DAGs
[2024-06-18T16:31:52.570+0000] {logging_mixin.py:188} INFO - [2024-06-18T16:31:52.569+0000] {dag.py:3954} INFO - Setting next_dagrun for example_branch_dop_operator_v3 to 2024-06-18 16:30:00+00:00, run_after=2024-06-18 16:31:00+00:00
[2024-06-18T16:31:52.595+0000] {processor.py:183} INFO - Processing /home/airflow/.local/lib/python3.12/site-packages/airflow/example_dags/example_branch_python_dop_operator_3.py took 0.115 seconds
[2024-06-18T16:32:22.941+0000] {processor.py:161} INFO - Started process (PID=582) to work on /home/airflow/.local/lib/python3.12/site-packages/airflow/example_dags/example_branch_python_dop_operator_3.py
[2024-06-18T16:32:22.942+0000] {processor.py:830} INFO - Processing file /home/airflow/.local/lib/python3.12/site-packages/airflow/example_dags/example_branch_python_dop_operator_3.py for tasks to queue
[2024-06-18T16:32:22.944+0000] {logging_mixin.py:188} INFO - [2024-06-18T16:32:22.944+0000] {dagbag.py:545} INFO - Filling up the DagBag from /home/airflow/.local/lib/python3.12/site-packages/airflow/example_dags/example_branch_python_dop_operator_3.py
[2024-06-18T16:32:22.956+0000] {processor.py:840} INFO - DAG(s) 'example_branch_dop_operator_v3' retrieved from /home/airflow/.local/lib/python3.12/site-packages/airflow/example_dags/example_branch_python_dop_operator_3.py
[2024-06-18T16:32:22.994+0000] {logging_mixin.py:188} INFO - [2024-06-18T16:32:22.993+0000] {dag.py:3096} INFO - Sync 1 DAGs
[2024-06-18T16:32:23.032+0000] {logging_mixin.py:188} INFO - [2024-06-18T16:32:23.032+0000] {dag.py:3954} INFO - Setting next_dagrun for example_branch_dop_operator_v3 to 2024-06-18 16:31:00+00:00, run_after=2024-06-18 16:32:00+00:00
[2024-06-18T16:32:23.054+0000] {processor.py:183} INFO - Processing /home/airflow/.local/lib/python3.12/site-packages/airflow/example_dags/example_branch_python_dop_operator_3.py took 0.121 seconds
[2024-06-18T16:32:53.507+0000] {processor.py:161} INFO - Started process (PID=640) to work on /home/airflow/.local/lib/python3.12/site-packages/airflow/example_dags/example_branch_python_dop_operator_3.py
[2024-06-18T16:32:53.509+0000] {processor.py:830} INFO - Processing file /home/airflow/.local/lib/python3.12/site-packages/airflow/example_dags/example_branch_python_dop_operator_3.py for tasks to queue
[2024-06-18T16:32:53.511+0000] {logging_mixin.py:188} INFO - [2024-06-18T16:32:53.511+0000] {dagbag.py:545} INFO - Filling up the DagBag from /home/airflow/.local/lib/python3.12/site-packages/airflow/example_dags/example_branch_python_dop_operator_3.py
[2024-06-18T16:32:53.523+0000] {processor.py:840} INFO - DAG(s) 'example_branch_dop_operator_v3' retrieved from /home/airflow/.local/lib/python3.12/site-packages/airflow/example_dags/example_branch_python_dop_operator_3.py
[2024-06-18T16:32:53.553+0000] {logging_mixin.py:188} INFO - [2024-06-18T16:32:53.552+0000] {dag.py:3096} INFO - Sync 1 DAGs
[2024-06-18T16:32:53.585+0000] {logging_mixin.py:188} INFO - [2024-06-18T16:32:53.584+0000] {dag.py:3954} INFO - Setting next_dagrun for example_branch_dop_operator_v3 to 2024-06-18 16:31:00+00:00, run_after=2024-06-18 16:32:00+00:00
[2024-06-18T16:32:53.606+0000] {processor.py:183} INFO - Processing /home/airflow/.local/lib/python3.12/site-packages/airflow/example_dags/example_branch_python_dop_operator_3.py took 0.108 seconds
[2024-06-18T16:33:23.770+0000] {processor.py:161} INFO - Started process (PID=698) to work on /home/airflow/.local/lib/python3.12/site-packages/airflow/example_dags/example_branch_python_dop_operator_3.py
[2024-06-18T16:33:23.771+0000] {processor.py:830} INFO - Processing file /home/airflow/.local/lib/python3.12/site-packages/airflow/example_dags/example_branch_python_dop_operator_3.py for tasks to queue
[2024-06-18T16:33:23.774+0000] {logging_mixin.py:188} INFO - [2024-06-18T16:33:23.773+0000] {dagbag.py:545} INFO - Filling up the DagBag from /home/airflow/.local/lib/python3.12/site-packages/airflow/example_dags/example_branch_python_dop_operator_3.py
[2024-06-18T16:33:23.784+0000] {processor.py:840} INFO - DAG(s) 'example_branch_dop_operator_v3' retrieved from /home/airflow/.local/lib/python3.12/site-packages/airflow/example_dags/example_branch_python_dop_operator_3.py
[2024-06-18T16:33:23.812+0000] {logging_mixin.py:188} INFO - [2024-06-18T16:33:23.811+0000] {dag.py:3096} INFO - Sync 1 DAGs
[2024-06-18T16:33:23.845+0000] {logging_mixin.py:188} INFO - [2024-06-18T16:33:23.844+0000] {dag.py:3954} INFO - Setting next_dagrun for example_branch_dop_operator_v3 to 2024-06-18 16:32:00+00:00, run_after=2024-06-18 16:33:00+00:00
[2024-06-18T16:33:23.865+0000] {processor.py:183} INFO - Processing /home/airflow/.local/lib/python3.12/site-packages/airflow/example_dags/example_branch_python_dop_operator_3.py took 0.103 seconds
[2024-06-18T16:33:54.043+0000] {processor.py:161} INFO - Started process (PID=756) to work on /home/airflow/.local/lib/python3.12/site-packages/airflow/example_dags/example_branch_python_dop_operator_3.py
[2024-06-18T16:33:54.045+0000] {processor.py:830} INFO - Processing file /home/airflow/.local/lib/python3.12/site-packages/airflow/example_dags/example_branch_python_dop_operator_3.py for tasks to queue
[2024-06-18T16:33:54.047+0000] {logging_mixin.py:188} INFO - [2024-06-18T16:33:54.047+0000] {dagbag.py:545} INFO - Filling up the DagBag from /home/airflow/.local/lib/python3.12/site-packages/airflow/example_dags/example_branch_python_dop_operator_3.py
[2024-06-18T16:33:54.062+0000] {processor.py:840} INFO - DAG(s) 'example_branch_dop_operator_v3' retrieved from /home/airflow/.local/lib/python3.12/site-packages/airflow/example_dags/example_branch_python_dop_operator_3.py
[2024-06-18T16:33:54.093+0000] {logging_mixin.py:188} INFO - [2024-06-18T16:33:54.092+0000] {dag.py:3096} INFO - Sync 1 DAGs
[2024-06-18T16:33:54.132+0000] {logging_mixin.py:188} INFO - [2024-06-18T16:33:54.132+0000] {dag.py:3954} INFO - Setting next_dagrun for example_branch_dop_operator_v3 to 2024-06-18 16:32:00+00:00, run_after=2024-06-18 16:33:00+00:00
[2024-06-18T16:33:54.155+0000] {processor.py:183} INFO - Processing /home/airflow/.local/lib/python3.12/site-packages/airflow/example_dags/example_branch_python_dop_operator_3.py took 0.122 seconds
[2024-06-18T16:34:24.271+0000] {processor.py:161} INFO - Started process (PID=814) to work on /home/airflow/.local/lib/python3.12/site-packages/airflow/example_dags/example_branch_python_dop_operator_3.py
[2024-06-18T16:34:24.272+0000] {processor.py:830} INFO - Processing file /home/airflow/.local/lib/python3.12/site-packages/airflow/example_dags/example_branch_python_dop_operator_3.py for tasks to queue
[2024-06-18T16:34:24.275+0000] {logging_mixin.py:188} INFO - [2024-06-18T16:34:24.274+0000] {dagbag.py:545} INFO - Filling up the DagBag from /home/airflow/.local/lib/python3.12/site-packages/airflow/example_dags/example_branch_python_dop_operator_3.py
[2024-06-18T16:34:24.286+0000] {processor.py:840} INFO - DAG(s) 'example_branch_dop_operator_v3' retrieved from /home/airflow/.local/lib/python3.12/site-packages/airflow/example_dags/example_branch_python_dop_operator_3.py
[2024-06-18T16:34:24.319+0000] {logging_mixin.py:188} INFO - [2024-06-18T16:34:24.318+0000] {dag.py:3096} INFO - Sync 1 DAGs
[2024-06-18T16:34:24.352+0000] {logging_mixin.py:188} INFO - [2024-06-18T16:34:24.352+0000] {dag.py:3954} INFO - Setting next_dagrun for example_branch_dop_operator_v3 to 2024-06-18 16:33:00+00:00, run_after=2024-06-18 16:34:00+00:00
[2024-06-18T16:34:24.378+0000] {processor.py:183} INFO - Processing /home/airflow/.local/lib/python3.12/site-packages/airflow/example_dags/example_branch_python_dop_operator_3.py took 0.116 seconds
[2024-06-18T16:34:54.830+0000] {processor.py:161} INFO - Started process (PID=878) to work on /home/airflow/.local/lib/python3.12/site-packages/airflow/example_dags/example_branch_python_dop_operator_3.py
[2024-06-18T16:34:54.832+0000] {processor.py:830} INFO - Processing file /home/airflow/.local/lib/python3.12/site-packages/airflow/example_dags/example_branch_python_dop_operator_3.py for tasks to queue
[2024-06-18T16:34:54.835+0000] {logging_mixin.py:188} INFO - [2024-06-18T16:34:54.835+0000] {dagbag.py:545} INFO - Filling up the DagBag from /home/airflow/.local/lib/python3.12/site-packages/airflow/example_dags/example_branch_python_dop_operator_3.py
[2024-06-18T16:34:54.852+0000] {processor.py:840} INFO - DAG(s) 'example_branch_dop_operator_v3' retrieved from /home/airflow/.local/lib/python3.12/site-packages/airflow/example_dags/example_branch_python_dop_operator_3.py
[2024-06-18T16:34:54.881+0000] {logging_mixin.py:188} INFO - [2024-06-18T16:34:54.881+0000] {dag.py:3096} INFO - Sync 1 DAGs
[2024-06-18T16:34:54.920+0000] {logging_mixin.py:188} INFO - [2024-06-18T16:34:54.920+0000] {dag.py:3954} INFO - Setting next_dagrun for example_branch_dop_operator_v3 to 2024-06-18 16:33:00+00:00, run_after=2024-06-18 16:34:00+00:00
[2024-06-18T16:34:54.945+0000] {processor.py:183} INFO - Processing /home/airflow/.local/lib/python3.12/site-packages/airflow/example_dags/example_branch_python_dop_operator_3.py took 0.127 seconds
[2024-06-18T16:35:25.084+0000] {processor.py:161} INFO - Started process (PID=936) to work on /home/airflow/.local/lib/python3.12/site-packages/airflow/example_dags/example_branch_python_dop_operator_3.py
[2024-06-18T16:35:25.085+0000] {processor.py:830} INFO - Processing file /home/airflow/.local/lib/python3.12/site-packages/airflow/example_dags/example_branch_python_dop_operator_3.py for tasks to queue
[2024-06-18T16:35:25.088+0000] {logging_mixin.py:188} INFO - [2024-06-18T16:35:25.088+0000] {dagbag.py:545} INFO - Filling up the DagBag from /home/airflow/.local/lib/python3.12/site-packages/airflow/example_dags/example_branch_python_dop_operator_3.py
[2024-06-18T16:35:25.102+0000] {processor.py:840} INFO - DAG(s) 'example_branch_dop_operator_v3' retrieved from /home/airflow/.local/lib/python3.12/site-packages/airflow/example_dags/example_branch_python_dop_operator_3.py
[2024-06-18T16:35:25.127+0000] {logging_mixin.py:188} INFO - [2024-06-18T16:35:25.127+0000] {dag.py:3096} INFO - Sync 1 DAGs
[2024-06-18T16:35:25.156+0000] {logging_mixin.py:188} INFO - [2024-06-18T16:35:25.155+0000] {dag.py:3954} INFO - Setting next_dagrun for example_branch_dop_operator_v3 to 2024-06-18 16:34:00+00:00, run_after=2024-06-18 16:35:00+00:00
[2024-06-18T16:35:25.178+0000] {processor.py:183} INFO - Processing /home/airflow/.local/lib/python3.12/site-packages/airflow/example_dags/example_branch_python_dop_operator_3.py took 0.104 seconds
[2024-06-18T16:35:55.337+0000] {processor.py:161} INFO - Started process (PID=993) to work on /home/airflow/.local/lib/python3.12/site-packages/airflow/example_dags/example_branch_python_dop_operator_3.py
[2024-06-18T16:35:55.339+0000] {processor.py:830} INFO - Processing file /home/airflow/.local/lib/python3.12/site-packages/airflow/example_dags/example_branch_python_dop_operator_3.py for tasks to queue
[2024-06-18T16:35:55.341+0000] {logging_mixin.py:188} INFO - [2024-06-18T16:35:55.340+0000] {dagbag.py:545} INFO - Filling up the DagBag from /home/airflow/.local/lib/python3.12/site-packages/airflow/example_dags/example_branch_python_dop_operator_3.py
[2024-06-18T16:35:55.352+0000] {processor.py:840} INFO - DAG(s) 'example_branch_dop_operator_v3' retrieved from /home/airflow/.local/lib/python3.12/site-packages/airflow/example_dags/example_branch_python_dop_operator_3.py
[2024-06-18T16:35:55.379+0000] {logging_mixin.py:188} INFO - [2024-06-18T16:35:55.379+0000] {dag.py:3096} INFO - Sync 1 DAGs
[2024-06-18T16:35:55.412+0000] {logging_mixin.py:188} INFO - [2024-06-18T16:35:55.412+0000] {dag.py:3954} INFO - Setting next_dagrun for example_branch_dop_operator_v3 to 2024-06-18 16:34:00+00:00, run_after=2024-06-18 16:35:00+00:00
[2024-06-18T16:35:55.433+0000] {processor.py:183} INFO - Processing /home/airflow/.local/lib/python3.12/site-packages/airflow/example_dags/example_branch_python_dop_operator_3.py took 0.104 seconds
[2024-06-18T16:36:25.580+0000] {processor.py:161} INFO - Started process (PID=1051) to work on /home/airflow/.local/lib/python3.12/site-packages/airflow/example_dags/example_branch_python_dop_operator_3.py
[2024-06-18T16:36:25.581+0000] {processor.py:830} INFO - Processing file /home/airflow/.local/lib/python3.12/site-packages/airflow/example_dags/example_branch_python_dop_operator_3.py for tasks to queue
[2024-06-18T16:36:25.583+0000] {logging_mixin.py:188} INFO - [2024-06-18T16:36:25.583+0000] {dagbag.py:545} INFO - Filling up the DagBag from /home/airflow/.local/lib/python3.12/site-packages/airflow/example_dags/example_branch_python_dop_operator_3.py
[2024-06-18T16:36:25.593+0000] {processor.py:840} INFO - DAG(s) 'example_branch_dop_operator_v3' retrieved from /home/airflow/.local/lib/python3.12/site-packages/airflow/example_dags/example_branch_python_dop_operator_3.py
[2024-06-18T16:36:25.624+0000] {logging_mixin.py:188} INFO - [2024-06-18T16:36:25.623+0000] {dag.py:3096} INFO - Sync 1 DAGs
[2024-06-18T16:36:25.653+0000] {logging_mixin.py:188} INFO - [2024-06-18T16:36:25.653+0000] {dag.py:3954} INFO - Setting next_dagrun for example_branch_dop_operator_v3 to 2024-06-18 16:35:00+00:00, run_after=2024-06-18 16:36:00+00:00
[2024-06-18T16:36:25.673+0000] {processor.py:183} INFO - Processing /home/airflow/.local/lib/python3.12/site-packages/airflow/example_dags/example_branch_python_dop_operator_3.py took 0.101 seconds
[2024-06-18T16:36:55.813+0000] {processor.py:161} INFO - Started process (PID=1109) to work on /home/airflow/.local/lib/python3.12/site-packages/airflow/example_dags/example_branch_python_dop_operator_3.py
[2024-06-18T16:36:55.815+0000] {processor.py:830} INFO - Processing file /home/airflow/.local/lib/python3.12/site-packages/airflow/example_dags/example_branch_python_dop_operator_3.py for tasks to queue
[2024-06-18T16:36:55.817+0000] {logging_mixin.py:188} INFO - [2024-06-18T16:36:55.817+0000] {dagbag.py:545} INFO - Filling up the DagBag from /home/airflow/.local/lib/python3.12/site-packages/airflow/example_dags/example_branch_python_dop_operator_3.py
[2024-06-18T16:36:55.831+0000] {processor.py:840} INFO - DAG(s) 'example_branch_dop_operator_v3' retrieved from /home/airflow/.local/lib/python3.12/site-packages/airflow/example_dags/example_branch_python_dop_operator_3.py
[2024-06-18T16:36:55.858+0000] {logging_mixin.py:188} INFO - [2024-06-18T16:36:55.857+0000] {dag.py:3096} INFO - Sync 1 DAGs
[2024-06-18T16:36:55.892+0000] {logging_mixin.py:188} INFO - [2024-06-18T16:36:55.892+0000] {dag.py:3954} INFO - Setting next_dagrun for example_branch_dop_operator_v3 to 2024-06-18 16:35:00+00:00, run_after=2024-06-18 16:36:00+00:00
[2024-06-18T16:36:55.914+0000] {processor.py:183} INFO - Processing /home/airflow/.local/lib/python3.12/site-packages/airflow/example_dags/example_branch_python_dop_operator_3.py took 0.110 seconds
[2024-06-18T16:37:26.203+0000] {processor.py:161} INFO - Started process (PID=1167) to work on /home/airflow/.local/lib/python3.12/site-packages/airflow/example_dags/example_branch_python_dop_operator_3.py
[2024-06-18T16:37:26.204+0000] {processor.py:830} INFO - Processing file /home/airflow/.local/lib/python3.12/site-packages/airflow/example_dags/example_branch_python_dop_operator_3.py for tasks to queue
[2024-06-18T16:37:26.206+0000] {logging_mixin.py:188} INFO - [2024-06-18T16:37:26.206+0000] {dagbag.py:545} INFO - Filling up the DagBag from /home/airflow/.local/lib/python3.12/site-packages/airflow/example_dags/example_branch_python_dop_operator_3.py
[2024-06-18T16:37:26.217+0000] {processor.py:840} INFO - DAG(s) 'example_branch_dop_operator_v3' retrieved from /home/airflow/.local/lib/python3.12/site-packages/airflow/example_dags/example_branch_python_dop_operator_3.py
[2024-06-18T16:37:26.245+0000] {logging_mixin.py:188} INFO - [2024-06-18T16:37:26.245+0000] {dag.py:3096} INFO - Sync 1 DAGs
[2024-06-18T16:37:26.276+0000] {logging_mixin.py:188} INFO - [2024-06-18T16:37:26.276+0000] {dag.py:3954} INFO - Setting next_dagrun for example_branch_dop_operator_v3 to 2024-06-18 16:36:00+00:00, run_after=2024-06-18 16:37:00+00:00
[2024-06-18T16:37:26.298+0000] {processor.py:183} INFO - Processing /home/airflow/.local/lib/python3.12/site-packages/airflow/example_dags/example_branch_python_dop_operator_3.py took 0.103 seconds
[2024-06-18T16:38:52.422+0000] {processor.py:161} INFO - Started process (PID=60) to work on /home/airflow/.local/lib/python3.12/site-packages/airflow/example_dags/example_branch_python_dop_operator_3.py
[2024-06-18T16:38:52.424+0000] {processor.py:830} INFO - Processing file /home/airflow/.local/lib/python3.12/site-packages/airflow/example_dags/example_branch_python_dop_operator_3.py for tasks to queue
[2024-06-18T16:38:52.426+0000] {logging_mixin.py:188} INFO - [2024-06-18T16:38:52.426+0000] {dagbag.py:545} INFO - Filling up the DagBag from /home/airflow/.local/lib/python3.12/site-packages/airflow/example_dags/example_branch_python_dop_operator_3.py
[2024-06-18T16:38:52.441+0000] {processor.py:840} INFO - DAG(s) 'example_branch_dop_operator_v3' retrieved from /home/airflow/.local/lib/python3.12/site-packages/airflow/example_dags/example_branch_python_dop_operator_3.py
[2024-06-18T16:38:52.456+0000] {logging_mixin.py:188} INFO - [2024-06-18T16:38:52.456+0000] {dag.py:3096} INFO - Sync 1 DAGs
[2024-06-18T16:38:52.494+0000] {logging_mixin.py:188} INFO - [2024-06-18T16:38:52.493+0000] {dag.py:3954} INFO - Setting next_dagrun for example_branch_dop_operator_v3 to 2024-06-18 16:37:00+00:00, run_after=2024-06-18 16:38:00+00:00
[2024-06-18T16:38:52.520+0000] {processor.py:183} INFO - Processing /home/airflow/.local/lib/python3.12/site-packages/airflow/example_dags/example_branch_python_dop_operator_3.py took 0.106 seconds
[2024-06-18T16:39:24.614+0000] {processor.py:161} INFO - Started process (PID=117) to work on /home/airflow/.local/lib/python3.12/site-packages/airflow/example_dags/example_branch_python_dop_operator_3.py
[2024-06-18T16:39:24.615+0000] {processor.py:830} INFO - Processing file /home/airflow/.local/lib/python3.12/site-packages/airflow/example_dags/example_branch_python_dop_operator_3.py for tasks to queue
[2024-06-18T16:39:24.618+0000] {logging_mixin.py:188} INFO - [2024-06-18T16:39:24.617+0000] {dagbag.py:545} INFO - Filling up the DagBag from /home/airflow/.local/lib/python3.12/site-packages/airflow/example_dags/example_branch_python_dop_operator_3.py
[2024-06-18T16:39:24.628+0000] {processor.py:840} INFO - DAG(s) 'example_branch_dop_operator_v3' retrieved from /home/airflow/.local/lib/python3.12/site-packages/airflow/example_dags/example_branch_python_dop_operator_3.py
[2024-06-18T16:39:24.753+0000] {logging_mixin.py:188} INFO - [2024-06-18T16:39:24.752+0000] {dag.py:3096} INFO - Sync 1 DAGs
[2024-06-18T16:39:24.778+0000] {logging_mixin.py:188} INFO - [2024-06-18T16:39:24.777+0000] {dag.py:3954} INFO - Setting next_dagrun for example_branch_dop_operator_v3 to 2024-06-18 16:38:00+00:00, run_after=2024-06-18 16:39:00+00:00
[2024-06-18T16:39:24.800+0000] {processor.py:183} INFO - Processing /home/airflow/.local/lib/python3.12/site-packages/airflow/example_dags/example_branch_python_dop_operator_3.py took 0.194 seconds
[2024-06-18T16:39:54.868+0000] {processor.py:161} INFO - Started process (PID=175) to work on /home/airflow/.local/lib/python3.12/site-packages/airflow/example_dags/example_branch_python_dop_operator_3.py
[2024-06-18T16:39:54.869+0000] {processor.py:830} INFO - Processing file /home/airflow/.local/lib/python3.12/site-packages/airflow/example_dags/example_branch_python_dop_operator_3.py for tasks to queue
[2024-06-18T16:39:54.872+0000] {logging_mixin.py:188} INFO - [2024-06-18T16:39:54.871+0000] {dagbag.py:545} INFO - Filling up the DagBag from /home/airflow/.local/lib/python3.12/site-packages/airflow/example_dags/example_branch_python_dop_operator_3.py
[2024-06-18T16:39:54.885+0000] {processor.py:840} INFO - DAG(s) 'example_branch_dop_operator_v3' retrieved from /home/airflow/.local/lib/python3.12/site-packages/airflow/example_dags/example_branch_python_dop_operator_3.py
[2024-06-18T16:39:54.919+0000] {logging_mixin.py:188} INFO - [2024-06-18T16:39:54.919+0000] {dag.py:3096} INFO - Sync 1 DAGs
[2024-06-18T16:39:54.951+0000] {logging_mixin.py:188} INFO - [2024-06-18T16:39:54.950+0000] {dag.py:3954} INFO - Setting next_dagrun for example_branch_dop_operator_v3 to 2024-06-18 16:38:00+00:00, run_after=2024-06-18 16:39:00+00:00
[2024-06-18T16:39:54.974+0000] {processor.py:183} INFO - Processing /home/airflow/.local/lib/python3.12/site-packages/airflow/example_dags/example_branch_python_dop_operator_3.py took 0.116 seconds
[2024-06-18T16:40:25.093+0000] {processor.py:161} INFO - Started process (PID=233) to work on /home/airflow/.local/lib/python3.12/site-packages/airflow/example_dags/example_branch_python_dop_operator_3.py
[2024-06-18T16:40:25.094+0000] {processor.py:830} INFO - Processing file /home/airflow/.local/lib/python3.12/site-packages/airflow/example_dags/example_branch_python_dop_operator_3.py for tasks to queue
[2024-06-18T16:40:25.097+0000] {logging_mixin.py:188} INFO - [2024-06-18T16:40:25.096+0000] {dagbag.py:545} INFO - Filling up the DagBag from /home/airflow/.local/lib/python3.12/site-packages/airflow/example_dags/example_branch_python_dop_operator_3.py
[2024-06-18T16:40:25.107+0000] {processor.py:840} INFO - DAG(s) 'example_branch_dop_operator_v3' retrieved from /home/airflow/.local/lib/python3.12/site-packages/airflow/example_dags/example_branch_python_dop_operator_3.py
[2024-06-18T16:40:25.134+0000] {logging_mixin.py:188} INFO - [2024-06-18T16:40:25.133+0000] {dag.py:3096} INFO - Sync 1 DAGs
[2024-06-18T16:40:25.169+0000] {logging_mixin.py:188} INFO - [2024-06-18T16:40:25.168+0000] {dag.py:3954} INFO - Setting next_dagrun for example_branch_dop_operator_v3 to 2024-06-18 16:39:00+00:00, run_after=2024-06-18 16:40:00+00:00
[2024-06-18T16:40:25.190+0000] {processor.py:183} INFO - Processing /home/airflow/.local/lib/python3.12/site-packages/airflow/example_dags/example_branch_python_dop_operator_3.py took 0.105 seconds
[2024-06-18T16:40:55.587+0000] {processor.py:161} INFO - Started process (PID=291) to work on /home/airflow/.local/lib/python3.12/site-packages/airflow/example_dags/example_branch_python_dop_operator_3.py
[2024-06-18T16:40:55.589+0000] {processor.py:830} INFO - Processing file /home/airflow/.local/lib/python3.12/site-packages/airflow/example_dags/example_branch_python_dop_operator_3.py for tasks to queue
[2024-06-18T16:40:55.592+0000] {logging_mixin.py:188} INFO - [2024-06-18T16:40:55.591+0000] {dagbag.py:545} INFO - Filling up the DagBag from /home/airflow/.local/lib/python3.12/site-packages/airflow/example_dags/example_branch_python_dop_operator_3.py
[2024-06-18T16:40:55.604+0000] {processor.py:840} INFO - DAG(s) 'example_branch_dop_operator_v3' retrieved from /home/airflow/.local/lib/python3.12/site-packages/airflow/example_dags/example_branch_python_dop_operator_3.py
[2024-06-18T16:40:55.631+0000] {logging_mixin.py:188} INFO - [2024-06-18T16:40:55.630+0000] {dag.py:3096} INFO - Sync 1 DAGs
[2024-06-18T16:40:55.663+0000] {logging_mixin.py:188} INFO - [2024-06-18T16:40:55.662+0000] {dag.py:3954} INFO - Setting next_dagrun for example_branch_dop_operator_v3 to 2024-06-18 16:39:00+00:00, run_after=2024-06-18 16:40:00+00:00
[2024-06-18T16:40:55.692+0000] {processor.py:183} INFO - Processing /home/airflow/.local/lib/python3.12/site-packages/airflow/example_dags/example_branch_python_dop_operator_3.py took 0.112 seconds
[2024-06-18T16:41:26.295+0000] {processor.py:161} INFO - Started process (PID=349) to work on /home/airflow/.local/lib/python3.12/site-packages/airflow/example_dags/example_branch_python_dop_operator_3.py
[2024-06-18T16:41:26.296+0000] {processor.py:830} INFO - Processing file /home/airflow/.local/lib/python3.12/site-packages/airflow/example_dags/example_branch_python_dop_operator_3.py for tasks to queue
[2024-06-18T16:41:26.298+0000] {logging_mixin.py:188} INFO - [2024-06-18T16:41:26.298+0000] {dagbag.py:545} INFO - Filling up the DagBag from /home/airflow/.local/lib/python3.12/site-packages/airflow/example_dags/example_branch_python_dop_operator_3.py
[2024-06-18T16:41:26.310+0000] {processor.py:840} INFO - DAG(s) 'example_branch_dop_operator_v3' retrieved from /home/airflow/.local/lib/python3.12/site-packages/airflow/example_dags/example_branch_python_dop_operator_3.py
[2024-06-18T16:41:26.337+0000] {logging_mixin.py:188} INFO - [2024-06-18T16:41:26.337+0000] {dag.py:3096} INFO - Sync 1 DAGs
[2024-06-18T16:41:26.369+0000] {logging_mixin.py:188} INFO - [2024-06-18T16:41:26.369+0000] {dag.py:3954} INFO - Setting next_dagrun for example_branch_dop_operator_v3 to 2024-06-18 16:40:00+00:00, run_after=2024-06-18 16:41:00+00:00
[2024-06-18T16:41:26.391+0000] {processor.py:183} INFO - Processing /home/airflow/.local/lib/python3.12/site-packages/airflow/example_dags/example_branch_python_dop_operator_3.py took 0.105 seconds
[2024-06-18T16:41:56.727+0000] {processor.py:161} INFO - Started process (PID=407) to work on /home/airflow/.local/lib/python3.12/site-packages/airflow/example_dags/example_branch_python_dop_operator_3.py
[2024-06-18T16:41:56.729+0000] {processor.py:830} INFO - Processing file /home/airflow/.local/lib/python3.12/site-packages/airflow/example_dags/example_branch_python_dop_operator_3.py for tasks to queue
[2024-06-18T16:41:56.731+0000] {logging_mixin.py:188} INFO - [2024-06-18T16:41:56.731+0000] {dagbag.py:545} INFO - Filling up the DagBag from /home/airflow/.local/lib/python3.12/site-packages/airflow/example_dags/example_branch_python_dop_operator_3.py
[2024-06-18T16:41:56.743+0000] {processor.py:840} INFO - DAG(s) 'example_branch_dop_operator_v3' retrieved from /home/airflow/.local/lib/python3.12/site-packages/airflow/example_dags/example_branch_python_dop_operator_3.py
[2024-06-18T16:41:56.773+0000] {logging_mixin.py:188} INFO - [2024-06-18T16:41:56.773+0000] {dag.py:3096} INFO - Sync 1 DAGs
[2024-06-18T16:41:56.805+0000] {logging_mixin.py:188} INFO - [2024-06-18T16:41:56.804+0000] {dag.py:3954} INFO - Setting next_dagrun for example_branch_dop_operator_v3 to 2024-06-18 16:40:00+00:00, run_after=2024-06-18 16:41:00+00:00
[2024-06-18T16:41:56.826+0000] {processor.py:183} INFO - Processing /home/airflow/.local/lib/python3.12/site-packages/airflow/example_dags/example_branch_python_dop_operator_3.py took 0.108 seconds
[2024-06-18T16:42:27.168+0000] {processor.py:161} INFO - Started process (PID=465) to work on /home/airflow/.local/lib/python3.12/site-packages/airflow/example_dags/example_branch_python_dop_operator_3.py
[2024-06-18T16:42:27.170+0000] {processor.py:830} INFO - Processing file /home/airflow/.local/lib/python3.12/site-packages/airflow/example_dags/example_branch_python_dop_operator_3.py for tasks to queue
[2024-06-18T16:42:27.172+0000] {logging_mixin.py:188} INFO - [2024-06-18T16:42:27.172+0000] {dagbag.py:545} INFO - Filling up the DagBag from /home/airflow/.local/lib/python3.12/site-packages/airflow/example_dags/example_branch_python_dop_operator_3.py
[2024-06-18T16:42:27.183+0000] {processor.py:840} INFO - DAG(s) 'example_branch_dop_operator_v3' retrieved from /home/airflow/.local/lib/python3.12/site-packages/airflow/example_dags/example_branch_python_dop_operator_3.py
[2024-06-18T16:42:27.211+0000] {logging_mixin.py:188} INFO - [2024-06-18T16:42:27.210+0000] {dag.py:3096} INFO - Sync 1 DAGs
[2024-06-18T16:42:27.245+0000] {logging_mixin.py:188} INFO - [2024-06-18T16:42:27.245+0000] {dag.py:3954} INFO - Setting next_dagrun for example_branch_dop_operator_v3 to 2024-06-18 16:41:00+00:00, run_after=2024-06-18 16:42:00+00:00
[2024-06-18T16:42:27.269+0000] {processor.py:183} INFO - Processing /home/airflow/.local/lib/python3.12/site-packages/airflow/example_dags/example_branch_python_dop_operator_3.py took 0.109 seconds
