[2024-06-18T16:27:45.022+0000] {processor.py:161} INFO - Started process (PID=37) to work on /home/airflow/.local/lib/python3.12/site-packages/airflow/example_dags/example_params_ui_tutorial.py
[2024-06-18T16:27:45.023+0000] {processor.py:830} INFO - Processing file /home/airflow/.local/lib/python3.12/site-packages/airflow/example_dags/example_params_ui_tutorial.py for tasks to queue
[2024-06-18T16:27:45.025+0000] {logging_mixin.py:188} INFO - [2024-06-18T16:27:45.025+0000] {dagbag.py:545} INFO - Filling up the DagBag from /home/airflow/.local/lib/python3.12/site-packages/airflow/example_dags/example_params_ui_tutorial.py
[2024-06-18T16:27:45.044+0000] {processor.py:840} INFO - DAG(s) 'example_params_ui_tutorial' retrieved from /home/airflow/.local/lib/python3.12/site-packages/airflow/example_dags/example_params_ui_tutorial.py
[2024-06-18T16:27:45.070+0000] {logging_mixin.py:188} INFO - [2024-06-18T16:27:45.070+0000] {dag.py:3096} INFO - Sync 1 DAGs
[2024-06-18T16:27:45.093+0000] {logging_mixin.py:188} INFO - [2024-06-18T16:27:45.093+0000] {dag.py:3954} INFO - Setting next_dagrun for example_params_ui_tutorial to None, run_after=None
[2024-06-18T16:27:45.122+0000] {processor.py:183} INFO - Processing /home/airflow/.local/lib/python3.12/site-packages/airflow/example_dags/example_params_ui_tutorial.py took 0.107 seconds
[2024-06-18T16:28:16.323+0000] {processor.py:161} INFO - Started process (PID=95) to work on /home/airflow/.local/lib/python3.12/site-packages/airflow/example_dags/example_params_ui_tutorial.py
[2024-06-18T16:28:16.324+0000] {processor.py:830} INFO - Processing file /home/airflow/.local/lib/python3.12/site-packages/airflow/example_dags/example_params_ui_tutorial.py for tasks to queue
[2024-06-18T16:28:16.328+0000] {logging_mixin.py:188} INFO - [2024-06-18T16:28:16.327+0000] {dagbag.py:545} INFO - Filling up the DagBag from /home/airflow/.local/lib/python3.12/site-packages/airflow/example_dags/example_params_ui_tutorial.py
[2024-06-18T16:28:16.345+0000] {processor.py:840} INFO - DAG(s) 'example_params_ui_tutorial' retrieved from /home/airflow/.local/lib/python3.12/site-packages/airflow/example_dags/example_params_ui_tutorial.py
[2024-06-18T16:28:16.543+0000] {logging_mixin.py:188} INFO - [2024-06-18T16:28:16.542+0000] {dag.py:3096} INFO - Sync 1 DAGs
[2024-06-18T16:28:16.555+0000] {logging_mixin.py:188} INFO - [2024-06-18T16:28:16.555+0000] {dag.py:3954} INFO - Setting next_dagrun for example_params_ui_tutorial to None, run_after=None
[2024-06-18T16:28:16.585+0000] {processor.py:183} INFO - Processing /home/airflow/.local/lib/python3.12/site-packages/airflow/example_dags/example_params_ui_tutorial.py took 0.272 seconds
[2024-06-18T16:28:46.727+0000] {processor.py:161} INFO - Started process (PID=153) to work on /home/airflow/.local/lib/python3.12/site-packages/airflow/example_dags/example_params_ui_tutorial.py
[2024-06-18T16:28:46.729+0000] {processor.py:830} INFO - Processing file /home/airflow/.local/lib/python3.12/site-packages/airflow/example_dags/example_params_ui_tutorial.py for tasks to queue
[2024-06-18T16:28:46.731+0000] {logging_mixin.py:188} INFO - [2024-06-18T16:28:46.731+0000] {dagbag.py:545} INFO - Filling up the DagBag from /home/airflow/.local/lib/python3.12/site-packages/airflow/example_dags/example_params_ui_tutorial.py
[2024-06-18T16:28:46.748+0000] {processor.py:840} INFO - DAG(s) 'example_params_ui_tutorial' retrieved from /home/airflow/.local/lib/python3.12/site-packages/airflow/example_dags/example_params_ui_tutorial.py
[2024-06-18T16:28:46.812+0000] {logging_mixin.py:188} INFO - [2024-06-18T16:28:46.812+0000] {dag.py:3096} INFO - Sync 1 DAGs
[2024-06-18T16:28:46.828+0000] {logging_mixin.py:188} INFO - [2024-06-18T16:28:46.827+0000] {dag.py:3954} INFO - Setting next_dagrun for example_params_ui_tutorial to None, run_after=None
[2024-06-18T16:28:46.849+0000] {processor.py:183} INFO - Processing /home/airflow/.local/lib/python3.12/site-packages/airflow/example_dags/example_params_ui_tutorial.py took 0.130 seconds
[2024-06-18T16:29:16.954+0000] {processor.py:161} INFO - Started process (PID=211) to work on /home/airflow/.local/lib/python3.12/site-packages/airflow/example_dags/example_params_ui_tutorial.py
[2024-06-18T16:29:16.955+0000] {processor.py:830} INFO - Processing file /home/airflow/.local/lib/python3.12/site-packages/airflow/example_dags/example_params_ui_tutorial.py for tasks to queue
[2024-06-18T16:29:16.958+0000] {logging_mixin.py:188} INFO - [2024-06-18T16:29:16.957+0000] {dagbag.py:545} INFO - Filling up the DagBag from /home/airflow/.local/lib/python3.12/site-packages/airflow/example_dags/example_params_ui_tutorial.py
[2024-06-18T16:29:16.973+0000] {processor.py:840} INFO - DAG(s) 'example_params_ui_tutorial' retrieved from /home/airflow/.local/lib/python3.12/site-packages/airflow/example_dags/example_params_ui_tutorial.py
[2024-06-18T16:29:17.036+0000] {logging_mixin.py:188} INFO - [2024-06-18T16:29:17.035+0000] {dag.py:3096} INFO - Sync 1 DAGs
[2024-06-18T16:29:17.051+0000] {logging_mixin.py:188} INFO - [2024-06-18T16:29:17.051+0000] {dag.py:3954} INFO - Setting next_dagrun for example_params_ui_tutorial to None, run_after=None
[2024-06-18T16:29:17.073+0000] {processor.py:183} INFO - Processing /home/airflow/.local/lib/python3.12/site-packages/airflow/example_dags/example_params_ui_tutorial.py took 0.127 seconds
[2024-06-18T16:29:47.242+0000] {processor.py:161} INFO - Started process (PID=269) to work on /home/airflow/.local/lib/python3.12/site-packages/airflow/example_dags/example_params_ui_tutorial.py
[2024-06-18T16:29:47.244+0000] {processor.py:830} INFO - Processing file /home/airflow/.local/lib/python3.12/site-packages/airflow/example_dags/example_params_ui_tutorial.py for tasks to queue
[2024-06-18T16:29:47.247+0000] {logging_mixin.py:188} INFO - [2024-06-18T16:29:47.246+0000] {dagbag.py:545} INFO - Filling up the DagBag from /home/airflow/.local/lib/python3.12/site-packages/airflow/example_dags/example_params_ui_tutorial.py
[2024-06-18T16:29:47.263+0000] {processor.py:840} INFO - DAG(s) 'example_params_ui_tutorial' retrieved from /home/airflow/.local/lib/python3.12/site-packages/airflow/example_dags/example_params_ui_tutorial.py
[2024-06-18T16:29:47.331+0000] {logging_mixin.py:188} INFO - [2024-06-18T16:29:47.330+0000] {dag.py:3096} INFO - Sync 1 DAGs
[2024-06-18T16:29:47.347+0000] {logging_mixin.py:188} INFO - [2024-06-18T16:29:47.347+0000] {dag.py:3954} INFO - Setting next_dagrun for example_params_ui_tutorial to None, run_after=None
[2024-06-18T16:29:47.370+0000] {processor.py:183} INFO - Processing /home/airflow/.local/lib/python3.12/site-packages/airflow/example_dags/example_params_ui_tutorial.py took 0.138 seconds
[2024-06-18T16:30:17.924+0000] {processor.py:161} INFO - Started process (PID=327) to work on /home/airflow/.local/lib/python3.12/site-packages/airflow/example_dags/example_params_ui_tutorial.py
[2024-06-18T16:30:17.925+0000] {processor.py:830} INFO - Processing file /home/airflow/.local/lib/python3.12/site-packages/airflow/example_dags/example_params_ui_tutorial.py for tasks to queue
[2024-06-18T16:30:17.928+0000] {logging_mixin.py:188} INFO - [2024-06-18T16:30:17.927+0000] {dagbag.py:545} INFO - Filling up the DagBag from /home/airflow/.local/lib/python3.12/site-packages/airflow/example_dags/example_params_ui_tutorial.py
[2024-06-18T16:30:17.946+0000] {processor.py:840} INFO - DAG(s) 'example_params_ui_tutorial' retrieved from /home/airflow/.local/lib/python3.12/site-packages/airflow/example_dags/example_params_ui_tutorial.py
[2024-06-18T16:30:18.025+0000] {logging_mixin.py:188} INFO - [2024-06-18T16:30:18.025+0000] {dag.py:3096} INFO - Sync 1 DAGs
[2024-06-18T16:30:18.042+0000] {logging_mixin.py:188} INFO - [2024-06-18T16:30:18.042+0000] {dag.py:3954} INFO - Setting next_dagrun for example_params_ui_tutorial to None, run_after=None
[2024-06-18T16:30:18.066+0000] {processor.py:183} INFO - Processing /home/airflow/.local/lib/python3.12/site-packages/airflow/example_dags/example_params_ui_tutorial.py took 0.152 seconds
[2024-06-18T16:30:48.139+0000] {processor.py:161} INFO - Started process (PID=385) to work on /home/airflow/.local/lib/python3.12/site-packages/airflow/example_dags/example_params_ui_tutorial.py
[2024-06-18T16:30:48.140+0000] {processor.py:830} INFO - Processing file /home/airflow/.local/lib/python3.12/site-packages/airflow/example_dags/example_params_ui_tutorial.py for tasks to queue
[2024-06-18T16:30:48.142+0000] {logging_mixin.py:188} INFO - [2024-06-18T16:30:48.142+0000] {dagbag.py:545} INFO - Filling up the DagBag from /home/airflow/.local/lib/python3.12/site-packages/airflow/example_dags/example_params_ui_tutorial.py
[2024-06-18T16:30:48.157+0000] {processor.py:840} INFO - DAG(s) 'example_params_ui_tutorial' retrieved from /home/airflow/.local/lib/python3.12/site-packages/airflow/example_dags/example_params_ui_tutorial.py
[2024-06-18T16:30:48.226+0000] {logging_mixin.py:188} INFO - [2024-06-18T16:30:48.226+0000] {dag.py:3096} INFO - Sync 1 DAGs
[2024-06-18T16:30:48.242+0000] {logging_mixin.py:188} INFO - [2024-06-18T16:30:48.242+0000] {dag.py:3954} INFO - Setting next_dagrun for example_params_ui_tutorial to None, run_after=None
[2024-06-18T16:30:48.264+0000] {processor.py:183} INFO - Processing /home/airflow/.local/lib/python3.12/site-packages/airflow/example_dags/example_params_ui_tutorial.py took 0.134 seconds
[2024-06-18T16:31:18.563+0000] {processor.py:161} INFO - Started process (PID=443) to work on /home/airflow/.local/lib/python3.12/site-packages/airflow/example_dags/example_params_ui_tutorial.py
[2024-06-18T16:31:18.564+0000] {processor.py:830} INFO - Processing file /home/airflow/.local/lib/python3.12/site-packages/airflow/example_dags/example_params_ui_tutorial.py for tasks to queue
[2024-06-18T16:31:18.567+0000] {logging_mixin.py:188} INFO - [2024-06-18T16:31:18.566+0000] {dagbag.py:545} INFO - Filling up the DagBag from /home/airflow/.local/lib/python3.12/site-packages/airflow/example_dags/example_params_ui_tutorial.py
[2024-06-18T16:31:18.582+0000] {processor.py:840} INFO - DAG(s) 'example_params_ui_tutorial' retrieved from /home/airflow/.local/lib/python3.12/site-packages/airflow/example_dags/example_params_ui_tutorial.py
[2024-06-18T16:31:18.647+0000] {logging_mixin.py:188} INFO - [2024-06-18T16:31:18.646+0000] {dag.py:3096} INFO - Sync 1 DAGs
[2024-06-18T16:31:18.662+0000] {logging_mixin.py:188} INFO - [2024-06-18T16:31:18.662+0000] {dag.py:3954} INFO - Setting next_dagrun for example_params_ui_tutorial to None, run_after=None
[2024-06-18T16:31:18.684+0000] {processor.py:183} INFO - Processing /home/airflow/.local/lib/python3.12/site-packages/airflow/example_dags/example_params_ui_tutorial.py took 0.129 seconds
[2024-06-18T16:31:48.739+0000] {processor.py:161} INFO - Started process (PID=501) to work on /home/airflow/.local/lib/python3.12/site-packages/airflow/example_dags/example_params_ui_tutorial.py
[2024-06-18T16:31:48.740+0000] {processor.py:830} INFO - Processing file /home/airflow/.local/lib/python3.12/site-packages/airflow/example_dags/example_params_ui_tutorial.py for tasks to queue
[2024-06-18T16:31:48.743+0000] {logging_mixin.py:188} INFO - [2024-06-18T16:31:48.742+0000] {dagbag.py:545} INFO - Filling up the DagBag from /home/airflow/.local/lib/python3.12/site-packages/airflow/example_dags/example_params_ui_tutorial.py
[2024-06-18T16:31:48.758+0000] {processor.py:840} INFO - DAG(s) 'example_params_ui_tutorial' retrieved from /home/airflow/.local/lib/python3.12/site-packages/airflow/example_dags/example_params_ui_tutorial.py
[2024-06-18T16:31:48.825+0000] {logging_mixin.py:188} INFO - [2024-06-18T16:31:48.825+0000] {dag.py:3096} INFO - Sync 1 DAGs
[2024-06-18T16:31:48.845+0000] {logging_mixin.py:188} INFO - [2024-06-18T16:31:48.844+0000] {dag.py:3954} INFO - Setting next_dagrun for example_params_ui_tutorial to None, run_after=None
[2024-06-18T16:31:48.867+0000] {processor.py:183} INFO - Processing /home/airflow/.local/lib/python3.12/site-packages/airflow/example_dags/example_params_ui_tutorial.py took 0.139 seconds
[2024-06-18T16:32:19.006+0000] {processor.py:161} INFO - Started process (PID=558) to work on /home/airflow/.local/lib/python3.12/site-packages/airflow/example_dags/example_params_ui_tutorial.py
[2024-06-18T16:32:19.008+0000] {processor.py:830} INFO - Processing file /home/airflow/.local/lib/python3.12/site-packages/airflow/example_dags/example_params_ui_tutorial.py for tasks to queue
[2024-06-18T16:32:19.010+0000] {logging_mixin.py:188} INFO - [2024-06-18T16:32:19.010+0000] {dagbag.py:545} INFO - Filling up the DagBag from /home/airflow/.local/lib/python3.12/site-packages/airflow/example_dags/example_params_ui_tutorial.py
[2024-06-18T16:32:19.026+0000] {processor.py:840} INFO - DAG(s) 'example_params_ui_tutorial' retrieved from /home/airflow/.local/lib/python3.12/site-packages/airflow/example_dags/example_params_ui_tutorial.py
[2024-06-18T16:32:19.106+0000] {logging_mixin.py:188} INFO - [2024-06-18T16:32:19.106+0000] {dag.py:3096} INFO - Sync 1 DAGs
[2024-06-18T16:32:19.122+0000] {logging_mixin.py:188} INFO - [2024-06-18T16:32:19.122+0000] {dag.py:3954} INFO - Setting next_dagrun for example_params_ui_tutorial to None, run_after=None
[2024-06-18T16:32:19.151+0000] {processor.py:183} INFO - Processing /home/airflow/.local/lib/python3.12/site-packages/airflow/example_dags/example_params_ui_tutorial.py took 0.153 seconds
[2024-06-18T16:32:49.647+0000] {processor.py:161} INFO - Started process (PID=616) to work on /home/airflow/.local/lib/python3.12/site-packages/airflow/example_dags/example_params_ui_tutorial.py
[2024-06-18T16:32:49.648+0000] {processor.py:830} INFO - Processing file /home/airflow/.local/lib/python3.12/site-packages/airflow/example_dags/example_params_ui_tutorial.py for tasks to queue
[2024-06-18T16:32:49.650+0000] {logging_mixin.py:188} INFO - [2024-06-18T16:32:49.650+0000] {dagbag.py:545} INFO - Filling up the DagBag from /home/airflow/.local/lib/python3.12/site-packages/airflow/example_dags/example_params_ui_tutorial.py
[2024-06-18T16:32:49.665+0000] {processor.py:840} INFO - DAG(s) 'example_params_ui_tutorial' retrieved from /home/airflow/.local/lib/python3.12/site-packages/airflow/example_dags/example_params_ui_tutorial.py
[2024-06-18T16:32:49.732+0000] {logging_mixin.py:188} INFO - [2024-06-18T16:32:49.732+0000] {dag.py:3096} INFO - Sync 1 DAGs
[2024-06-18T16:32:49.749+0000] {logging_mixin.py:188} INFO - [2024-06-18T16:32:49.748+0000] {dag.py:3954} INFO - Setting next_dagrun for example_params_ui_tutorial to None, run_after=None
[2024-06-18T16:32:49.775+0000] {processor.py:183} INFO - Processing /home/airflow/.local/lib/python3.12/site-packages/airflow/example_dags/example_params_ui_tutorial.py took 0.137 seconds
[2024-06-18T16:33:19.929+0000] {processor.py:161} INFO - Started process (PID=674) to work on /home/airflow/.local/lib/python3.12/site-packages/airflow/example_dags/example_params_ui_tutorial.py
[2024-06-18T16:33:19.931+0000] {processor.py:830} INFO - Processing file /home/airflow/.local/lib/python3.12/site-packages/airflow/example_dags/example_params_ui_tutorial.py for tasks to queue
[2024-06-18T16:33:19.934+0000] {logging_mixin.py:188} INFO - [2024-06-18T16:33:19.933+0000] {dagbag.py:545} INFO - Filling up the DagBag from /home/airflow/.local/lib/python3.12/site-packages/airflow/example_dags/example_params_ui_tutorial.py
[2024-06-18T16:33:19.949+0000] {processor.py:840} INFO - DAG(s) 'example_params_ui_tutorial' retrieved from /home/airflow/.local/lib/python3.12/site-packages/airflow/example_dags/example_params_ui_tutorial.py
[2024-06-18T16:33:20.015+0000] {logging_mixin.py:188} INFO - [2024-06-18T16:33:20.015+0000] {dag.py:3096} INFO - Sync 1 DAGs
[2024-06-18T16:33:20.031+0000] {logging_mixin.py:188} INFO - [2024-06-18T16:33:20.031+0000] {dag.py:3954} INFO - Setting next_dagrun for example_params_ui_tutorial to None, run_after=None
[2024-06-18T16:33:20.052+0000] {processor.py:183} INFO - Processing /home/airflow/.local/lib/python3.12/site-packages/airflow/example_dags/example_params_ui_tutorial.py took 0.132 seconds
[2024-06-18T16:33:50.196+0000] {processor.py:161} INFO - Started process (PID=732) to work on /home/airflow/.local/lib/python3.12/site-packages/airflow/example_dags/example_params_ui_tutorial.py
[2024-06-18T16:33:50.197+0000] {processor.py:830} INFO - Processing file /home/airflow/.local/lib/python3.12/site-packages/airflow/example_dags/example_params_ui_tutorial.py for tasks to queue
[2024-06-18T16:33:50.201+0000] {logging_mixin.py:188} INFO - [2024-06-18T16:33:50.200+0000] {dagbag.py:545} INFO - Filling up the DagBag from /home/airflow/.local/lib/python3.12/site-packages/airflow/example_dags/example_params_ui_tutorial.py
[2024-06-18T16:33:50.221+0000] {processor.py:840} INFO - DAG(s) 'example_params_ui_tutorial' retrieved from /home/airflow/.local/lib/python3.12/site-packages/airflow/example_dags/example_params_ui_tutorial.py
[2024-06-18T16:33:50.296+0000] {logging_mixin.py:188} INFO - [2024-06-18T16:33:50.295+0000] {dag.py:3096} INFO - Sync 1 DAGs
[2024-06-18T16:33:50.314+0000] {logging_mixin.py:188} INFO - [2024-06-18T16:33:50.314+0000] {dag.py:3954} INFO - Setting next_dagrun for example_params_ui_tutorial to None, run_after=None
[2024-06-18T16:33:50.339+0000] {processor.py:183} INFO - Processing /home/airflow/.local/lib/python3.12/site-packages/airflow/example_dags/example_params_ui_tutorial.py took 0.153 seconds
[2024-06-18T16:34:20.523+0000] {processor.py:161} INFO - Started process (PID=790) to work on /home/airflow/.local/lib/python3.12/site-packages/airflow/example_dags/example_params_ui_tutorial.py
[2024-06-18T16:34:20.524+0000] {processor.py:830} INFO - Processing file /home/airflow/.local/lib/python3.12/site-packages/airflow/example_dags/example_params_ui_tutorial.py for tasks to queue
[2024-06-18T16:34:20.526+0000] {logging_mixin.py:188} INFO - [2024-06-18T16:34:20.526+0000] {dagbag.py:545} INFO - Filling up the DagBag from /home/airflow/.local/lib/python3.12/site-packages/airflow/example_dags/example_params_ui_tutorial.py
[2024-06-18T16:34:20.541+0000] {processor.py:840} INFO - DAG(s) 'example_params_ui_tutorial' retrieved from /home/airflow/.local/lib/python3.12/site-packages/airflow/example_dags/example_params_ui_tutorial.py
[2024-06-18T16:34:20.617+0000] {logging_mixin.py:188} INFO - [2024-06-18T16:34:20.617+0000] {dag.py:3096} INFO - Sync 1 DAGs
[2024-06-18T16:34:20.634+0000] {logging_mixin.py:188} INFO - [2024-06-18T16:34:20.634+0000] {dag.py:3954} INFO - Setting next_dagrun for example_params_ui_tutorial to None, run_after=None
[2024-06-18T16:34:20.659+0000] {processor.py:183} INFO - Processing /home/airflow/.local/lib/python3.12/site-packages/airflow/example_dags/example_params_ui_tutorial.py took 0.145 seconds
[2024-06-18T16:34:51.040+0000] {processor.py:161} INFO - Started process (PID=848) to work on /home/airflow/.local/lib/python3.12/site-packages/airflow/example_dags/example_params_ui_tutorial.py
[2024-06-18T16:34:51.042+0000] {processor.py:830} INFO - Processing file /home/airflow/.local/lib/python3.12/site-packages/airflow/example_dags/example_params_ui_tutorial.py for tasks to queue
[2024-06-18T16:34:51.044+0000] {logging_mixin.py:188} INFO - [2024-06-18T16:34:51.044+0000] {dagbag.py:545} INFO - Filling up the DagBag from /home/airflow/.local/lib/python3.12/site-packages/airflow/example_dags/example_params_ui_tutorial.py
[2024-06-18T16:34:51.063+0000] {processor.py:840} INFO - DAG(s) 'example_params_ui_tutorial' retrieved from /home/airflow/.local/lib/python3.12/site-packages/airflow/example_dags/example_params_ui_tutorial.py
[2024-06-18T16:34:51.139+0000] {logging_mixin.py:188} INFO - [2024-06-18T16:34:51.138+0000] {dag.py:3096} INFO - Sync 1 DAGs
[2024-06-18T16:34:51.155+0000] {logging_mixin.py:188} INFO - [2024-06-18T16:34:51.155+0000] {dag.py:3954} INFO - Setting next_dagrun for example_params_ui_tutorial to None, run_after=None
[2024-06-18T16:34:51.178+0000] {processor.py:183} INFO - Processing /home/airflow/.local/lib/python3.12/site-packages/airflow/example_dags/example_params_ui_tutorial.py took 0.148 seconds
[2024-06-18T16:35:21.393+0000] {processor.py:161} INFO - Started process (PID=906) to work on /home/airflow/.local/lib/python3.12/site-packages/airflow/example_dags/example_params_ui_tutorial.py
[2024-06-18T16:35:21.394+0000] {processor.py:830} INFO - Processing file /home/airflow/.local/lib/python3.12/site-packages/airflow/example_dags/example_params_ui_tutorial.py for tasks to queue
[2024-06-18T16:35:21.397+0000] {logging_mixin.py:188} INFO - [2024-06-18T16:35:21.396+0000] {dagbag.py:545} INFO - Filling up the DagBag from /home/airflow/.local/lib/python3.12/site-packages/airflow/example_dags/example_params_ui_tutorial.py
[2024-06-18T16:35:21.414+0000] {processor.py:840} INFO - DAG(s) 'example_params_ui_tutorial' retrieved from /home/airflow/.local/lib/python3.12/site-packages/airflow/example_dags/example_params_ui_tutorial.py
[2024-06-18T16:35:21.485+0000] {logging_mixin.py:188} INFO - [2024-06-18T16:35:21.484+0000] {dag.py:3096} INFO - Sync 1 DAGs
[2024-06-18T16:35:21.503+0000] {logging_mixin.py:188} INFO - [2024-06-18T16:35:21.502+0000] {dag.py:3954} INFO - Setting next_dagrun for example_params_ui_tutorial to None, run_after=None
[2024-06-18T16:35:21.523+0000] {processor.py:183} INFO - Processing /home/airflow/.local/lib/python3.12/site-packages/airflow/example_dags/example_params_ui_tutorial.py took 0.138 seconds
[2024-06-18T16:35:51.881+0000] {processor.py:161} INFO - Started process (PID=964) to work on /home/airflow/.local/lib/python3.12/site-packages/airflow/example_dags/example_params_ui_tutorial.py
[2024-06-18T16:35:51.882+0000] {processor.py:830} INFO - Processing file /home/airflow/.local/lib/python3.12/site-packages/airflow/example_dags/example_params_ui_tutorial.py for tasks to queue
[2024-06-18T16:35:51.884+0000] {logging_mixin.py:188} INFO - [2024-06-18T16:35:51.884+0000] {dagbag.py:545} INFO - Filling up the DagBag from /home/airflow/.local/lib/python3.12/site-packages/airflow/example_dags/example_params_ui_tutorial.py
[2024-06-18T16:35:51.899+0000] {processor.py:840} INFO - DAG(s) 'example_params_ui_tutorial' retrieved from /home/airflow/.local/lib/python3.12/site-packages/airflow/example_dags/example_params_ui_tutorial.py
[2024-06-18T16:35:51.965+0000] {logging_mixin.py:188} INFO - [2024-06-18T16:35:51.965+0000] {dag.py:3096} INFO - Sync 1 DAGs
[2024-06-18T16:35:51.982+0000] {logging_mixin.py:188} INFO - [2024-06-18T16:35:51.982+0000] {dag.py:3954} INFO - Setting next_dagrun for example_params_ui_tutorial to None, run_after=None
[2024-06-18T16:35:52.003+0000] {processor.py:183} INFO - Processing /home/airflow/.local/lib/python3.12/site-packages/airflow/example_dags/example_params_ui_tutorial.py took 0.130 seconds
[2024-06-18T16:36:23.038+0000] {processor.py:161} INFO - Started process (PID=1022) to work on /home/airflow/.local/lib/python3.12/site-packages/airflow/example_dags/example_params_ui_tutorial.py
[2024-06-18T16:36:23.039+0000] {processor.py:830} INFO - Processing file /home/airflow/.local/lib/python3.12/site-packages/airflow/example_dags/example_params_ui_tutorial.py for tasks to queue
[2024-06-18T16:36:23.042+0000] {logging_mixin.py:188} INFO - [2024-06-18T16:36:23.041+0000] {dagbag.py:545} INFO - Filling up the DagBag from /home/airflow/.local/lib/python3.12/site-packages/airflow/example_dags/example_params_ui_tutorial.py
[2024-06-18T16:36:23.059+0000] {processor.py:840} INFO - DAG(s) 'example_params_ui_tutorial' retrieved from /home/airflow/.local/lib/python3.12/site-packages/airflow/example_dags/example_params_ui_tutorial.py
[2024-06-18T16:36:23.129+0000] {logging_mixin.py:188} INFO - [2024-06-18T16:36:23.129+0000] {dag.py:3096} INFO - Sync 1 DAGs
[2024-06-18T16:36:23.146+0000] {logging_mixin.py:188} INFO - [2024-06-18T16:36:23.146+0000] {dag.py:3954} INFO - Setting next_dagrun for example_params_ui_tutorial to None, run_after=None
[2024-06-18T16:36:23.168+0000] {processor.py:183} INFO - Processing /home/airflow/.local/lib/python3.12/site-packages/airflow/example_dags/example_params_ui_tutorial.py took 0.139 seconds
[2024-06-18T16:36:53.426+0000] {processor.py:161} INFO - Started process (PID=1080) to work on /home/airflow/.local/lib/python3.12/site-packages/airflow/example_dags/example_params_ui_tutorial.py
[2024-06-18T16:36:53.428+0000] {processor.py:830} INFO - Processing file /home/airflow/.local/lib/python3.12/site-packages/airflow/example_dags/example_params_ui_tutorial.py for tasks to queue
[2024-06-18T16:36:53.430+0000] {logging_mixin.py:188} INFO - [2024-06-18T16:36:53.430+0000] {dagbag.py:545} INFO - Filling up the DagBag from /home/airflow/.local/lib/python3.12/site-packages/airflow/example_dags/example_params_ui_tutorial.py
[2024-06-18T16:36:53.447+0000] {processor.py:840} INFO - DAG(s) 'example_params_ui_tutorial' retrieved from /home/airflow/.local/lib/python3.12/site-packages/airflow/example_dags/example_params_ui_tutorial.py
[2024-06-18T16:36:53.514+0000] {logging_mixin.py:188} INFO - [2024-06-18T16:36:53.513+0000] {dag.py:3096} INFO - Sync 1 DAGs
[2024-06-18T16:36:53.532+0000] {logging_mixin.py:188} INFO - [2024-06-18T16:36:53.532+0000] {dag.py:3954} INFO - Setting next_dagrun for example_params_ui_tutorial to None, run_after=None
[2024-06-18T16:36:53.556+0000] {processor.py:183} INFO - Processing /home/airflow/.local/lib/python3.12/site-packages/airflow/example_dags/example_params_ui_tutorial.py took 0.139 seconds
[2024-06-18T16:37:23.638+0000] {processor.py:161} INFO - Started process (PID=1138) to work on /home/airflow/.local/lib/python3.12/site-packages/airflow/example_dags/example_params_ui_tutorial.py
[2024-06-18T16:37:23.639+0000] {processor.py:830} INFO - Processing file /home/airflow/.local/lib/python3.12/site-packages/airflow/example_dags/example_params_ui_tutorial.py for tasks to queue
[2024-06-18T16:37:23.641+0000] {logging_mixin.py:188} INFO - [2024-06-18T16:37:23.641+0000] {dagbag.py:545} INFO - Filling up the DagBag from /home/airflow/.local/lib/python3.12/site-packages/airflow/example_dags/example_params_ui_tutorial.py
[2024-06-18T16:37:23.659+0000] {processor.py:840} INFO - DAG(s) 'example_params_ui_tutorial' retrieved from /home/airflow/.local/lib/python3.12/site-packages/airflow/example_dags/example_params_ui_tutorial.py
[2024-06-18T16:37:23.734+0000] {logging_mixin.py:188} INFO - [2024-06-18T16:37:23.734+0000] {dag.py:3096} INFO - Sync 1 DAGs
[2024-06-18T16:37:23.751+0000] {logging_mixin.py:188} INFO - [2024-06-18T16:37:23.751+0000] {dag.py:3954} INFO - Setting next_dagrun for example_params_ui_tutorial to None, run_after=None
[2024-06-18T16:37:23.774+0000] {processor.py:183} INFO - Processing /home/airflow/.local/lib/python3.12/site-packages/airflow/example_dags/example_params_ui_tutorial.py took 0.144 seconds
[2024-06-18T16:38:50.386+0000] {processor.py:161} INFO - Started process (PID=36) to work on /home/airflow/.local/lib/python3.12/site-packages/airflow/example_dags/example_params_ui_tutorial.py
[2024-06-18T16:38:50.387+0000] {processor.py:830} INFO - Processing file /home/airflow/.local/lib/python3.12/site-packages/airflow/example_dags/example_params_ui_tutorial.py for tasks to queue
[2024-06-18T16:38:50.392+0000] {logging_mixin.py:188} INFO - [2024-06-18T16:38:50.392+0000] {dagbag.py:545} INFO - Filling up the DagBag from /home/airflow/.local/lib/python3.12/site-packages/airflow/example_dags/example_params_ui_tutorial.py
[2024-06-18T16:38:50.415+0000] {processor.py:840} INFO - DAG(s) 'example_params_ui_tutorial' retrieved from /home/airflow/.local/lib/python3.12/site-packages/airflow/example_dags/example_params_ui_tutorial.py
[2024-06-18T16:38:50.445+0000] {logging_mixin.py:188} INFO - [2024-06-18T16:38:50.444+0000] {dag.py:3096} INFO - Sync 1 DAGs
[2024-06-18T16:38:50.480+0000] {logging_mixin.py:188} INFO - [2024-06-18T16:38:50.480+0000] {dag.py:3954} INFO - Setting next_dagrun for example_params_ui_tutorial to None, run_after=None
[2024-06-18T16:38:50.524+0000] {processor.py:183} INFO - Processing /home/airflow/.local/lib/python3.12/site-packages/airflow/example_dags/example_params_ui_tutorial.py took 0.151 seconds
[2024-06-18T16:39:21.052+0000] {processor.py:161} INFO - Started process (PID=93) to work on /home/airflow/.local/lib/python3.12/site-packages/airflow/example_dags/example_params_ui_tutorial.py
[2024-06-18T16:39:21.054+0000] {processor.py:830} INFO - Processing file /home/airflow/.local/lib/python3.12/site-packages/airflow/example_dags/example_params_ui_tutorial.py for tasks to queue
[2024-06-18T16:39:21.057+0000] {logging_mixin.py:188} INFO - [2024-06-18T16:39:21.057+0000] {dagbag.py:545} INFO - Filling up the DagBag from /home/airflow/.local/lib/python3.12/site-packages/airflow/example_dags/example_params_ui_tutorial.py
[2024-06-18T16:39:21.074+0000] {processor.py:840} INFO - DAG(s) 'example_params_ui_tutorial' retrieved from /home/airflow/.local/lib/python3.12/site-packages/airflow/example_dags/example_params_ui_tutorial.py
[2024-06-18T16:39:21.241+0000] {logging_mixin.py:188} INFO - [2024-06-18T16:39:21.241+0000] {dag.py:3096} INFO - Sync 1 DAGs
[2024-06-18T16:39:21.254+0000] {logging_mixin.py:188} INFO - [2024-06-18T16:39:21.254+0000] {dag.py:3954} INFO - Setting next_dagrun for example_params_ui_tutorial to None, run_after=None
[2024-06-18T16:39:21.279+0000] {processor.py:183} INFO - Processing /home/airflow/.local/lib/python3.12/site-packages/airflow/example_dags/example_params_ui_tutorial.py took 0.235 seconds
[2024-06-18T16:39:51.367+0000] {processor.py:161} INFO - Started process (PID=151) to work on /home/airflow/.local/lib/python3.12/site-packages/airflow/example_dags/example_params_ui_tutorial.py
[2024-06-18T16:39:51.368+0000] {processor.py:830} INFO - Processing file /home/airflow/.local/lib/python3.12/site-packages/airflow/example_dags/example_params_ui_tutorial.py for tasks to queue
[2024-06-18T16:39:51.371+0000] {logging_mixin.py:188} INFO - [2024-06-18T16:39:51.370+0000] {dagbag.py:545} INFO - Filling up the DagBag from /home/airflow/.local/lib/python3.12/site-packages/airflow/example_dags/example_params_ui_tutorial.py
[2024-06-18T16:39:51.392+0000] {processor.py:840} INFO - DAG(s) 'example_params_ui_tutorial' retrieved from /home/airflow/.local/lib/python3.12/site-packages/airflow/example_dags/example_params_ui_tutorial.py
[2024-06-18T16:39:51.466+0000] {logging_mixin.py:188} INFO - [2024-06-18T16:39:51.466+0000] {dag.py:3096} INFO - Sync 1 DAGs
[2024-06-18T16:39:51.484+0000] {logging_mixin.py:188} INFO - [2024-06-18T16:39:51.483+0000] {dag.py:3954} INFO - Setting next_dagrun for example_params_ui_tutorial to None, run_after=None
[2024-06-18T16:39:51.506+0000] {processor.py:183} INFO - Processing /home/airflow/.local/lib/python3.12/site-packages/airflow/example_dags/example_params_ui_tutorial.py took 0.148 seconds
[2024-06-18T16:40:21.923+0000] {processor.py:161} INFO - Started process (PID=209) to work on /home/airflow/.local/lib/python3.12/site-packages/airflow/example_dags/example_params_ui_tutorial.py
[2024-06-18T16:40:21.925+0000] {processor.py:830} INFO - Processing file /home/airflow/.local/lib/python3.12/site-packages/airflow/example_dags/example_params_ui_tutorial.py for tasks to queue
[2024-06-18T16:40:21.927+0000] {logging_mixin.py:188} INFO - [2024-06-18T16:40:21.927+0000] {dagbag.py:545} INFO - Filling up the DagBag from /home/airflow/.local/lib/python3.12/site-packages/airflow/example_dags/example_params_ui_tutorial.py
[2024-06-18T16:40:21.942+0000] {processor.py:840} INFO - DAG(s) 'example_params_ui_tutorial' retrieved from /home/airflow/.local/lib/python3.12/site-packages/airflow/example_dags/example_params_ui_tutorial.py
[2024-06-18T16:40:22.005+0000] {logging_mixin.py:188} INFO - [2024-06-18T16:40:22.004+0000] {dag.py:3096} INFO - Sync 1 DAGs
[2024-06-18T16:40:22.020+0000] {logging_mixin.py:188} INFO - [2024-06-18T16:40:22.020+0000] {dag.py:3954} INFO - Setting next_dagrun for example_params_ui_tutorial to None, run_after=None
[2024-06-18T16:40:22.043+0000] {processor.py:183} INFO - Processing /home/airflow/.local/lib/python3.12/site-packages/airflow/example_dags/example_params_ui_tutorial.py took 0.129 seconds
[2024-06-18T16:40:52.144+0000] {processor.py:161} INFO - Started process (PID=267) to work on /home/airflow/.local/lib/python3.12/site-packages/airflow/example_dags/example_params_ui_tutorial.py
[2024-06-18T16:40:52.145+0000] {processor.py:830} INFO - Processing file /home/airflow/.local/lib/python3.12/site-packages/airflow/example_dags/example_params_ui_tutorial.py for tasks to queue
[2024-06-18T16:40:52.148+0000] {logging_mixin.py:188} INFO - [2024-06-18T16:40:52.147+0000] {dagbag.py:545} INFO - Filling up the DagBag from /home/airflow/.local/lib/python3.12/site-packages/airflow/example_dags/example_params_ui_tutorial.py
[2024-06-18T16:40:52.164+0000] {processor.py:840} INFO - DAG(s) 'example_params_ui_tutorial' retrieved from /home/airflow/.local/lib/python3.12/site-packages/airflow/example_dags/example_params_ui_tutorial.py
[2024-06-18T16:40:52.233+0000] {logging_mixin.py:188} INFO - [2024-06-18T16:40:52.233+0000] {dag.py:3096} INFO - Sync 1 DAGs
[2024-06-18T16:40:52.251+0000] {logging_mixin.py:188} INFO - [2024-06-18T16:40:52.251+0000] {dag.py:3954} INFO - Setting next_dagrun for example_params_ui_tutorial to None, run_after=None
[2024-06-18T16:40:52.274+0000] {processor.py:183} INFO - Processing /home/airflow/.local/lib/python3.12/site-packages/airflow/example_dags/example_params_ui_tutorial.py took 0.138 seconds
[2024-06-18T16:41:22.552+0000] {processor.py:161} INFO - Started process (PID=325) to work on /home/airflow/.local/lib/python3.12/site-packages/airflow/example_dags/example_params_ui_tutorial.py
[2024-06-18T16:41:22.553+0000] {processor.py:830} INFO - Processing file /home/airflow/.local/lib/python3.12/site-packages/airflow/example_dags/example_params_ui_tutorial.py for tasks to queue
[2024-06-18T16:41:22.556+0000] {logging_mixin.py:188} INFO - [2024-06-18T16:41:22.555+0000] {dagbag.py:545} INFO - Filling up the DagBag from /home/airflow/.local/lib/python3.12/site-packages/airflow/example_dags/example_params_ui_tutorial.py
[2024-06-18T16:41:22.573+0000] {processor.py:840} INFO - DAG(s) 'example_params_ui_tutorial' retrieved from /home/airflow/.local/lib/python3.12/site-packages/airflow/example_dags/example_params_ui_tutorial.py
[2024-06-18T16:41:22.682+0000] {logging_mixin.py:188} INFO - [2024-06-18T16:41:22.682+0000] {dag.py:3096} INFO - Sync 1 DAGs
[2024-06-18T16:41:22.698+0000] {logging_mixin.py:188} INFO - [2024-06-18T16:41:22.698+0000] {dag.py:3954} INFO - Setting next_dagrun for example_params_ui_tutorial to None, run_after=None
[2024-06-18T16:41:22.723+0000] {processor.py:183} INFO - Processing /home/airflow/.local/lib/python3.12/site-packages/airflow/example_dags/example_params_ui_tutorial.py took 0.179 seconds
[2024-06-18T16:41:52.908+0000] {processor.py:161} INFO - Started process (PID=383) to work on /home/airflow/.local/lib/python3.12/site-packages/airflow/example_dags/example_params_ui_tutorial.py
[2024-06-18T16:41:52.910+0000] {processor.py:830} INFO - Processing file /home/airflow/.local/lib/python3.12/site-packages/airflow/example_dags/example_params_ui_tutorial.py for tasks to queue
[2024-06-18T16:41:52.912+0000] {logging_mixin.py:188} INFO - [2024-06-18T16:41:52.912+0000] {dagbag.py:545} INFO - Filling up the DagBag from /home/airflow/.local/lib/python3.12/site-packages/airflow/example_dags/example_params_ui_tutorial.py
[2024-06-18T16:41:52.929+0000] {processor.py:840} INFO - DAG(s) 'example_params_ui_tutorial' retrieved from /home/airflow/.local/lib/python3.12/site-packages/airflow/example_dags/example_params_ui_tutorial.py
[2024-06-18T16:41:53.002+0000] {logging_mixin.py:188} INFO - [2024-06-18T16:41:53.002+0000] {dag.py:3096} INFO - Sync 1 DAGs
[2024-06-18T16:41:53.019+0000] {logging_mixin.py:188} INFO - [2024-06-18T16:41:53.019+0000] {dag.py:3954} INFO - Setting next_dagrun for example_params_ui_tutorial to None, run_after=None
[2024-06-18T16:41:53.041+0000] {processor.py:183} INFO - Processing /home/airflow/.local/lib/python3.12/site-packages/airflow/example_dags/example_params_ui_tutorial.py took 0.141 seconds
[2024-06-18T16:42:23.192+0000] {processor.py:161} INFO - Started process (PID=441) to work on /home/airflow/.local/lib/python3.12/site-packages/airflow/example_dags/example_params_ui_tutorial.py
[2024-06-18T16:42:23.194+0000] {processor.py:830} INFO - Processing file /home/airflow/.local/lib/python3.12/site-packages/airflow/example_dags/example_params_ui_tutorial.py for tasks to queue
[2024-06-18T16:42:23.197+0000] {logging_mixin.py:188} INFO - [2024-06-18T16:42:23.196+0000] {dagbag.py:545} INFO - Filling up the DagBag from /home/airflow/.local/lib/python3.12/site-packages/airflow/example_dags/example_params_ui_tutorial.py
[2024-06-18T16:42:23.212+0000] {processor.py:840} INFO - DAG(s) 'example_params_ui_tutorial' retrieved from /home/airflow/.local/lib/python3.12/site-packages/airflow/example_dags/example_params_ui_tutorial.py
[2024-06-18T16:42:23.284+0000] {logging_mixin.py:188} INFO - [2024-06-18T16:42:23.283+0000] {dag.py:3096} INFO - Sync 1 DAGs
[2024-06-18T16:42:23.303+0000] {logging_mixin.py:188} INFO - [2024-06-18T16:42:23.302+0000] {dag.py:3954} INFO - Setting next_dagrun for example_params_ui_tutorial to None, run_after=None
[2024-06-18T16:42:23.329+0000] {processor.py:183} INFO - Processing /home/airflow/.local/lib/python3.12/site-packages/airflow/example_dags/example_params_ui_tutorial.py took 0.145 seconds
