[2024-06-18T16:27:44.503+0000] {processor.py:161} INFO - Started process (PID=30) to work on /home/airflow/.local/lib/python3.12/site-packages/airflow/example_dags/example_latest_only_with_trigger.py
[2024-06-18T16:27:44.504+0000] {processor.py:830} INFO - Processing file /home/airflow/.local/lib/python3.12/site-packages/airflow/example_dags/example_latest_only_with_trigger.py for tasks to queue
[2024-06-18T16:27:44.508+0000] {logging_mixin.py:188} INFO - [2024-06-18T16:27:44.508+0000] {dagbag.py:545} INFO - Filling up the DagBag from /home/airflow/.local/lib/python3.12/site-packages/airflow/example_dags/example_latest_only_with_trigger.py
[2024-06-18T16:27:44.528+0000] {processor.py:840} INFO - DAG(s) 'latest_only_with_trigger' retrieved from /home/airflow/.local/lib/python3.12/site-packages/airflow/example_dags/example_latest_only_with_trigger.py
[2024-06-18T16:27:44.550+0000] {logging_mixin.py:188} INFO - [2024-06-18T16:27:44.550+0000] {dag.py:3096} INFO - Sync 1 DAGs
[2024-06-18T16:27:44.586+0000] {logging_mixin.py:188} INFO - [2024-06-18T16:27:44.585+0000] {dag.py:3954} INFO - Setting next_dagrun for latest_only_with_trigger to 2024-06-18 12:00:00+00:00, run_after=2024-06-18 16:00:00+00:00
[2024-06-18T16:27:44.614+0000] {processor.py:183} INFO - Processing /home/airflow/.local/lib/python3.12/site-packages/airflow/example_dags/example_latest_only_with_trigger.py took 0.125 seconds
[2024-06-18T16:28:15.532+0000] {processor.py:161} INFO - Started process (PID=88) to work on /home/airflow/.local/lib/python3.12/site-packages/airflow/example_dags/example_latest_only_with_trigger.py
[2024-06-18T16:28:15.533+0000] {processor.py:830} INFO - Processing file /home/airflow/.local/lib/python3.12/site-packages/airflow/example_dags/example_latest_only_with_trigger.py for tasks to queue
[2024-06-18T16:28:15.536+0000] {logging_mixin.py:188} INFO - [2024-06-18T16:28:15.535+0000] {dagbag.py:545} INFO - Filling up the DagBag from /home/airflow/.local/lib/python3.12/site-packages/airflow/example_dags/example_latest_only_with_trigger.py
[2024-06-18T16:28:15.543+0000] {processor.py:840} INFO - DAG(s) 'latest_only_with_trigger' retrieved from /home/airflow/.local/lib/python3.12/site-packages/airflow/example_dags/example_latest_only_with_trigger.py
[2024-06-18T16:28:15.682+0000] {logging_mixin.py:188} INFO - [2024-06-18T16:28:15.681+0000] {dag.py:3096} INFO - Sync 1 DAGs
[2024-06-18T16:28:15.707+0000] {logging_mixin.py:188} INFO - [2024-06-18T16:28:15.707+0000] {dag.py:3954} INFO - Setting next_dagrun for latest_only_with_trigger to 2024-06-18 12:00:00+00:00, run_after=2024-06-18 16:00:00+00:00
[2024-06-18T16:28:15.731+0000] {processor.py:183} INFO - Processing /home/airflow/.local/lib/python3.12/site-packages/airflow/example_dags/example_latest_only_with_trigger.py took 0.207 seconds
[2024-06-18T16:28:45.889+0000] {processor.py:161} INFO - Started process (PID=146) to work on /home/airflow/.local/lib/python3.12/site-packages/airflow/example_dags/example_latest_only_with_trigger.py
[2024-06-18T16:28:45.891+0000] {processor.py:830} INFO - Processing file /home/airflow/.local/lib/python3.12/site-packages/airflow/example_dags/example_latest_only_with_trigger.py for tasks to queue
[2024-06-18T16:28:45.894+0000] {logging_mixin.py:188} INFO - [2024-06-18T16:28:45.893+0000] {dagbag.py:545} INFO - Filling up the DagBag from /home/airflow/.local/lib/python3.12/site-packages/airflow/example_dags/example_latest_only_with_trigger.py
[2024-06-18T16:28:45.902+0000] {processor.py:840} INFO - DAG(s) 'latest_only_with_trigger' retrieved from /home/airflow/.local/lib/python3.12/site-packages/airflow/example_dags/example_latest_only_with_trigger.py
[2024-06-18T16:28:45.930+0000] {logging_mixin.py:188} INFO - [2024-06-18T16:28:45.929+0000] {dag.py:3096} INFO - Sync 1 DAGs
[2024-06-18T16:28:45.958+0000] {logging_mixin.py:188} INFO - [2024-06-18T16:28:45.958+0000] {dag.py:3954} INFO - Setting next_dagrun for latest_only_with_trigger to 2024-06-18 12:00:00+00:00, run_after=2024-06-18 16:00:00+00:00
[2024-06-18T16:28:45.984+0000] {processor.py:183} INFO - Processing /home/airflow/.local/lib/python3.12/site-packages/airflow/example_dags/example_latest_only_with_trigger.py took 0.105 seconds
[2024-06-18T16:29:16.349+0000] {processor.py:161} INFO - Started process (PID=204) to work on /home/airflow/.local/lib/python3.12/site-packages/airflow/example_dags/example_latest_only_with_trigger.py
[2024-06-18T16:29:16.351+0000] {processor.py:830} INFO - Processing file /home/airflow/.local/lib/python3.12/site-packages/airflow/example_dags/example_latest_only_with_trigger.py for tasks to queue
[2024-06-18T16:29:16.353+0000] {logging_mixin.py:188} INFO - [2024-06-18T16:29:16.353+0000] {dagbag.py:545} INFO - Filling up the DagBag from /home/airflow/.local/lib/python3.12/site-packages/airflow/example_dags/example_latest_only_with_trigger.py
[2024-06-18T16:29:16.360+0000] {processor.py:840} INFO - DAG(s) 'latest_only_with_trigger' retrieved from /home/airflow/.local/lib/python3.12/site-packages/airflow/example_dags/example_latest_only_with_trigger.py
[2024-06-18T16:29:16.388+0000] {logging_mixin.py:188} INFO - [2024-06-18T16:29:16.387+0000] {dag.py:3096} INFO - Sync 1 DAGs
[2024-06-18T16:29:16.415+0000] {logging_mixin.py:188} INFO - [2024-06-18T16:29:16.415+0000] {dag.py:3954} INFO - Setting next_dagrun for latest_only_with_trigger to 2024-06-18 12:00:00+00:00, run_after=2024-06-18 16:00:00+00:00
[2024-06-18T16:29:16.437+0000] {processor.py:183} INFO - Processing /home/airflow/.local/lib/python3.12/site-packages/airflow/example_dags/example_latest_only_with_trigger.py took 0.095 seconds
[2024-06-18T16:29:46.774+0000] {processor.py:161} INFO - Started process (PID=262) to work on /home/airflow/.local/lib/python3.12/site-packages/airflow/example_dags/example_latest_only_with_trigger.py
[2024-06-18T16:29:46.776+0000] {processor.py:830} INFO - Processing file /home/airflow/.local/lib/python3.12/site-packages/airflow/example_dags/example_latest_only_with_trigger.py for tasks to queue
[2024-06-18T16:29:46.779+0000] {logging_mixin.py:188} INFO - [2024-06-18T16:29:46.778+0000] {dagbag.py:545} INFO - Filling up the DagBag from /home/airflow/.local/lib/python3.12/site-packages/airflow/example_dags/example_latest_only_with_trigger.py
[2024-06-18T16:29:46.787+0000] {processor.py:840} INFO - DAG(s) 'latest_only_with_trigger' retrieved from /home/airflow/.local/lib/python3.12/site-packages/airflow/example_dags/example_latest_only_with_trigger.py
[2024-06-18T16:29:46.817+0000] {logging_mixin.py:188} INFO - [2024-06-18T16:29:46.816+0000] {dag.py:3096} INFO - Sync 1 DAGs
[2024-06-18T16:29:46.845+0000] {logging_mixin.py:188} INFO - [2024-06-18T16:29:46.844+0000] {dag.py:3954} INFO - Setting next_dagrun for latest_only_with_trigger to 2024-06-18 12:00:00+00:00, run_after=2024-06-18 16:00:00+00:00
[2024-06-18T16:29:46.867+0000] {processor.py:183} INFO - Processing /home/airflow/.local/lib/python3.12/site-packages/airflow/example_dags/example_latest_only_with_trigger.py took 0.102 seconds
[2024-06-18T16:30:17.338+0000] {processor.py:161} INFO - Started process (PID=320) to work on /home/airflow/.local/lib/python3.12/site-packages/airflow/example_dags/example_latest_only_with_trigger.py
[2024-06-18T16:30:17.339+0000] {processor.py:830} INFO - Processing file /home/airflow/.local/lib/python3.12/site-packages/airflow/example_dags/example_latest_only_with_trigger.py for tasks to queue
[2024-06-18T16:30:17.342+0000] {logging_mixin.py:188} INFO - [2024-06-18T16:30:17.342+0000] {dagbag.py:545} INFO - Filling up the DagBag from /home/airflow/.local/lib/python3.12/site-packages/airflow/example_dags/example_latest_only_with_trigger.py
[2024-06-18T16:30:17.352+0000] {processor.py:840} INFO - DAG(s) 'latest_only_with_trigger' retrieved from /home/airflow/.local/lib/python3.12/site-packages/airflow/example_dags/example_latest_only_with_trigger.py
[2024-06-18T16:30:17.386+0000] {logging_mixin.py:188} INFO - [2024-06-18T16:30:17.386+0000] {dag.py:3096} INFO - Sync 1 DAGs
[2024-06-18T16:30:17.421+0000] {logging_mixin.py:188} INFO - [2024-06-18T16:30:17.421+0000] {dag.py:3954} INFO - Setting next_dagrun for latest_only_with_trigger to 2024-06-18 12:00:00+00:00, run_after=2024-06-18 16:00:00+00:00
[2024-06-18T16:30:17.445+0000] {processor.py:183} INFO - Processing /home/airflow/.local/lib/python3.12/site-packages/airflow/example_dags/example_latest_only_with_trigger.py took 0.117 seconds
[2024-06-18T16:30:47.588+0000] {processor.py:161} INFO - Started process (PID=378) to work on /home/airflow/.local/lib/python3.12/site-packages/airflow/example_dags/example_latest_only_with_trigger.py
[2024-06-18T16:30:47.590+0000] {processor.py:830} INFO - Processing file /home/airflow/.local/lib/python3.12/site-packages/airflow/example_dags/example_latest_only_with_trigger.py for tasks to queue
[2024-06-18T16:30:47.592+0000] {logging_mixin.py:188} INFO - [2024-06-18T16:30:47.592+0000] {dagbag.py:545} INFO - Filling up the DagBag from /home/airflow/.local/lib/python3.12/site-packages/airflow/example_dags/example_latest_only_with_trigger.py
[2024-06-18T16:30:47.600+0000] {processor.py:840} INFO - DAG(s) 'latest_only_with_trigger' retrieved from /home/airflow/.local/lib/python3.12/site-packages/airflow/example_dags/example_latest_only_with_trigger.py
[2024-06-18T16:30:47.629+0000] {logging_mixin.py:188} INFO - [2024-06-18T16:30:47.628+0000] {dag.py:3096} INFO - Sync 1 DAGs
[2024-06-18T16:30:47.656+0000] {logging_mixin.py:188} INFO - [2024-06-18T16:30:47.656+0000] {dag.py:3954} INFO - Setting next_dagrun for latest_only_with_trigger to 2024-06-18 12:00:00+00:00, run_after=2024-06-18 16:00:00+00:00
[2024-06-18T16:30:47.679+0000] {processor.py:183} INFO - Processing /home/airflow/.local/lib/python3.12/site-packages/airflow/example_dags/example_latest_only_with_trigger.py took 0.099 seconds
[2024-06-18T16:31:17.890+0000] {processor.py:161} INFO - Started process (PID=436) to work on /home/airflow/.local/lib/python3.12/site-packages/airflow/example_dags/example_latest_only_with_trigger.py
[2024-06-18T16:31:17.891+0000] {processor.py:830} INFO - Processing file /home/airflow/.local/lib/python3.12/site-packages/airflow/example_dags/example_latest_only_with_trigger.py for tasks to queue
[2024-06-18T16:31:17.893+0000] {logging_mixin.py:188} INFO - [2024-06-18T16:31:17.893+0000] {dagbag.py:545} INFO - Filling up the DagBag from /home/airflow/.local/lib/python3.12/site-packages/airflow/example_dags/example_latest_only_with_trigger.py
[2024-06-18T16:31:17.900+0000] {processor.py:840} INFO - DAG(s) 'latest_only_with_trigger' retrieved from /home/airflow/.local/lib/python3.12/site-packages/airflow/example_dags/example_latest_only_with_trigger.py
[2024-06-18T16:31:17.929+0000] {logging_mixin.py:188} INFO - [2024-06-18T16:31:17.929+0000] {dag.py:3096} INFO - Sync 1 DAGs
[2024-06-18T16:31:17.959+0000] {logging_mixin.py:188} INFO - [2024-06-18T16:31:17.959+0000] {dag.py:3954} INFO - Setting next_dagrun for latest_only_with_trigger to 2024-06-18 12:00:00+00:00, run_after=2024-06-18 16:00:00+00:00
[2024-06-18T16:31:17.986+0000] {processor.py:183} INFO - Processing /home/airflow/.local/lib/python3.12/site-packages/airflow/example_dags/example_latest_only_with_trigger.py took 0.105 seconds
[2024-06-18T16:31:48.044+0000] {processor.py:161} INFO - Started process (PID=494) to work on /home/airflow/.local/lib/python3.12/site-packages/airflow/example_dags/example_latest_only_with_trigger.py
[2024-06-18T16:31:48.046+0000] {processor.py:830} INFO - Processing file /home/airflow/.local/lib/python3.12/site-packages/airflow/example_dags/example_latest_only_with_trigger.py for tasks to queue
[2024-06-18T16:31:48.048+0000] {logging_mixin.py:188} INFO - [2024-06-18T16:31:48.048+0000] {dagbag.py:545} INFO - Filling up the DagBag from /home/airflow/.local/lib/python3.12/site-packages/airflow/example_dags/example_latest_only_with_trigger.py
[2024-06-18T16:31:48.056+0000] {processor.py:840} INFO - DAG(s) 'latest_only_with_trigger' retrieved from /home/airflow/.local/lib/python3.12/site-packages/airflow/example_dags/example_latest_only_with_trigger.py
[2024-06-18T16:31:48.082+0000] {logging_mixin.py:188} INFO - [2024-06-18T16:31:48.081+0000] {dag.py:3096} INFO - Sync 1 DAGs
[2024-06-18T16:31:48.107+0000] {logging_mixin.py:188} INFO - [2024-06-18T16:31:48.107+0000] {dag.py:3954} INFO - Setting next_dagrun for latest_only_with_trigger to 2024-06-18 12:00:00+00:00, run_after=2024-06-18 16:00:00+00:00
[2024-06-18T16:31:48.133+0000] {processor.py:183} INFO - Processing /home/airflow/.local/lib/python3.12/site-packages/airflow/example_dags/example_latest_only_with_trigger.py took 0.097 seconds
[2024-06-18T16:32:18.391+0000] {processor.py:161} INFO - Started process (PID=551) to work on /home/airflow/.local/lib/python3.12/site-packages/airflow/example_dags/example_latest_only_with_trigger.py
[2024-06-18T16:32:18.395+0000] {processor.py:830} INFO - Processing file /home/airflow/.local/lib/python3.12/site-packages/airflow/example_dags/example_latest_only_with_trigger.py for tasks to queue
[2024-06-18T16:32:18.399+0000] {logging_mixin.py:188} INFO - [2024-06-18T16:32:18.398+0000] {dagbag.py:545} INFO - Filling up the DagBag from /home/airflow/.local/lib/python3.12/site-packages/airflow/example_dags/example_latest_only_with_trigger.py
[2024-06-18T16:32:18.409+0000] {processor.py:840} INFO - DAG(s) 'latest_only_with_trigger' retrieved from /home/airflow/.local/lib/python3.12/site-packages/airflow/example_dags/example_latest_only_with_trigger.py
[2024-06-18T16:32:18.444+0000] {logging_mixin.py:188} INFO - [2024-06-18T16:32:18.443+0000] {dag.py:3096} INFO - Sync 1 DAGs
[2024-06-18T16:32:18.477+0000] {logging_mixin.py:188} INFO - [2024-06-18T16:32:18.477+0000] {dag.py:3954} INFO - Setting next_dagrun for latest_only_with_trigger to 2024-06-18 12:00:00+00:00, run_after=2024-06-18 16:00:00+00:00
[2024-06-18T16:32:18.507+0000] {processor.py:183} INFO - Processing /home/airflow/.local/lib/python3.12/site-packages/airflow/example_dags/example_latest_only_with_trigger.py took 0.126 seconds
[2024-06-18T16:32:49.186+0000] {processor.py:161} INFO - Started process (PID=609) to work on /home/airflow/.local/lib/python3.12/site-packages/airflow/example_dags/example_latest_only_with_trigger.py
[2024-06-18T16:32:49.187+0000] {processor.py:830} INFO - Processing file /home/airflow/.local/lib/python3.12/site-packages/airflow/example_dags/example_latest_only_with_trigger.py for tasks to queue
[2024-06-18T16:32:49.190+0000] {logging_mixin.py:188} INFO - [2024-06-18T16:32:49.189+0000] {dagbag.py:545} INFO - Filling up the DagBag from /home/airflow/.local/lib/python3.12/site-packages/airflow/example_dags/example_latest_only_with_trigger.py
[2024-06-18T16:32:49.197+0000] {processor.py:840} INFO - DAG(s) 'latest_only_with_trigger' retrieved from /home/airflow/.local/lib/python3.12/site-packages/airflow/example_dags/example_latest_only_with_trigger.py
[2024-06-18T16:32:49.226+0000] {logging_mixin.py:188} INFO - [2024-06-18T16:32:49.225+0000] {dag.py:3096} INFO - Sync 1 DAGs
[2024-06-18T16:32:49.254+0000] {logging_mixin.py:188} INFO - [2024-06-18T16:32:49.254+0000] {dag.py:3954} INFO - Setting next_dagrun for latest_only_with_trigger to 2024-06-18 12:00:00+00:00, run_after=2024-06-18 16:00:00+00:00
[2024-06-18T16:32:49.275+0000] {processor.py:183} INFO - Processing /home/airflow/.local/lib/python3.12/site-packages/airflow/example_dags/example_latest_only_with_trigger.py took 0.099 seconds
[2024-06-18T16:33:19.391+0000] {processor.py:161} INFO - Started process (PID=667) to work on /home/airflow/.local/lib/python3.12/site-packages/airflow/example_dags/example_latest_only_with_trigger.py
[2024-06-18T16:33:19.392+0000] {processor.py:830} INFO - Processing file /home/airflow/.local/lib/python3.12/site-packages/airflow/example_dags/example_latest_only_with_trigger.py for tasks to queue
[2024-06-18T16:33:19.395+0000] {logging_mixin.py:188} INFO - [2024-06-18T16:33:19.394+0000] {dagbag.py:545} INFO - Filling up the DagBag from /home/airflow/.local/lib/python3.12/site-packages/airflow/example_dags/example_latest_only_with_trigger.py
[2024-06-18T16:33:19.403+0000] {processor.py:840} INFO - DAG(s) 'latest_only_with_trigger' retrieved from /home/airflow/.local/lib/python3.12/site-packages/airflow/example_dags/example_latest_only_with_trigger.py
[2024-06-18T16:33:19.431+0000] {logging_mixin.py:188} INFO - [2024-06-18T16:33:19.430+0000] {dag.py:3096} INFO - Sync 1 DAGs
[2024-06-18T16:33:19.459+0000] {logging_mixin.py:188} INFO - [2024-06-18T16:33:19.458+0000] {dag.py:3954} INFO - Setting next_dagrun for latest_only_with_trigger to 2024-06-18 12:00:00+00:00, run_after=2024-06-18 16:00:00+00:00
[2024-06-18T16:33:19.481+0000] {processor.py:183} INFO - Processing /home/airflow/.local/lib/python3.12/site-packages/airflow/example_dags/example_latest_only_with_trigger.py took 0.098 seconds
[2024-06-18T16:33:49.613+0000] {processor.py:161} INFO - Started process (PID=725) to work on /home/airflow/.local/lib/python3.12/site-packages/airflow/example_dags/example_latest_only_with_trigger.py
[2024-06-18T16:33:49.614+0000] {processor.py:830} INFO - Processing file /home/airflow/.local/lib/python3.12/site-packages/airflow/example_dags/example_latest_only_with_trigger.py for tasks to queue
[2024-06-18T16:33:49.617+0000] {logging_mixin.py:188} INFO - [2024-06-18T16:33:49.616+0000] {dagbag.py:545} INFO - Filling up the DagBag from /home/airflow/.local/lib/python3.12/site-packages/airflow/example_dags/example_latest_only_with_trigger.py
[2024-06-18T16:33:49.624+0000] {processor.py:840} INFO - DAG(s) 'latest_only_with_trigger' retrieved from /home/airflow/.local/lib/python3.12/site-packages/airflow/example_dags/example_latest_only_with_trigger.py
[2024-06-18T16:33:49.650+0000] {logging_mixin.py:188} INFO - [2024-06-18T16:33:49.649+0000] {dag.py:3096} INFO - Sync 1 DAGs
[2024-06-18T16:33:49.675+0000] {logging_mixin.py:188} INFO - [2024-06-18T16:33:49.675+0000] {dag.py:3954} INFO - Setting next_dagrun for latest_only_with_trigger to 2024-06-18 12:00:00+00:00, run_after=2024-06-18 16:00:00+00:00
[2024-06-18T16:33:49.698+0000] {processor.py:183} INFO - Processing /home/airflow/.local/lib/python3.12/site-packages/airflow/example_dags/example_latest_only_with_trigger.py took 0.096 seconds
[2024-06-18T16:34:19.955+0000] {processor.py:161} INFO - Started process (PID=783) to work on /home/airflow/.local/lib/python3.12/site-packages/airflow/example_dags/example_latest_only_with_trigger.py
[2024-06-18T16:34:19.957+0000] {processor.py:830} INFO - Processing file /home/airflow/.local/lib/python3.12/site-packages/airflow/example_dags/example_latest_only_with_trigger.py for tasks to queue
[2024-06-18T16:34:19.960+0000] {logging_mixin.py:188} INFO - [2024-06-18T16:34:19.959+0000] {dagbag.py:545} INFO - Filling up the DagBag from /home/airflow/.local/lib/python3.12/site-packages/airflow/example_dags/example_latest_only_with_trigger.py
[2024-06-18T16:34:19.967+0000] {processor.py:840} INFO - DAG(s) 'latest_only_with_trigger' retrieved from /home/airflow/.local/lib/python3.12/site-packages/airflow/example_dags/example_latest_only_with_trigger.py
[2024-06-18T16:34:19.996+0000] {logging_mixin.py:188} INFO - [2024-06-18T16:34:19.996+0000] {dag.py:3096} INFO - Sync 1 DAGs
[2024-06-18T16:34:20.026+0000] {logging_mixin.py:188} INFO - [2024-06-18T16:34:20.026+0000] {dag.py:3954} INFO - Setting next_dagrun for latest_only_with_trigger to 2024-06-18 12:00:00+00:00, run_after=2024-06-18 16:00:00+00:00
[2024-06-18T16:34:20.050+0000] {processor.py:183} INFO - Processing /home/airflow/.local/lib/python3.12/site-packages/airflow/example_dags/example_latest_only_with_trigger.py took 0.103 seconds
[2024-06-18T16:34:50.464+0000] {processor.py:161} INFO - Started process (PID=841) to work on /home/airflow/.local/lib/python3.12/site-packages/airflow/example_dags/example_latest_only_with_trigger.py
[2024-06-18T16:34:50.466+0000] {processor.py:830} INFO - Processing file /home/airflow/.local/lib/python3.12/site-packages/airflow/example_dags/example_latest_only_with_trigger.py for tasks to queue
[2024-06-18T16:34:50.468+0000] {logging_mixin.py:188} INFO - [2024-06-18T16:34:50.468+0000] {dagbag.py:545} INFO - Filling up the DagBag from /home/airflow/.local/lib/python3.12/site-packages/airflow/example_dags/example_latest_only_with_trigger.py
[2024-06-18T16:34:50.476+0000] {processor.py:840} INFO - DAG(s) 'latest_only_with_trigger' retrieved from /home/airflow/.local/lib/python3.12/site-packages/airflow/example_dags/example_latest_only_with_trigger.py
[2024-06-18T16:34:50.507+0000] {logging_mixin.py:188} INFO - [2024-06-18T16:34:50.507+0000] {dag.py:3096} INFO - Sync 1 DAGs
[2024-06-18T16:34:50.537+0000] {logging_mixin.py:188} INFO - [2024-06-18T16:34:50.537+0000] {dag.py:3954} INFO - Setting next_dagrun for latest_only_with_trigger to 2024-06-18 12:00:00+00:00, run_after=2024-06-18 16:00:00+00:00
[2024-06-18T16:34:50.561+0000] {processor.py:183} INFO - Processing /home/airflow/.local/lib/python3.12/site-packages/airflow/example_dags/example_latest_only_with_trigger.py took 0.107 seconds
[2024-06-18T16:35:20.895+0000] {processor.py:161} INFO - Started process (PID=899) to work on /home/airflow/.local/lib/python3.12/site-packages/airflow/example_dags/example_latest_only_with_trigger.py
[2024-06-18T16:35:20.896+0000] {processor.py:830} INFO - Processing file /home/airflow/.local/lib/python3.12/site-packages/airflow/example_dags/example_latest_only_with_trigger.py for tasks to queue
[2024-06-18T16:35:20.899+0000] {logging_mixin.py:188} INFO - [2024-06-18T16:35:20.898+0000] {dagbag.py:545} INFO - Filling up the DagBag from /home/airflow/.local/lib/python3.12/site-packages/airflow/example_dags/example_latest_only_with_trigger.py
[2024-06-18T16:35:20.906+0000] {processor.py:840} INFO - DAG(s) 'latest_only_with_trigger' retrieved from /home/airflow/.local/lib/python3.12/site-packages/airflow/example_dags/example_latest_only_with_trigger.py
[2024-06-18T16:35:20.931+0000] {logging_mixin.py:188} INFO - [2024-06-18T16:35:20.931+0000] {dag.py:3096} INFO - Sync 1 DAGs
[2024-06-18T16:35:20.958+0000] {logging_mixin.py:188} INFO - [2024-06-18T16:35:20.958+0000] {dag.py:3954} INFO - Setting next_dagrun for latest_only_with_trigger to 2024-06-18 12:00:00+00:00, run_after=2024-06-18 16:00:00+00:00
[2024-06-18T16:35:20.978+0000] {processor.py:183} INFO - Processing /home/airflow/.local/lib/python3.12/site-packages/airflow/example_dags/example_latest_only_with_trigger.py took 0.091 seconds
[2024-06-18T16:35:51.354+0000] {processor.py:161} INFO - Started process (PID=957) to work on /home/airflow/.local/lib/python3.12/site-packages/airflow/example_dags/example_latest_only_with_trigger.py
[2024-06-18T16:35:51.356+0000] {processor.py:830} INFO - Processing file /home/airflow/.local/lib/python3.12/site-packages/airflow/example_dags/example_latest_only_with_trigger.py for tasks to queue
[2024-06-18T16:35:51.359+0000] {logging_mixin.py:188} INFO - [2024-06-18T16:35:51.359+0000] {dagbag.py:545} INFO - Filling up the DagBag from /home/airflow/.local/lib/python3.12/site-packages/airflow/example_dags/example_latest_only_with_trigger.py
[2024-06-18T16:35:51.367+0000] {processor.py:840} INFO - DAG(s) 'latest_only_with_trigger' retrieved from /home/airflow/.local/lib/python3.12/site-packages/airflow/example_dags/example_latest_only_with_trigger.py
[2024-06-18T16:35:51.395+0000] {logging_mixin.py:188} INFO - [2024-06-18T16:35:51.395+0000] {dag.py:3096} INFO - Sync 1 DAGs
[2024-06-18T16:35:51.423+0000] {logging_mixin.py:188} INFO - [2024-06-18T16:35:51.423+0000] {dag.py:3954} INFO - Setting next_dagrun for latest_only_with_trigger to 2024-06-18 12:00:00+00:00, run_after=2024-06-18 16:00:00+00:00
[2024-06-18T16:35:51.446+0000] {processor.py:183} INFO - Processing /home/airflow/.local/lib/python3.12/site-packages/airflow/example_dags/example_latest_only_with_trigger.py took 0.102 seconds
[2024-06-18T16:36:21.485+0000] {processor.py:161} INFO - Started process (PID=1015) to work on /home/airflow/.local/lib/python3.12/site-packages/airflow/example_dags/example_latest_only_with_trigger.py
[2024-06-18T16:36:21.486+0000] {processor.py:830} INFO - Processing file /home/airflow/.local/lib/python3.12/site-packages/airflow/example_dags/example_latest_only_with_trigger.py for tasks to queue
[2024-06-18T16:36:21.489+0000] {logging_mixin.py:188} INFO - [2024-06-18T16:36:21.488+0000] {dagbag.py:545} INFO - Filling up the DagBag from /home/airflow/.local/lib/python3.12/site-packages/airflow/example_dags/example_latest_only_with_trigger.py
[2024-06-18T16:36:21.496+0000] {processor.py:840} INFO - DAG(s) 'latest_only_with_trigger' retrieved from /home/airflow/.local/lib/python3.12/site-packages/airflow/example_dags/example_latest_only_with_trigger.py
[2024-06-18T16:36:21.528+0000] {logging_mixin.py:188} INFO - [2024-06-18T16:36:21.528+0000] {dag.py:3096} INFO - Sync 1 DAGs
[2024-06-18T16:36:21.557+0000] {logging_mixin.py:188} INFO - [2024-06-18T16:36:21.557+0000] {dag.py:3954} INFO - Setting next_dagrun for latest_only_with_trigger to 2024-06-18 12:00:00+00:00, run_after=2024-06-18 16:00:00+00:00
[2024-06-18T16:36:21.584+0000] {processor.py:183} INFO - Processing /home/airflow/.local/lib/python3.12/site-packages/airflow/example_dags/example_latest_only_with_trigger.py took 0.109 seconds
[2024-06-18T16:36:51.843+0000] {processor.py:161} INFO - Started process (PID=1073) to work on /home/airflow/.local/lib/python3.12/site-packages/airflow/example_dags/example_latest_only_with_trigger.py
[2024-06-18T16:36:51.844+0000] {processor.py:830} INFO - Processing file /home/airflow/.local/lib/python3.12/site-packages/airflow/example_dags/example_latest_only_with_trigger.py for tasks to queue
[2024-06-18T16:36:51.846+0000] {logging_mixin.py:188} INFO - [2024-06-18T16:36:51.846+0000] {dagbag.py:545} INFO - Filling up the DagBag from /home/airflow/.local/lib/python3.12/site-packages/airflow/example_dags/example_latest_only_with_trigger.py
[2024-06-18T16:36:51.854+0000] {processor.py:840} INFO - DAG(s) 'latest_only_with_trigger' retrieved from /home/airflow/.local/lib/python3.12/site-packages/airflow/example_dags/example_latest_only_with_trigger.py
[2024-06-18T16:36:51.887+0000] {logging_mixin.py:188} INFO - [2024-06-18T16:36:51.886+0000] {dag.py:3096} INFO - Sync 1 DAGs
[2024-06-18T16:36:51.917+0000] {logging_mixin.py:188} INFO - [2024-06-18T16:36:51.917+0000] {dag.py:3954} INFO - Setting next_dagrun for latest_only_with_trigger to 2024-06-18 12:00:00+00:00, run_after=2024-06-18 16:00:00+00:00
[2024-06-18T16:36:51.941+0000] {processor.py:183} INFO - Processing /home/airflow/.local/lib/python3.12/site-packages/airflow/example_dags/example_latest_only_with_trigger.py took 0.107 seconds
[2024-06-18T16:37:22.080+0000] {processor.py:161} INFO - Started process (PID=1131) to work on /home/airflow/.local/lib/python3.12/site-packages/airflow/example_dags/example_latest_only_with_trigger.py
[2024-06-18T16:37:22.081+0000] {processor.py:830} INFO - Processing file /home/airflow/.local/lib/python3.12/site-packages/airflow/example_dags/example_latest_only_with_trigger.py for tasks to queue
[2024-06-18T16:37:22.084+0000] {logging_mixin.py:188} INFO - [2024-06-18T16:37:22.084+0000] {dagbag.py:545} INFO - Filling up the DagBag from /home/airflow/.local/lib/python3.12/site-packages/airflow/example_dags/example_latest_only_with_trigger.py
[2024-06-18T16:37:22.092+0000] {processor.py:840} INFO - DAG(s) 'latest_only_with_trigger' retrieved from /home/airflow/.local/lib/python3.12/site-packages/airflow/example_dags/example_latest_only_with_trigger.py
[2024-06-18T16:37:22.121+0000] {logging_mixin.py:188} INFO - [2024-06-18T16:37:22.120+0000] {dag.py:3096} INFO - Sync 1 DAGs
[2024-06-18T16:37:22.148+0000] {logging_mixin.py:188} INFO - [2024-06-18T16:37:22.148+0000] {dag.py:3954} INFO - Setting next_dagrun for latest_only_with_trigger to 2024-06-18 12:00:00+00:00, run_after=2024-06-18 16:00:00+00:00
[2024-06-18T16:37:22.169+0000] {processor.py:183} INFO - Processing /home/airflow/.local/lib/python3.12/site-packages/airflow/example_dags/example_latest_only_with_trigger.py took 0.097 seconds
[2024-06-18T16:38:49.859+0000] {processor.py:161} INFO - Started process (PID=29) to work on /home/airflow/.local/lib/python3.12/site-packages/airflow/example_dags/example_latest_only_with_trigger.py
[2024-06-18T16:38:49.862+0000] {processor.py:830} INFO - Processing file /home/airflow/.local/lib/python3.12/site-packages/airflow/example_dags/example_latest_only_with_trigger.py for tasks to queue
[2024-06-18T16:38:49.865+0000] {logging_mixin.py:188} INFO - [2024-06-18T16:38:49.865+0000] {dagbag.py:545} INFO - Filling up the DagBag from /home/airflow/.local/lib/python3.12/site-packages/airflow/example_dags/example_latest_only_with_trigger.py
[2024-06-18T16:38:49.887+0000] {processor.py:840} INFO - DAG(s) 'latest_only_with_trigger' retrieved from /home/airflow/.local/lib/python3.12/site-packages/airflow/example_dags/example_latest_only_with_trigger.py
[2024-06-18T16:38:49.905+0000] {logging_mixin.py:188} INFO - [2024-06-18T16:38:49.904+0000] {dag.py:3096} INFO - Sync 1 DAGs
[2024-06-18T16:38:49.939+0000] {logging_mixin.py:188} INFO - [2024-06-18T16:38:49.939+0000] {dag.py:3954} INFO - Setting next_dagrun for latest_only_with_trigger to 2024-06-18 12:00:00+00:00, run_after=2024-06-18 16:00:00+00:00
[2024-06-18T16:38:49.963+0000] {processor.py:183} INFO - Processing /home/airflow/.local/lib/python3.12/site-packages/airflow/example_dags/example_latest_only_with_trigger.py took 0.122 seconds
[2024-06-18T16:39:20.053+0000] {processor.py:161} INFO - Started process (PID=86) to work on /home/airflow/.local/lib/python3.12/site-packages/airflow/example_dags/example_latest_only_with_trigger.py
[2024-06-18T16:39:20.055+0000] {processor.py:830} INFO - Processing file /home/airflow/.local/lib/python3.12/site-packages/airflow/example_dags/example_latest_only_with_trigger.py for tasks to queue
[2024-06-18T16:39:20.057+0000] {logging_mixin.py:188} INFO - [2024-06-18T16:39:20.057+0000] {dagbag.py:545} INFO - Filling up the DagBag from /home/airflow/.local/lib/python3.12/site-packages/airflow/example_dags/example_latest_only_with_trigger.py
[2024-06-18T16:39:20.064+0000] {processor.py:840} INFO - DAG(s) 'latest_only_with_trigger' retrieved from /home/airflow/.local/lib/python3.12/site-packages/airflow/example_dags/example_latest_only_with_trigger.py
[2024-06-18T16:39:20.214+0000] {logging_mixin.py:188} INFO - [2024-06-18T16:39:20.213+0000] {dag.py:3096} INFO - Sync 1 DAGs
[2024-06-18T16:39:20.240+0000] {logging_mixin.py:188} INFO - [2024-06-18T16:39:20.240+0000] {dag.py:3954} INFO - Setting next_dagrun for latest_only_with_trigger to 2024-06-18 12:00:00+00:00, run_after=2024-06-18 16:00:00+00:00
[2024-06-18T16:39:20.267+0000] {processor.py:183} INFO - Processing /home/airflow/.local/lib/python3.12/site-packages/airflow/example_dags/example_latest_only_with_trigger.py took 0.221 seconds
[2024-06-18T16:39:50.811+0000] {processor.py:161} INFO - Started process (PID=144) to work on /home/airflow/.local/lib/python3.12/site-packages/airflow/example_dags/example_latest_only_with_trigger.py
[2024-06-18T16:39:50.813+0000] {processor.py:830} INFO - Processing file /home/airflow/.local/lib/python3.12/site-packages/airflow/example_dags/example_latest_only_with_trigger.py for tasks to queue
[2024-06-18T16:39:50.816+0000] {logging_mixin.py:188} INFO - [2024-06-18T16:39:50.816+0000] {dagbag.py:545} INFO - Filling up the DagBag from /home/airflow/.local/lib/python3.12/site-packages/airflow/example_dags/example_latest_only_with_trigger.py
[2024-06-18T16:39:50.827+0000] {processor.py:840} INFO - DAG(s) 'latest_only_with_trigger' retrieved from /home/airflow/.local/lib/python3.12/site-packages/airflow/example_dags/example_latest_only_with_trigger.py
[2024-06-18T16:39:50.855+0000] {logging_mixin.py:188} INFO - [2024-06-18T16:39:50.854+0000] {dag.py:3096} INFO - Sync 1 DAGs
[2024-06-18T16:39:50.889+0000] {logging_mixin.py:188} INFO - [2024-06-18T16:39:50.889+0000] {dag.py:3954} INFO - Setting next_dagrun for latest_only_with_trigger to 2024-06-18 12:00:00+00:00, run_after=2024-06-18 16:00:00+00:00
[2024-06-18T16:39:50.912+0000] {processor.py:183} INFO - Processing /home/airflow/.local/lib/python3.12/site-packages/airflow/example_dags/example_latest_only_with_trigger.py took 0.111 seconds
[2024-06-18T16:40:21.466+0000] {processor.py:161} INFO - Started process (PID=202) to work on /home/airflow/.local/lib/python3.12/site-packages/airflow/example_dags/example_latest_only_with_trigger.py
[2024-06-18T16:40:21.467+0000] {processor.py:830} INFO - Processing file /home/airflow/.local/lib/python3.12/site-packages/airflow/example_dags/example_latest_only_with_trigger.py for tasks to queue
[2024-06-18T16:40:21.470+0000] {logging_mixin.py:188} INFO - [2024-06-18T16:40:21.469+0000] {dagbag.py:545} INFO - Filling up the DagBag from /home/airflow/.local/lib/python3.12/site-packages/airflow/example_dags/example_latest_only_with_trigger.py
[2024-06-18T16:40:21.477+0000] {processor.py:840} INFO - DAG(s) 'latest_only_with_trigger' retrieved from /home/airflow/.local/lib/python3.12/site-packages/airflow/example_dags/example_latest_only_with_trigger.py
[2024-06-18T16:40:21.504+0000] {logging_mixin.py:188} INFO - [2024-06-18T16:40:21.504+0000] {dag.py:3096} INFO - Sync 1 DAGs
[2024-06-18T16:40:21.532+0000] {logging_mixin.py:188} INFO - [2024-06-18T16:40:21.531+0000] {dag.py:3954} INFO - Setting next_dagrun for latest_only_with_trigger to 2024-06-18 12:00:00+00:00, run_after=2024-06-18 16:00:00+00:00
[2024-06-18T16:40:21.554+0000] {processor.py:183} INFO - Processing /home/airflow/.local/lib/python3.12/site-packages/airflow/example_dags/example_latest_only_with_trigger.py took 0.097 seconds
[2024-06-18T16:40:51.668+0000] {processor.py:161} INFO - Started process (PID=260) to work on /home/airflow/.local/lib/python3.12/site-packages/airflow/example_dags/example_latest_only_with_trigger.py
[2024-06-18T16:40:51.670+0000] {processor.py:830} INFO - Processing file /home/airflow/.local/lib/python3.12/site-packages/airflow/example_dags/example_latest_only_with_trigger.py for tasks to queue
[2024-06-18T16:40:51.673+0000] {logging_mixin.py:188} INFO - [2024-06-18T16:40:51.672+0000] {dagbag.py:545} INFO - Filling up the DagBag from /home/airflow/.local/lib/python3.12/site-packages/airflow/example_dags/example_latest_only_with_trigger.py
[2024-06-18T16:40:51.680+0000] {processor.py:840} INFO - DAG(s) 'latest_only_with_trigger' retrieved from /home/airflow/.local/lib/python3.12/site-packages/airflow/example_dags/example_latest_only_with_trigger.py
[2024-06-18T16:40:51.709+0000] {logging_mixin.py:188} INFO - [2024-06-18T16:40:51.708+0000] {dag.py:3096} INFO - Sync 1 DAGs
[2024-06-18T16:40:51.738+0000] {logging_mixin.py:188} INFO - [2024-06-18T16:40:51.738+0000] {dag.py:3954} INFO - Setting next_dagrun for latest_only_with_trigger to 2024-06-18 12:00:00+00:00, run_after=2024-06-18 16:00:00+00:00
[2024-06-18T16:40:51.764+0000] {processor.py:183} INFO - Processing /home/airflow/.local/lib/python3.12/site-packages/airflow/example_dags/example_latest_only_with_trigger.py took 0.104 seconds
[2024-06-18T16:41:22.124+0000] {processor.py:161} INFO - Started process (PID=318) to work on /home/airflow/.local/lib/python3.12/site-packages/airflow/example_dags/example_latest_only_with_trigger.py
[2024-06-18T16:41:22.125+0000] {processor.py:830} INFO - Processing file /home/airflow/.local/lib/python3.12/site-packages/airflow/example_dags/example_latest_only_with_trigger.py for tasks to queue
[2024-06-18T16:41:22.127+0000] {logging_mixin.py:188} INFO - [2024-06-18T16:41:22.127+0000] {dagbag.py:545} INFO - Filling up the DagBag from /home/airflow/.local/lib/python3.12/site-packages/airflow/example_dags/example_latest_only_with_trigger.py
[2024-06-18T16:41:22.134+0000] {processor.py:840} INFO - DAG(s) 'latest_only_with_trigger' retrieved from /home/airflow/.local/lib/python3.12/site-packages/airflow/example_dags/example_latest_only_with_trigger.py
[2024-06-18T16:41:22.173+0000] {logging_mixin.py:188} INFO - [2024-06-18T16:41:22.172+0000] {dag.py:3096} INFO - Sync 1 DAGs
[2024-06-18T16:41:22.208+0000] {logging_mixin.py:188} INFO - [2024-06-18T16:41:22.207+0000] {dag.py:3954} INFO - Setting next_dagrun for latest_only_with_trigger to 2024-06-18 12:00:00+00:00, run_after=2024-06-18 16:00:00+00:00
[2024-06-18T16:41:22.237+0000] {processor.py:183} INFO - Processing /home/airflow/.local/lib/python3.12/site-packages/airflow/example_dags/example_latest_only_with_trigger.py took 0.121 seconds
[2024-06-18T16:41:52.392+0000] {processor.py:161} INFO - Started process (PID=376) to work on /home/airflow/.local/lib/python3.12/site-packages/airflow/example_dags/example_latest_only_with_trigger.py
[2024-06-18T16:41:52.394+0000] {processor.py:830} INFO - Processing file /home/airflow/.local/lib/python3.12/site-packages/airflow/example_dags/example_latest_only_with_trigger.py for tasks to queue
[2024-06-18T16:41:52.396+0000] {logging_mixin.py:188} INFO - [2024-06-18T16:41:52.396+0000] {dagbag.py:545} INFO - Filling up the DagBag from /home/airflow/.local/lib/python3.12/site-packages/airflow/example_dags/example_latest_only_with_trigger.py
[2024-06-18T16:41:52.404+0000] {processor.py:840} INFO - DAG(s) 'latest_only_with_trigger' retrieved from /home/airflow/.local/lib/python3.12/site-packages/airflow/example_dags/example_latest_only_with_trigger.py
[2024-06-18T16:41:52.431+0000] {logging_mixin.py:188} INFO - [2024-06-18T16:41:52.431+0000] {dag.py:3096} INFO - Sync 1 DAGs
[2024-06-18T16:41:52.468+0000] {logging_mixin.py:188} INFO - [2024-06-18T16:41:52.468+0000] {dag.py:3954} INFO - Setting next_dagrun for latest_only_with_trigger to 2024-06-18 12:00:00+00:00, run_after=2024-06-18 16:00:00+00:00
[2024-06-18T16:41:52.502+0000] {processor.py:183} INFO - Processing /home/airflow/.local/lib/python3.12/site-packages/airflow/example_dags/example_latest_only_with_trigger.py took 0.118 seconds
[2024-06-18T16:42:22.704+0000] {processor.py:161} INFO - Started process (PID=434) to work on /home/airflow/.local/lib/python3.12/site-packages/airflow/example_dags/example_latest_only_with_trigger.py
[2024-06-18T16:42:22.706+0000] {processor.py:830} INFO - Processing file /home/airflow/.local/lib/python3.12/site-packages/airflow/example_dags/example_latest_only_with_trigger.py for tasks to queue
[2024-06-18T16:42:22.709+0000] {logging_mixin.py:188} INFO - [2024-06-18T16:42:22.708+0000] {dagbag.py:545} INFO - Filling up the DagBag from /home/airflow/.local/lib/python3.12/site-packages/airflow/example_dags/example_latest_only_with_trigger.py
[2024-06-18T16:42:22.717+0000] {processor.py:840} INFO - DAG(s) 'latest_only_with_trigger' retrieved from /home/airflow/.local/lib/python3.12/site-packages/airflow/example_dags/example_latest_only_with_trigger.py
[2024-06-18T16:42:22.744+0000] {logging_mixin.py:188} INFO - [2024-06-18T16:42:22.743+0000] {dag.py:3096} INFO - Sync 1 DAGs
[2024-06-18T16:42:22.772+0000] {logging_mixin.py:188} INFO - [2024-06-18T16:42:22.772+0000] {dag.py:3954} INFO - Setting next_dagrun for latest_only_with_trigger to 2024-06-18 12:00:00+00:00, run_after=2024-06-18 16:00:00+00:00
[2024-06-18T16:42:22.806+0000] {processor.py:183} INFO - Processing /home/airflow/.local/lib/python3.12/site-packages/airflow/example_dags/example_latest_only_with_trigger.py took 0.112 seconds
