[2024-06-18T16:27:50.205+0000] {processor.py:161} INFO - Started process (PID=70) to work on /home/airflow/.local/lib/python3.12/site-packages/airflow/example_dags/example_task_group.py
[2024-06-18T16:27:50.206+0000] {processor.py:830} INFO - Processing file /home/airflow/.local/lib/python3.12/site-packages/airflow/example_dags/example_task_group.py for tasks to queue
[2024-06-18T16:27:50.208+0000] {logging_mixin.py:188} INFO - [2024-06-18T16:27:50.208+0000] {dagbag.py:545} INFO - Filling up the DagBag from /home/airflow/.local/lib/python3.12/site-packages/airflow/example_dags/example_task_group.py
[2024-06-18T16:27:50.220+0000] {processor.py:840} INFO - DAG(s) 'example_task_group' retrieved from /home/airflow/.local/lib/python3.12/site-packages/airflow/example_dags/example_task_group.py
[2024-06-18T16:27:50.369+0000] {logging_mixin.py:188} INFO - [2024-06-18T16:27:50.368+0000] {dag.py:3096} INFO - Sync 1 DAGs
[2024-06-18T16:27:50.393+0000] {logging_mixin.py:188} INFO - [2024-06-18T16:27:50.392+0000] {dag.py:3954} INFO - Setting next_dagrun for example_task_group to 2024-06-17 00:00:00+00:00, run_after=2024-06-18 00:00:00+00:00
[2024-06-18T16:27:50.417+0000] {processor.py:183} INFO - Processing /home/airflow/.local/lib/python3.12/site-packages/airflow/example_dags/example_task_group.py took 0.220 seconds
[2024-06-18T16:28:21.050+0000] {processor.py:161} INFO - Started process (PID=128) to work on /home/airflow/.local/lib/python3.12/site-packages/airflow/example_dags/example_task_group.py
[2024-06-18T16:28:21.052+0000] {processor.py:830} INFO - Processing file /home/airflow/.local/lib/python3.12/site-packages/airflow/example_dags/example_task_group.py for tasks to queue
[2024-06-18T16:28:21.055+0000] {logging_mixin.py:188} INFO - [2024-06-18T16:28:21.054+0000] {dagbag.py:545} INFO - Filling up the DagBag from /home/airflow/.local/lib/python3.12/site-packages/airflow/example_dags/example_task_group.py
[2024-06-18T16:28:21.065+0000] {processor.py:840} INFO - DAG(s) 'example_task_group' retrieved from /home/airflow/.local/lib/python3.12/site-packages/airflow/example_dags/example_task_group.py
[2024-06-18T16:28:21.092+0000] {logging_mixin.py:188} INFO - [2024-06-18T16:28:21.092+0000] {dag.py:3096} INFO - Sync 1 DAGs
[2024-06-18T16:28:21.120+0000] {logging_mixin.py:188} INFO - [2024-06-18T16:28:21.120+0000] {dag.py:3954} INFO - Setting next_dagrun for example_task_group to 2024-06-17 00:00:00+00:00, run_after=2024-06-18 00:00:00+00:00
[2024-06-18T16:28:21.141+0000] {processor.py:183} INFO - Processing /home/airflow/.local/lib/python3.12/site-packages/airflow/example_dags/example_task_group.py took 0.099 seconds
[2024-06-18T16:28:51.636+0000] {processor.py:161} INFO - Started process (PID=186) to work on /home/airflow/.local/lib/python3.12/site-packages/airflow/example_dags/example_task_group.py
[2024-06-18T16:28:51.637+0000] {processor.py:830} INFO - Processing file /home/airflow/.local/lib/python3.12/site-packages/airflow/example_dags/example_task_group.py for tasks to queue
[2024-06-18T16:28:51.641+0000] {logging_mixin.py:188} INFO - [2024-06-18T16:28:51.640+0000] {dagbag.py:545} INFO - Filling up the DagBag from /home/airflow/.local/lib/python3.12/site-packages/airflow/example_dags/example_task_group.py
[2024-06-18T16:28:51.655+0000] {processor.py:840} INFO - DAG(s) 'example_task_group' retrieved from /home/airflow/.local/lib/python3.12/site-packages/airflow/example_dags/example_task_group.py
[2024-06-18T16:28:51.692+0000] {logging_mixin.py:188} INFO - [2024-06-18T16:28:51.691+0000] {dag.py:3096} INFO - Sync 1 DAGs
[2024-06-18T16:28:51.717+0000] {logging_mixin.py:188} INFO - [2024-06-18T16:28:51.717+0000] {dag.py:3954} INFO - Setting next_dagrun for example_task_group to 2024-06-17 00:00:00+00:00, run_after=2024-06-18 00:00:00+00:00
[2024-06-18T16:28:51.740+0000] {processor.py:183} INFO - Processing /home/airflow/.local/lib/python3.12/site-packages/airflow/example_dags/example_task_group.py took 0.112 seconds
[2024-06-18T16:29:22.462+0000] {processor.py:161} INFO - Started process (PID=244) to work on /home/airflow/.local/lib/python3.12/site-packages/airflow/example_dags/example_task_group.py
[2024-06-18T16:29:22.464+0000] {processor.py:830} INFO - Processing file /home/airflow/.local/lib/python3.12/site-packages/airflow/example_dags/example_task_group.py for tasks to queue
[2024-06-18T16:29:22.466+0000] {logging_mixin.py:188} INFO - [2024-06-18T16:29:22.466+0000] {dagbag.py:545} INFO - Filling up the DagBag from /home/airflow/.local/lib/python3.12/site-packages/airflow/example_dags/example_task_group.py
[2024-06-18T16:29:22.476+0000] {processor.py:840} INFO - DAG(s) 'example_task_group' retrieved from /home/airflow/.local/lib/python3.12/site-packages/airflow/example_dags/example_task_group.py
[2024-06-18T16:29:22.503+0000] {logging_mixin.py:188} INFO - [2024-06-18T16:29:22.503+0000] {dag.py:3096} INFO - Sync 1 DAGs
[2024-06-18T16:29:22.529+0000] {logging_mixin.py:188} INFO - [2024-06-18T16:29:22.529+0000] {dag.py:3954} INFO - Setting next_dagrun for example_task_group to 2024-06-17 00:00:00+00:00, run_after=2024-06-18 00:00:00+00:00
[2024-06-18T16:29:22.551+0000] {processor.py:183} INFO - Processing /home/airflow/.local/lib/python3.12/site-packages/airflow/example_dags/example_task_group.py took 0.096 seconds
[2024-06-18T16:29:52.887+0000] {processor.py:161} INFO - Started process (PID=302) to work on /home/airflow/.local/lib/python3.12/site-packages/airflow/example_dags/example_task_group.py
[2024-06-18T16:29:52.889+0000] {processor.py:830} INFO - Processing file /home/airflow/.local/lib/python3.12/site-packages/airflow/example_dags/example_task_group.py for tasks to queue
[2024-06-18T16:29:52.892+0000] {logging_mixin.py:188} INFO - [2024-06-18T16:29:52.891+0000] {dagbag.py:545} INFO - Filling up the DagBag from /home/airflow/.local/lib/python3.12/site-packages/airflow/example_dags/example_task_group.py
[2024-06-18T16:29:52.906+0000] {processor.py:840} INFO - DAG(s) 'example_task_group' retrieved from /home/airflow/.local/lib/python3.12/site-packages/airflow/example_dags/example_task_group.py
[2024-06-18T16:29:52.934+0000] {logging_mixin.py:188} INFO - [2024-06-18T16:29:52.933+0000] {dag.py:3096} INFO - Sync 1 DAGs
[2024-06-18T16:29:52.961+0000] {logging_mixin.py:188} INFO - [2024-06-18T16:29:52.961+0000] {dag.py:3954} INFO - Setting next_dagrun for example_task_group to 2024-06-17 00:00:00+00:00, run_after=2024-06-18 00:00:00+00:00
[2024-06-18T16:29:52.983+0000] {processor.py:183} INFO - Processing /home/airflow/.local/lib/python3.12/site-packages/airflow/example_dags/example_task_group.py took 0.108 seconds
[2024-06-18T16:30:23.227+0000] {processor.py:161} INFO - Started process (PID=360) to work on /home/airflow/.local/lib/python3.12/site-packages/airflow/example_dags/example_task_group.py
[2024-06-18T16:30:23.228+0000] {processor.py:830} INFO - Processing file /home/airflow/.local/lib/python3.12/site-packages/airflow/example_dags/example_task_group.py for tasks to queue
[2024-06-18T16:30:23.230+0000] {logging_mixin.py:188} INFO - [2024-06-18T16:30:23.230+0000] {dagbag.py:545} INFO - Filling up the DagBag from /home/airflow/.local/lib/python3.12/site-packages/airflow/example_dags/example_task_group.py
[2024-06-18T16:30:23.240+0000] {processor.py:840} INFO - DAG(s) 'example_task_group' retrieved from /home/airflow/.local/lib/python3.12/site-packages/airflow/example_dags/example_task_group.py
[2024-06-18T16:30:23.267+0000] {logging_mixin.py:188} INFO - [2024-06-18T16:30:23.266+0000] {dag.py:3096} INFO - Sync 1 DAGs
[2024-06-18T16:30:23.294+0000] {logging_mixin.py:188} INFO - [2024-06-18T16:30:23.294+0000] {dag.py:3954} INFO - Setting next_dagrun for example_task_group to 2024-06-17 00:00:00+00:00, run_after=2024-06-18 00:00:00+00:00
[2024-06-18T16:30:23.316+0000] {processor.py:183} INFO - Processing /home/airflow/.local/lib/python3.12/site-packages/airflow/example_dags/example_task_group.py took 0.098 seconds
[2024-06-18T16:30:53.593+0000] {processor.py:161} INFO - Started process (PID=418) to work on /home/airflow/.local/lib/python3.12/site-packages/airflow/example_dags/example_task_group.py
[2024-06-18T16:30:53.594+0000] {processor.py:830} INFO - Processing file /home/airflow/.local/lib/python3.12/site-packages/airflow/example_dags/example_task_group.py for tasks to queue
[2024-06-18T16:30:53.597+0000] {logging_mixin.py:188} INFO - [2024-06-18T16:30:53.596+0000] {dagbag.py:545} INFO - Filling up the DagBag from /home/airflow/.local/lib/python3.12/site-packages/airflow/example_dags/example_task_group.py
[2024-06-18T16:30:53.607+0000] {processor.py:840} INFO - DAG(s) 'example_task_group' retrieved from /home/airflow/.local/lib/python3.12/site-packages/airflow/example_dags/example_task_group.py
[2024-06-18T16:30:53.637+0000] {logging_mixin.py:188} INFO - [2024-06-18T16:30:53.637+0000] {dag.py:3096} INFO - Sync 1 DAGs
[2024-06-18T16:30:53.666+0000] {logging_mixin.py:188} INFO - [2024-06-18T16:30:53.666+0000] {dag.py:3954} INFO - Setting next_dagrun for example_task_group to 2024-06-17 00:00:00+00:00, run_after=2024-06-18 00:00:00+00:00
[2024-06-18T16:30:53.696+0000] {processor.py:183} INFO - Processing /home/airflow/.local/lib/python3.12/site-packages/airflow/example_dags/example_task_group.py took 0.112 seconds
[2024-06-18T16:31:23.815+0000] {processor.py:161} INFO - Started process (PID=476) to work on /home/airflow/.local/lib/python3.12/site-packages/airflow/example_dags/example_task_group.py
[2024-06-18T16:31:23.816+0000] {processor.py:830} INFO - Processing file /home/airflow/.local/lib/python3.12/site-packages/airflow/example_dags/example_task_group.py for tasks to queue
[2024-06-18T16:31:23.818+0000] {logging_mixin.py:188} INFO - [2024-06-18T16:31:23.817+0000] {dagbag.py:545} INFO - Filling up the DagBag from /home/airflow/.local/lib/python3.12/site-packages/airflow/example_dags/example_task_group.py
[2024-06-18T16:31:23.828+0000] {processor.py:840} INFO - DAG(s) 'example_task_group' retrieved from /home/airflow/.local/lib/python3.12/site-packages/airflow/example_dags/example_task_group.py
[2024-06-18T16:31:23.858+0000] {logging_mixin.py:188} INFO - [2024-06-18T16:31:23.857+0000] {dag.py:3096} INFO - Sync 1 DAGs
[2024-06-18T16:31:23.886+0000] {logging_mixin.py:188} INFO - [2024-06-18T16:31:23.885+0000] {dag.py:3954} INFO - Setting next_dagrun for example_task_group to 2024-06-17 00:00:00+00:00, run_after=2024-06-18 00:00:00+00:00
[2024-06-18T16:31:23.910+0000] {processor.py:183} INFO - Processing /home/airflow/.local/lib/python3.12/site-packages/airflow/example_dags/example_task_group.py took 0.106 seconds
[2024-06-18T16:31:54.081+0000] {processor.py:161} INFO - Started process (PID=534) to work on /home/airflow/.local/lib/python3.12/site-packages/airflow/example_dags/example_task_group.py
[2024-06-18T16:31:54.082+0000] {processor.py:830} INFO - Processing file /home/airflow/.local/lib/python3.12/site-packages/airflow/example_dags/example_task_group.py for tasks to queue
[2024-06-18T16:31:54.085+0000] {logging_mixin.py:188} INFO - [2024-06-18T16:31:54.084+0000] {dagbag.py:545} INFO - Filling up the DagBag from /home/airflow/.local/lib/python3.12/site-packages/airflow/example_dags/example_task_group.py
[2024-06-18T16:31:54.095+0000] {processor.py:840} INFO - DAG(s) 'example_task_group' retrieved from /home/airflow/.local/lib/python3.12/site-packages/airflow/example_dags/example_task_group.py
[2024-06-18T16:31:54.125+0000] {logging_mixin.py:188} INFO - [2024-06-18T16:31:54.124+0000] {dag.py:3096} INFO - Sync 1 DAGs
[2024-06-18T16:31:54.150+0000] {logging_mixin.py:188} INFO - [2024-06-18T16:31:54.150+0000] {dag.py:3954} INFO - Setting next_dagrun for example_task_group to 2024-06-17 00:00:00+00:00, run_after=2024-06-18 00:00:00+00:00
[2024-06-18T16:31:54.171+0000] {processor.py:183} INFO - Processing /home/airflow/.local/lib/python3.12/site-packages/airflow/example_dags/example_task_group.py took 0.100 seconds
[2024-06-18T16:32:24.797+0000] {processor.py:161} INFO - Started process (PID=597) to work on /home/airflow/.local/lib/python3.12/site-packages/airflow/example_dags/example_task_group.py
[2024-06-18T16:32:24.799+0000] {processor.py:830} INFO - Processing file /home/airflow/.local/lib/python3.12/site-packages/airflow/example_dags/example_task_group.py for tasks to queue
[2024-06-18T16:32:24.801+0000] {logging_mixin.py:188} INFO - [2024-06-18T16:32:24.801+0000] {dagbag.py:545} INFO - Filling up the DagBag from /home/airflow/.local/lib/python3.12/site-packages/airflow/example_dags/example_task_group.py
[2024-06-18T16:32:24.812+0000] {processor.py:840} INFO - DAG(s) 'example_task_group' retrieved from /home/airflow/.local/lib/python3.12/site-packages/airflow/example_dags/example_task_group.py
[2024-06-18T16:32:24.841+0000] {logging_mixin.py:188} INFO - [2024-06-18T16:32:24.841+0000] {dag.py:3096} INFO - Sync 1 DAGs
[2024-06-18T16:32:24.870+0000] {logging_mixin.py:188} INFO - [2024-06-18T16:32:24.870+0000] {dag.py:3954} INFO - Setting next_dagrun for example_task_group to 2024-06-17 00:00:00+00:00, run_after=2024-06-18 00:00:00+00:00
[2024-06-18T16:32:24.904+0000] {processor.py:183} INFO - Processing /home/airflow/.local/lib/python3.12/site-packages/airflow/example_dags/example_task_group.py took 0.115 seconds
[2024-06-18T16:32:55.159+0000] {processor.py:161} INFO - Started process (PID=655) to work on /home/airflow/.local/lib/python3.12/site-packages/airflow/example_dags/example_task_group.py
[2024-06-18T16:32:55.160+0000] {processor.py:830} INFO - Processing file /home/airflow/.local/lib/python3.12/site-packages/airflow/example_dags/example_task_group.py for tasks to queue
[2024-06-18T16:32:55.164+0000] {logging_mixin.py:188} INFO - [2024-06-18T16:32:55.163+0000] {dagbag.py:545} INFO - Filling up the DagBag from /home/airflow/.local/lib/python3.12/site-packages/airflow/example_dags/example_task_group.py
[2024-06-18T16:32:55.174+0000] {processor.py:840} INFO - DAG(s) 'example_task_group' retrieved from /home/airflow/.local/lib/python3.12/site-packages/airflow/example_dags/example_task_group.py
[2024-06-18T16:32:55.201+0000] {logging_mixin.py:188} INFO - [2024-06-18T16:32:55.200+0000] {dag.py:3096} INFO - Sync 1 DAGs
[2024-06-18T16:32:55.229+0000] {logging_mixin.py:188} INFO - [2024-06-18T16:32:55.229+0000] {dag.py:3954} INFO - Setting next_dagrun for example_task_group to 2024-06-17 00:00:00+00:00, run_after=2024-06-18 00:00:00+00:00
[2024-06-18T16:32:55.251+0000] {processor.py:183} INFO - Processing /home/airflow/.local/lib/python3.12/site-packages/airflow/example_dags/example_task_group.py took 0.103 seconds
[2024-06-18T16:33:25.403+0000] {processor.py:161} INFO - Started process (PID=713) to work on /home/airflow/.local/lib/python3.12/site-packages/airflow/example_dags/example_task_group.py
[2024-06-18T16:33:25.405+0000] {processor.py:830} INFO - Processing file /home/airflow/.local/lib/python3.12/site-packages/airflow/example_dags/example_task_group.py for tasks to queue
[2024-06-18T16:33:25.407+0000] {logging_mixin.py:188} INFO - [2024-06-18T16:33:25.406+0000] {dagbag.py:545} INFO - Filling up the DagBag from /home/airflow/.local/lib/python3.12/site-packages/airflow/example_dags/example_task_group.py
[2024-06-18T16:33:25.416+0000] {processor.py:840} INFO - DAG(s) 'example_task_group' retrieved from /home/airflow/.local/lib/python3.12/site-packages/airflow/example_dags/example_task_group.py
[2024-06-18T16:33:25.447+0000] {logging_mixin.py:188} INFO - [2024-06-18T16:33:25.447+0000] {dag.py:3096} INFO - Sync 1 DAGs
[2024-06-18T16:33:25.477+0000] {logging_mixin.py:188} INFO - [2024-06-18T16:33:25.477+0000] {dag.py:3954} INFO - Setting next_dagrun for example_task_group to 2024-06-17 00:00:00+00:00, run_after=2024-06-18 00:00:00+00:00
[2024-06-18T16:33:25.505+0000] {processor.py:183} INFO - Processing /home/airflow/.local/lib/python3.12/site-packages/airflow/example_dags/example_task_group.py took 0.110 seconds
[2024-06-18T16:33:55.690+0000] {processor.py:161} INFO - Started process (PID=771) to work on /home/airflow/.local/lib/python3.12/site-packages/airflow/example_dags/example_task_group.py
[2024-06-18T16:33:55.691+0000] {processor.py:830} INFO - Processing file /home/airflow/.local/lib/python3.12/site-packages/airflow/example_dags/example_task_group.py for tasks to queue
[2024-06-18T16:33:55.694+0000] {logging_mixin.py:188} INFO - [2024-06-18T16:33:55.694+0000] {dagbag.py:545} INFO - Filling up the DagBag from /home/airflow/.local/lib/python3.12/site-packages/airflow/example_dags/example_task_group.py
[2024-06-18T16:33:55.703+0000] {processor.py:840} INFO - DAG(s) 'example_task_group' retrieved from /home/airflow/.local/lib/python3.12/site-packages/airflow/example_dags/example_task_group.py
[2024-06-18T16:33:55.731+0000] {logging_mixin.py:188} INFO - [2024-06-18T16:33:55.731+0000] {dag.py:3096} INFO - Sync 1 DAGs
[2024-06-18T16:33:55.759+0000] {logging_mixin.py:188} INFO - [2024-06-18T16:33:55.759+0000] {dag.py:3954} INFO - Setting next_dagrun for example_task_group to 2024-06-17 00:00:00+00:00, run_after=2024-06-18 00:00:00+00:00
[2024-06-18T16:33:55.785+0000] {processor.py:183} INFO - Processing /home/airflow/.local/lib/python3.12/site-packages/airflow/example_dags/example_task_group.py took 0.104 seconds
[2024-06-18T16:34:25.991+0000] {processor.py:161} INFO - Started process (PID=829) to work on /home/airflow/.local/lib/python3.12/site-packages/airflow/example_dags/example_task_group.py
[2024-06-18T16:34:25.993+0000] {processor.py:830} INFO - Processing file /home/airflow/.local/lib/python3.12/site-packages/airflow/example_dags/example_task_group.py for tasks to queue
[2024-06-18T16:34:25.995+0000] {logging_mixin.py:188} INFO - [2024-06-18T16:34:25.995+0000] {dagbag.py:545} INFO - Filling up the DagBag from /home/airflow/.local/lib/python3.12/site-packages/airflow/example_dags/example_task_group.py
[2024-06-18T16:34:26.005+0000] {processor.py:840} INFO - DAG(s) 'example_task_group' retrieved from /home/airflow/.local/lib/python3.12/site-packages/airflow/example_dags/example_task_group.py
[2024-06-18T16:34:26.034+0000] {logging_mixin.py:188} INFO - [2024-06-18T16:34:26.034+0000] {dag.py:3096} INFO - Sync 1 DAGs
[2024-06-18T16:34:26.060+0000] {logging_mixin.py:188} INFO - [2024-06-18T16:34:26.060+0000] {dag.py:3954} INFO - Setting next_dagrun for example_task_group to 2024-06-17 00:00:00+00:00, run_after=2024-06-18 00:00:00+00:00
[2024-06-18T16:34:26.083+0000] {processor.py:183} INFO - Processing /home/airflow/.local/lib/python3.12/site-packages/airflow/example_dags/example_task_group.py took 0.100 seconds
[2024-06-18T16:34:56.539+0000] {processor.py:161} INFO - Started process (PID=887) to work on /home/airflow/.local/lib/python3.12/site-packages/airflow/example_dags/example_task_group.py
[2024-06-18T16:34:56.540+0000] {processor.py:830} INFO - Processing file /home/airflow/.local/lib/python3.12/site-packages/airflow/example_dags/example_task_group.py for tasks to queue
[2024-06-18T16:34:56.543+0000] {logging_mixin.py:188} INFO - [2024-06-18T16:34:56.543+0000] {dagbag.py:545} INFO - Filling up the DagBag from /home/airflow/.local/lib/python3.12/site-packages/airflow/example_dags/example_task_group.py
[2024-06-18T16:34:56.555+0000] {processor.py:840} INFO - DAG(s) 'example_task_group' retrieved from /home/airflow/.local/lib/python3.12/site-packages/airflow/example_dags/example_task_group.py
[2024-06-18T16:34:56.582+0000] {logging_mixin.py:188} INFO - [2024-06-18T16:34:56.582+0000] {dag.py:3096} INFO - Sync 1 DAGs
[2024-06-18T16:34:56.611+0000] {logging_mixin.py:188} INFO - [2024-06-18T16:34:56.610+0000] {dag.py:3954} INFO - Setting next_dagrun for example_task_group to 2024-06-17 00:00:00+00:00, run_after=2024-06-18 00:00:00+00:00
[2024-06-18T16:34:56.632+0000] {processor.py:183} INFO - Processing /home/airflow/.local/lib/python3.12/site-packages/airflow/example_dags/example_task_group.py took 0.104 seconds
[2024-06-18T16:35:26.982+0000] {processor.py:161} INFO - Started process (PID=945) to work on /home/airflow/.local/lib/python3.12/site-packages/airflow/example_dags/example_task_group.py
[2024-06-18T16:35:26.983+0000] {processor.py:830} INFO - Processing file /home/airflow/.local/lib/python3.12/site-packages/airflow/example_dags/example_task_group.py for tasks to queue
[2024-06-18T16:35:26.986+0000] {logging_mixin.py:188} INFO - [2024-06-18T16:35:26.985+0000] {dagbag.py:545} INFO - Filling up the DagBag from /home/airflow/.local/lib/python3.12/site-packages/airflow/example_dags/example_task_group.py
[2024-06-18T16:35:26.995+0000] {processor.py:840} INFO - DAG(s) 'example_task_group' retrieved from /home/airflow/.local/lib/python3.12/site-packages/airflow/example_dags/example_task_group.py
[2024-06-18T16:35:27.023+0000] {logging_mixin.py:188} INFO - [2024-06-18T16:35:27.022+0000] {dag.py:3096} INFO - Sync 1 DAGs
[2024-06-18T16:35:27.050+0000] {logging_mixin.py:188} INFO - [2024-06-18T16:35:27.050+0000] {dag.py:3954} INFO - Setting next_dagrun for example_task_group to 2024-06-17 00:00:00+00:00, run_after=2024-06-18 00:00:00+00:00
[2024-06-18T16:35:27.073+0000] {processor.py:183} INFO - Processing /home/airflow/.local/lib/python3.12/site-packages/airflow/example_dags/example_task_group.py took 0.098 seconds
[2024-06-18T16:35:57.109+0000] {processor.py:161} INFO - Started process (PID=1003) to work on /home/airflow/.local/lib/python3.12/site-packages/airflow/example_dags/example_task_group.py
[2024-06-18T16:35:57.110+0000] {processor.py:830} INFO - Processing file /home/airflow/.local/lib/python3.12/site-packages/airflow/example_dags/example_task_group.py for tasks to queue
[2024-06-18T16:35:57.112+0000] {logging_mixin.py:188} INFO - [2024-06-18T16:35:57.112+0000] {dagbag.py:545} INFO - Filling up the DagBag from /home/airflow/.local/lib/python3.12/site-packages/airflow/example_dags/example_task_group.py
[2024-06-18T16:35:57.122+0000] {processor.py:840} INFO - DAG(s) 'example_task_group' retrieved from /home/airflow/.local/lib/python3.12/site-packages/airflow/example_dags/example_task_group.py
[2024-06-18T16:35:57.154+0000] {logging_mixin.py:188} INFO - [2024-06-18T16:35:57.154+0000] {dag.py:3096} INFO - Sync 1 DAGs
[2024-06-18T16:35:57.184+0000] {logging_mixin.py:188} INFO - [2024-06-18T16:35:57.184+0000] {dag.py:3954} INFO - Setting next_dagrun for example_task_group to 2024-06-17 00:00:00+00:00, run_after=2024-06-18 00:00:00+00:00
[2024-06-18T16:35:57.205+0000] {processor.py:183} INFO - Processing /home/airflow/.local/lib/python3.12/site-packages/airflow/example_dags/example_task_group.py took 0.106 seconds
[2024-06-18T16:36:27.485+0000] {processor.py:161} INFO - Started process (PID=1061) to work on /home/airflow/.local/lib/python3.12/site-packages/airflow/example_dags/example_task_group.py
[2024-06-18T16:36:27.486+0000] {processor.py:830} INFO - Processing file /home/airflow/.local/lib/python3.12/site-packages/airflow/example_dags/example_task_group.py for tasks to queue
[2024-06-18T16:36:27.489+0000] {logging_mixin.py:188} INFO - [2024-06-18T16:36:27.488+0000] {dagbag.py:545} INFO - Filling up the DagBag from /home/airflow/.local/lib/python3.12/site-packages/airflow/example_dags/example_task_group.py
[2024-06-18T16:36:27.499+0000] {processor.py:840} INFO - DAG(s) 'example_task_group' retrieved from /home/airflow/.local/lib/python3.12/site-packages/airflow/example_dags/example_task_group.py
[2024-06-18T16:36:27.529+0000] {logging_mixin.py:188} INFO - [2024-06-18T16:36:27.529+0000] {dag.py:3096} INFO - Sync 1 DAGs
[2024-06-18T16:36:27.557+0000] {logging_mixin.py:188} INFO - [2024-06-18T16:36:27.557+0000] {dag.py:3954} INFO - Setting next_dagrun for example_task_group to 2024-06-17 00:00:00+00:00, run_after=2024-06-18 00:00:00+00:00
[2024-06-18T16:36:27.579+0000] {processor.py:183} INFO - Processing /home/airflow/.local/lib/python3.12/site-packages/airflow/example_dags/example_task_group.py took 0.103 seconds
[2024-06-18T16:36:58.765+0000] {processor.py:161} INFO - Started process (PID=1119) to work on /home/airflow/.local/lib/python3.12/site-packages/airflow/example_dags/example_task_group.py
[2024-06-18T16:36:58.766+0000] {processor.py:830} INFO - Processing file /home/airflow/.local/lib/python3.12/site-packages/airflow/example_dags/example_task_group.py for tasks to queue
[2024-06-18T16:36:58.769+0000] {logging_mixin.py:188} INFO - [2024-06-18T16:36:58.769+0000] {dagbag.py:545} INFO - Filling up the DagBag from /home/airflow/.local/lib/python3.12/site-packages/airflow/example_dags/example_task_group.py
[2024-06-18T16:36:58.779+0000] {processor.py:840} INFO - DAG(s) 'example_task_group' retrieved from /home/airflow/.local/lib/python3.12/site-packages/airflow/example_dags/example_task_group.py
[2024-06-18T16:36:58.806+0000] {logging_mixin.py:188} INFO - [2024-06-18T16:36:58.806+0000] {dag.py:3096} INFO - Sync 1 DAGs
[2024-06-18T16:36:58.834+0000] {logging_mixin.py:188} INFO - [2024-06-18T16:36:58.834+0000] {dag.py:3954} INFO - Setting next_dagrun for example_task_group to 2024-06-17 00:00:00+00:00, run_after=2024-06-18 00:00:00+00:00
[2024-06-18T16:36:58.856+0000] {processor.py:183} INFO - Processing /home/airflow/.local/lib/python3.12/site-packages/airflow/example_dags/example_task_group.py took 0.101 seconds
[2024-06-18T16:38:53.159+0000] {processor.py:161} INFO - Started process (PID=69) to work on /home/airflow/.local/lib/python3.12/site-packages/airflow/example_dags/example_task_group.py
[2024-06-18T16:38:53.161+0000] {processor.py:830} INFO - Processing file /home/airflow/.local/lib/python3.12/site-packages/airflow/example_dags/example_task_group.py for tasks to queue
[2024-06-18T16:38:53.164+0000] {logging_mixin.py:188} INFO - [2024-06-18T16:38:53.163+0000] {dagbag.py:545} INFO - Filling up the DagBag from /home/airflow/.local/lib/python3.12/site-packages/airflow/example_dags/example_task_group.py
[2024-06-18T16:38:53.177+0000] {processor.py:840} INFO - DAG(s) 'example_task_group' retrieved from /home/airflow/.local/lib/python3.12/site-packages/airflow/example_dags/example_task_group.py
[2024-06-18T16:38:53.195+0000] {logging_mixin.py:188} INFO - [2024-06-18T16:38:53.194+0000] {dag.py:3096} INFO - Sync 1 DAGs
[2024-06-18T16:38:53.232+0000] {logging_mixin.py:188} INFO - [2024-06-18T16:38:53.231+0000] {dag.py:3954} INFO - Setting next_dagrun for example_task_group to 2024-06-17 00:00:00+00:00, run_after=2024-06-18 00:00:00+00:00
[2024-06-18T16:38:53.264+0000] {processor.py:183} INFO - Processing /home/airflow/.local/lib/python3.12/site-packages/airflow/example_dags/example_task_group.py took 0.115 seconds
[2024-06-18T16:39:25.724+0000] {processor.py:161} INFO - Started process (PID=126) to work on /home/airflow/.local/lib/python3.12/site-packages/airflow/example_dags/example_task_group.py
[2024-06-18T16:39:25.726+0000] {processor.py:830} INFO - Processing file /home/airflow/.local/lib/python3.12/site-packages/airflow/example_dags/example_task_group.py for tasks to queue
[2024-06-18T16:39:25.728+0000] {logging_mixin.py:188} INFO - [2024-06-18T16:39:25.728+0000] {dagbag.py:545} INFO - Filling up the DagBag from /home/airflow/.local/lib/python3.12/site-packages/airflow/example_dags/example_task_group.py
[2024-06-18T16:39:25.737+0000] {processor.py:840} INFO - DAG(s) 'example_task_group' retrieved from /home/airflow/.local/lib/python3.12/site-packages/airflow/example_dags/example_task_group.py
[2024-06-18T16:39:25.879+0000] {logging_mixin.py:188} INFO - [2024-06-18T16:39:25.878+0000] {dag.py:3096} INFO - Sync 1 DAGs
[2024-06-18T16:39:25.911+0000] {logging_mixin.py:188} INFO - [2024-06-18T16:39:25.911+0000] {dag.py:3954} INFO - Setting next_dagrun for example_task_group to 2024-06-17 00:00:00+00:00, run_after=2024-06-18 00:00:00+00:00
[2024-06-18T16:39:25.935+0000] {processor.py:183} INFO - Processing /home/airflow/.local/lib/python3.12/site-packages/airflow/example_dags/example_task_group.py took 0.219 seconds
[2024-06-18T16:39:56.598+0000] {processor.py:161} INFO - Started process (PID=184) to work on /home/airflow/.local/lib/python3.12/site-packages/airflow/example_dags/example_task_group.py
[2024-06-18T16:39:56.599+0000] {processor.py:830} INFO - Processing file /home/airflow/.local/lib/python3.12/site-packages/airflow/example_dags/example_task_group.py for tasks to queue
[2024-06-18T16:39:56.602+0000] {logging_mixin.py:188} INFO - [2024-06-18T16:39:56.602+0000] {dagbag.py:545} INFO - Filling up the DagBag from /home/airflow/.local/lib/python3.12/site-packages/airflow/example_dags/example_task_group.py
[2024-06-18T16:39:56.615+0000] {processor.py:840} INFO - DAG(s) 'example_task_group' retrieved from /home/airflow/.local/lib/python3.12/site-packages/airflow/example_dags/example_task_group.py
[2024-06-18T16:39:56.647+0000] {logging_mixin.py:188} INFO - [2024-06-18T16:39:56.647+0000] {dag.py:3096} INFO - Sync 1 DAGs
[2024-06-18T16:39:56.678+0000] {logging_mixin.py:188} INFO - [2024-06-18T16:39:56.678+0000] {dag.py:3954} INFO - Setting next_dagrun for example_task_group to 2024-06-17 00:00:00+00:00, run_after=2024-06-18 00:00:00+00:00
[2024-06-18T16:39:56.701+0000] {processor.py:183} INFO - Processing /home/airflow/.local/lib/python3.12/site-packages/airflow/example_dags/example_task_group.py took 0.112 seconds
[2024-06-18T16:40:26.912+0000] {processor.py:161} INFO - Started process (PID=242) to work on /home/airflow/.local/lib/python3.12/site-packages/airflow/example_dags/example_task_group.py
[2024-06-18T16:40:26.914+0000] {processor.py:830} INFO - Processing file /home/airflow/.local/lib/python3.12/site-packages/airflow/example_dags/example_task_group.py for tasks to queue
[2024-06-18T16:40:26.916+0000] {logging_mixin.py:188} INFO - [2024-06-18T16:40:26.916+0000] {dagbag.py:545} INFO - Filling up the DagBag from /home/airflow/.local/lib/python3.12/site-packages/airflow/example_dags/example_task_group.py
[2024-06-18T16:40:26.926+0000] {processor.py:840} INFO - DAG(s) 'example_task_group' retrieved from /home/airflow/.local/lib/python3.12/site-packages/airflow/example_dags/example_task_group.py
[2024-06-18T16:40:26.963+0000] {logging_mixin.py:188} INFO - [2024-06-18T16:40:26.963+0000] {dag.py:3096} INFO - Sync 1 DAGs
[2024-06-18T16:40:26.999+0000] {logging_mixin.py:188} INFO - [2024-06-18T16:40:26.999+0000] {dag.py:3954} INFO - Setting next_dagrun for example_task_group to 2024-06-17 00:00:00+00:00, run_after=2024-06-18 00:00:00+00:00
[2024-06-18T16:40:27.024+0000] {processor.py:183} INFO - Processing /home/airflow/.local/lib/python3.12/site-packages/airflow/example_dags/example_task_group.py took 0.119 seconds
[2024-06-18T16:40:57.246+0000] {processor.py:161} INFO - Started process (PID=300) to work on /home/airflow/.local/lib/python3.12/site-packages/airflow/example_dags/example_task_group.py
[2024-06-18T16:40:57.248+0000] {processor.py:830} INFO - Processing file /home/airflow/.local/lib/python3.12/site-packages/airflow/example_dags/example_task_group.py for tasks to queue
[2024-06-18T16:40:57.251+0000] {logging_mixin.py:188} INFO - [2024-06-18T16:40:57.250+0000] {dagbag.py:545} INFO - Filling up the DagBag from /home/airflow/.local/lib/python3.12/site-packages/airflow/example_dags/example_task_group.py
[2024-06-18T16:40:57.260+0000] {processor.py:840} INFO - DAG(s) 'example_task_group' retrieved from /home/airflow/.local/lib/python3.12/site-packages/airflow/example_dags/example_task_group.py
[2024-06-18T16:40:57.290+0000] {logging_mixin.py:188} INFO - [2024-06-18T16:40:57.290+0000] {dag.py:3096} INFO - Sync 1 DAGs
[2024-06-18T16:40:57.320+0000] {logging_mixin.py:188} INFO - [2024-06-18T16:40:57.319+0000] {dag.py:3954} INFO - Setting next_dagrun for example_task_group to 2024-06-17 00:00:00+00:00, run_after=2024-06-18 00:00:00+00:00
[2024-06-18T16:40:57.346+0000] {processor.py:183} INFO - Processing /home/airflow/.local/lib/python3.12/site-packages/airflow/example_dags/example_task_group.py took 0.108 seconds
[2024-06-18T16:41:27.943+0000] {processor.py:161} INFO - Started process (PID=358) to work on /home/airflow/.local/lib/python3.12/site-packages/airflow/example_dags/example_task_group.py
[2024-06-18T16:41:27.945+0000] {processor.py:830} INFO - Processing file /home/airflow/.local/lib/python3.12/site-packages/airflow/example_dags/example_task_group.py for tasks to queue
[2024-06-18T16:41:27.948+0000] {logging_mixin.py:188} INFO - [2024-06-18T16:41:27.947+0000] {dagbag.py:545} INFO - Filling up the DagBag from /home/airflow/.local/lib/python3.12/site-packages/airflow/example_dags/example_task_group.py
[2024-06-18T16:41:27.959+0000] {processor.py:840} INFO - DAG(s) 'example_task_group' retrieved from /home/airflow/.local/lib/python3.12/site-packages/airflow/example_dags/example_task_group.py
[2024-06-18T16:41:27.991+0000] {logging_mixin.py:188} INFO - [2024-06-18T16:41:27.991+0000] {dag.py:3096} INFO - Sync 1 DAGs
[2024-06-18T16:41:28.024+0000] {logging_mixin.py:188} INFO - [2024-06-18T16:41:28.023+0000] {dag.py:3954} INFO - Setting next_dagrun for example_task_group to 2024-06-17 00:00:00+00:00, run_after=2024-06-18 00:00:00+00:00
[2024-06-18T16:41:28.049+0000] {processor.py:183} INFO - Processing /home/airflow/.local/lib/python3.12/site-packages/airflow/example_dags/example_task_group.py took 0.115 seconds
[2024-06-18T16:41:58.383+0000] {processor.py:161} INFO - Started process (PID=416) to work on /home/airflow/.local/lib/python3.12/site-packages/airflow/example_dags/example_task_group.py
[2024-06-18T16:41:58.384+0000] {processor.py:830} INFO - Processing file /home/airflow/.local/lib/python3.12/site-packages/airflow/example_dags/example_task_group.py for tasks to queue
[2024-06-18T16:41:58.388+0000] {logging_mixin.py:188} INFO - [2024-06-18T16:41:58.387+0000] {dagbag.py:545} INFO - Filling up the DagBag from /home/airflow/.local/lib/python3.12/site-packages/airflow/example_dags/example_task_group.py
[2024-06-18T16:41:58.403+0000] {processor.py:840} INFO - DAG(s) 'example_task_group' retrieved from /home/airflow/.local/lib/python3.12/site-packages/airflow/example_dags/example_task_group.py
[2024-06-18T16:41:58.432+0000] {logging_mixin.py:188} INFO - [2024-06-18T16:41:58.432+0000] {dag.py:3096} INFO - Sync 1 DAGs
[2024-06-18T16:41:58.466+0000] {logging_mixin.py:188} INFO - [2024-06-18T16:41:58.466+0000] {dag.py:3954} INFO - Setting next_dagrun for example_task_group to 2024-06-17 00:00:00+00:00, run_after=2024-06-18 00:00:00+00:00
[2024-06-18T16:41:58.490+0000] {processor.py:183} INFO - Processing /home/airflow/.local/lib/python3.12/site-packages/airflow/example_dags/example_task_group.py took 0.118 seconds
[2024-06-18T16:42:28.866+0000] {processor.py:161} INFO - Started process (PID=474) to work on /home/airflow/.local/lib/python3.12/site-packages/airflow/example_dags/example_task_group.py
[2024-06-18T16:42:28.868+0000] {processor.py:830} INFO - Processing file /home/airflow/.local/lib/python3.12/site-packages/airflow/example_dags/example_task_group.py for tasks to queue
[2024-06-18T16:42:28.873+0000] {logging_mixin.py:188} INFO - [2024-06-18T16:42:28.872+0000] {dagbag.py:545} INFO - Filling up the DagBag from /home/airflow/.local/lib/python3.12/site-packages/airflow/example_dags/example_task_group.py
[2024-06-18T16:42:28.889+0000] {processor.py:840} INFO - DAG(s) 'example_task_group' retrieved from /home/airflow/.local/lib/python3.12/site-packages/airflow/example_dags/example_task_group.py
[2024-06-18T16:42:28.920+0000] {logging_mixin.py:188} INFO - [2024-06-18T16:42:28.919+0000] {dag.py:3096} INFO - Sync 1 DAGs
[2024-06-18T16:42:28.946+0000] {logging_mixin.py:188} INFO - [2024-06-18T16:42:28.946+0000] {dag.py:3954} INFO - Setting next_dagrun for example_task_group to 2024-06-17 00:00:00+00:00, run_after=2024-06-18 00:00:00+00:00
[2024-06-18T16:42:28.969+0000] {processor.py:183} INFO - Processing /home/airflow/.local/lib/python3.12/site-packages/airflow/example_dags/example_task_group.py took 0.116 seconds
