[2024-06-18T16:27:44.932+0000] {processor.py:161} INFO - Started process (PID=36) to work on /home/airflow/.local/lib/python3.12/site-packages/airflow/example_dags/example_task_group_decorator.py
[2024-06-18T16:27:44.933+0000] {processor.py:830} INFO - Processing file /home/airflow/.local/lib/python3.12/site-packages/airflow/example_dags/example_task_group_decorator.py for tasks to queue
[2024-06-18T16:27:44.935+0000] {logging_mixin.py:188} INFO - [2024-06-18T16:27:44.935+0000] {dagbag.py:545} INFO - Filling up the DagBag from /home/airflow/.local/lib/python3.12/site-packages/airflow/example_dags/example_task_group_decorator.py
[2024-06-18T16:27:44.958+0000] {processor.py:840} INFO - DAG(s) 'example_task_group_decorator' retrieved from /home/airflow/.local/lib/python3.12/site-packages/airflow/example_dags/example_task_group_decorator.py
[2024-06-18T16:27:44.977+0000] {logging_mixin.py:188} INFO - [2024-06-18T16:27:44.976+0000] {dag.py:3096} INFO - Sync 1 DAGs
[2024-06-18T16:27:45.014+0000] {logging_mixin.py:188} INFO - [2024-06-18T16:27:45.014+0000] {dag.py:3954} INFO - Setting next_dagrun for example_task_group_decorator to 2024-06-17 00:00:00+00:00, run_after=2024-06-18 00:00:00+00:00
[2024-06-18T16:27:45.037+0000] {processor.py:183} INFO - Processing /home/airflow/.local/lib/python3.12/site-packages/airflow/example_dags/example_task_group_decorator.py took 0.114 seconds
[2024-06-18T16:28:16.229+0000] {processor.py:161} INFO - Started process (PID=94) to work on /home/airflow/.local/lib/python3.12/site-packages/airflow/example_dags/example_task_group_decorator.py
[2024-06-18T16:28:16.231+0000] {processor.py:830} INFO - Processing file /home/airflow/.local/lib/python3.12/site-packages/airflow/example_dags/example_task_group_decorator.py for tasks to queue
[2024-06-18T16:28:16.234+0000] {logging_mixin.py:188} INFO - [2024-06-18T16:28:16.234+0000] {dagbag.py:545} INFO - Filling up the DagBag from /home/airflow/.local/lib/python3.12/site-packages/airflow/example_dags/example_task_group_decorator.py
[2024-06-18T16:28:16.254+0000] {processor.py:840} INFO - DAG(s) 'example_task_group_decorator' retrieved from /home/airflow/.local/lib/python3.12/site-packages/airflow/example_dags/example_task_group_decorator.py
[2024-06-18T16:28:16.401+0000] {logging_mixin.py:188} INFO - [2024-06-18T16:28:16.400+0000] {dag.py:3096} INFO - Sync 1 DAGs
[2024-06-18T16:28:16.427+0000] {logging_mixin.py:188} INFO - [2024-06-18T16:28:16.426+0000] {dag.py:3954} INFO - Setting next_dagrun for example_task_group_decorator to 2024-06-17 00:00:00+00:00, run_after=2024-06-18 00:00:00+00:00
[2024-06-18T16:28:16.455+0000] {processor.py:183} INFO - Processing /home/airflow/.local/lib/python3.12/site-packages/airflow/example_dags/example_task_group_decorator.py took 0.234 seconds
[2024-06-18T16:28:46.555+0000] {processor.py:161} INFO - Started process (PID=152) to work on /home/airflow/.local/lib/python3.12/site-packages/airflow/example_dags/example_task_group_decorator.py
[2024-06-18T16:28:46.556+0000] {processor.py:830} INFO - Processing file /home/airflow/.local/lib/python3.12/site-packages/airflow/example_dags/example_task_group_decorator.py for tasks to queue
[2024-06-18T16:28:46.559+0000] {logging_mixin.py:188} INFO - [2024-06-18T16:28:46.559+0000] {dagbag.py:545} INFO - Filling up the DagBag from /home/airflow/.local/lib/python3.12/site-packages/airflow/example_dags/example_task_group_decorator.py
[2024-06-18T16:28:46.586+0000] {processor.py:840} INFO - DAG(s) 'example_task_group_decorator' retrieved from /home/airflow/.local/lib/python3.12/site-packages/airflow/example_dags/example_task_group_decorator.py
[2024-06-18T16:28:46.634+0000] {logging_mixin.py:188} INFO - [2024-06-18T16:28:46.633+0000] {dag.py:3096} INFO - Sync 1 DAGs
[2024-06-18T16:28:46.673+0000] {logging_mixin.py:188} INFO - [2024-06-18T16:28:46.673+0000] {dag.py:3954} INFO - Setting next_dagrun for example_task_group_decorator to 2024-06-17 00:00:00+00:00, run_after=2024-06-18 00:00:00+00:00
[2024-06-18T16:28:46.694+0000] {processor.py:183} INFO - Processing /home/airflow/.local/lib/python3.12/site-packages/airflow/example_dags/example_task_group_decorator.py took 0.151 seconds
[2024-06-18T16:29:16.820+0000] {processor.py:161} INFO - Started process (PID=210) to work on /home/airflow/.local/lib/python3.12/site-packages/airflow/example_dags/example_task_group_decorator.py
[2024-06-18T16:29:16.821+0000] {processor.py:830} INFO - Processing file /home/airflow/.local/lib/python3.12/site-packages/airflow/example_dags/example_task_group_decorator.py for tasks to queue
[2024-06-18T16:29:16.823+0000] {logging_mixin.py:188} INFO - [2024-06-18T16:29:16.823+0000] {dagbag.py:545} INFO - Filling up the DagBag from /home/airflow/.local/lib/python3.12/site-packages/airflow/example_dags/example_task_group_decorator.py
[2024-06-18T16:29:16.841+0000] {processor.py:840} INFO - DAG(s) 'example_task_group_decorator' retrieved from /home/airflow/.local/lib/python3.12/site-packages/airflow/example_dags/example_task_group_decorator.py
[2024-06-18T16:29:16.876+0000] {logging_mixin.py:188} INFO - [2024-06-18T16:29:16.875+0000] {dag.py:3096} INFO - Sync 1 DAGs
[2024-06-18T16:29:16.902+0000] {logging_mixin.py:188} INFO - [2024-06-18T16:29:16.902+0000] {dag.py:3954} INFO - Setting next_dagrun for example_task_group_decorator to 2024-06-17 00:00:00+00:00, run_after=2024-06-18 00:00:00+00:00
[2024-06-18T16:29:16.924+0000] {processor.py:183} INFO - Processing /home/airflow/.local/lib/python3.12/site-packages/airflow/example_dags/example_task_group_decorator.py took 0.112 seconds
[2024-06-18T16:29:47.162+0000] {processor.py:161} INFO - Started process (PID=268) to work on /home/airflow/.local/lib/python3.12/site-packages/airflow/example_dags/example_task_group_decorator.py
[2024-06-18T16:29:47.163+0000] {processor.py:830} INFO - Processing file /home/airflow/.local/lib/python3.12/site-packages/airflow/example_dags/example_task_group_decorator.py for tasks to queue
[2024-06-18T16:29:47.166+0000] {logging_mixin.py:188} INFO - [2024-06-18T16:29:47.165+0000] {dagbag.py:545} INFO - Filling up the DagBag from /home/airflow/.local/lib/python3.12/site-packages/airflow/example_dags/example_task_group_decorator.py
[2024-06-18T16:29:47.188+0000] {processor.py:840} INFO - DAG(s) 'example_task_group_decorator' retrieved from /home/airflow/.local/lib/python3.12/site-packages/airflow/example_dags/example_task_group_decorator.py
[2024-06-18T16:29:47.221+0000] {logging_mixin.py:188} INFO - [2024-06-18T16:29:47.221+0000] {dag.py:3096} INFO - Sync 1 DAGs
[2024-06-18T16:29:47.252+0000] {logging_mixin.py:188} INFO - [2024-06-18T16:29:47.252+0000] {dag.py:3954} INFO - Setting next_dagrun for example_task_group_decorator to 2024-06-17 00:00:00+00:00, run_after=2024-06-18 00:00:00+00:00
[2024-06-18T16:29:47.273+0000] {processor.py:183} INFO - Processing /home/airflow/.local/lib/python3.12/site-packages/airflow/example_dags/example_task_group_decorator.py took 0.122 seconds
[2024-06-18T16:30:17.896+0000] {processor.py:161} INFO - Started process (PID=326) to work on /home/airflow/.local/lib/python3.12/site-packages/airflow/example_dags/example_task_group_decorator.py
[2024-06-18T16:30:17.897+0000] {processor.py:830} INFO - Processing file /home/airflow/.local/lib/python3.12/site-packages/airflow/example_dags/example_task_group_decorator.py for tasks to queue
[2024-06-18T16:30:17.899+0000] {logging_mixin.py:188} INFO - [2024-06-18T16:30:17.899+0000] {dagbag.py:545} INFO - Filling up the DagBag from /home/airflow/.local/lib/python3.12/site-packages/airflow/example_dags/example_task_group_decorator.py
[2024-06-18T16:30:17.919+0000] {processor.py:840} INFO - DAG(s) 'example_task_group_decorator' retrieved from /home/airflow/.local/lib/python3.12/site-packages/airflow/example_dags/example_task_group_decorator.py
[2024-06-18T16:30:17.953+0000] {logging_mixin.py:188} INFO - [2024-06-18T16:30:17.952+0000] {dag.py:3096} INFO - Sync 1 DAGs
[2024-06-18T16:30:17.982+0000] {logging_mixin.py:188} INFO - [2024-06-18T16:30:17.982+0000] {dag.py:3954} INFO - Setting next_dagrun for example_task_group_decorator to 2024-06-17 00:00:00+00:00, run_after=2024-06-18 00:00:00+00:00
[2024-06-18T16:30:18.007+0000] {processor.py:183} INFO - Processing /home/airflow/.local/lib/python3.12/site-packages/airflow/example_dags/example_task_group_decorator.py took 0.120 seconds
[2024-06-18T16:30:48.114+0000] {processor.py:161} INFO - Started process (PID=384) to work on /home/airflow/.local/lib/python3.12/site-packages/airflow/example_dags/example_task_group_decorator.py
[2024-06-18T16:30:48.116+0000] {processor.py:830} INFO - Processing file /home/airflow/.local/lib/python3.12/site-packages/airflow/example_dags/example_task_group_decorator.py for tasks to queue
[2024-06-18T16:30:48.118+0000] {logging_mixin.py:188} INFO - [2024-06-18T16:30:48.118+0000] {dagbag.py:545} INFO - Filling up the DagBag from /home/airflow/.local/lib/python3.12/site-packages/airflow/example_dags/example_task_group_decorator.py
[2024-06-18T16:30:48.135+0000] {processor.py:840} INFO - DAG(s) 'example_task_group_decorator' retrieved from /home/airflow/.local/lib/python3.12/site-packages/airflow/example_dags/example_task_group_decorator.py
[2024-06-18T16:30:48.167+0000] {logging_mixin.py:188} INFO - [2024-06-18T16:30:48.167+0000] {dag.py:3096} INFO - Sync 1 DAGs
[2024-06-18T16:30:48.194+0000] {logging_mixin.py:188} INFO - [2024-06-18T16:30:48.194+0000] {dag.py:3954} INFO - Setting next_dagrun for example_task_group_decorator to 2024-06-17 00:00:00+00:00, run_after=2024-06-18 00:00:00+00:00
[2024-06-18T16:30:48.214+0000] {processor.py:183} INFO - Processing /home/airflow/.local/lib/python3.12/site-packages/airflow/example_dags/example_task_group_decorator.py took 0.108 seconds
[2024-06-18T16:31:18.420+0000] {processor.py:161} INFO - Started process (PID=442) to work on /home/airflow/.local/lib/python3.12/site-packages/airflow/example_dags/example_task_group_decorator.py
[2024-06-18T16:31:18.422+0000] {processor.py:830} INFO - Processing file /home/airflow/.local/lib/python3.12/site-packages/airflow/example_dags/example_task_group_decorator.py for tasks to queue
[2024-06-18T16:31:18.424+0000] {logging_mixin.py:188} INFO - [2024-06-18T16:31:18.424+0000] {dagbag.py:545} INFO - Filling up the DagBag from /home/airflow/.local/lib/python3.12/site-packages/airflow/example_dags/example_task_group_decorator.py
[2024-06-18T16:31:18.443+0000] {processor.py:840} INFO - DAG(s) 'example_task_group_decorator' retrieved from /home/airflow/.local/lib/python3.12/site-packages/airflow/example_dags/example_task_group_decorator.py
[2024-06-18T16:31:18.481+0000] {logging_mixin.py:188} INFO - [2024-06-18T16:31:18.481+0000] {dag.py:3096} INFO - Sync 1 DAGs
[2024-06-18T16:31:18.511+0000] {logging_mixin.py:188} INFO - [2024-06-18T16:31:18.511+0000] {dag.py:3954} INFO - Setting next_dagrun for example_task_group_decorator to 2024-06-17 00:00:00+00:00, run_after=2024-06-18 00:00:00+00:00
[2024-06-18T16:31:18.534+0000] {processor.py:183} INFO - Processing /home/airflow/.local/lib/python3.12/site-packages/airflow/example_dags/example_task_group_decorator.py took 0.122 seconds
[2024-06-18T16:31:48.596+0000] {processor.py:161} INFO - Started process (PID=500) to work on /home/airflow/.local/lib/python3.12/site-packages/airflow/example_dags/example_task_group_decorator.py
[2024-06-18T16:31:48.597+0000] {processor.py:830} INFO - Processing file /home/airflow/.local/lib/python3.12/site-packages/airflow/example_dags/example_task_group_decorator.py for tasks to queue
[2024-06-18T16:31:48.599+0000] {logging_mixin.py:188} INFO - [2024-06-18T16:31:48.599+0000] {dagbag.py:545} INFO - Filling up the DagBag from /home/airflow/.local/lib/python3.12/site-packages/airflow/example_dags/example_task_group_decorator.py
[2024-06-18T16:31:48.620+0000] {processor.py:840} INFO - DAG(s) 'example_task_group_decorator' retrieved from /home/airflow/.local/lib/python3.12/site-packages/airflow/example_dags/example_task_group_decorator.py
[2024-06-18T16:31:48.656+0000] {logging_mixin.py:188} INFO - [2024-06-18T16:31:48.656+0000] {dag.py:3096} INFO - Sync 1 DAGs
[2024-06-18T16:31:48.685+0000] {logging_mixin.py:188} INFO - [2024-06-18T16:31:48.684+0000] {dag.py:3954} INFO - Setting next_dagrun for example_task_group_decorator to 2024-06-17 00:00:00+00:00, run_after=2024-06-18 00:00:00+00:00
[2024-06-18T16:31:48.706+0000] {processor.py:183} INFO - Processing /home/airflow/.local/lib/python3.12/site-packages/airflow/example_dags/example_task_group_decorator.py took 0.122 seconds
[2024-06-18T16:32:18.996+0000] {processor.py:161} INFO - Started process (PID=557) to work on /home/airflow/.local/lib/python3.12/site-packages/airflow/example_dags/example_task_group_decorator.py
[2024-06-18T16:32:18.997+0000] {processor.py:830} INFO - Processing file /home/airflow/.local/lib/python3.12/site-packages/airflow/example_dags/example_task_group_decorator.py for tasks to queue
[2024-06-18T16:32:19.000+0000] {logging_mixin.py:188} INFO - [2024-06-18T16:32:18.999+0000] {dagbag.py:545} INFO - Filling up the DagBag from /home/airflow/.local/lib/python3.12/site-packages/airflow/example_dags/example_task_group_decorator.py
[2024-06-18T16:32:19.019+0000] {processor.py:840} INFO - DAG(s) 'example_task_group_decorator' retrieved from /home/airflow/.local/lib/python3.12/site-packages/airflow/example_dags/example_task_group_decorator.py
[2024-06-18T16:32:19.053+0000] {logging_mixin.py:188} INFO - [2024-06-18T16:32:19.053+0000] {dag.py:3096} INFO - Sync 1 DAGs
[2024-06-18T16:32:19.083+0000] {logging_mixin.py:188} INFO - [2024-06-18T16:32:19.083+0000] {dag.py:3954} INFO - Setting next_dagrun for example_task_group_decorator to 2024-06-17 00:00:00+00:00, run_after=2024-06-18 00:00:00+00:00
[2024-06-18T16:32:19.105+0000] {processor.py:183} INFO - Processing /home/airflow/.local/lib/python3.12/site-packages/airflow/example_dags/example_task_group_decorator.py took 0.118 seconds
[2024-06-18T16:32:49.567+0000] {processor.py:161} INFO - Started process (PID=615) to work on /home/airflow/.local/lib/python3.12/site-packages/airflow/example_dags/example_task_group_decorator.py
[2024-06-18T16:32:49.568+0000] {processor.py:830} INFO - Processing file /home/airflow/.local/lib/python3.12/site-packages/airflow/example_dags/example_task_group_decorator.py for tasks to queue
[2024-06-18T16:32:49.571+0000] {logging_mixin.py:188} INFO - [2024-06-18T16:32:49.570+0000] {dagbag.py:545} INFO - Filling up the DagBag from /home/airflow/.local/lib/python3.12/site-packages/airflow/example_dags/example_task_group_decorator.py
[2024-06-18T16:32:49.589+0000] {processor.py:840} INFO - DAG(s) 'example_task_group_decorator' retrieved from /home/airflow/.local/lib/python3.12/site-packages/airflow/example_dags/example_task_group_decorator.py
[2024-06-18T16:32:49.622+0000] {logging_mixin.py:188} INFO - [2024-06-18T16:32:49.621+0000] {dag.py:3096} INFO - Sync 1 DAGs
[2024-06-18T16:32:49.650+0000] {logging_mixin.py:188} INFO - [2024-06-18T16:32:49.650+0000] {dag.py:3954} INFO - Setting next_dagrun for example_task_group_decorator to 2024-06-17 00:00:00+00:00, run_after=2024-06-18 00:00:00+00:00
[2024-06-18T16:32:49.672+0000] {processor.py:183} INFO - Processing /home/airflow/.local/lib/python3.12/site-packages/airflow/example_dags/example_task_group_decorator.py took 0.114 seconds
[2024-06-18T16:33:19.896+0000] {processor.py:161} INFO - Started process (PID=673) to work on /home/airflow/.local/lib/python3.12/site-packages/airflow/example_dags/example_task_group_decorator.py
[2024-06-18T16:33:19.898+0000] {processor.py:830} INFO - Processing file /home/airflow/.local/lib/python3.12/site-packages/airflow/example_dags/example_task_group_decorator.py for tasks to queue
[2024-06-18T16:33:19.901+0000] {logging_mixin.py:188} INFO - [2024-06-18T16:33:19.900+0000] {dagbag.py:545} INFO - Filling up the DagBag from /home/airflow/.local/lib/python3.12/site-packages/airflow/example_dags/example_task_group_decorator.py
[2024-06-18T16:33:19.920+0000] {processor.py:840} INFO - DAG(s) 'example_task_group_decorator' retrieved from /home/airflow/.local/lib/python3.12/site-packages/airflow/example_dags/example_task_group_decorator.py
[2024-06-18T16:33:19.958+0000] {logging_mixin.py:188} INFO - [2024-06-18T16:33:19.958+0000] {dag.py:3096} INFO - Sync 1 DAGs
[2024-06-18T16:33:19.986+0000] {logging_mixin.py:188} INFO - [2024-06-18T16:33:19.986+0000] {dag.py:3954} INFO - Setting next_dagrun for example_task_group_decorator to 2024-06-17 00:00:00+00:00, run_after=2024-06-18 00:00:00+00:00
[2024-06-18T16:33:20.007+0000] {processor.py:183} INFO - Processing /home/airflow/.local/lib/python3.12/site-packages/airflow/example_dags/example_task_group_decorator.py took 0.120 seconds
[2024-06-18T16:33:50.143+0000] {processor.py:161} INFO - Started process (PID=731) to work on /home/airflow/.local/lib/python3.12/site-packages/airflow/example_dags/example_task_group_decorator.py
[2024-06-18T16:33:50.144+0000] {processor.py:830} INFO - Processing file /home/airflow/.local/lib/python3.12/site-packages/airflow/example_dags/example_task_group_decorator.py for tasks to queue
[2024-06-18T16:33:50.147+0000] {logging_mixin.py:188} INFO - [2024-06-18T16:33:50.147+0000] {dagbag.py:545} INFO - Filling up the DagBag from /home/airflow/.local/lib/python3.12/site-packages/airflow/example_dags/example_task_group_decorator.py
[2024-06-18T16:33:50.168+0000] {processor.py:840} INFO - DAG(s) 'example_task_group_decorator' retrieved from /home/airflow/.local/lib/python3.12/site-packages/airflow/example_dags/example_task_group_decorator.py
[2024-06-18T16:33:50.203+0000] {logging_mixin.py:188} INFO - [2024-06-18T16:33:50.203+0000] {dag.py:3096} INFO - Sync 1 DAGs
[2024-06-18T16:33:50.237+0000] {logging_mixin.py:188} INFO - [2024-06-18T16:33:50.236+0000] {dag.py:3954} INFO - Setting next_dagrun for example_task_group_decorator to 2024-06-17 00:00:00+00:00, run_after=2024-06-18 00:00:00+00:00
[2024-06-18T16:33:50.261+0000] {processor.py:183} INFO - Processing /home/airflow/.local/lib/python3.12/site-packages/airflow/example_dags/example_task_group_decorator.py took 0.127 seconds
[2024-06-18T16:34:20.512+0000] {processor.py:161} INFO - Started process (PID=789) to work on /home/airflow/.local/lib/python3.12/site-packages/airflow/example_dags/example_task_group_decorator.py
[2024-06-18T16:34:20.514+0000] {processor.py:830} INFO - Processing file /home/airflow/.local/lib/python3.12/site-packages/airflow/example_dags/example_task_group_decorator.py for tasks to queue
[2024-06-18T16:34:20.516+0000] {logging_mixin.py:188} INFO - [2024-06-18T16:34:20.516+0000] {dagbag.py:545} INFO - Filling up the DagBag from /home/airflow/.local/lib/python3.12/site-packages/airflow/example_dags/example_task_group_decorator.py
[2024-06-18T16:34:20.537+0000] {processor.py:840} INFO - DAG(s) 'example_task_group_decorator' retrieved from /home/airflow/.local/lib/python3.12/site-packages/airflow/example_dags/example_task_group_decorator.py
[2024-06-18T16:34:20.575+0000] {logging_mixin.py:188} INFO - [2024-06-18T16:34:20.574+0000] {dag.py:3096} INFO - Sync 1 DAGs
[2024-06-18T16:34:20.604+0000] {logging_mixin.py:188} INFO - [2024-06-18T16:34:20.604+0000] {dag.py:3954} INFO - Setting next_dagrun for example_task_group_decorator to 2024-06-17 00:00:00+00:00, run_after=2024-06-18 00:00:00+00:00
[2024-06-18T16:34:20.628+0000] {processor.py:183} INFO - Processing /home/airflow/.local/lib/python3.12/site-packages/airflow/example_dags/example_task_group_decorator.py took 0.124 seconds
[2024-06-18T16:34:51.028+0000] {processor.py:161} INFO - Started process (PID=847) to work on /home/airflow/.local/lib/python3.12/site-packages/airflow/example_dags/example_task_group_decorator.py
[2024-06-18T16:34:51.029+0000] {processor.py:830} INFO - Processing file /home/airflow/.local/lib/python3.12/site-packages/airflow/example_dags/example_task_group_decorator.py for tasks to queue
[2024-06-18T16:34:51.032+0000] {logging_mixin.py:188} INFO - [2024-06-18T16:34:51.032+0000] {dagbag.py:545} INFO - Filling up the DagBag from /home/airflow/.local/lib/python3.12/site-packages/airflow/example_dags/example_task_group_decorator.py
[2024-06-18T16:34:51.051+0000] {processor.py:840} INFO - DAG(s) 'example_task_group_decorator' retrieved from /home/airflow/.local/lib/python3.12/site-packages/airflow/example_dags/example_task_group_decorator.py
[2024-06-18T16:34:51.097+0000] {logging_mixin.py:188} INFO - [2024-06-18T16:34:51.096+0000] {dag.py:3096} INFO - Sync 1 DAGs
[2024-06-18T16:34:51.125+0000] {logging_mixin.py:188} INFO - [2024-06-18T16:34:51.125+0000] {dag.py:3954} INFO - Setting next_dagrun for example_task_group_decorator to 2024-06-17 00:00:00+00:00, run_after=2024-06-18 00:00:00+00:00
[2024-06-18T16:34:51.148+0000] {processor.py:183} INFO - Processing /home/airflow/.local/lib/python3.12/site-packages/airflow/example_dags/example_task_group_decorator.py took 0.129 seconds
[2024-06-18T16:35:21.386+0000] {processor.py:161} INFO - Started process (PID=905) to work on /home/airflow/.local/lib/python3.12/site-packages/airflow/example_dags/example_task_group_decorator.py
[2024-06-18T16:35:21.387+0000] {processor.py:830} INFO - Processing file /home/airflow/.local/lib/python3.12/site-packages/airflow/example_dags/example_task_group_decorator.py for tasks to queue
[2024-06-18T16:35:21.391+0000] {logging_mixin.py:188} INFO - [2024-06-18T16:35:21.390+0000] {dagbag.py:545} INFO - Filling up the DagBag from /home/airflow/.local/lib/python3.12/site-packages/airflow/example_dags/example_task_group_decorator.py
[2024-06-18T16:35:21.415+0000] {processor.py:840} INFO - DAG(s) 'example_task_group_decorator' retrieved from /home/airflow/.local/lib/python3.12/site-packages/airflow/example_dags/example_task_group_decorator.py
[2024-06-18T16:35:21.448+0000] {logging_mixin.py:188} INFO - [2024-06-18T16:35:21.447+0000] {dag.py:3096} INFO - Sync 1 DAGs
[2024-06-18T16:35:21.474+0000] {logging_mixin.py:188} INFO - [2024-06-18T16:35:21.474+0000] {dag.py:3954} INFO - Setting next_dagrun for example_task_group_decorator to 2024-06-17 00:00:00+00:00, run_after=2024-06-18 00:00:00+00:00
[2024-06-18T16:35:21.496+0000] {processor.py:183} INFO - Processing /home/airflow/.local/lib/python3.12/site-packages/airflow/example_dags/example_task_group_decorator.py took 0.121 seconds
[2024-06-18T16:35:51.777+0000] {processor.py:161} INFO - Started process (PID=963) to work on /home/airflow/.local/lib/python3.12/site-packages/airflow/example_dags/example_task_group_decorator.py
[2024-06-18T16:35:51.779+0000] {processor.py:830} INFO - Processing file /home/airflow/.local/lib/python3.12/site-packages/airflow/example_dags/example_task_group_decorator.py for tasks to queue
[2024-06-18T16:35:51.781+0000] {logging_mixin.py:188} INFO - [2024-06-18T16:35:51.781+0000] {dagbag.py:545} INFO - Filling up the DagBag from /home/airflow/.local/lib/python3.12/site-packages/airflow/example_dags/example_task_group_decorator.py
[2024-06-18T16:35:51.799+0000] {processor.py:840} INFO - DAG(s) 'example_task_group_decorator' retrieved from /home/airflow/.local/lib/python3.12/site-packages/airflow/example_dags/example_task_group_decorator.py
[2024-06-18T16:35:51.831+0000] {logging_mixin.py:188} INFO - [2024-06-18T16:35:51.831+0000] {dag.py:3096} INFO - Sync 1 DAGs
[2024-06-18T16:35:51.858+0000] {logging_mixin.py:188} INFO - [2024-06-18T16:35:51.858+0000] {dag.py:3954} INFO - Setting next_dagrun for example_task_group_decorator to 2024-06-17 00:00:00+00:00, run_after=2024-06-18 00:00:00+00:00
[2024-06-18T16:35:51.878+0000] {processor.py:183} INFO - Processing /home/airflow/.local/lib/python3.12/site-packages/airflow/example_dags/example_task_group_decorator.py took 0.109 seconds
[2024-06-18T16:36:23.015+0000] {processor.py:161} INFO - Started process (PID=1021) to work on /home/airflow/.local/lib/python3.12/site-packages/airflow/example_dags/example_task_group_decorator.py
[2024-06-18T16:36:23.017+0000] {processor.py:830} INFO - Processing file /home/airflow/.local/lib/python3.12/site-packages/airflow/example_dags/example_task_group_decorator.py for tasks to queue
[2024-06-18T16:36:23.019+0000] {logging_mixin.py:188} INFO - [2024-06-18T16:36:23.019+0000] {dagbag.py:545} INFO - Filling up the DagBag from /home/airflow/.local/lib/python3.12/site-packages/airflow/example_dags/example_task_group_decorator.py
[2024-06-18T16:36:23.037+0000] {processor.py:840} INFO - DAG(s) 'example_task_group_decorator' retrieved from /home/airflow/.local/lib/python3.12/site-packages/airflow/example_dags/example_task_group_decorator.py
[2024-06-18T16:36:23.070+0000] {logging_mixin.py:188} INFO - [2024-06-18T16:36:23.070+0000] {dag.py:3096} INFO - Sync 1 DAGs
[2024-06-18T16:36:23.099+0000] {logging_mixin.py:188} INFO - [2024-06-18T16:36:23.099+0000] {dag.py:3954} INFO - Setting next_dagrun for example_task_group_decorator to 2024-06-17 00:00:00+00:00, run_after=2024-06-18 00:00:00+00:00
[2024-06-18T16:36:23.124+0000] {processor.py:183} INFO - Processing /home/airflow/.local/lib/python3.12/site-packages/airflow/example_dags/example_task_group_decorator.py took 0.117 seconds
[2024-06-18T16:36:53.279+0000] {processor.py:161} INFO - Started process (PID=1079) to work on /home/airflow/.local/lib/python3.12/site-packages/airflow/example_dags/example_task_group_decorator.py
[2024-06-18T16:36:53.281+0000] {processor.py:830} INFO - Processing file /home/airflow/.local/lib/python3.12/site-packages/airflow/example_dags/example_task_group_decorator.py for tasks to queue
[2024-06-18T16:36:53.284+0000] {logging_mixin.py:188} INFO - [2024-06-18T16:36:53.283+0000] {dagbag.py:545} INFO - Filling up the DagBag from /home/airflow/.local/lib/python3.12/site-packages/airflow/example_dags/example_task_group_decorator.py
[2024-06-18T16:36:53.305+0000] {processor.py:840} INFO - DAG(s) 'example_task_group_decorator' retrieved from /home/airflow/.local/lib/python3.12/site-packages/airflow/example_dags/example_task_group_decorator.py
[2024-06-18T16:36:53.341+0000] {logging_mixin.py:188} INFO - [2024-06-18T16:36:53.341+0000] {dag.py:3096} INFO - Sync 1 DAGs
[2024-06-18T16:36:53.371+0000] {logging_mixin.py:188} INFO - [2024-06-18T16:36:53.371+0000] {dag.py:3954} INFO - Setting next_dagrun for example_task_group_decorator to 2024-06-17 00:00:00+00:00, run_after=2024-06-18 00:00:00+00:00
[2024-06-18T16:36:53.393+0000] {processor.py:183} INFO - Processing /home/airflow/.local/lib/python3.12/site-packages/airflow/example_dags/example_task_group_decorator.py took 0.122 seconds
[2024-06-18T16:37:23.499+0000] {processor.py:161} INFO - Started process (PID=1137) to work on /home/airflow/.local/lib/python3.12/site-packages/airflow/example_dags/example_task_group_decorator.py
[2024-06-18T16:37:23.500+0000] {processor.py:830} INFO - Processing file /home/airflow/.local/lib/python3.12/site-packages/airflow/example_dags/example_task_group_decorator.py for tasks to queue
[2024-06-18T16:37:23.502+0000] {logging_mixin.py:188} INFO - [2024-06-18T16:37:23.502+0000] {dagbag.py:545} INFO - Filling up the DagBag from /home/airflow/.local/lib/python3.12/site-packages/airflow/example_dags/example_task_group_decorator.py
[2024-06-18T16:37:23.522+0000] {processor.py:840} INFO - DAG(s) 'example_task_group_decorator' retrieved from /home/airflow/.local/lib/python3.12/site-packages/airflow/example_dags/example_task_group_decorator.py
[2024-06-18T16:37:23.557+0000] {logging_mixin.py:188} INFO - [2024-06-18T16:37:23.556+0000] {dag.py:3096} INFO - Sync 1 DAGs
[2024-06-18T16:37:23.585+0000] {logging_mixin.py:188} INFO - [2024-06-18T16:37:23.585+0000] {dag.py:3954} INFO - Setting next_dagrun for example_task_group_decorator to 2024-06-17 00:00:00+00:00, run_after=2024-06-18 00:00:00+00:00
[2024-06-18T16:37:23.608+0000] {processor.py:183} INFO - Processing /home/airflow/.local/lib/python3.12/site-packages/airflow/example_dags/example_task_group_decorator.py took 0.120 seconds
[2024-06-18T16:38:50.285+0000] {processor.py:161} INFO - Started process (PID=35) to work on /home/airflow/.local/lib/python3.12/site-packages/airflow/example_dags/example_task_group_decorator.py
[2024-06-18T16:38:50.286+0000] {processor.py:830} INFO - Processing file /home/airflow/.local/lib/python3.12/site-packages/airflow/example_dags/example_task_group_decorator.py for tasks to queue
[2024-06-18T16:38:50.289+0000] {logging_mixin.py:188} INFO - [2024-06-18T16:38:50.288+0000] {dagbag.py:545} INFO - Filling up the DagBag from /home/airflow/.local/lib/python3.12/site-packages/airflow/example_dags/example_task_group_decorator.py
[2024-06-18T16:38:50.309+0000] {processor.py:840} INFO - DAG(s) 'example_task_group_decorator' retrieved from /home/airflow/.local/lib/python3.12/site-packages/airflow/example_dags/example_task_group_decorator.py
[2024-06-18T16:38:50.329+0000] {logging_mixin.py:188} INFO - [2024-06-18T16:38:50.329+0000] {dag.py:3096} INFO - Sync 1 DAGs
[2024-06-18T16:38:50.371+0000] {logging_mixin.py:188} INFO - [2024-06-18T16:38:50.371+0000] {dag.py:3954} INFO - Setting next_dagrun for example_task_group_decorator to 2024-06-17 00:00:00+00:00, run_after=2024-06-18 00:00:00+00:00
[2024-06-18T16:38:50.415+0000] {processor.py:183} INFO - Processing /home/airflow/.local/lib/python3.12/site-packages/airflow/example_dags/example_task_group_decorator.py took 0.138 seconds
[2024-06-18T16:39:21.040+0000] {processor.py:161} INFO - Started process (PID=92) to work on /home/airflow/.local/lib/python3.12/site-packages/airflow/example_dags/example_task_group_decorator.py
[2024-06-18T16:39:21.041+0000] {processor.py:830} INFO - Processing file /home/airflow/.local/lib/python3.12/site-packages/airflow/example_dags/example_task_group_decorator.py for tasks to queue
[2024-06-18T16:39:21.044+0000] {logging_mixin.py:188} INFO - [2024-06-18T16:39:21.043+0000] {dagbag.py:545} INFO - Filling up the DagBag from /home/airflow/.local/lib/python3.12/site-packages/airflow/example_dags/example_task_group_decorator.py
[2024-06-18T16:39:21.064+0000] {processor.py:840} INFO - DAG(s) 'example_task_group_decorator' retrieved from /home/airflow/.local/lib/python3.12/site-packages/airflow/example_dags/example_task_group_decorator.py
[2024-06-18T16:39:21.205+0000] {logging_mixin.py:188} INFO - [2024-06-18T16:39:21.204+0000] {dag.py:3096} INFO - Sync 1 DAGs
[2024-06-18T16:39:21.236+0000] {logging_mixin.py:188} INFO - [2024-06-18T16:39:21.235+0000] {dag.py:3954} INFO - Setting next_dagrun for example_task_group_decorator to 2024-06-17 00:00:00+00:00, run_after=2024-06-18 00:00:00+00:00
[2024-06-18T16:39:21.259+0000] {processor.py:183} INFO - Processing /home/airflow/.local/lib/python3.12/site-packages/airflow/example_dags/example_task_group_decorator.py took 0.227 seconds
[2024-06-18T16:39:51.355+0000] {processor.py:161} INFO - Started process (PID=150) to work on /home/airflow/.local/lib/python3.12/site-packages/airflow/example_dags/example_task_group_decorator.py
[2024-06-18T16:39:51.357+0000] {processor.py:830} INFO - Processing file /home/airflow/.local/lib/python3.12/site-packages/airflow/example_dags/example_task_group_decorator.py for tasks to queue
[2024-06-18T16:39:51.359+0000] {logging_mixin.py:188} INFO - [2024-06-18T16:39:51.359+0000] {dagbag.py:545} INFO - Filling up the DagBag from /home/airflow/.local/lib/python3.12/site-packages/airflow/example_dags/example_task_group_decorator.py
[2024-06-18T16:39:51.378+0000] {processor.py:840} INFO - DAG(s) 'example_task_group_decorator' retrieved from /home/airflow/.local/lib/python3.12/site-packages/airflow/example_dags/example_task_group_decorator.py
[2024-06-18T16:39:51.409+0000] {logging_mixin.py:188} INFO - [2024-06-18T16:39:51.409+0000] {dag.py:3096} INFO - Sync 1 DAGs
[2024-06-18T16:39:51.437+0000] {logging_mixin.py:188} INFO - [2024-06-18T16:39:51.437+0000] {dag.py:3954} INFO - Setting next_dagrun for example_task_group_decorator to 2024-06-17 00:00:00+00:00, run_after=2024-06-18 00:00:00+00:00
[2024-06-18T16:39:51.459+0000] {processor.py:183} INFO - Processing /home/airflow/.local/lib/python3.12/site-packages/airflow/example_dags/example_task_group_decorator.py took 0.112 seconds
[2024-06-18T16:40:21.850+0000] {processor.py:161} INFO - Started process (PID=208) to work on /home/airflow/.local/lib/python3.12/site-packages/airflow/example_dags/example_task_group_decorator.py
[2024-06-18T16:40:21.853+0000] {processor.py:830} INFO - Processing file /home/airflow/.local/lib/python3.12/site-packages/airflow/example_dags/example_task_group_decorator.py for tasks to queue
[2024-06-18T16:40:21.856+0000] {logging_mixin.py:188} INFO - [2024-06-18T16:40:21.855+0000] {dagbag.py:545} INFO - Filling up the DagBag from /home/airflow/.local/lib/python3.12/site-packages/airflow/example_dags/example_task_group_decorator.py
[2024-06-18T16:40:21.874+0000] {processor.py:840} INFO - DAG(s) 'example_task_group_decorator' retrieved from /home/airflow/.local/lib/python3.12/site-packages/airflow/example_dags/example_task_group_decorator.py
[2024-06-18T16:40:21.907+0000] {logging_mixin.py:188} INFO - [2024-06-18T16:40:21.907+0000] {dag.py:3096} INFO - Sync 1 DAGs
[2024-06-18T16:40:21.935+0000] {logging_mixin.py:188} INFO - [2024-06-18T16:40:21.935+0000] {dag.py:3954} INFO - Setting next_dagrun for example_task_group_decorator to 2024-06-17 00:00:00+00:00, run_after=2024-06-18 00:00:00+00:00
[2024-06-18T16:40:21.956+0000] {processor.py:183} INFO - Processing /home/airflow/.local/lib/python3.12/site-packages/airflow/example_dags/example_task_group_decorator.py took 0.114 seconds
[2024-06-18T16:40:52.084+0000] {processor.py:161} INFO - Started process (PID=266) to work on /home/airflow/.local/lib/python3.12/site-packages/airflow/example_dags/example_task_group_decorator.py
[2024-06-18T16:40:52.086+0000] {processor.py:830} INFO - Processing file /home/airflow/.local/lib/python3.12/site-packages/airflow/example_dags/example_task_group_decorator.py for tasks to queue
[2024-06-18T16:40:52.088+0000] {logging_mixin.py:188} INFO - [2024-06-18T16:40:52.088+0000] {dagbag.py:545} INFO - Filling up the DagBag from /home/airflow/.local/lib/python3.12/site-packages/airflow/example_dags/example_task_group_decorator.py
[2024-06-18T16:40:52.106+0000] {processor.py:840} INFO - DAG(s) 'example_task_group_decorator' retrieved from /home/airflow/.local/lib/python3.12/site-packages/airflow/example_dags/example_task_group_decorator.py
[2024-06-18T16:40:52.140+0000] {logging_mixin.py:188} INFO - [2024-06-18T16:40:52.139+0000] {dag.py:3096} INFO - Sync 1 DAGs
[2024-06-18T16:40:52.172+0000] {logging_mixin.py:188} INFO - [2024-06-18T16:40:52.172+0000] {dag.py:3954} INFO - Setting next_dagrun for example_task_group_decorator to 2024-06-17 00:00:00+00:00, run_after=2024-06-18 00:00:00+00:00
[2024-06-18T16:40:52.194+0000] {processor.py:183} INFO - Processing /home/airflow/.local/lib/python3.12/site-packages/airflow/example_dags/example_task_group_decorator.py took 0.121 seconds
[2024-06-18T16:41:22.505+0000] {processor.py:161} INFO - Started process (PID=324) to work on /home/airflow/.local/lib/python3.12/site-packages/airflow/example_dags/example_task_group_decorator.py
[2024-06-18T16:41:22.507+0000] {processor.py:830} INFO - Processing file /home/airflow/.local/lib/python3.12/site-packages/airflow/example_dags/example_task_group_decorator.py for tasks to queue
[2024-06-18T16:41:22.509+0000] {logging_mixin.py:188} INFO - [2024-06-18T16:41:22.509+0000] {dagbag.py:545} INFO - Filling up the DagBag from /home/airflow/.local/lib/python3.12/site-packages/airflow/example_dags/example_task_group_decorator.py
[2024-06-18T16:41:22.532+0000] {processor.py:840} INFO - DAG(s) 'example_task_group_decorator' retrieved from /home/airflow/.local/lib/python3.12/site-packages/airflow/example_dags/example_task_group_decorator.py
[2024-06-18T16:41:22.562+0000] {logging_mixin.py:188} INFO - [2024-06-18T16:41:22.562+0000] {dag.py:3096} INFO - Sync 1 DAGs
[2024-06-18T16:41:22.594+0000] {logging_mixin.py:188} INFO - [2024-06-18T16:41:22.594+0000] {dag.py:3954} INFO - Setting next_dagrun for example_task_group_decorator to 2024-06-17 00:00:00+00:00, run_after=2024-06-18 00:00:00+00:00
[2024-06-18T16:41:22.615+0000] {processor.py:183} INFO - Processing /home/airflow/.local/lib/python3.12/site-packages/airflow/example_dags/example_task_group_decorator.py took 0.119 seconds
[2024-06-18T16:41:52.848+0000] {processor.py:161} INFO - Started process (PID=382) to work on /home/airflow/.local/lib/python3.12/site-packages/airflow/example_dags/example_task_group_decorator.py
[2024-06-18T16:41:52.849+0000] {processor.py:830} INFO - Processing file /home/airflow/.local/lib/python3.12/site-packages/airflow/example_dags/example_task_group_decorator.py for tasks to queue
[2024-06-18T16:41:52.852+0000] {logging_mixin.py:188} INFO - [2024-06-18T16:41:52.852+0000] {dagbag.py:545} INFO - Filling up the DagBag from /home/airflow/.local/lib/python3.12/site-packages/airflow/example_dags/example_task_group_decorator.py
[2024-06-18T16:41:52.873+0000] {processor.py:840} INFO - DAG(s) 'example_task_group_decorator' retrieved from /home/airflow/.local/lib/python3.12/site-packages/airflow/example_dags/example_task_group_decorator.py
[2024-06-18T16:41:52.909+0000] {logging_mixin.py:188} INFO - [2024-06-18T16:41:52.908+0000] {dag.py:3096} INFO - Sync 1 DAGs
[2024-06-18T16:41:52.940+0000] {logging_mixin.py:188} INFO - [2024-06-18T16:41:52.939+0000] {dag.py:3954} INFO - Setting next_dagrun for example_task_group_decorator to 2024-06-17 00:00:00+00:00, run_after=2024-06-18 00:00:00+00:00
[2024-06-18T16:41:52.966+0000] {processor.py:183} INFO - Processing /home/airflow/.local/lib/python3.12/site-packages/airflow/example_dags/example_task_group_decorator.py took 0.128 seconds
[2024-06-18T16:42:23.113+0000] {processor.py:161} INFO - Started process (PID=440) to work on /home/airflow/.local/lib/python3.12/site-packages/airflow/example_dags/example_task_group_decorator.py
[2024-06-18T16:42:23.114+0000] {processor.py:830} INFO - Processing file /home/airflow/.local/lib/python3.12/site-packages/airflow/example_dags/example_task_group_decorator.py for tasks to queue
[2024-06-18T16:42:23.117+0000] {logging_mixin.py:188} INFO - [2024-06-18T16:42:23.116+0000] {dagbag.py:545} INFO - Filling up the DagBag from /home/airflow/.local/lib/python3.12/site-packages/airflow/example_dags/example_task_group_decorator.py
[2024-06-18T16:42:23.136+0000] {processor.py:840} INFO - DAG(s) 'example_task_group_decorator' retrieved from /home/airflow/.local/lib/python3.12/site-packages/airflow/example_dags/example_task_group_decorator.py
[2024-06-18T16:42:23.171+0000] {logging_mixin.py:188} INFO - [2024-06-18T16:42:23.171+0000] {dag.py:3096} INFO - Sync 1 DAGs
[2024-06-18T16:42:23.202+0000] {logging_mixin.py:188} INFO - [2024-06-18T16:42:23.202+0000] {dag.py:3954} INFO - Setting next_dagrun for example_task_group_decorator to 2024-06-17 00:00:00+00:00, run_after=2024-06-18 00:00:00+00:00
[2024-06-18T16:42:23.227+0000] {processor.py:183} INFO - Processing /home/airflow/.local/lib/python3.12/site-packages/airflow/example_dags/example_task_group_decorator.py took 0.123 seconds
