[2024-06-18T16:27:47.176+0000] {processor.py:161} INFO - Started process (PID=51) to work on /home/airflow/.local/lib/python3.12/site-packages/airflow/example_dags/example_nested_branch_dag.py
[2024-06-18T16:27:47.177+0000] {processor.py:830} INFO - Processing file /home/airflow/.local/lib/python3.12/site-packages/airflow/example_dags/example_nested_branch_dag.py for tasks to queue
[2024-06-18T16:27:47.183+0000] {logging_mixin.py:188} INFO - [2024-06-18T16:27:47.182+0000] {dagbag.py:545} INFO - Filling up the DagBag from /home/airflow/.local/lib/python3.12/site-packages/airflow/example_dags/example_nested_branch_dag.py
[2024-06-18T16:27:47.218+0000] {processor.py:840} INFO - DAG(s) 'example_nested_branch_dag' retrieved from /home/airflow/.local/lib/python3.12/site-packages/airflow/example_dags/example_nested_branch_dag.py
[2024-06-18T16:27:47.384+0000] {logging_mixin.py:188} INFO - [2024-06-18T16:27:47.383+0000] {dag.py:3096} INFO - Sync 1 DAGs
[2024-06-18T16:27:47.409+0000] {logging_mixin.py:188} INFO - [2024-06-18T16:27:47.409+0000] {dag.py:3954} INFO - Setting next_dagrun for example_nested_branch_dag to 2024-06-17 00:00:00+00:00, run_after=2024-06-18 00:00:00+00:00
[2024-06-18T16:27:47.431+0000] {processor.py:183} INFO - Processing /home/airflow/.local/lib/python3.12/site-packages/airflow/example_dags/example_nested_branch_dag.py took 0.269 seconds
[2024-06-18T16:28:17.747+0000] {processor.py:161} INFO - Started process (PID=109) to work on /home/airflow/.local/lib/python3.12/site-packages/airflow/example_dags/example_nested_branch_dag.py
[2024-06-18T16:28:17.749+0000] {processor.py:830} INFO - Processing file /home/airflow/.local/lib/python3.12/site-packages/airflow/example_dags/example_nested_branch_dag.py for tasks to queue
[2024-06-18T16:28:17.751+0000] {logging_mixin.py:188} INFO - [2024-06-18T16:28:17.751+0000] {dagbag.py:545} INFO - Filling up the DagBag from /home/airflow/.local/lib/python3.12/site-packages/airflow/example_dags/example_nested_branch_dag.py
[2024-06-18T16:28:17.765+0000] {processor.py:840} INFO - DAG(s) 'example_nested_branch_dag' retrieved from /home/airflow/.local/lib/python3.12/site-packages/airflow/example_dags/example_nested_branch_dag.py
[2024-06-18T16:28:17.803+0000] {logging_mixin.py:188} INFO - [2024-06-18T16:28:17.803+0000] {dag.py:3096} INFO - Sync 1 DAGs
[2024-06-18T16:28:17.837+0000] {logging_mixin.py:188} INFO - [2024-06-18T16:28:17.837+0000] {dag.py:3954} INFO - Setting next_dagrun for example_nested_branch_dag to 2024-06-17 00:00:00+00:00, run_after=2024-06-18 00:00:00+00:00
[2024-06-18T16:28:17.862+0000] {processor.py:183} INFO - Processing /home/airflow/.local/lib/python3.12/site-packages/airflow/example_dags/example_nested_branch_dag.py took 0.123 seconds
[2024-06-18T16:28:48.194+0000] {processor.py:161} INFO - Started process (PID=167) to work on /home/airflow/.local/lib/python3.12/site-packages/airflow/example_dags/example_nested_branch_dag.py
[2024-06-18T16:28:48.196+0000] {processor.py:830} INFO - Processing file /home/airflow/.local/lib/python3.12/site-packages/airflow/example_dags/example_nested_branch_dag.py for tasks to queue
[2024-06-18T16:28:48.199+0000] {logging_mixin.py:188} INFO - [2024-06-18T16:28:48.198+0000] {dagbag.py:545} INFO - Filling up the DagBag from /home/airflow/.local/lib/python3.12/site-packages/airflow/example_dags/example_nested_branch_dag.py
[2024-06-18T16:28:48.215+0000] {processor.py:840} INFO - DAG(s) 'example_nested_branch_dag' retrieved from /home/airflow/.local/lib/python3.12/site-packages/airflow/example_dags/example_nested_branch_dag.py
[2024-06-18T16:28:48.252+0000] {logging_mixin.py:188} INFO - [2024-06-18T16:28:48.251+0000] {dag.py:3096} INFO - Sync 1 DAGs
[2024-06-18T16:28:48.282+0000] {logging_mixin.py:188} INFO - [2024-06-18T16:28:48.282+0000] {dag.py:3954} INFO - Setting next_dagrun for example_nested_branch_dag to 2024-06-17 00:00:00+00:00, run_after=2024-06-18 00:00:00+00:00
[2024-06-18T16:28:48.312+0000] {processor.py:183} INFO - Processing /home/airflow/.local/lib/python3.12/site-packages/airflow/example_dags/example_nested_branch_dag.py took 0.127 seconds
[2024-06-18T16:29:19.039+0000] {processor.py:161} INFO - Started process (PID=225) to work on /home/airflow/.local/lib/python3.12/site-packages/airflow/example_dags/example_nested_branch_dag.py
[2024-06-18T16:29:19.040+0000] {processor.py:830} INFO - Processing file /home/airflow/.local/lib/python3.12/site-packages/airflow/example_dags/example_nested_branch_dag.py for tasks to queue
[2024-06-18T16:29:19.043+0000] {logging_mixin.py:188} INFO - [2024-06-18T16:29:19.043+0000] {dagbag.py:545} INFO - Filling up the DagBag from /home/airflow/.local/lib/python3.12/site-packages/airflow/example_dags/example_nested_branch_dag.py
[2024-06-18T16:29:19.056+0000] {processor.py:840} INFO - DAG(s) 'example_nested_branch_dag' retrieved from /home/airflow/.local/lib/python3.12/site-packages/airflow/example_dags/example_nested_branch_dag.py
[2024-06-18T16:29:19.086+0000] {logging_mixin.py:188} INFO - [2024-06-18T16:29:19.086+0000] {dag.py:3096} INFO - Sync 1 DAGs
[2024-06-18T16:29:19.116+0000] {logging_mixin.py:188} INFO - [2024-06-18T16:29:19.115+0000] {dag.py:3954} INFO - Setting next_dagrun for example_nested_branch_dag to 2024-06-17 00:00:00+00:00, run_after=2024-06-18 00:00:00+00:00
[2024-06-18T16:29:19.139+0000] {processor.py:183} INFO - Processing /home/airflow/.local/lib/python3.12/site-packages/airflow/example_dags/example_nested_branch_dag.py took 0.107 seconds
[2024-06-18T16:29:49.286+0000] {processor.py:161} INFO - Started process (PID=282) to work on /home/airflow/.local/lib/python3.12/site-packages/airflow/example_dags/example_nested_branch_dag.py
[2024-06-18T16:29:49.288+0000] {processor.py:830} INFO - Processing file /home/airflow/.local/lib/python3.12/site-packages/airflow/example_dags/example_nested_branch_dag.py for tasks to queue
[2024-06-18T16:29:49.290+0000] {logging_mixin.py:188} INFO - [2024-06-18T16:29:49.290+0000] {dagbag.py:545} INFO - Filling up the DagBag from /home/airflow/.local/lib/python3.12/site-packages/airflow/example_dags/example_nested_branch_dag.py
[2024-06-18T16:29:49.304+0000] {processor.py:840} INFO - DAG(s) 'example_nested_branch_dag' retrieved from /home/airflow/.local/lib/python3.12/site-packages/airflow/example_dags/example_nested_branch_dag.py
[2024-06-18T16:29:49.333+0000] {logging_mixin.py:188} INFO - [2024-06-18T16:29:49.332+0000] {dag.py:3096} INFO - Sync 1 DAGs
[2024-06-18T16:29:49.364+0000] {logging_mixin.py:188} INFO - [2024-06-18T16:29:49.363+0000] {dag.py:3954} INFO - Setting next_dagrun for example_nested_branch_dag to 2024-06-17 00:00:00+00:00, run_after=2024-06-18 00:00:00+00:00
[2024-06-18T16:29:49.386+0000] {processor.py:183} INFO - Processing /home/airflow/.local/lib/python3.12/site-packages/airflow/example_dags/example_nested_branch_dag.py took 0.108 seconds
[2024-06-18T16:30:19.853+0000] {processor.py:161} INFO - Started process (PID=341) to work on /home/airflow/.local/lib/python3.12/site-packages/airflow/example_dags/example_nested_branch_dag.py
[2024-06-18T16:30:19.854+0000] {processor.py:830} INFO - Processing file /home/airflow/.local/lib/python3.12/site-packages/airflow/example_dags/example_nested_branch_dag.py for tasks to queue
[2024-06-18T16:30:19.856+0000] {logging_mixin.py:188} INFO - [2024-06-18T16:30:19.856+0000] {dagbag.py:545} INFO - Filling up the DagBag from /home/airflow/.local/lib/python3.12/site-packages/airflow/example_dags/example_nested_branch_dag.py
[2024-06-18T16:30:19.870+0000] {processor.py:840} INFO - DAG(s) 'example_nested_branch_dag' retrieved from /home/airflow/.local/lib/python3.12/site-packages/airflow/example_dags/example_nested_branch_dag.py
[2024-06-18T16:30:19.898+0000] {logging_mixin.py:188} INFO - [2024-06-18T16:30:19.898+0000] {dag.py:3096} INFO - Sync 1 DAGs
[2024-06-18T16:30:19.927+0000] {logging_mixin.py:188} INFO - [2024-06-18T16:30:19.927+0000] {dag.py:3954} INFO - Setting next_dagrun for example_nested_branch_dag to 2024-06-17 00:00:00+00:00, run_after=2024-06-18 00:00:00+00:00
[2024-06-18T16:30:19.949+0000] {processor.py:183} INFO - Processing /home/airflow/.local/lib/python3.12/site-packages/airflow/example_dags/example_nested_branch_dag.py took 0.104 seconds
[2024-06-18T16:30:49.977+0000] {processor.py:161} INFO - Started process (PID=398) to work on /home/airflow/.local/lib/python3.12/site-packages/airflow/example_dags/example_nested_branch_dag.py
[2024-06-18T16:30:49.979+0000] {processor.py:830} INFO - Processing file /home/airflow/.local/lib/python3.12/site-packages/airflow/example_dags/example_nested_branch_dag.py for tasks to queue
[2024-06-18T16:30:49.981+0000] {logging_mixin.py:188} INFO - [2024-06-18T16:30:49.981+0000] {dagbag.py:545} INFO - Filling up the DagBag from /home/airflow/.local/lib/python3.12/site-packages/airflow/example_dags/example_nested_branch_dag.py
[2024-06-18T16:30:49.995+0000] {processor.py:840} INFO - DAG(s) 'example_nested_branch_dag' retrieved from /home/airflow/.local/lib/python3.12/site-packages/airflow/example_dags/example_nested_branch_dag.py
[2024-06-18T16:30:50.022+0000] {logging_mixin.py:188} INFO - [2024-06-18T16:30:50.022+0000] {dag.py:3096} INFO - Sync 1 DAGs
[2024-06-18T16:30:50.049+0000] {logging_mixin.py:188} INFO - [2024-06-18T16:30:50.048+0000] {dag.py:3954} INFO - Setting next_dagrun for example_nested_branch_dag to 2024-06-17 00:00:00+00:00, run_after=2024-06-18 00:00:00+00:00
[2024-06-18T16:30:50.068+0000] {processor.py:183} INFO - Processing /home/airflow/.local/lib/python3.12/site-packages/airflow/example_dags/example_nested_branch_dag.py took 0.099 seconds
[2024-06-18T16:31:20.351+0000] {processor.py:161} INFO - Started process (PID=456) to work on /home/airflow/.local/lib/python3.12/site-packages/airflow/example_dags/example_nested_branch_dag.py
[2024-06-18T16:31:20.352+0000] {processor.py:830} INFO - Processing file /home/airflow/.local/lib/python3.12/site-packages/airflow/example_dags/example_nested_branch_dag.py for tasks to queue
[2024-06-18T16:31:20.355+0000] {logging_mixin.py:188} INFO - [2024-06-18T16:31:20.355+0000] {dagbag.py:545} INFO - Filling up the DagBag from /home/airflow/.local/lib/python3.12/site-packages/airflow/example_dags/example_nested_branch_dag.py
[2024-06-18T16:31:20.368+0000] {processor.py:840} INFO - DAG(s) 'example_nested_branch_dag' retrieved from /home/airflow/.local/lib/python3.12/site-packages/airflow/example_dags/example_nested_branch_dag.py
[2024-06-18T16:31:20.396+0000] {logging_mixin.py:188} INFO - [2024-06-18T16:31:20.396+0000] {dag.py:3096} INFO - Sync 1 DAGs
[2024-06-18T16:31:20.424+0000] {logging_mixin.py:188} INFO - [2024-06-18T16:31:20.424+0000] {dag.py:3954} INFO - Setting next_dagrun for example_nested_branch_dag to 2024-06-17 00:00:00+00:00, run_after=2024-06-18 00:00:00+00:00
[2024-06-18T16:31:20.446+0000] {processor.py:183} INFO - Processing /home/airflow/.local/lib/python3.12/site-packages/airflow/example_dags/example_nested_branch_dag.py took 0.103 seconds
[2024-06-18T16:31:50.658+0000] {processor.py:161} INFO - Started process (PID=514) to work on /home/airflow/.local/lib/python3.12/site-packages/airflow/example_dags/example_nested_branch_dag.py
[2024-06-18T16:31:50.659+0000] {processor.py:830} INFO - Processing file /home/airflow/.local/lib/python3.12/site-packages/airflow/example_dags/example_nested_branch_dag.py for tasks to queue
[2024-06-18T16:31:50.662+0000] {logging_mixin.py:188} INFO - [2024-06-18T16:31:50.661+0000] {dagbag.py:545} INFO - Filling up the DagBag from /home/airflow/.local/lib/python3.12/site-packages/airflow/example_dags/example_nested_branch_dag.py
[2024-06-18T16:31:50.677+0000] {processor.py:840} INFO - DAG(s) 'example_nested_branch_dag' retrieved from /home/airflow/.local/lib/python3.12/site-packages/airflow/example_dags/example_nested_branch_dag.py
[2024-06-18T16:31:50.707+0000] {logging_mixin.py:188} INFO - [2024-06-18T16:31:50.707+0000] {dag.py:3096} INFO - Sync 1 DAGs
[2024-06-18T16:31:50.737+0000] {logging_mixin.py:188} INFO - [2024-06-18T16:31:50.736+0000] {dag.py:3954} INFO - Setting next_dagrun for example_nested_branch_dag to 2024-06-17 00:00:00+00:00, run_after=2024-06-18 00:00:00+00:00
[2024-06-18T16:31:50.761+0000] {processor.py:183} INFO - Processing /home/airflow/.local/lib/python3.12/site-packages/airflow/example_dags/example_nested_branch_dag.py took 0.112 seconds
[2024-06-18T16:32:20.998+0000] {processor.py:161} INFO - Started process (PID=571) to work on /home/airflow/.local/lib/python3.12/site-packages/airflow/example_dags/example_nested_branch_dag.py
[2024-06-18T16:32:21.000+0000] {processor.py:830} INFO - Processing file /home/airflow/.local/lib/python3.12/site-packages/airflow/example_dags/example_nested_branch_dag.py for tasks to queue
[2024-06-18T16:32:21.002+0000] {logging_mixin.py:188} INFO - [2024-06-18T16:32:21.002+0000] {dagbag.py:545} INFO - Filling up the DagBag from /home/airflow/.local/lib/python3.12/site-packages/airflow/example_dags/example_nested_branch_dag.py
[2024-06-18T16:32:21.017+0000] {processor.py:840} INFO - DAG(s) 'example_nested_branch_dag' retrieved from /home/airflow/.local/lib/python3.12/site-packages/airflow/example_dags/example_nested_branch_dag.py
[2024-06-18T16:32:21.046+0000] {logging_mixin.py:188} INFO - [2024-06-18T16:32:21.045+0000] {dag.py:3096} INFO - Sync 1 DAGs
[2024-06-18T16:32:21.076+0000] {logging_mixin.py:188} INFO - [2024-06-18T16:32:21.075+0000] {dag.py:3954} INFO - Setting next_dagrun for example_nested_branch_dag to 2024-06-17 00:00:00+00:00, run_after=2024-06-18 00:00:00+00:00
[2024-06-18T16:32:21.105+0000] {processor.py:183} INFO - Processing /home/airflow/.local/lib/python3.12/site-packages/airflow/example_dags/example_nested_branch_dag.py took 0.116 seconds
[2024-06-18T16:32:51.570+0000] {processor.py:161} INFO - Started process (PID=629) to work on /home/airflow/.local/lib/python3.12/site-packages/airflow/example_dags/example_nested_branch_dag.py
[2024-06-18T16:32:51.571+0000] {processor.py:830} INFO - Processing file /home/airflow/.local/lib/python3.12/site-packages/airflow/example_dags/example_nested_branch_dag.py for tasks to queue
[2024-06-18T16:32:51.574+0000] {logging_mixin.py:188} INFO - [2024-06-18T16:32:51.574+0000] {dagbag.py:545} INFO - Filling up the DagBag from /home/airflow/.local/lib/python3.12/site-packages/airflow/example_dags/example_nested_branch_dag.py
[2024-06-18T16:32:51.589+0000] {processor.py:840} INFO - DAG(s) 'example_nested_branch_dag' retrieved from /home/airflow/.local/lib/python3.12/site-packages/airflow/example_dags/example_nested_branch_dag.py
[2024-06-18T16:32:51.619+0000] {logging_mixin.py:188} INFO - [2024-06-18T16:32:51.618+0000] {dag.py:3096} INFO - Sync 1 DAGs
[2024-06-18T16:32:51.647+0000] {logging_mixin.py:188} INFO - [2024-06-18T16:32:51.647+0000] {dag.py:3954} INFO - Setting next_dagrun for example_nested_branch_dag to 2024-06-17 00:00:00+00:00, run_after=2024-06-18 00:00:00+00:00
[2024-06-18T16:32:51.673+0000] {processor.py:183} INFO - Processing /home/airflow/.local/lib/python3.12/site-packages/airflow/example_dags/example_nested_branch_dag.py took 0.112 seconds
[2024-06-18T16:33:21.827+0000] {processor.py:161} INFO - Started process (PID=687) to work on /home/airflow/.local/lib/python3.12/site-packages/airflow/example_dags/example_nested_branch_dag.py
[2024-06-18T16:33:21.828+0000] {processor.py:830} INFO - Processing file /home/airflow/.local/lib/python3.12/site-packages/airflow/example_dags/example_nested_branch_dag.py for tasks to queue
[2024-06-18T16:33:21.831+0000] {logging_mixin.py:188} INFO - [2024-06-18T16:33:21.830+0000] {dagbag.py:545} INFO - Filling up the DagBag from /home/airflow/.local/lib/python3.12/site-packages/airflow/example_dags/example_nested_branch_dag.py
[2024-06-18T16:33:21.843+0000] {processor.py:840} INFO - DAG(s) 'example_nested_branch_dag' retrieved from /home/airflow/.local/lib/python3.12/site-packages/airflow/example_dags/example_nested_branch_dag.py
[2024-06-18T16:33:21.877+0000] {logging_mixin.py:188} INFO - [2024-06-18T16:33:21.877+0000] {dag.py:3096} INFO - Sync 1 DAGs
[2024-06-18T16:33:21.906+0000] {logging_mixin.py:188} INFO - [2024-06-18T16:33:21.906+0000] {dag.py:3954} INFO - Setting next_dagrun for example_nested_branch_dag to 2024-06-17 00:00:00+00:00, run_after=2024-06-18 00:00:00+00:00
[2024-06-18T16:33:21.927+0000] {processor.py:183} INFO - Processing /home/airflow/.local/lib/python3.12/site-packages/airflow/example_dags/example_nested_branch_dag.py took 0.108 seconds
[2024-06-18T16:33:52.085+0000] {processor.py:161} INFO - Started process (PID=745) to work on /home/airflow/.local/lib/python3.12/site-packages/airflow/example_dags/example_nested_branch_dag.py
[2024-06-18T16:33:52.087+0000] {processor.py:830} INFO - Processing file /home/airflow/.local/lib/python3.12/site-packages/airflow/example_dags/example_nested_branch_dag.py for tasks to queue
[2024-06-18T16:33:52.089+0000] {logging_mixin.py:188} INFO - [2024-06-18T16:33:52.089+0000] {dagbag.py:545} INFO - Filling up the DagBag from /home/airflow/.local/lib/python3.12/site-packages/airflow/example_dags/example_nested_branch_dag.py
[2024-06-18T16:33:52.103+0000] {processor.py:840} INFO - DAG(s) 'example_nested_branch_dag' retrieved from /home/airflow/.local/lib/python3.12/site-packages/airflow/example_dags/example_nested_branch_dag.py
[2024-06-18T16:33:52.136+0000] {logging_mixin.py:188} INFO - [2024-06-18T16:33:52.136+0000] {dag.py:3096} INFO - Sync 1 DAGs
[2024-06-18T16:33:52.169+0000] {logging_mixin.py:188} INFO - [2024-06-18T16:33:52.169+0000] {dag.py:3954} INFO - Setting next_dagrun for example_nested_branch_dag to 2024-06-17 00:00:00+00:00, run_after=2024-06-18 00:00:00+00:00
[2024-06-18T16:33:52.191+0000] {processor.py:183} INFO - Processing /home/airflow/.local/lib/python3.12/site-packages/airflow/example_dags/example_nested_branch_dag.py took 0.114 seconds
[2024-06-18T16:34:22.414+0000] {processor.py:161} INFO - Started process (PID=803) to work on /home/airflow/.local/lib/python3.12/site-packages/airflow/example_dags/example_nested_branch_dag.py
[2024-06-18T16:34:22.416+0000] {processor.py:830} INFO - Processing file /home/airflow/.local/lib/python3.12/site-packages/airflow/example_dags/example_nested_branch_dag.py for tasks to queue
[2024-06-18T16:34:22.418+0000] {logging_mixin.py:188} INFO - [2024-06-18T16:34:22.418+0000] {dagbag.py:545} INFO - Filling up the DagBag from /home/airflow/.local/lib/python3.12/site-packages/airflow/example_dags/example_nested_branch_dag.py
[2024-06-18T16:34:22.433+0000] {processor.py:840} INFO - DAG(s) 'example_nested_branch_dag' retrieved from /home/airflow/.local/lib/python3.12/site-packages/airflow/example_dags/example_nested_branch_dag.py
[2024-06-18T16:34:22.467+0000] {logging_mixin.py:188} INFO - [2024-06-18T16:34:22.466+0000] {dag.py:3096} INFO - Sync 1 DAGs
[2024-06-18T16:34:22.505+0000] {logging_mixin.py:188} INFO - [2024-06-18T16:34:22.505+0000] {dag.py:3954} INFO - Setting next_dagrun for example_nested_branch_dag to 2024-06-17 00:00:00+00:00, run_after=2024-06-18 00:00:00+00:00
[2024-06-18T16:34:22.528+0000] {processor.py:183} INFO - Processing /home/airflow/.local/lib/python3.12/site-packages/airflow/example_dags/example_nested_branch_dag.py took 0.122 seconds
[2024-06-18T16:34:53.013+0000] {processor.py:161} INFO - Started process (PID=861) to work on /home/airflow/.local/lib/python3.12/site-packages/airflow/example_dags/example_nested_branch_dag.py
[2024-06-18T16:34:53.015+0000] {processor.py:830} INFO - Processing file /home/airflow/.local/lib/python3.12/site-packages/airflow/example_dags/example_nested_branch_dag.py for tasks to queue
[2024-06-18T16:34:53.017+0000] {logging_mixin.py:188} INFO - [2024-06-18T16:34:53.017+0000] {dagbag.py:545} INFO - Filling up the DagBag from /home/airflow/.local/lib/python3.12/site-packages/airflow/example_dags/example_nested_branch_dag.py
[2024-06-18T16:34:53.030+0000] {processor.py:840} INFO - DAG(s) 'example_nested_branch_dag' retrieved from /home/airflow/.local/lib/python3.12/site-packages/airflow/example_dags/example_nested_branch_dag.py
[2024-06-18T16:34:53.063+0000] {logging_mixin.py:188} INFO - [2024-06-18T16:34:53.062+0000] {dag.py:3096} INFO - Sync 1 DAGs
[2024-06-18T16:34:53.100+0000] {logging_mixin.py:188} INFO - [2024-06-18T16:34:53.100+0000] {dag.py:3954} INFO - Setting next_dagrun for example_nested_branch_dag to 2024-06-17 00:00:00+00:00, run_after=2024-06-18 00:00:00+00:00
[2024-06-18T16:34:53.123+0000] {processor.py:183} INFO - Processing /home/airflow/.local/lib/python3.12/site-packages/airflow/example_dags/example_nested_branch_dag.py took 0.118 seconds
[2024-06-18T16:35:23.298+0000] {processor.py:161} INFO - Started process (PID=919) to work on /home/airflow/.local/lib/python3.12/site-packages/airflow/example_dags/example_nested_branch_dag.py
[2024-06-18T16:35:23.299+0000] {processor.py:830} INFO - Processing file /home/airflow/.local/lib/python3.12/site-packages/airflow/example_dags/example_nested_branch_dag.py for tasks to queue
[2024-06-18T16:35:23.302+0000] {logging_mixin.py:188} INFO - [2024-06-18T16:35:23.302+0000] {dagbag.py:545} INFO - Filling up the DagBag from /home/airflow/.local/lib/python3.12/site-packages/airflow/example_dags/example_nested_branch_dag.py
[2024-06-18T16:35:23.316+0000] {processor.py:840} INFO - DAG(s) 'example_nested_branch_dag' retrieved from /home/airflow/.local/lib/python3.12/site-packages/airflow/example_dags/example_nested_branch_dag.py
[2024-06-18T16:35:23.345+0000] {logging_mixin.py:188} INFO - [2024-06-18T16:35:23.345+0000] {dag.py:3096} INFO - Sync 1 DAGs
[2024-06-18T16:35:23.376+0000] {logging_mixin.py:188} INFO - [2024-06-18T16:35:23.375+0000] {dag.py:3954} INFO - Setting next_dagrun for example_nested_branch_dag to 2024-06-17 00:00:00+00:00, run_after=2024-06-18 00:00:00+00:00
[2024-06-18T16:35:23.399+0000] {processor.py:183} INFO - Processing /home/airflow/.local/lib/python3.12/site-packages/airflow/example_dags/example_nested_branch_dag.py took 0.109 seconds
[2024-06-18T16:35:53.710+0000] {processor.py:161} INFO - Started process (PID=977) to work on /home/airflow/.local/lib/python3.12/site-packages/airflow/example_dags/example_nested_branch_dag.py
[2024-06-18T16:35:53.712+0000] {processor.py:830} INFO - Processing file /home/airflow/.local/lib/python3.12/site-packages/airflow/example_dags/example_nested_branch_dag.py for tasks to queue
[2024-06-18T16:35:53.714+0000] {logging_mixin.py:188} INFO - [2024-06-18T16:35:53.714+0000] {dagbag.py:545} INFO - Filling up the DagBag from /home/airflow/.local/lib/python3.12/site-packages/airflow/example_dags/example_nested_branch_dag.py
[2024-06-18T16:35:53.727+0000] {processor.py:840} INFO - DAG(s) 'example_nested_branch_dag' retrieved from /home/airflow/.local/lib/python3.12/site-packages/airflow/example_dags/example_nested_branch_dag.py
[2024-06-18T16:35:53.753+0000] {logging_mixin.py:188} INFO - [2024-06-18T16:35:53.753+0000] {dag.py:3096} INFO - Sync 1 DAGs
[2024-06-18T16:35:53.781+0000] {logging_mixin.py:188} INFO - [2024-06-18T16:35:53.780+0000] {dag.py:3954} INFO - Setting next_dagrun for example_nested_branch_dag to 2024-06-17 00:00:00+00:00, run_after=2024-06-18 00:00:00+00:00
[2024-06-18T16:35:53.801+0000] {processor.py:183} INFO - Processing /home/airflow/.local/lib/python3.12/site-packages/airflow/example_dags/example_nested_branch_dag.py took 0.098 seconds
[2024-06-18T16:36:24.011+0000] {processor.py:161} INFO - Started process (PID=1035) to work on /home/airflow/.local/lib/python3.12/site-packages/airflow/example_dags/example_nested_branch_dag.py
[2024-06-18T16:36:24.012+0000] {processor.py:830} INFO - Processing file /home/airflow/.local/lib/python3.12/site-packages/airflow/example_dags/example_nested_branch_dag.py for tasks to queue
[2024-06-18T16:36:24.015+0000] {logging_mixin.py:188} INFO - [2024-06-18T16:36:24.014+0000] {dagbag.py:545} INFO - Filling up the DagBag from /home/airflow/.local/lib/python3.12/site-packages/airflow/example_dags/example_nested_branch_dag.py
[2024-06-18T16:36:24.028+0000] {processor.py:840} INFO - DAG(s) 'example_nested_branch_dag' retrieved from /home/airflow/.local/lib/python3.12/site-packages/airflow/example_dags/example_nested_branch_dag.py
[2024-06-18T16:36:24.059+0000] {logging_mixin.py:188} INFO - [2024-06-18T16:36:24.058+0000] {dag.py:3096} INFO - Sync 1 DAGs
[2024-06-18T16:36:24.091+0000] {logging_mixin.py:188} INFO - [2024-06-18T16:36:24.091+0000] {dag.py:3954} INFO - Setting next_dagrun for example_nested_branch_dag to 2024-06-17 00:00:00+00:00, run_after=2024-06-18 00:00:00+00:00
[2024-06-18T16:36:24.116+0000] {processor.py:183} INFO - Processing /home/airflow/.local/lib/python3.12/site-packages/airflow/example_dags/example_nested_branch_dag.py took 0.114 seconds
[2024-06-18T16:36:54.231+0000] {processor.py:161} INFO - Started process (PID=1093) to work on /home/airflow/.local/lib/python3.12/site-packages/airflow/example_dags/example_nested_branch_dag.py
[2024-06-18T16:36:54.233+0000] {processor.py:830} INFO - Processing file /home/airflow/.local/lib/python3.12/site-packages/airflow/example_dags/example_nested_branch_dag.py for tasks to queue
[2024-06-18T16:36:54.235+0000] {logging_mixin.py:188} INFO - [2024-06-18T16:36:54.235+0000] {dagbag.py:545} INFO - Filling up the DagBag from /home/airflow/.local/lib/python3.12/site-packages/airflow/example_dags/example_nested_branch_dag.py
[2024-06-18T16:36:54.249+0000] {processor.py:840} INFO - DAG(s) 'example_nested_branch_dag' retrieved from /home/airflow/.local/lib/python3.12/site-packages/airflow/example_dags/example_nested_branch_dag.py
[2024-06-18T16:36:54.285+0000] {logging_mixin.py:188} INFO - [2024-06-18T16:36:54.285+0000] {dag.py:3096} INFO - Sync 1 DAGs
[2024-06-18T16:36:54.317+0000] {logging_mixin.py:188} INFO - [2024-06-18T16:36:54.317+0000] {dag.py:3954} INFO - Setting next_dagrun for example_nested_branch_dag to 2024-06-17 00:00:00+00:00, run_after=2024-06-18 00:00:00+00:00
[2024-06-18T16:36:54.338+0000] {processor.py:183} INFO - Processing /home/airflow/.local/lib/python3.12/site-packages/airflow/example_dags/example_nested_branch_dag.py took 0.115 seconds
[2024-06-18T16:37:24.515+0000] {processor.py:161} INFO - Started process (PID=1151) to work on /home/airflow/.local/lib/python3.12/site-packages/airflow/example_dags/example_nested_branch_dag.py
[2024-06-18T16:37:24.516+0000] {processor.py:830} INFO - Processing file /home/airflow/.local/lib/python3.12/site-packages/airflow/example_dags/example_nested_branch_dag.py for tasks to queue
[2024-06-18T16:37:24.519+0000] {logging_mixin.py:188} INFO - [2024-06-18T16:37:24.518+0000] {dagbag.py:545} INFO - Filling up the DagBag from /home/airflow/.local/lib/python3.12/site-packages/airflow/example_dags/example_nested_branch_dag.py
[2024-06-18T16:37:24.533+0000] {processor.py:840} INFO - DAG(s) 'example_nested_branch_dag' retrieved from /home/airflow/.local/lib/python3.12/site-packages/airflow/example_dags/example_nested_branch_dag.py
[2024-06-18T16:37:24.561+0000] {logging_mixin.py:188} INFO - [2024-06-18T16:37:24.561+0000] {dag.py:3096} INFO - Sync 1 DAGs
[2024-06-18T16:37:24.589+0000] {logging_mixin.py:188} INFO - [2024-06-18T16:37:24.589+0000] {dag.py:3954} INFO - Setting next_dagrun for example_nested_branch_dag to 2024-06-17 00:00:00+00:00, run_after=2024-06-18 00:00:00+00:00
[2024-06-18T16:37:24.612+0000] {processor.py:183} INFO - Processing /home/airflow/.local/lib/python3.12/site-packages/airflow/example_dags/example_nested_branch_dag.py took 0.105 seconds
[2024-06-18T16:38:51.630+0000] {processor.py:161} INFO - Started process (PID=50) to work on /home/airflow/.local/lib/python3.12/site-packages/airflow/example_dags/example_nested_branch_dag.py
[2024-06-18T16:38:51.632+0000] {processor.py:830} INFO - Processing file /home/airflow/.local/lib/python3.12/site-packages/airflow/example_dags/example_nested_branch_dag.py for tasks to queue
[2024-06-18T16:38:51.634+0000] {logging_mixin.py:188} INFO - [2024-06-18T16:38:51.634+0000] {dagbag.py:545} INFO - Filling up the DagBag from /home/airflow/.local/lib/python3.12/site-packages/airflow/example_dags/example_nested_branch_dag.py
[2024-06-18T16:38:51.649+0000] {processor.py:840} INFO - DAG(s) 'example_nested_branch_dag' retrieved from /home/airflow/.local/lib/python3.12/site-packages/airflow/example_dags/example_nested_branch_dag.py
[2024-06-18T16:38:51.664+0000] {logging_mixin.py:188} INFO - [2024-06-18T16:38:51.664+0000] {dag.py:3096} INFO - Sync 1 DAGs
[2024-06-18T16:38:51.694+0000] {logging_mixin.py:188} INFO - [2024-06-18T16:38:51.694+0000] {dag.py:3954} INFO - Setting next_dagrun for example_nested_branch_dag to 2024-06-17 00:00:00+00:00, run_after=2024-06-18 00:00:00+00:00
[2024-06-18T16:38:51.719+0000] {processor.py:183} INFO - Processing /home/airflow/.local/lib/python3.12/site-packages/airflow/example_dags/example_nested_branch_dag.py took 0.097 seconds
[2024-06-18T16:39:23.242+0000] {processor.py:161} INFO - Started process (PID=107) to work on /home/airflow/.local/lib/python3.12/site-packages/airflow/example_dags/example_nested_branch_dag.py
[2024-06-18T16:39:23.243+0000] {processor.py:830} INFO - Processing file /home/airflow/.local/lib/python3.12/site-packages/airflow/example_dags/example_nested_branch_dag.py for tasks to queue
[2024-06-18T16:39:23.246+0000] {logging_mixin.py:188} INFO - [2024-06-18T16:39:23.245+0000] {dagbag.py:545} INFO - Filling up the DagBag from /home/airflow/.local/lib/python3.12/site-packages/airflow/example_dags/example_nested_branch_dag.py
[2024-06-18T16:39:23.258+0000] {processor.py:840} INFO - DAG(s) 'example_nested_branch_dag' retrieved from /home/airflow/.local/lib/python3.12/site-packages/airflow/example_dags/example_nested_branch_dag.py
[2024-06-18T16:39:23.410+0000] {logging_mixin.py:188} INFO - [2024-06-18T16:39:23.410+0000] {dag.py:3096} INFO - Sync 1 DAGs
[2024-06-18T16:39:23.434+0000] {logging_mixin.py:188} INFO - [2024-06-18T16:39:23.434+0000] {dag.py:3954} INFO - Setting next_dagrun for example_nested_branch_dag to 2024-06-17 00:00:00+00:00, run_after=2024-06-18 00:00:00+00:00
[2024-06-18T16:39:23.457+0000] {processor.py:183} INFO - Processing /home/airflow/.local/lib/python3.12/site-packages/airflow/example_dags/example_nested_branch_dag.py took 0.223 seconds
[2024-06-18T16:39:53.851+0000] {processor.py:161} INFO - Started process (PID=165) to work on /home/airflow/.local/lib/python3.12/site-packages/airflow/example_dags/example_nested_branch_dag.py
[2024-06-18T16:39:53.852+0000] {processor.py:830} INFO - Processing file /home/airflow/.local/lib/python3.12/site-packages/airflow/example_dags/example_nested_branch_dag.py for tasks to queue
[2024-06-18T16:39:53.855+0000] {logging_mixin.py:188} INFO - [2024-06-18T16:39:53.854+0000] {dagbag.py:545} INFO - Filling up the DagBag from /home/airflow/.local/lib/python3.12/site-packages/airflow/example_dags/example_nested_branch_dag.py
[2024-06-18T16:39:53.869+0000] {processor.py:840} INFO - DAG(s) 'example_nested_branch_dag' retrieved from /home/airflow/.local/lib/python3.12/site-packages/airflow/example_dags/example_nested_branch_dag.py
[2024-06-18T16:39:53.898+0000] {logging_mixin.py:188} INFO - [2024-06-18T16:39:53.897+0000] {dag.py:3096} INFO - Sync 1 DAGs
[2024-06-18T16:39:53.929+0000] {logging_mixin.py:188} INFO - [2024-06-18T16:39:53.929+0000] {dag.py:3954} INFO - Setting next_dagrun for example_nested_branch_dag to 2024-06-17 00:00:00+00:00, run_after=2024-06-18 00:00:00+00:00
[2024-06-18T16:39:53.953+0000] {processor.py:183} INFO - Processing /home/airflow/.local/lib/python3.12/site-packages/airflow/example_dags/example_nested_branch_dag.py took 0.110 seconds
[2024-06-18T16:40:24.169+0000] {processor.py:161} INFO - Started process (PID=223) to work on /home/airflow/.local/lib/python3.12/site-packages/airflow/example_dags/example_nested_branch_dag.py
[2024-06-18T16:40:24.171+0000] {processor.py:830} INFO - Processing file /home/airflow/.local/lib/python3.12/site-packages/airflow/example_dags/example_nested_branch_dag.py for tasks to queue
[2024-06-18T16:40:24.174+0000] {logging_mixin.py:188} INFO - [2024-06-18T16:40:24.173+0000] {dagbag.py:545} INFO - Filling up the DagBag from /home/airflow/.local/lib/python3.12/site-packages/airflow/example_dags/example_nested_branch_dag.py
[2024-06-18T16:40:24.195+0000] {processor.py:840} INFO - DAG(s) 'example_nested_branch_dag' retrieved from /home/airflow/.local/lib/python3.12/site-packages/airflow/example_dags/example_nested_branch_dag.py
[2024-06-18T16:40:24.225+0000] {logging_mixin.py:188} INFO - [2024-06-18T16:40:24.225+0000] {dag.py:3096} INFO - Sync 1 DAGs
[2024-06-18T16:40:24.254+0000] {logging_mixin.py:188} INFO - [2024-06-18T16:40:24.253+0000] {dag.py:3954} INFO - Setting next_dagrun for example_nested_branch_dag to 2024-06-17 00:00:00+00:00, run_after=2024-06-18 00:00:00+00:00
[2024-06-18T16:40:24.276+0000] {processor.py:183} INFO - Processing /home/airflow/.local/lib/python3.12/site-packages/airflow/example_dags/example_nested_branch_dag.py took 0.120 seconds
[2024-06-18T16:40:54.555+0000] {processor.py:161} INFO - Started process (PID=281) to work on /home/airflow/.local/lib/python3.12/site-packages/airflow/example_dags/example_nested_branch_dag.py
[2024-06-18T16:40:54.557+0000] {processor.py:830} INFO - Processing file /home/airflow/.local/lib/python3.12/site-packages/airflow/example_dags/example_nested_branch_dag.py for tasks to queue
[2024-06-18T16:40:54.559+0000] {logging_mixin.py:188} INFO - [2024-06-18T16:40:54.559+0000] {dagbag.py:545} INFO - Filling up the DagBag from /home/airflow/.local/lib/python3.12/site-packages/airflow/example_dags/example_nested_branch_dag.py
[2024-06-18T16:40:54.574+0000] {processor.py:840} INFO - DAG(s) 'example_nested_branch_dag' retrieved from /home/airflow/.local/lib/python3.12/site-packages/airflow/example_dags/example_nested_branch_dag.py
[2024-06-18T16:40:54.605+0000] {logging_mixin.py:188} INFO - [2024-06-18T16:40:54.605+0000] {dag.py:3096} INFO - Sync 1 DAGs
[2024-06-18T16:40:54.637+0000] {logging_mixin.py:188} INFO - [2024-06-18T16:40:54.637+0000] {dag.py:3954} INFO - Setting next_dagrun for example_nested_branch_dag to 2024-06-17 00:00:00+00:00, run_after=2024-06-18 00:00:00+00:00
[2024-06-18T16:40:54.664+0000] {processor.py:183} INFO - Processing /home/airflow/.local/lib/python3.12/site-packages/airflow/example_dags/example_nested_branch_dag.py took 0.118 seconds
[2024-06-18T16:41:25.533+0000] {processor.py:161} INFO - Started process (PID=339) to work on /home/airflow/.local/lib/python3.12/site-packages/airflow/example_dags/example_nested_branch_dag.py
[2024-06-18T16:41:25.535+0000] {processor.py:830} INFO - Processing file /home/airflow/.local/lib/python3.12/site-packages/airflow/example_dags/example_nested_branch_dag.py for tasks to queue
[2024-06-18T16:41:25.537+0000] {logging_mixin.py:188} INFO - [2024-06-18T16:41:25.537+0000] {dagbag.py:545} INFO - Filling up the DagBag from /home/airflow/.local/lib/python3.12/site-packages/airflow/example_dags/example_nested_branch_dag.py
[2024-06-18T16:41:25.550+0000] {processor.py:840} INFO - DAG(s) 'example_nested_branch_dag' retrieved from /home/airflow/.local/lib/python3.12/site-packages/airflow/example_dags/example_nested_branch_dag.py
[2024-06-18T16:41:25.578+0000] {logging_mixin.py:188} INFO - [2024-06-18T16:41:25.578+0000] {dag.py:3096} INFO - Sync 1 DAGs
[2024-06-18T16:41:25.606+0000] {logging_mixin.py:188} INFO - [2024-06-18T16:41:25.606+0000] {dag.py:3954} INFO - Setting next_dagrun for example_nested_branch_dag to 2024-06-17 00:00:00+00:00, run_after=2024-06-18 00:00:00+00:00
[2024-06-18T16:41:25.626+0000] {processor.py:183} INFO - Processing /home/airflow/.local/lib/python3.12/site-packages/airflow/example_dags/example_nested_branch_dag.py took 0.103 seconds
[2024-06-18T16:41:56.046+0000] {processor.py:161} INFO - Started process (PID=397) to work on /home/airflow/.local/lib/python3.12/site-packages/airflow/example_dags/example_nested_branch_dag.py
[2024-06-18T16:41:56.048+0000] {processor.py:830} INFO - Processing file /home/airflow/.local/lib/python3.12/site-packages/airflow/example_dags/example_nested_branch_dag.py for tasks to queue
[2024-06-18T16:41:56.050+0000] {logging_mixin.py:188} INFO - [2024-06-18T16:41:56.050+0000] {dagbag.py:545} INFO - Filling up the DagBag from /home/airflow/.local/lib/python3.12/site-packages/airflow/example_dags/example_nested_branch_dag.py
[2024-06-18T16:41:56.063+0000] {processor.py:840} INFO - DAG(s) 'example_nested_branch_dag' retrieved from /home/airflow/.local/lib/python3.12/site-packages/airflow/example_dags/example_nested_branch_dag.py
[2024-06-18T16:41:56.092+0000] {logging_mixin.py:188} INFO - [2024-06-18T16:41:56.092+0000] {dag.py:3096} INFO - Sync 1 DAGs
[2024-06-18T16:41:56.120+0000] {logging_mixin.py:188} INFO - [2024-06-18T16:41:56.120+0000] {dag.py:3954} INFO - Setting next_dagrun for example_nested_branch_dag to 2024-06-17 00:00:00+00:00, run_after=2024-06-18 00:00:00+00:00
[2024-06-18T16:41:56.143+0000] {processor.py:183} INFO - Processing /home/airflow/.local/lib/python3.12/site-packages/airflow/example_dags/example_nested_branch_dag.py took 0.105 seconds
[2024-06-18T16:42:26.299+0000] {processor.py:161} INFO - Started process (PID=455) to work on /home/airflow/.local/lib/python3.12/site-packages/airflow/example_dags/example_nested_branch_dag.py
[2024-06-18T16:42:26.300+0000] {processor.py:830} INFO - Processing file /home/airflow/.local/lib/python3.12/site-packages/airflow/example_dags/example_nested_branch_dag.py for tasks to queue
[2024-06-18T16:42:26.303+0000] {logging_mixin.py:188} INFO - [2024-06-18T16:42:26.303+0000] {dagbag.py:545} INFO - Filling up the DagBag from /home/airflow/.local/lib/python3.12/site-packages/airflow/example_dags/example_nested_branch_dag.py
[2024-06-18T16:42:26.316+0000] {processor.py:840} INFO - DAG(s) 'example_nested_branch_dag' retrieved from /home/airflow/.local/lib/python3.12/site-packages/airflow/example_dags/example_nested_branch_dag.py
[2024-06-18T16:42:26.345+0000] {logging_mixin.py:188} INFO - [2024-06-18T16:42:26.344+0000] {dag.py:3096} INFO - Sync 1 DAGs
[2024-06-18T16:42:26.373+0000] {logging_mixin.py:188} INFO - [2024-06-18T16:42:26.373+0000] {dag.py:3954} INFO - Setting next_dagrun for example_nested_branch_dag to 2024-06-17 00:00:00+00:00, run_after=2024-06-18 00:00:00+00:00
[2024-06-18T16:42:26.396+0000] {processor.py:183} INFO - Processing /home/airflow/.local/lib/python3.12/site-packages/airflow/example_dags/example_nested_branch_dag.py took 0.106 seconds
