[2024-06-18T16:27:45.360+0000] {processor.py:161} INFO - Started process (PID=41) to work on /home/airflow/.local/lib/python3.12/site-packages/airflow/example_dags/example_display_name.py
[2024-06-18T16:27:45.362+0000] {processor.py:830} INFO - Processing file /home/airflow/.local/lib/python3.12/site-packages/airflow/example_dags/example_display_name.py for tasks to queue
[2024-06-18T16:27:45.366+0000] {logging_mixin.py:188} INFO - [2024-06-18T16:27:45.364+0000] {dagbag.py:545} INFO - Filling up the DagBag from /home/airflow/.local/lib/python3.12/site-packages/airflow/example_dags/example_display_name.py
[2024-06-18T16:27:45.380+0000] {processor.py:840} INFO - DAG(s) 'example_display_name' retrieved from /home/airflow/.local/lib/python3.12/site-packages/airflow/example_dags/example_display_name.py
[2024-06-18T16:27:45.679+0000] {logging_mixin.py:188} INFO - [2024-06-18T16:27:45.679+0000] {dag.py:3096} INFO - Sync 1 DAGs
[2024-06-18T16:27:45.694+0000] {logging_mixin.py:188} INFO - [2024-06-18T16:27:45.694+0000] {dag.py:3954} INFO - Setting next_dagrun for example_display_name to None, run_after=None
[2024-06-18T16:27:45.720+0000] {processor.py:183} INFO - Processing /home/airflow/.local/lib/python3.12/site-packages/airflow/example_dags/example_display_name.py took 0.369 seconds
[2024-06-18T16:28:16.869+0000] {processor.py:161} INFO - Started process (PID=99) to work on /home/airflow/.local/lib/python3.12/site-packages/airflow/example_dags/example_display_name.py
[2024-06-18T16:28:16.870+0000] {processor.py:830} INFO - Processing file /home/airflow/.local/lib/python3.12/site-packages/airflow/example_dags/example_display_name.py for tasks to queue
[2024-06-18T16:28:16.873+0000] {logging_mixin.py:188} INFO - [2024-06-18T16:28:16.872+0000] {dagbag.py:545} INFO - Filling up the DagBag from /home/airflow/.local/lib/python3.12/site-packages/airflow/example_dags/example_display_name.py
[2024-06-18T16:28:16.881+0000] {processor.py:840} INFO - DAG(s) 'example_display_name' retrieved from /home/airflow/.local/lib/python3.12/site-packages/airflow/example_dags/example_display_name.py
[2024-06-18T16:28:16.907+0000] {logging_mixin.py:188} INFO - [2024-06-18T16:28:16.907+0000] {dag.py:3096} INFO - Sync 1 DAGs
[2024-06-18T16:28:16.926+0000] {logging_mixin.py:188} INFO - [2024-06-18T16:28:16.926+0000] {dag.py:3954} INFO - Setting next_dagrun for example_display_name to None, run_after=None
[2024-06-18T16:28:16.952+0000] {processor.py:183} INFO - Processing /home/airflow/.local/lib/python3.12/site-packages/airflow/example_dags/example_display_name.py took 0.093 seconds
[2024-06-18T16:28:47.029+0000] {processor.py:161} INFO - Started process (PID=157) to work on /home/airflow/.local/lib/python3.12/site-packages/airflow/example_dags/example_display_name.py
[2024-06-18T16:28:47.030+0000] {processor.py:830} INFO - Processing file /home/airflow/.local/lib/python3.12/site-packages/airflow/example_dags/example_display_name.py for tasks to queue
[2024-06-18T16:28:47.033+0000] {logging_mixin.py:188} INFO - [2024-06-18T16:28:47.032+0000] {dagbag.py:545} INFO - Filling up the DagBag from /home/airflow/.local/lib/python3.12/site-packages/airflow/example_dags/example_display_name.py
[2024-06-18T16:28:47.041+0000] {processor.py:840} INFO - DAG(s) 'example_display_name' retrieved from /home/airflow/.local/lib/python3.12/site-packages/airflow/example_dags/example_display_name.py
[2024-06-18T16:28:47.068+0000] {logging_mixin.py:188} INFO - [2024-06-18T16:28:47.068+0000] {dag.py:3096} INFO - Sync 1 DAGs
[2024-06-18T16:28:47.085+0000] {logging_mixin.py:188} INFO - [2024-06-18T16:28:47.085+0000] {dag.py:3954} INFO - Setting next_dagrun for example_display_name to None, run_after=None
[2024-06-18T16:28:47.114+0000] {processor.py:183} INFO - Processing /home/airflow/.local/lib/python3.12/site-packages/airflow/example_dags/example_display_name.py took 0.093 seconds
[2024-06-18T16:29:17.252+0000] {processor.py:161} INFO - Started process (PID=215) to work on /home/airflow/.local/lib/python3.12/site-packages/airflow/example_dags/example_display_name.py
[2024-06-18T16:29:17.253+0000] {processor.py:830} INFO - Processing file /home/airflow/.local/lib/python3.12/site-packages/airflow/example_dags/example_display_name.py for tasks to queue
[2024-06-18T16:29:17.255+0000] {logging_mixin.py:188} INFO - [2024-06-18T16:29:17.255+0000] {dagbag.py:545} INFO - Filling up the DagBag from /home/airflow/.local/lib/python3.12/site-packages/airflow/example_dags/example_display_name.py
[2024-06-18T16:29:17.263+0000] {processor.py:840} INFO - DAG(s) 'example_display_name' retrieved from /home/airflow/.local/lib/python3.12/site-packages/airflow/example_dags/example_display_name.py
[2024-06-18T16:29:17.288+0000] {logging_mixin.py:188} INFO - [2024-06-18T16:29:17.288+0000] {dag.py:3096} INFO - Sync 1 DAGs
[2024-06-18T16:29:17.307+0000] {logging_mixin.py:188} INFO - [2024-06-18T16:29:17.307+0000] {dag.py:3954} INFO - Setting next_dagrun for example_display_name to None, run_after=None
[2024-06-18T16:29:17.335+0000] {processor.py:183} INFO - Processing /home/airflow/.local/lib/python3.12/site-packages/airflow/example_dags/example_display_name.py took 0.092 seconds
[2024-06-18T16:29:47.542+0000] {processor.py:161} INFO - Started process (PID=273) to work on /home/airflow/.local/lib/python3.12/site-packages/airflow/example_dags/example_display_name.py
[2024-06-18T16:29:47.544+0000] {processor.py:830} INFO - Processing file /home/airflow/.local/lib/python3.12/site-packages/airflow/example_dags/example_display_name.py for tasks to queue
[2024-06-18T16:29:47.547+0000] {logging_mixin.py:188} INFO - [2024-06-18T16:29:47.546+0000] {dagbag.py:545} INFO - Filling up the DagBag from /home/airflow/.local/lib/python3.12/site-packages/airflow/example_dags/example_display_name.py
[2024-06-18T16:29:47.555+0000] {processor.py:840} INFO - DAG(s) 'example_display_name' retrieved from /home/airflow/.local/lib/python3.12/site-packages/airflow/example_dags/example_display_name.py
[2024-06-18T16:29:47.583+0000] {logging_mixin.py:188} INFO - [2024-06-18T16:29:47.583+0000] {dag.py:3096} INFO - Sync 1 DAGs
[2024-06-18T16:29:47.600+0000] {logging_mixin.py:188} INFO - [2024-06-18T16:29:47.600+0000] {dag.py:3954} INFO - Setting next_dagrun for example_display_name to None, run_after=None
[2024-06-18T16:29:47.632+0000] {processor.py:183} INFO - Processing /home/airflow/.local/lib/python3.12/site-packages/airflow/example_dags/example_display_name.py took 0.100 seconds
[2024-06-18T16:30:18.232+0000] {processor.py:161} INFO - Started process (PID=331) to work on /home/airflow/.local/lib/python3.12/site-packages/airflow/example_dags/example_display_name.py
[2024-06-18T16:30:18.233+0000] {processor.py:830} INFO - Processing file /home/airflow/.local/lib/python3.12/site-packages/airflow/example_dags/example_display_name.py for tasks to queue
[2024-06-18T16:30:18.236+0000] {logging_mixin.py:188} INFO - [2024-06-18T16:30:18.235+0000] {dagbag.py:545} INFO - Filling up the DagBag from /home/airflow/.local/lib/python3.12/site-packages/airflow/example_dags/example_display_name.py
[2024-06-18T16:30:18.244+0000] {processor.py:840} INFO - DAG(s) 'example_display_name' retrieved from /home/airflow/.local/lib/python3.12/site-packages/airflow/example_dags/example_display_name.py
[2024-06-18T16:30:18.270+0000] {logging_mixin.py:188} INFO - [2024-06-18T16:30:18.270+0000] {dag.py:3096} INFO - Sync 1 DAGs
[2024-06-18T16:30:18.288+0000] {logging_mixin.py:188} INFO - [2024-06-18T16:30:18.288+0000] {dag.py:3954} INFO - Setting next_dagrun for example_display_name to None, run_after=None
[2024-06-18T16:30:18.314+0000] {processor.py:183} INFO - Processing /home/airflow/.local/lib/python3.12/site-packages/airflow/example_dags/example_display_name.py took 0.091 seconds
[2024-06-18T16:30:48.428+0000] {processor.py:161} INFO - Started process (PID=389) to work on /home/airflow/.local/lib/python3.12/site-packages/airflow/example_dags/example_display_name.py
[2024-06-18T16:30:48.429+0000] {processor.py:830} INFO - Processing file /home/airflow/.local/lib/python3.12/site-packages/airflow/example_dags/example_display_name.py for tasks to queue
[2024-06-18T16:30:48.432+0000] {logging_mixin.py:188} INFO - [2024-06-18T16:30:48.431+0000] {dagbag.py:545} INFO - Filling up the DagBag from /home/airflow/.local/lib/python3.12/site-packages/airflow/example_dags/example_display_name.py
[2024-06-18T16:30:48.439+0000] {processor.py:840} INFO - DAG(s) 'example_display_name' retrieved from /home/airflow/.local/lib/python3.12/site-packages/airflow/example_dags/example_display_name.py
[2024-06-18T16:30:48.467+0000] {logging_mixin.py:188} INFO - [2024-06-18T16:30:48.466+0000] {dag.py:3096} INFO - Sync 1 DAGs
[2024-06-18T16:30:48.482+0000] {logging_mixin.py:188} INFO - [2024-06-18T16:30:48.482+0000] {dag.py:3954} INFO - Setting next_dagrun for example_display_name to None, run_after=None
[2024-06-18T16:30:48.503+0000] {processor.py:183} INFO - Processing /home/airflow/.local/lib/python3.12/site-packages/airflow/example_dags/example_display_name.py took 0.083 seconds
[2024-06-18T16:31:18.809+0000] {processor.py:161} INFO - Started process (PID=447) to work on /home/airflow/.local/lib/python3.12/site-packages/airflow/example_dags/example_display_name.py
[2024-06-18T16:31:18.811+0000] {processor.py:830} INFO - Processing file /home/airflow/.local/lib/python3.12/site-packages/airflow/example_dags/example_display_name.py for tasks to queue
[2024-06-18T16:31:18.813+0000] {logging_mixin.py:188} INFO - [2024-06-18T16:31:18.813+0000] {dagbag.py:545} INFO - Filling up the DagBag from /home/airflow/.local/lib/python3.12/site-packages/airflow/example_dags/example_display_name.py
[2024-06-18T16:31:18.821+0000] {processor.py:840} INFO - DAG(s) 'example_display_name' retrieved from /home/airflow/.local/lib/python3.12/site-packages/airflow/example_dags/example_display_name.py
[2024-06-18T16:31:18.844+0000] {logging_mixin.py:188} INFO - [2024-06-18T16:31:18.844+0000] {dag.py:3096} INFO - Sync 1 DAGs
[2024-06-18T16:31:18.864+0000] {logging_mixin.py:188} INFO - [2024-06-18T16:31:18.863+0000] {dag.py:3954} INFO - Setting next_dagrun for example_display_name to None, run_after=None
[2024-06-18T16:31:18.890+0000] {processor.py:183} INFO - Processing /home/airflow/.local/lib/python3.12/site-packages/airflow/example_dags/example_display_name.py took 0.089 seconds
[2024-06-18T16:31:49.002+0000] {processor.py:161} INFO - Started process (PID=505) to work on /home/airflow/.local/lib/python3.12/site-packages/airflow/example_dags/example_display_name.py
[2024-06-18T16:31:49.004+0000] {processor.py:830} INFO - Processing file /home/airflow/.local/lib/python3.12/site-packages/airflow/example_dags/example_display_name.py for tasks to queue
[2024-06-18T16:31:49.006+0000] {logging_mixin.py:188} INFO - [2024-06-18T16:31:49.006+0000] {dagbag.py:545} INFO - Filling up the DagBag from /home/airflow/.local/lib/python3.12/site-packages/airflow/example_dags/example_display_name.py
[2024-06-18T16:31:49.017+0000] {processor.py:840} INFO - DAG(s) 'example_display_name' retrieved from /home/airflow/.local/lib/python3.12/site-packages/airflow/example_dags/example_display_name.py
[2024-06-18T16:31:49.044+0000] {logging_mixin.py:188} INFO - [2024-06-18T16:31:49.044+0000] {dag.py:3096} INFO - Sync 1 DAGs
[2024-06-18T16:31:49.060+0000] {logging_mixin.py:188} INFO - [2024-06-18T16:31:49.059+0000] {dag.py:3954} INFO - Setting next_dagrun for example_display_name to None, run_after=None
[2024-06-18T16:31:49.084+0000] {processor.py:183} INFO - Processing /home/airflow/.local/lib/python3.12/site-packages/airflow/example_dags/example_display_name.py took 0.091 seconds
[2024-06-18T16:32:19.328+0000] {processor.py:161} INFO - Started process (PID=562) to work on /home/airflow/.local/lib/python3.12/site-packages/airflow/example_dags/example_display_name.py
[2024-06-18T16:32:19.330+0000] {processor.py:830} INFO - Processing file /home/airflow/.local/lib/python3.12/site-packages/airflow/example_dags/example_display_name.py for tasks to queue
[2024-06-18T16:32:19.332+0000] {logging_mixin.py:188} INFO - [2024-06-18T16:32:19.332+0000] {dagbag.py:545} INFO - Filling up the DagBag from /home/airflow/.local/lib/python3.12/site-packages/airflow/example_dags/example_display_name.py
[2024-06-18T16:32:19.340+0000] {processor.py:840} INFO - DAG(s) 'example_display_name' retrieved from /home/airflow/.local/lib/python3.12/site-packages/airflow/example_dags/example_display_name.py
[2024-06-18T16:32:19.366+0000] {logging_mixin.py:188} INFO - [2024-06-18T16:32:19.365+0000] {dag.py:3096} INFO - Sync 1 DAGs
[2024-06-18T16:32:19.383+0000] {logging_mixin.py:188} INFO - [2024-06-18T16:32:19.382+0000] {dag.py:3954} INFO - Setting next_dagrun for example_display_name to None, run_after=None
[2024-06-18T16:32:19.405+0000] {processor.py:183} INFO - Processing /home/airflow/.local/lib/python3.12/site-packages/airflow/example_dags/example_display_name.py took 0.087 seconds
[2024-06-18T16:32:49.934+0000] {processor.py:161} INFO - Started process (PID=620) to work on /home/airflow/.local/lib/python3.12/site-packages/airflow/example_dags/example_display_name.py
[2024-06-18T16:32:49.936+0000] {processor.py:830} INFO - Processing file /home/airflow/.local/lib/python3.12/site-packages/airflow/example_dags/example_display_name.py for tasks to queue
[2024-06-18T16:32:49.938+0000] {logging_mixin.py:188} INFO - [2024-06-18T16:32:49.938+0000] {dagbag.py:545} INFO - Filling up the DagBag from /home/airflow/.local/lib/python3.12/site-packages/airflow/example_dags/example_display_name.py
[2024-06-18T16:32:49.946+0000] {processor.py:840} INFO - DAG(s) 'example_display_name' retrieved from /home/airflow/.local/lib/python3.12/site-packages/airflow/example_dags/example_display_name.py
[2024-06-18T16:32:49.972+0000] {logging_mixin.py:188} INFO - [2024-06-18T16:32:49.972+0000] {dag.py:3096} INFO - Sync 1 DAGs
[2024-06-18T16:32:49.987+0000] {logging_mixin.py:188} INFO - [2024-06-18T16:32:49.986+0000] {dag.py:3954} INFO - Setting next_dagrun for example_display_name to None, run_after=None
[2024-06-18T16:32:50.007+0000] {processor.py:183} INFO - Processing /home/airflow/.local/lib/python3.12/site-packages/airflow/example_dags/example_display_name.py took 0.080 seconds
[2024-06-18T16:33:20.217+0000] {processor.py:161} INFO - Started process (PID=678) to work on /home/airflow/.local/lib/python3.12/site-packages/airflow/example_dags/example_display_name.py
[2024-06-18T16:33:20.219+0000] {processor.py:830} INFO - Processing file /home/airflow/.local/lib/python3.12/site-packages/airflow/example_dags/example_display_name.py for tasks to queue
[2024-06-18T16:33:20.221+0000] {logging_mixin.py:188} INFO - [2024-06-18T16:33:20.221+0000] {dagbag.py:545} INFO - Filling up the DagBag from /home/airflow/.local/lib/python3.12/site-packages/airflow/example_dags/example_display_name.py
[2024-06-18T16:33:20.230+0000] {processor.py:840} INFO - DAG(s) 'example_display_name' retrieved from /home/airflow/.local/lib/python3.12/site-packages/airflow/example_dags/example_display_name.py
[2024-06-18T16:33:20.260+0000] {logging_mixin.py:188} INFO - [2024-06-18T16:33:20.260+0000] {dag.py:3096} INFO - Sync 1 DAGs
[2024-06-18T16:33:20.280+0000] {logging_mixin.py:188} INFO - [2024-06-18T16:33:20.279+0000] {dag.py:3954} INFO - Setting next_dagrun for example_display_name to None, run_after=None
[2024-06-18T16:33:20.302+0000] {processor.py:183} INFO - Processing /home/airflow/.local/lib/python3.12/site-packages/airflow/example_dags/example_display_name.py took 0.094 seconds
[2024-06-18T16:33:50.514+0000] {processor.py:161} INFO - Started process (PID=736) to work on /home/airflow/.local/lib/python3.12/site-packages/airflow/example_dags/example_display_name.py
[2024-06-18T16:33:50.516+0000] {processor.py:830} INFO - Processing file /home/airflow/.local/lib/python3.12/site-packages/airflow/example_dags/example_display_name.py for tasks to queue
[2024-06-18T16:33:50.518+0000] {logging_mixin.py:188} INFO - [2024-06-18T16:33:50.518+0000] {dagbag.py:545} INFO - Filling up the DagBag from /home/airflow/.local/lib/python3.12/site-packages/airflow/example_dags/example_display_name.py
[2024-06-18T16:33:50.526+0000] {processor.py:840} INFO - DAG(s) 'example_display_name' retrieved from /home/airflow/.local/lib/python3.12/site-packages/airflow/example_dags/example_display_name.py
[2024-06-18T16:33:50.551+0000] {logging_mixin.py:188} INFO - [2024-06-18T16:33:50.551+0000] {dag.py:3096} INFO - Sync 1 DAGs
[2024-06-18T16:33:50.569+0000] {logging_mixin.py:188} INFO - [2024-06-18T16:33:50.568+0000] {dag.py:3954} INFO - Setting next_dagrun for example_display_name to None, run_after=None
[2024-06-18T16:33:50.597+0000] {processor.py:183} INFO - Processing /home/airflow/.local/lib/python3.12/site-packages/airflow/example_dags/example_display_name.py took 0.092 seconds
[2024-06-18T16:34:20.824+0000] {processor.py:161} INFO - Started process (PID=794) to work on /home/airflow/.local/lib/python3.12/site-packages/airflow/example_dags/example_display_name.py
[2024-06-18T16:34:20.825+0000] {processor.py:830} INFO - Processing file /home/airflow/.local/lib/python3.12/site-packages/airflow/example_dags/example_display_name.py for tasks to queue
[2024-06-18T16:34:20.828+0000] {logging_mixin.py:188} INFO - [2024-06-18T16:34:20.827+0000] {dagbag.py:545} INFO - Filling up the DagBag from /home/airflow/.local/lib/python3.12/site-packages/airflow/example_dags/example_display_name.py
[2024-06-18T16:34:20.835+0000] {processor.py:840} INFO - DAG(s) 'example_display_name' retrieved from /home/airflow/.local/lib/python3.12/site-packages/airflow/example_dags/example_display_name.py
[2024-06-18T16:34:20.863+0000] {logging_mixin.py:188} INFO - [2024-06-18T16:34:20.863+0000] {dag.py:3096} INFO - Sync 1 DAGs
[2024-06-18T16:34:20.881+0000] {logging_mixin.py:188} INFO - [2024-06-18T16:34:20.880+0000] {dag.py:3954} INFO - Setting next_dagrun for example_display_name to None, run_after=None
[2024-06-18T16:34:20.903+0000] {processor.py:183} INFO - Processing /home/airflow/.local/lib/python3.12/site-packages/airflow/example_dags/example_display_name.py took 0.089 seconds
[2024-06-18T16:34:51.390+0000] {processor.py:161} INFO - Started process (PID=852) to work on /home/airflow/.local/lib/python3.12/site-packages/airflow/example_dags/example_display_name.py
[2024-06-18T16:34:51.391+0000] {processor.py:830} INFO - Processing file /home/airflow/.local/lib/python3.12/site-packages/airflow/example_dags/example_display_name.py for tasks to queue
[2024-06-18T16:34:51.394+0000] {logging_mixin.py:188} INFO - [2024-06-18T16:34:51.393+0000] {dagbag.py:545} INFO - Filling up the DagBag from /home/airflow/.local/lib/python3.12/site-packages/airflow/example_dags/example_display_name.py
[2024-06-18T16:34:51.402+0000] {processor.py:840} INFO - DAG(s) 'example_display_name' retrieved from /home/airflow/.local/lib/python3.12/site-packages/airflow/example_dags/example_display_name.py
[2024-06-18T16:34:51.427+0000] {logging_mixin.py:188} INFO - [2024-06-18T16:34:51.426+0000] {dag.py:3096} INFO - Sync 1 DAGs
[2024-06-18T16:34:51.447+0000] {logging_mixin.py:188} INFO - [2024-06-18T16:34:51.447+0000] {dag.py:3954} INFO - Setting next_dagrun for example_display_name to None, run_after=None
[2024-06-18T16:34:51.472+0000] {processor.py:183} INFO - Processing /home/airflow/.local/lib/python3.12/site-packages/airflow/example_dags/example_display_name.py took 0.091 seconds
[2024-06-18T16:35:21.690+0000] {processor.py:161} INFO - Started process (PID=910) to work on /home/airflow/.local/lib/python3.12/site-packages/airflow/example_dags/example_display_name.py
[2024-06-18T16:35:21.691+0000] {processor.py:830} INFO - Processing file /home/airflow/.local/lib/python3.12/site-packages/airflow/example_dags/example_display_name.py for tasks to queue
[2024-06-18T16:35:21.693+0000] {logging_mixin.py:188} INFO - [2024-06-18T16:35:21.693+0000] {dagbag.py:545} INFO - Filling up the DagBag from /home/airflow/.local/lib/python3.12/site-packages/airflow/example_dags/example_display_name.py
[2024-06-18T16:35:21.702+0000] {processor.py:840} INFO - DAG(s) 'example_display_name' retrieved from /home/airflow/.local/lib/python3.12/site-packages/airflow/example_dags/example_display_name.py
[2024-06-18T16:35:21.728+0000] {logging_mixin.py:188} INFO - [2024-06-18T16:35:21.727+0000] {dag.py:3096} INFO - Sync 1 DAGs
[2024-06-18T16:35:21.746+0000] {logging_mixin.py:188} INFO - [2024-06-18T16:35:21.746+0000] {dag.py:3954} INFO - Setting next_dagrun for example_display_name to None, run_after=None
[2024-06-18T16:35:21.773+0000] {processor.py:183} INFO - Processing /home/airflow/.local/lib/python3.12/site-packages/airflow/example_dags/example_display_name.py took 0.092 seconds
[2024-06-18T16:35:52.128+0000] {processor.py:161} INFO - Started process (PID=968) to work on /home/airflow/.local/lib/python3.12/site-packages/airflow/example_dags/example_display_name.py
[2024-06-18T16:35:52.129+0000] {processor.py:830} INFO - Processing file /home/airflow/.local/lib/python3.12/site-packages/airflow/example_dags/example_display_name.py for tasks to queue
[2024-06-18T16:35:52.131+0000] {logging_mixin.py:188} INFO - [2024-06-18T16:35:52.131+0000] {dagbag.py:545} INFO - Filling up the DagBag from /home/airflow/.local/lib/python3.12/site-packages/airflow/example_dags/example_display_name.py
[2024-06-18T16:35:52.139+0000] {processor.py:840} INFO - DAG(s) 'example_display_name' retrieved from /home/airflow/.local/lib/python3.12/site-packages/airflow/example_dags/example_display_name.py
[2024-06-18T16:35:52.166+0000] {logging_mixin.py:188} INFO - [2024-06-18T16:35:52.165+0000] {dag.py:3096} INFO - Sync 1 DAGs
[2024-06-18T16:35:52.183+0000] {logging_mixin.py:188} INFO - [2024-06-18T16:35:52.182+0000] {dag.py:3954} INFO - Setting next_dagrun for example_display_name to None, run_after=None
[2024-06-18T16:35:52.207+0000] {processor.py:183} INFO - Processing /home/airflow/.local/lib/python3.12/site-packages/airflow/example_dags/example_display_name.py took 0.087 seconds
[2024-06-18T16:36:23.337+0000] {processor.py:161} INFO - Started process (PID=1026) to work on /home/airflow/.local/lib/python3.12/site-packages/airflow/example_dags/example_display_name.py
[2024-06-18T16:36:23.338+0000] {processor.py:830} INFO - Processing file /home/airflow/.local/lib/python3.12/site-packages/airflow/example_dags/example_display_name.py for tasks to queue
[2024-06-18T16:36:23.340+0000] {logging_mixin.py:188} INFO - [2024-06-18T16:36:23.340+0000] {dagbag.py:545} INFO - Filling up the DagBag from /home/airflow/.local/lib/python3.12/site-packages/airflow/example_dags/example_display_name.py
[2024-06-18T16:36:23.348+0000] {processor.py:840} INFO - DAG(s) 'example_display_name' retrieved from /home/airflow/.local/lib/python3.12/site-packages/airflow/example_dags/example_display_name.py
[2024-06-18T16:36:23.374+0000] {logging_mixin.py:188} INFO - [2024-06-18T16:36:23.373+0000] {dag.py:3096} INFO - Sync 1 DAGs
[2024-06-18T16:36:23.390+0000] {logging_mixin.py:188} INFO - [2024-06-18T16:36:23.389+0000] {dag.py:3954} INFO - Setting next_dagrun for example_display_name to None, run_after=None
[2024-06-18T16:36:23.421+0000] {processor.py:183} INFO - Processing /home/airflow/.local/lib/python3.12/site-packages/airflow/example_dags/example_display_name.py took 0.093 seconds
[2024-06-18T16:36:53.672+0000] {processor.py:161} INFO - Started process (PID=1084) to work on /home/airflow/.local/lib/python3.12/site-packages/airflow/example_dags/example_display_name.py
[2024-06-18T16:36:53.673+0000] {processor.py:830} INFO - Processing file /home/airflow/.local/lib/python3.12/site-packages/airflow/example_dags/example_display_name.py for tasks to queue
[2024-06-18T16:36:53.676+0000] {logging_mixin.py:188} INFO - [2024-06-18T16:36:53.675+0000] {dagbag.py:545} INFO - Filling up the DagBag from /home/airflow/.local/lib/python3.12/site-packages/airflow/example_dags/example_display_name.py
[2024-06-18T16:36:53.683+0000] {processor.py:840} INFO - DAG(s) 'example_display_name' retrieved from /home/airflow/.local/lib/python3.12/site-packages/airflow/example_dags/example_display_name.py
[2024-06-18T16:36:53.707+0000] {logging_mixin.py:188} INFO - [2024-06-18T16:36:53.707+0000] {dag.py:3096} INFO - Sync 1 DAGs
[2024-06-18T16:36:53.723+0000] {logging_mixin.py:188} INFO - [2024-06-18T16:36:53.722+0000] {dag.py:3954} INFO - Setting next_dagrun for example_display_name to None, run_after=None
[2024-06-18T16:36:53.747+0000] {processor.py:183} INFO - Processing /home/airflow/.local/lib/python3.12/site-packages/airflow/example_dags/example_display_name.py took 0.083 seconds
[2024-06-18T16:37:23.903+0000] {processor.py:161} INFO - Started process (PID=1142) to work on /home/airflow/.local/lib/python3.12/site-packages/airflow/example_dags/example_display_name.py
[2024-06-18T16:37:23.904+0000] {processor.py:830} INFO - Processing file /home/airflow/.local/lib/python3.12/site-packages/airflow/example_dags/example_display_name.py for tasks to queue
[2024-06-18T16:37:23.906+0000] {logging_mixin.py:188} INFO - [2024-06-18T16:37:23.906+0000] {dagbag.py:545} INFO - Filling up the DagBag from /home/airflow/.local/lib/python3.12/site-packages/airflow/example_dags/example_display_name.py
[2024-06-18T16:37:23.914+0000] {processor.py:840} INFO - DAG(s) 'example_display_name' retrieved from /home/airflow/.local/lib/python3.12/site-packages/airflow/example_dags/example_display_name.py
[2024-06-18T16:37:23.943+0000] {logging_mixin.py:188} INFO - [2024-06-18T16:37:23.942+0000] {dag.py:3096} INFO - Sync 1 DAGs
[2024-06-18T16:37:23.959+0000] {logging_mixin.py:188} INFO - [2024-06-18T16:37:23.959+0000] {dag.py:3954} INFO - Setting next_dagrun for example_display_name to None, run_after=None
[2024-06-18T16:37:23.984+0000] {processor.py:183} INFO - Processing /home/airflow/.local/lib/python3.12/site-packages/airflow/example_dags/example_display_name.py took 0.090 seconds
[2024-06-18T16:38:50.699+0000] {processor.py:161} INFO - Started process (PID=40) to work on /home/airflow/.local/lib/python3.12/site-packages/airflow/example_dags/example_display_name.py
[2024-06-18T16:38:50.700+0000] {processor.py:830} INFO - Processing file /home/airflow/.local/lib/python3.12/site-packages/airflow/example_dags/example_display_name.py for tasks to queue
[2024-06-18T16:38:50.703+0000] {logging_mixin.py:188} INFO - [2024-06-18T16:38:50.703+0000] {dagbag.py:545} INFO - Filling up the DagBag from /home/airflow/.local/lib/python3.12/site-packages/airflow/example_dags/example_display_name.py
[2024-06-18T16:38:50.723+0000] {processor.py:840} INFO - DAG(s) 'example_display_name' retrieved from /home/airflow/.local/lib/python3.12/site-packages/airflow/example_dags/example_display_name.py
[2024-06-18T16:38:50.748+0000] {logging_mixin.py:188} INFO - [2024-06-18T16:38:50.747+0000] {dag.py:3096} INFO - Sync 1 DAGs
[2024-06-18T16:38:50.772+0000] {logging_mixin.py:188} INFO - [2024-06-18T16:38:50.772+0000] {dag.py:3954} INFO - Setting next_dagrun for example_display_name to None, run_after=None
[2024-06-18T16:38:50.807+0000] {processor.py:183} INFO - Processing /home/airflow/.local/lib/python3.12/site-packages/airflow/example_dags/example_display_name.py took 0.120 seconds
[2024-06-18T16:39:21.537+0000] {processor.py:161} INFO - Started process (PID=97) to work on /home/airflow/.local/lib/python3.12/site-packages/airflow/example_dags/example_display_name.py
[2024-06-18T16:39:21.539+0000] {processor.py:830} INFO - Processing file /home/airflow/.local/lib/python3.12/site-packages/airflow/example_dags/example_display_name.py for tasks to queue
[2024-06-18T16:39:21.541+0000] {logging_mixin.py:188} INFO - [2024-06-18T16:39:21.541+0000] {dagbag.py:545} INFO - Filling up the DagBag from /home/airflow/.local/lib/python3.12/site-packages/airflow/example_dags/example_display_name.py
[2024-06-18T16:39:21.551+0000] {processor.py:840} INFO - DAG(s) 'example_display_name' retrieved from /home/airflow/.local/lib/python3.12/site-packages/airflow/example_dags/example_display_name.py
[2024-06-18T16:39:21.685+0000] {logging_mixin.py:188} INFO - [2024-06-18T16:39:21.684+0000] {dag.py:3096} INFO - Sync 1 DAGs
[2024-06-18T16:39:21.702+0000] {logging_mixin.py:188} INFO - [2024-06-18T16:39:21.702+0000] {dag.py:3954} INFO - Setting next_dagrun for example_display_name to None, run_after=None
[2024-06-18T16:39:21.724+0000] {processor.py:183} INFO - Processing /home/airflow/.local/lib/python3.12/site-packages/airflow/example_dags/example_display_name.py took 0.195 seconds
[2024-06-18T16:39:52.674+0000] {processor.py:161} INFO - Started process (PID=155) to work on /home/airflow/.local/lib/python3.12/site-packages/airflow/example_dags/example_display_name.py
[2024-06-18T16:39:52.676+0000] {processor.py:830} INFO - Processing file /home/airflow/.local/lib/python3.12/site-packages/airflow/example_dags/example_display_name.py for tasks to queue
[2024-06-18T16:39:52.679+0000] {logging_mixin.py:188} INFO - [2024-06-18T16:39:52.678+0000] {dagbag.py:545} INFO - Filling up the DagBag from /home/airflow/.local/lib/python3.12/site-packages/airflow/example_dags/example_display_name.py
[2024-06-18T16:39:52.689+0000] {processor.py:840} INFO - DAG(s) 'example_display_name' retrieved from /home/airflow/.local/lib/python3.12/site-packages/airflow/example_dags/example_display_name.py
[2024-06-18T16:39:52.716+0000] {logging_mixin.py:188} INFO - [2024-06-18T16:39:52.716+0000] {dag.py:3096} INFO - Sync 1 DAGs
[2024-06-18T16:39:52.736+0000] {logging_mixin.py:188} INFO - [2024-06-18T16:39:52.735+0000] {dag.py:3954} INFO - Setting next_dagrun for example_display_name to None, run_after=None
[2024-06-18T16:39:52.764+0000] {processor.py:183} INFO - Processing /home/airflow/.local/lib/python3.12/site-packages/airflow/example_dags/example_display_name.py took 0.099 seconds
[2024-06-18T16:40:23.111+0000] {processor.py:161} INFO - Started process (PID=213) to work on /home/airflow/.local/lib/python3.12/site-packages/airflow/example_dags/example_display_name.py
[2024-06-18T16:40:23.113+0000] {processor.py:830} INFO - Processing file /home/airflow/.local/lib/python3.12/site-packages/airflow/example_dags/example_display_name.py for tasks to queue
[2024-06-18T16:40:23.115+0000] {logging_mixin.py:188} INFO - [2024-06-18T16:40:23.115+0000] {dagbag.py:545} INFO - Filling up the DagBag from /home/airflow/.local/lib/python3.12/site-packages/airflow/example_dags/example_display_name.py
[2024-06-18T16:40:23.123+0000] {processor.py:840} INFO - DAG(s) 'example_display_name' retrieved from /home/airflow/.local/lib/python3.12/site-packages/airflow/example_dags/example_display_name.py
[2024-06-18T16:40:23.153+0000] {logging_mixin.py:188} INFO - [2024-06-18T16:40:23.153+0000] {dag.py:3096} INFO - Sync 1 DAGs
[2024-06-18T16:40:23.169+0000] {logging_mixin.py:188} INFO - [2024-06-18T16:40:23.169+0000] {dag.py:3954} INFO - Setting next_dagrun for example_display_name to None, run_after=None
[2024-06-18T16:40:23.192+0000] {processor.py:183} INFO - Processing /home/airflow/.local/lib/python3.12/site-packages/airflow/example_dags/example_display_name.py took 0.090 seconds
[2024-06-18T16:40:53.359+0000] {processor.py:161} INFO - Started process (PID=271) to work on /home/airflow/.local/lib/python3.12/site-packages/airflow/example_dags/example_display_name.py
[2024-06-18T16:40:53.360+0000] {processor.py:830} INFO - Processing file /home/airflow/.local/lib/python3.12/site-packages/airflow/example_dags/example_display_name.py for tasks to queue
[2024-06-18T16:40:53.363+0000] {logging_mixin.py:188} INFO - [2024-06-18T16:40:53.362+0000] {dagbag.py:545} INFO - Filling up the DagBag from /home/airflow/.local/lib/python3.12/site-packages/airflow/example_dags/example_display_name.py
[2024-06-18T16:40:53.371+0000] {processor.py:840} INFO - DAG(s) 'example_display_name' retrieved from /home/airflow/.local/lib/python3.12/site-packages/airflow/example_dags/example_display_name.py
[2024-06-18T16:40:53.409+0000] {logging_mixin.py:188} INFO - [2024-06-18T16:40:53.409+0000] {dag.py:3096} INFO - Sync 1 DAGs
[2024-06-18T16:40:53.436+0000] {logging_mixin.py:188} INFO - [2024-06-18T16:40:53.435+0000] {dag.py:3954} INFO - Setting next_dagrun for example_display_name to None, run_after=None
[2024-06-18T16:40:53.470+0000] {processor.py:183} INFO - Processing /home/airflow/.local/lib/python3.12/site-packages/airflow/example_dags/example_display_name.py took 0.119 seconds
[2024-06-18T16:41:23.783+0000] {processor.py:161} INFO - Started process (PID=329) to work on /home/airflow/.local/lib/python3.12/site-packages/airflow/example_dags/example_display_name.py
[2024-06-18T16:41:23.784+0000] {processor.py:830} INFO - Processing file /home/airflow/.local/lib/python3.12/site-packages/airflow/example_dags/example_display_name.py for tasks to queue
[2024-06-18T16:41:23.787+0000] {logging_mixin.py:188} INFO - [2024-06-18T16:41:23.786+0000] {dagbag.py:545} INFO - Filling up the DagBag from /home/airflow/.local/lib/python3.12/site-packages/airflow/example_dags/example_display_name.py
[2024-06-18T16:41:23.795+0000] {processor.py:840} INFO - DAG(s) 'example_display_name' retrieved from /home/airflow/.local/lib/python3.12/site-packages/airflow/example_dags/example_display_name.py
[2024-06-18T16:41:23.821+0000] {logging_mixin.py:188} INFO - [2024-06-18T16:41:23.821+0000] {dag.py:3096} INFO - Sync 1 DAGs
[2024-06-18T16:41:23.841+0000] {logging_mixin.py:188} INFO - [2024-06-18T16:41:23.840+0000] {dag.py:3954} INFO - Setting next_dagrun for example_display_name to None, run_after=None
[2024-06-18T16:41:23.866+0000] {processor.py:183} INFO - Processing /home/airflow/.local/lib/python3.12/site-packages/airflow/example_dags/example_display_name.py took 0.091 seconds
[2024-06-18T16:41:54.137+0000] {processor.py:161} INFO - Started process (PID=387) to work on /home/airflow/.local/lib/python3.12/site-packages/airflow/example_dags/example_display_name.py
[2024-06-18T16:41:54.138+0000] {processor.py:830} INFO - Processing file /home/airflow/.local/lib/python3.12/site-packages/airflow/example_dags/example_display_name.py for tasks to queue
[2024-06-18T16:41:54.141+0000] {logging_mixin.py:188} INFO - [2024-06-18T16:41:54.141+0000] {dagbag.py:545} INFO - Filling up the DagBag from /home/airflow/.local/lib/python3.12/site-packages/airflow/example_dags/example_display_name.py
[2024-06-18T16:41:54.150+0000] {processor.py:840} INFO - DAG(s) 'example_display_name' retrieved from /home/airflow/.local/lib/python3.12/site-packages/airflow/example_dags/example_display_name.py
[2024-06-18T16:41:54.175+0000] {logging_mixin.py:188} INFO - [2024-06-18T16:41:54.175+0000] {dag.py:3096} INFO - Sync 1 DAGs
[2024-06-18T16:41:54.191+0000] {logging_mixin.py:188} INFO - [2024-06-18T16:41:54.190+0000] {dag.py:3954} INFO - Setting next_dagrun for example_display_name to None, run_after=None
[2024-06-18T16:41:54.217+0000] {processor.py:183} INFO - Processing /home/airflow/.local/lib/python3.12/site-packages/airflow/example_dags/example_display_name.py took 0.089 seconds
[2024-06-18T16:42:24.381+0000] {processor.py:161} INFO - Started process (PID=445) to work on /home/airflow/.local/lib/python3.12/site-packages/airflow/example_dags/example_display_name.py
[2024-06-18T16:42:24.383+0000] {processor.py:830} INFO - Processing file /home/airflow/.local/lib/python3.12/site-packages/airflow/example_dags/example_display_name.py for tasks to queue
[2024-06-18T16:42:24.386+0000] {logging_mixin.py:188} INFO - [2024-06-18T16:42:24.385+0000] {dagbag.py:545} INFO - Filling up the DagBag from /home/airflow/.local/lib/python3.12/site-packages/airflow/example_dags/example_display_name.py
[2024-06-18T16:42:24.394+0000] {processor.py:840} INFO - DAG(s) 'example_display_name' retrieved from /home/airflow/.local/lib/python3.12/site-packages/airflow/example_dags/example_display_name.py
[2024-06-18T16:42:24.427+0000] {logging_mixin.py:188} INFO - [2024-06-18T16:42:24.427+0000] {dag.py:3096} INFO - Sync 1 DAGs
[2024-06-18T16:42:24.445+0000] {logging_mixin.py:188} INFO - [2024-06-18T16:42:24.445+0000] {dag.py:3954} INFO - Setting next_dagrun for example_display_name to None, run_after=None
[2024-06-18T16:42:24.472+0000] {processor.py:183} INFO - Processing /home/airflow/.local/lib/python3.12/site-packages/airflow/example_dags/example_display_name.py took 0.099 seconds
