[2024-06-18T16:27:49.469+0000] {processor.py:161} INFO - Started process (PID=65) to work on /home/airflow/.local/lib/python3.12/site-packages/airflow/example_dags/example_subdag_operator.py
[2024-06-18T16:27:49.470+0000] {processor.py:830} INFO - Processing file /home/airflow/.local/lib/python3.12/site-packages/airflow/example_dags/example_subdag_operator.py for tasks to queue
[2024-06-18T16:27:49.473+0000] {logging_mixin.py:188} INFO - [2024-06-18T16:27:49.472+0000] {dagbag.py:545} INFO - Filling up the DagBag from /home/airflow/.local/lib/python3.12/site-packages/airflow/example_dags/example_subdag_operator.py
[2024-06-18T16:27:49.511+0000] {processor.py:840} INFO - DAG(s) 'example_subdag_operator.section-1', 'example_subdag_operator.section-2', 'example_subdag_operator' retrieved from /home/airflow/.local/lib/python3.12/site-packages/airflow/example_dags/example_subdag_operator.py
[2024-06-18T16:27:49.645+0000] {logging_mixin.py:188} INFO - [2024-06-18T16:27:49.644+0000] {dag.py:3096} INFO - Sync 3 DAGs
[2024-06-18T16:27:49.669+0000] {logging_mixin.py:188} INFO - [2024-06-18T16:27:49.669+0000] {dag.py:3954} INFO - Setting next_dagrun for example_subdag_operator to 2022-01-01 00:00:00+00:00, run_after=2022-01-01 00:00:00+00:00
[2024-06-18T16:27:49.674+0000] {logging_mixin.py:188} INFO - [2024-06-18T16:27:49.674+0000] {dag.py:3954} INFO - Setting next_dagrun for example_subdag_operator.section-1 to None, run_after=None
[2024-06-18T16:27:49.676+0000] {logging_mixin.py:188} INFO - [2024-06-18T16:27:49.675+0000] {dag.py:3954} INFO - Setting next_dagrun for example_subdag_operator.section-2 to None, run_after=None
[2024-06-18T16:27:49.686+0000] {logging_mixin.py:188} INFO - [2024-06-18T16:27:49.686+0000] {dag.py:3096} INFO - Sync 2 DAGs
[2024-06-18T16:27:49.692+0000] {logging_mixin.py:188} INFO - [2024-06-18T16:27:49.691+0000] {dag.py:3954} INFO - Setting next_dagrun for example_subdag_operator.section-1 to None, run_after=None
[2024-06-18T16:27:49.692+0000] {logging_mixin.py:188} INFO - [2024-06-18T16:27:49.692+0000] {dag.py:3954} INFO - Setting next_dagrun for example_subdag_operator.section-2 to None, run_after=None
[2024-06-18T16:27:49.703+0000] {processor.py:183} INFO - Processing /home/airflow/.local/lib/python3.12/site-packages/airflow/example_dags/example_subdag_operator.py took 0.246 seconds
[2024-06-18T16:28:20.574+0000] {processor.py:161} INFO - Started process (PID=123) to work on /home/airflow/.local/lib/python3.12/site-packages/airflow/example_dags/example_subdag_operator.py
[2024-06-18T16:28:20.576+0000] {processor.py:830} INFO - Processing file /home/airflow/.local/lib/python3.12/site-packages/airflow/example_dags/example_subdag_operator.py for tasks to queue
[2024-06-18T16:28:20.579+0000] {logging_mixin.py:188} INFO - [2024-06-18T16:28:20.579+0000] {dagbag.py:545} INFO - Filling up the DagBag from /home/airflow/.local/lib/python3.12/site-packages/airflow/example_dags/example_subdag_operator.py
[2024-06-18T16:28:20.617+0000] {processor.py:840} INFO - DAG(s) 'example_subdag_operator.section-1', 'example_subdag_operator.section-2', 'example_subdag_operator' retrieved from /home/airflow/.local/lib/python3.12/site-packages/airflow/example_dags/example_subdag_operator.py
[2024-06-18T16:28:20.645+0000] {logging_mixin.py:188} INFO - [2024-06-18T16:28:20.645+0000] {dag.py:3096} INFO - Sync 3 DAGs
[2024-06-18T16:28:20.683+0000] {logging_mixin.py:188} INFO - [2024-06-18T16:28:20.683+0000] {dag.py:3954} INFO - Setting next_dagrun for example_subdag_operator to 2022-01-01 00:00:00+00:00, run_after=2022-01-01 00:00:00+00:00
[2024-06-18T16:28:20.689+0000] {logging_mixin.py:188} INFO - [2024-06-18T16:28:20.689+0000] {dag.py:3954} INFO - Setting next_dagrun for example_subdag_operator.section-1 to None, run_after=None
[2024-06-18T16:28:20.691+0000] {logging_mixin.py:188} INFO - [2024-06-18T16:28:20.691+0000] {dag.py:3954} INFO - Setting next_dagrun for example_subdag_operator.section-2 to None, run_after=None
[2024-06-18T16:28:20.702+0000] {logging_mixin.py:188} INFO - [2024-06-18T16:28:20.702+0000] {dag.py:3096} INFO - Sync 2 DAGs
[2024-06-18T16:28:20.708+0000] {logging_mixin.py:188} INFO - [2024-06-18T16:28:20.708+0000] {dag.py:3954} INFO - Setting next_dagrun for example_subdag_operator.section-1 to None, run_after=None
[2024-06-18T16:28:20.708+0000] {logging_mixin.py:188} INFO - [2024-06-18T16:28:20.708+0000] {dag.py:3954} INFO - Setting next_dagrun for example_subdag_operator.section-2 to None, run_after=None
[2024-06-18T16:28:20.720+0000] {processor.py:183} INFO - Processing /home/airflow/.local/lib/python3.12/site-packages/airflow/example_dags/example_subdag_operator.py took 0.157 seconds
[2024-06-18T16:28:51.087+0000] {processor.py:161} INFO - Started process (PID=181) to work on /home/airflow/.local/lib/python3.12/site-packages/airflow/example_dags/example_subdag_operator.py
[2024-06-18T16:28:51.089+0000] {processor.py:830} INFO - Processing file /home/airflow/.local/lib/python3.12/site-packages/airflow/example_dags/example_subdag_operator.py for tasks to queue
[2024-06-18T16:28:51.091+0000] {logging_mixin.py:188} INFO - [2024-06-18T16:28:51.091+0000] {dagbag.py:545} INFO - Filling up the DagBag from /home/airflow/.local/lib/python3.12/site-packages/airflow/example_dags/example_subdag_operator.py
[2024-06-18T16:28:51.126+0000] {processor.py:840} INFO - DAG(s) 'example_subdag_operator.section-1', 'example_subdag_operator.section-2', 'example_subdag_operator' retrieved from /home/airflow/.local/lib/python3.12/site-packages/airflow/example_dags/example_subdag_operator.py
[2024-06-18T16:28:51.149+0000] {logging_mixin.py:188} INFO - [2024-06-18T16:28:51.148+0000] {dag.py:3096} INFO - Sync 3 DAGs
[2024-06-18T16:28:51.180+0000] {logging_mixin.py:188} INFO - [2024-06-18T16:28:51.179+0000] {dag.py:3954} INFO - Setting next_dagrun for example_subdag_operator to 2022-01-01 00:00:00+00:00, run_after=2022-01-01 00:00:00+00:00
[2024-06-18T16:28:51.185+0000] {logging_mixin.py:188} INFO - [2024-06-18T16:28:51.185+0000] {dag.py:3954} INFO - Setting next_dagrun for example_subdag_operator.section-1 to None, run_after=None
[2024-06-18T16:28:51.187+0000] {logging_mixin.py:188} INFO - [2024-06-18T16:28:51.187+0000] {dag.py:3954} INFO - Setting next_dagrun for example_subdag_operator.section-2 to None, run_after=None
[2024-06-18T16:28:51.197+0000] {logging_mixin.py:188} INFO - [2024-06-18T16:28:51.196+0000] {dag.py:3096} INFO - Sync 2 DAGs
[2024-06-18T16:28:51.204+0000] {logging_mixin.py:188} INFO - [2024-06-18T16:28:51.204+0000] {dag.py:3954} INFO - Setting next_dagrun for example_subdag_operator.section-1 to None, run_after=None
[2024-06-18T16:28:51.205+0000] {logging_mixin.py:188} INFO - [2024-06-18T16:28:51.205+0000] {dag.py:3954} INFO - Setting next_dagrun for example_subdag_operator.section-2 to None, run_after=None
[2024-06-18T16:28:51.217+0000] {processor.py:183} INFO - Processing /home/airflow/.local/lib/python3.12/site-packages/airflow/example_dags/example_subdag_operator.py took 0.137 seconds
[2024-06-18T16:29:22.045+0000] {processor.py:161} INFO - Started process (PID=239) to work on /home/airflow/.local/lib/python3.12/site-packages/airflow/example_dags/example_subdag_operator.py
[2024-06-18T16:29:22.047+0000] {processor.py:830} INFO - Processing file /home/airflow/.local/lib/python3.12/site-packages/airflow/example_dags/example_subdag_operator.py for tasks to queue
[2024-06-18T16:29:22.049+0000] {logging_mixin.py:188} INFO - [2024-06-18T16:29:22.049+0000] {dagbag.py:545} INFO - Filling up the DagBag from /home/airflow/.local/lib/python3.12/site-packages/airflow/example_dags/example_subdag_operator.py
[2024-06-18T16:29:22.078+0000] {processor.py:840} INFO - DAG(s) 'example_subdag_operator.section-1', 'example_subdag_operator.section-2', 'example_subdag_operator' retrieved from /home/airflow/.local/lib/python3.12/site-packages/airflow/example_dags/example_subdag_operator.py
[2024-06-18T16:29:22.106+0000] {logging_mixin.py:188} INFO - [2024-06-18T16:29:22.105+0000] {dag.py:3096} INFO - Sync 3 DAGs
[2024-06-18T16:29:22.133+0000] {logging_mixin.py:188} INFO - [2024-06-18T16:29:22.133+0000] {dag.py:3954} INFO - Setting next_dagrun for example_subdag_operator to 2022-01-01 00:00:00+00:00, run_after=2022-01-01 00:00:00+00:00
[2024-06-18T16:29:22.138+0000] {logging_mixin.py:188} INFO - [2024-06-18T16:29:22.137+0000] {dag.py:3954} INFO - Setting next_dagrun for example_subdag_operator.section-1 to None, run_after=None
[2024-06-18T16:29:22.139+0000] {logging_mixin.py:188} INFO - [2024-06-18T16:29:22.139+0000] {dag.py:3954} INFO - Setting next_dagrun for example_subdag_operator.section-2 to None, run_after=None
[2024-06-18T16:29:22.147+0000] {logging_mixin.py:188} INFO - [2024-06-18T16:29:22.147+0000] {dag.py:3096} INFO - Sync 2 DAGs
[2024-06-18T16:29:22.154+0000] {logging_mixin.py:188} INFO - [2024-06-18T16:29:22.154+0000] {dag.py:3954} INFO - Setting next_dagrun for example_subdag_operator.section-1 to None, run_after=None
[2024-06-18T16:29:22.154+0000] {logging_mixin.py:188} INFO - [2024-06-18T16:29:22.154+0000] {dag.py:3954} INFO - Setting next_dagrun for example_subdag_operator.section-2 to None, run_after=None
[2024-06-18T16:29:22.167+0000] {processor.py:183} INFO - Processing /home/airflow/.local/lib/python3.12/site-packages/airflow/example_dags/example_subdag_operator.py took 0.130 seconds
[2024-06-18T16:29:52.424+0000] {processor.py:161} INFO - Started process (PID=297) to work on /home/airflow/.local/lib/python3.12/site-packages/airflow/example_dags/example_subdag_operator.py
[2024-06-18T16:29:52.425+0000] {processor.py:830} INFO - Processing file /home/airflow/.local/lib/python3.12/site-packages/airflow/example_dags/example_subdag_operator.py for tasks to queue
[2024-06-18T16:29:52.429+0000] {logging_mixin.py:188} INFO - [2024-06-18T16:29:52.428+0000] {dagbag.py:545} INFO - Filling up the DagBag from /home/airflow/.local/lib/python3.12/site-packages/airflow/example_dags/example_subdag_operator.py
[2024-06-18T16:29:52.462+0000] {processor.py:840} INFO - DAG(s) 'example_subdag_operator.section-1', 'example_subdag_operator.section-2', 'example_subdag_operator' retrieved from /home/airflow/.local/lib/python3.12/site-packages/airflow/example_dags/example_subdag_operator.py
[2024-06-18T16:29:52.483+0000] {logging_mixin.py:188} INFO - [2024-06-18T16:29:52.483+0000] {dag.py:3096} INFO - Sync 3 DAGs
[2024-06-18T16:29:52.511+0000] {logging_mixin.py:188} INFO - [2024-06-18T16:29:52.510+0000] {dag.py:3954} INFO - Setting next_dagrun for example_subdag_operator to 2022-01-01 00:00:00+00:00, run_after=2022-01-01 00:00:00+00:00
[2024-06-18T16:29:52.515+0000] {logging_mixin.py:188} INFO - [2024-06-18T16:29:52.515+0000] {dag.py:3954} INFO - Setting next_dagrun for example_subdag_operator.section-1 to None, run_after=None
[2024-06-18T16:29:52.517+0000] {logging_mixin.py:188} INFO - [2024-06-18T16:29:52.517+0000] {dag.py:3954} INFO - Setting next_dagrun for example_subdag_operator.section-2 to None, run_after=None
[2024-06-18T16:29:52.529+0000] {logging_mixin.py:188} INFO - [2024-06-18T16:29:52.528+0000] {dag.py:3096} INFO - Sync 2 DAGs
[2024-06-18T16:29:52.538+0000] {logging_mixin.py:188} INFO - [2024-06-18T16:29:52.538+0000] {dag.py:3954} INFO - Setting next_dagrun for example_subdag_operator.section-1 to None, run_after=None
[2024-06-18T16:29:52.539+0000] {logging_mixin.py:188} INFO - [2024-06-18T16:29:52.538+0000] {dag.py:3954} INFO - Setting next_dagrun for example_subdag_operator.section-2 to None, run_after=None
[2024-06-18T16:29:52.556+0000] {processor.py:183} INFO - Processing /home/airflow/.local/lib/python3.12/site-packages/airflow/example_dags/example_subdag_operator.py took 0.140 seconds
[2024-06-18T16:30:22.798+0000] {processor.py:161} INFO - Started process (PID=355) to work on /home/airflow/.local/lib/python3.12/site-packages/airflow/example_dags/example_subdag_operator.py
[2024-06-18T16:30:22.800+0000] {processor.py:830} INFO - Processing file /home/airflow/.local/lib/python3.12/site-packages/airflow/example_dags/example_subdag_operator.py for tasks to queue
[2024-06-18T16:30:22.802+0000] {logging_mixin.py:188} INFO - [2024-06-18T16:30:22.802+0000] {dagbag.py:545} INFO - Filling up the DagBag from /home/airflow/.local/lib/python3.12/site-packages/airflow/example_dags/example_subdag_operator.py
[2024-06-18T16:30:22.842+0000] {processor.py:840} INFO - DAG(s) 'example_subdag_operator.section-1', 'example_subdag_operator.section-2', 'example_subdag_operator' retrieved from /home/airflow/.local/lib/python3.12/site-packages/airflow/example_dags/example_subdag_operator.py
[2024-06-18T16:30:22.863+0000] {logging_mixin.py:188} INFO - [2024-06-18T16:30:22.862+0000] {dag.py:3096} INFO - Sync 3 DAGs
[2024-06-18T16:30:22.894+0000] {logging_mixin.py:188} INFO - [2024-06-18T16:30:22.894+0000] {dag.py:3954} INFO - Setting next_dagrun for example_subdag_operator to 2022-01-01 00:00:00+00:00, run_after=2022-01-01 00:00:00+00:00
[2024-06-18T16:30:22.899+0000] {logging_mixin.py:188} INFO - [2024-06-18T16:30:22.899+0000] {dag.py:3954} INFO - Setting next_dagrun for example_subdag_operator.section-1 to None, run_after=None
[2024-06-18T16:30:22.901+0000] {logging_mixin.py:188} INFO - [2024-06-18T16:30:22.900+0000] {dag.py:3954} INFO - Setting next_dagrun for example_subdag_operator.section-2 to None, run_after=None
[2024-06-18T16:30:22.909+0000] {logging_mixin.py:188} INFO - [2024-06-18T16:30:22.909+0000] {dag.py:3096} INFO - Sync 2 DAGs
[2024-06-18T16:30:22.915+0000] {logging_mixin.py:188} INFO - [2024-06-18T16:30:22.915+0000] {dag.py:3954} INFO - Setting next_dagrun for example_subdag_operator.section-1 to None, run_after=None
[2024-06-18T16:30:22.916+0000] {logging_mixin.py:188} INFO - [2024-06-18T16:30:22.915+0000] {dag.py:3954} INFO - Setting next_dagrun for example_subdag_operator.section-2 to None, run_after=None
[2024-06-18T16:30:22.928+0000] {processor.py:183} INFO - Processing /home/airflow/.local/lib/python3.12/site-packages/airflow/example_dags/example_subdag_operator.py took 0.139 seconds
[2024-06-18T16:30:53.147+0000] {processor.py:161} INFO - Started process (PID=413) to work on /home/airflow/.local/lib/python3.12/site-packages/airflow/example_dags/example_subdag_operator.py
[2024-06-18T16:30:53.148+0000] {processor.py:830} INFO - Processing file /home/airflow/.local/lib/python3.12/site-packages/airflow/example_dags/example_subdag_operator.py for tasks to queue
[2024-06-18T16:30:53.151+0000] {logging_mixin.py:188} INFO - [2024-06-18T16:30:53.150+0000] {dagbag.py:545} INFO - Filling up the DagBag from /home/airflow/.local/lib/python3.12/site-packages/airflow/example_dags/example_subdag_operator.py
[2024-06-18T16:30:53.182+0000] {processor.py:840} INFO - DAG(s) 'example_subdag_operator.section-1', 'example_subdag_operator.section-2', 'example_subdag_operator' retrieved from /home/airflow/.local/lib/python3.12/site-packages/airflow/example_dags/example_subdag_operator.py
[2024-06-18T16:30:53.202+0000] {logging_mixin.py:188} INFO - [2024-06-18T16:30:53.202+0000] {dag.py:3096} INFO - Sync 3 DAGs
[2024-06-18T16:30:53.231+0000] {logging_mixin.py:188} INFO - [2024-06-18T16:30:53.230+0000] {dag.py:3954} INFO - Setting next_dagrun for example_subdag_operator to 2022-01-01 00:00:00+00:00, run_after=2022-01-01 00:00:00+00:00
[2024-06-18T16:30:53.237+0000] {logging_mixin.py:188} INFO - [2024-06-18T16:30:53.237+0000] {dag.py:3954} INFO - Setting next_dagrun for example_subdag_operator.section-1 to None, run_after=None
[2024-06-18T16:30:53.239+0000] {logging_mixin.py:188} INFO - [2024-06-18T16:30:53.239+0000] {dag.py:3954} INFO - Setting next_dagrun for example_subdag_operator.section-2 to None, run_after=None
[2024-06-18T16:30:53.247+0000] {logging_mixin.py:188} INFO - [2024-06-18T16:30:53.247+0000] {dag.py:3096} INFO - Sync 2 DAGs
[2024-06-18T16:30:53.255+0000] {logging_mixin.py:188} INFO - [2024-06-18T16:30:53.255+0000] {dag.py:3954} INFO - Setting next_dagrun for example_subdag_operator.section-1 to None, run_after=None
[2024-06-18T16:30:53.255+0000] {logging_mixin.py:188} INFO - [2024-06-18T16:30:53.255+0000] {dag.py:3954} INFO - Setting next_dagrun for example_subdag_operator.section-2 to None, run_after=None
[2024-06-18T16:30:53.270+0000] {processor.py:183} INFO - Processing /home/airflow/.local/lib/python3.12/site-packages/airflow/example_dags/example_subdag_operator.py took 0.130 seconds
[2024-06-18T16:31:23.297+0000] {processor.py:161} INFO - Started process (PID=470) to work on /home/airflow/.local/lib/python3.12/site-packages/airflow/example_dags/example_subdag_operator.py
[2024-06-18T16:31:23.298+0000] {processor.py:830} INFO - Processing file /home/airflow/.local/lib/python3.12/site-packages/airflow/example_dags/example_subdag_operator.py for tasks to queue
[2024-06-18T16:31:23.301+0000] {logging_mixin.py:188} INFO - [2024-06-18T16:31:23.300+0000] {dagbag.py:545} INFO - Filling up the DagBag from /home/airflow/.local/lib/python3.12/site-packages/airflow/example_dags/example_subdag_operator.py
[2024-06-18T16:31:23.330+0000] {processor.py:840} INFO - DAG(s) 'example_subdag_operator.section-1', 'example_subdag_operator.section-2', 'example_subdag_operator' retrieved from /home/airflow/.local/lib/python3.12/site-packages/airflow/example_dags/example_subdag_operator.py
[2024-06-18T16:31:23.348+0000] {logging_mixin.py:188} INFO - [2024-06-18T16:31:23.348+0000] {dag.py:3096} INFO - Sync 3 DAGs
[2024-06-18T16:31:23.374+0000] {logging_mixin.py:188} INFO - [2024-06-18T16:31:23.373+0000] {dag.py:3954} INFO - Setting next_dagrun for example_subdag_operator to 2022-01-01 00:00:00+00:00, run_after=2022-01-01 00:00:00+00:00
[2024-06-18T16:31:23.379+0000] {logging_mixin.py:188} INFO - [2024-06-18T16:31:23.379+0000] {dag.py:3954} INFO - Setting next_dagrun for example_subdag_operator.section-1 to None, run_after=None
[2024-06-18T16:31:23.380+0000] {logging_mixin.py:188} INFO - [2024-06-18T16:31:23.380+0000] {dag.py:3954} INFO - Setting next_dagrun for example_subdag_operator.section-2 to None, run_after=None
[2024-06-18T16:31:23.389+0000] {logging_mixin.py:188} INFO - [2024-06-18T16:31:23.388+0000] {dag.py:3096} INFO - Sync 2 DAGs
[2024-06-18T16:31:23.394+0000] {logging_mixin.py:188} INFO - [2024-06-18T16:31:23.394+0000] {dag.py:3954} INFO - Setting next_dagrun for example_subdag_operator.section-1 to None, run_after=None
[2024-06-18T16:31:23.394+0000] {logging_mixin.py:188} INFO - [2024-06-18T16:31:23.394+0000] {dag.py:3954} INFO - Setting next_dagrun for example_subdag_operator.section-2 to None, run_after=None
[2024-06-18T16:31:23.406+0000] {processor.py:183} INFO - Processing /home/airflow/.local/lib/python3.12/site-packages/airflow/example_dags/example_subdag_operator.py took 0.117 seconds
[2024-06-18T16:31:53.647+0000] {processor.py:161} INFO - Started process (PID=529) to work on /home/airflow/.local/lib/python3.12/site-packages/airflow/example_dags/example_subdag_operator.py
[2024-06-18T16:31:53.649+0000] {processor.py:830} INFO - Processing file /home/airflow/.local/lib/python3.12/site-packages/airflow/example_dags/example_subdag_operator.py for tasks to queue
[2024-06-18T16:31:53.651+0000] {logging_mixin.py:188} INFO - [2024-06-18T16:31:53.651+0000] {dagbag.py:545} INFO - Filling up the DagBag from /home/airflow/.local/lib/python3.12/site-packages/airflow/example_dags/example_subdag_operator.py
[2024-06-18T16:31:53.686+0000] {processor.py:840} INFO - DAG(s) 'example_subdag_operator.section-1', 'example_subdag_operator.section-2', 'example_subdag_operator' retrieved from /home/airflow/.local/lib/python3.12/site-packages/airflow/example_dags/example_subdag_operator.py
[2024-06-18T16:31:53.707+0000] {logging_mixin.py:188} INFO - [2024-06-18T16:31:53.706+0000] {dag.py:3096} INFO - Sync 3 DAGs
[2024-06-18T16:31:53.733+0000] {logging_mixin.py:188} INFO - [2024-06-18T16:31:53.733+0000] {dag.py:3954} INFO - Setting next_dagrun for example_subdag_operator to 2022-01-01 00:00:00+00:00, run_after=2022-01-01 00:00:00+00:00
[2024-06-18T16:31:53.738+0000] {logging_mixin.py:188} INFO - [2024-06-18T16:31:53.738+0000] {dag.py:3954} INFO - Setting next_dagrun for example_subdag_operator.section-1 to None, run_after=None
[2024-06-18T16:31:53.739+0000] {logging_mixin.py:188} INFO - [2024-06-18T16:31:53.739+0000] {dag.py:3954} INFO - Setting next_dagrun for example_subdag_operator.section-2 to None, run_after=None
[2024-06-18T16:31:53.747+0000] {logging_mixin.py:188} INFO - [2024-06-18T16:31:53.747+0000] {dag.py:3096} INFO - Sync 2 DAGs
[2024-06-18T16:31:53.753+0000] {logging_mixin.py:188} INFO - [2024-06-18T16:31:53.753+0000] {dag.py:3954} INFO - Setting next_dagrun for example_subdag_operator.section-1 to None, run_after=None
[2024-06-18T16:31:53.754+0000] {logging_mixin.py:188} INFO - [2024-06-18T16:31:53.754+0000] {dag.py:3954} INFO - Setting next_dagrun for example_subdag_operator.section-2 to None, run_after=None
[2024-06-18T16:31:53.767+0000] {processor.py:183} INFO - Processing /home/airflow/.local/lib/python3.12/site-packages/airflow/example_dags/example_subdag_operator.py took 0.129 seconds
[2024-06-18T16:32:24.160+0000] {processor.py:161} INFO - Started process (PID=586) to work on /home/airflow/.local/lib/python3.12/site-packages/airflow/example_dags/example_subdag_operator.py
[2024-06-18T16:32:24.162+0000] {processor.py:830} INFO - Processing file /home/airflow/.local/lib/python3.12/site-packages/airflow/example_dags/example_subdag_operator.py for tasks to queue
[2024-06-18T16:32:24.165+0000] {logging_mixin.py:188} INFO - [2024-06-18T16:32:24.164+0000] {dagbag.py:545} INFO - Filling up the DagBag from /home/airflow/.local/lib/python3.12/site-packages/airflow/example_dags/example_subdag_operator.py
[2024-06-18T16:32:24.201+0000] {processor.py:840} INFO - DAG(s) 'example_subdag_operator.section-1', 'example_subdag_operator.section-2', 'example_subdag_operator' retrieved from /home/airflow/.local/lib/python3.12/site-packages/airflow/example_dags/example_subdag_operator.py
[2024-06-18T16:32:24.222+0000] {logging_mixin.py:188} INFO - [2024-06-18T16:32:24.222+0000] {dag.py:3096} INFO - Sync 3 DAGs
[2024-06-18T16:32:24.255+0000] {logging_mixin.py:188} INFO - [2024-06-18T16:32:24.255+0000] {dag.py:3954} INFO - Setting next_dagrun for example_subdag_operator to 2022-01-01 00:00:00+00:00, run_after=2022-01-01 00:00:00+00:00
[2024-06-18T16:32:24.261+0000] {logging_mixin.py:188} INFO - [2024-06-18T16:32:24.261+0000] {dag.py:3954} INFO - Setting next_dagrun for example_subdag_operator.section-1 to None, run_after=None
[2024-06-18T16:32:24.263+0000] {logging_mixin.py:188} INFO - [2024-06-18T16:32:24.263+0000] {dag.py:3954} INFO - Setting next_dagrun for example_subdag_operator.section-2 to None, run_after=None
[2024-06-18T16:32:24.273+0000] {logging_mixin.py:188} INFO - [2024-06-18T16:32:24.273+0000] {dag.py:3096} INFO - Sync 2 DAGs
[2024-06-18T16:32:24.280+0000] {logging_mixin.py:188} INFO - [2024-06-18T16:32:24.280+0000] {dag.py:3954} INFO - Setting next_dagrun for example_subdag_operator.section-1 to None, run_after=None
[2024-06-18T16:32:24.281+0000] {logging_mixin.py:188} INFO - [2024-06-18T16:32:24.281+0000] {dag.py:3954} INFO - Setting next_dagrun for example_subdag_operator.section-2 to None, run_after=None
[2024-06-18T16:32:24.299+0000] {processor.py:183} INFO - Processing /home/airflow/.local/lib/python3.12/site-packages/airflow/example_dags/example_subdag_operator.py took 0.156 seconds
[2024-06-18T16:32:54.697+0000] {processor.py:161} INFO - Started process (PID=650) to work on /home/airflow/.local/lib/python3.12/site-packages/airflow/example_dags/example_subdag_operator.py
[2024-06-18T16:32:54.699+0000] {processor.py:830} INFO - Processing file /home/airflow/.local/lib/python3.12/site-packages/airflow/example_dags/example_subdag_operator.py for tasks to queue
[2024-06-18T16:32:54.701+0000] {logging_mixin.py:188} INFO - [2024-06-18T16:32:54.701+0000] {dagbag.py:545} INFO - Filling up the DagBag from /home/airflow/.local/lib/python3.12/site-packages/airflow/example_dags/example_subdag_operator.py
[2024-06-18T16:32:54.736+0000] {processor.py:840} INFO - DAG(s) 'example_subdag_operator.section-1', 'example_subdag_operator.section-2', 'example_subdag_operator' retrieved from /home/airflow/.local/lib/python3.12/site-packages/airflow/example_dags/example_subdag_operator.py
[2024-06-18T16:32:54.766+0000] {logging_mixin.py:188} INFO - [2024-06-18T16:32:54.766+0000] {dag.py:3096} INFO - Sync 3 DAGs
[2024-06-18T16:32:54.796+0000] {logging_mixin.py:188} INFO - [2024-06-18T16:32:54.796+0000] {dag.py:3954} INFO - Setting next_dagrun for example_subdag_operator to 2022-01-01 00:00:00+00:00, run_after=2022-01-01 00:00:00+00:00
[2024-06-18T16:32:54.801+0000] {logging_mixin.py:188} INFO - [2024-06-18T16:32:54.801+0000] {dag.py:3954} INFO - Setting next_dagrun for example_subdag_operator.section-1 to None, run_after=None
[2024-06-18T16:32:54.803+0000] {logging_mixin.py:188} INFO - [2024-06-18T16:32:54.802+0000] {dag.py:3954} INFO - Setting next_dagrun for example_subdag_operator.section-2 to None, run_after=None
[2024-06-18T16:32:54.812+0000] {logging_mixin.py:188} INFO - [2024-06-18T16:32:54.811+0000] {dag.py:3096} INFO - Sync 2 DAGs
[2024-06-18T16:32:54.820+0000] {logging_mixin.py:188} INFO - [2024-06-18T16:32:54.819+0000] {dag.py:3954} INFO - Setting next_dagrun for example_subdag_operator.section-1 to None, run_after=None
[2024-06-18T16:32:54.820+0000] {logging_mixin.py:188} INFO - [2024-06-18T16:32:54.820+0000] {dag.py:3954} INFO - Setting next_dagrun for example_subdag_operator.section-2 to None, run_after=None
[2024-06-18T16:32:54.835+0000] {processor.py:183} INFO - Processing /home/airflow/.local/lib/python3.12/site-packages/airflow/example_dags/example_subdag_operator.py took 0.147 seconds
[2024-06-18T16:33:25.018+0000] {processor.py:161} INFO - Started process (PID=708) to work on /home/airflow/.local/lib/python3.12/site-packages/airflow/example_dags/example_subdag_operator.py
[2024-06-18T16:33:25.020+0000] {processor.py:830} INFO - Processing file /home/airflow/.local/lib/python3.12/site-packages/airflow/example_dags/example_subdag_operator.py for tasks to queue
[2024-06-18T16:33:25.022+0000] {logging_mixin.py:188} INFO - [2024-06-18T16:33:25.022+0000] {dagbag.py:545} INFO - Filling up the DagBag from /home/airflow/.local/lib/python3.12/site-packages/airflow/example_dags/example_subdag_operator.py
[2024-06-18T16:33:25.051+0000] {processor.py:840} INFO - DAG(s) 'example_subdag_operator.section-1', 'example_subdag_operator.section-2', 'example_subdag_operator' retrieved from /home/airflow/.local/lib/python3.12/site-packages/airflow/example_dags/example_subdag_operator.py
[2024-06-18T16:33:25.069+0000] {logging_mixin.py:188} INFO - [2024-06-18T16:33:25.069+0000] {dag.py:3096} INFO - Sync 3 DAGs
[2024-06-18T16:33:25.096+0000] {logging_mixin.py:188} INFO - [2024-06-18T16:33:25.095+0000] {dag.py:3954} INFO - Setting next_dagrun for example_subdag_operator to 2022-01-01 00:00:00+00:00, run_after=2022-01-01 00:00:00+00:00
[2024-06-18T16:33:25.100+0000] {logging_mixin.py:188} INFO - [2024-06-18T16:33:25.100+0000] {dag.py:3954} INFO - Setting next_dagrun for example_subdag_operator.section-1 to None, run_after=None
[2024-06-18T16:33:25.102+0000] {logging_mixin.py:188} INFO - [2024-06-18T16:33:25.101+0000] {dag.py:3954} INFO - Setting next_dagrun for example_subdag_operator.section-2 to None, run_after=None
[2024-06-18T16:33:25.109+0000] {logging_mixin.py:188} INFO - [2024-06-18T16:33:25.109+0000] {dag.py:3096} INFO - Sync 2 DAGs
[2024-06-18T16:33:25.115+0000] {logging_mixin.py:188} INFO - [2024-06-18T16:33:25.114+0000] {dag.py:3954} INFO - Setting next_dagrun for example_subdag_operator.section-1 to None, run_after=None
[2024-06-18T16:33:25.115+0000] {logging_mixin.py:188} INFO - [2024-06-18T16:33:25.115+0000] {dag.py:3954} INFO - Setting next_dagrun for example_subdag_operator.section-2 to None, run_after=None
[2024-06-18T16:33:25.126+0000] {processor.py:183} INFO - Processing /home/airflow/.local/lib/python3.12/site-packages/airflow/example_dags/example_subdag_operator.py took 0.115 seconds
[2024-06-18T16:33:55.266+0000] {processor.py:161} INFO - Started process (PID=766) to work on /home/airflow/.local/lib/python3.12/site-packages/airflow/example_dags/example_subdag_operator.py
[2024-06-18T16:33:55.267+0000] {processor.py:830} INFO - Processing file /home/airflow/.local/lib/python3.12/site-packages/airflow/example_dags/example_subdag_operator.py for tasks to queue
[2024-06-18T16:33:55.270+0000] {logging_mixin.py:188} INFO - [2024-06-18T16:33:55.269+0000] {dagbag.py:545} INFO - Filling up the DagBag from /home/airflow/.local/lib/python3.12/site-packages/airflow/example_dags/example_subdag_operator.py
[2024-06-18T16:33:55.305+0000] {processor.py:840} INFO - DAG(s) 'example_subdag_operator.section-1', 'example_subdag_operator.section-2', 'example_subdag_operator' retrieved from /home/airflow/.local/lib/python3.12/site-packages/airflow/example_dags/example_subdag_operator.py
[2024-06-18T16:33:55.331+0000] {logging_mixin.py:188} INFO - [2024-06-18T16:33:55.331+0000] {dag.py:3096} INFO - Sync 3 DAGs
[2024-06-18T16:33:55.368+0000] {logging_mixin.py:188} INFO - [2024-06-18T16:33:55.368+0000] {dag.py:3954} INFO - Setting next_dagrun for example_subdag_operator to 2022-01-01 00:00:00+00:00, run_after=2022-01-01 00:00:00+00:00
[2024-06-18T16:33:55.375+0000] {logging_mixin.py:188} INFO - [2024-06-18T16:33:55.375+0000] {dag.py:3954} INFO - Setting next_dagrun for example_subdag_operator.section-1 to None, run_after=None
[2024-06-18T16:33:55.377+0000] {logging_mixin.py:188} INFO - [2024-06-18T16:33:55.377+0000] {dag.py:3954} INFO - Setting next_dagrun for example_subdag_operator.section-2 to None, run_after=None
[2024-06-18T16:33:55.388+0000] {logging_mixin.py:188} INFO - [2024-06-18T16:33:55.388+0000] {dag.py:3096} INFO - Sync 2 DAGs
[2024-06-18T16:33:55.397+0000] {logging_mixin.py:188} INFO - [2024-06-18T16:33:55.396+0000] {dag.py:3954} INFO - Setting next_dagrun for example_subdag_operator.section-1 to None, run_after=None
[2024-06-18T16:33:55.397+0000] {logging_mixin.py:188} INFO - [2024-06-18T16:33:55.397+0000] {dag.py:3954} INFO - Setting next_dagrun for example_subdag_operator.section-2 to None, run_after=None
[2024-06-18T16:33:55.413+0000] {processor.py:183} INFO - Processing /home/airflow/.local/lib/python3.12/site-packages/airflow/example_dags/example_subdag_operator.py took 0.156 seconds
[2024-06-18T16:34:25.518+0000] {processor.py:161} INFO - Started process (PID=824) to work on /home/airflow/.local/lib/python3.12/site-packages/airflow/example_dags/example_subdag_operator.py
[2024-06-18T16:34:25.519+0000] {processor.py:830} INFO - Processing file /home/airflow/.local/lib/python3.12/site-packages/airflow/example_dags/example_subdag_operator.py for tasks to queue
[2024-06-18T16:34:25.522+0000] {logging_mixin.py:188} INFO - [2024-06-18T16:34:25.521+0000] {dagbag.py:545} INFO - Filling up the DagBag from /home/airflow/.local/lib/python3.12/site-packages/airflow/example_dags/example_subdag_operator.py
[2024-06-18T16:34:25.555+0000] {processor.py:840} INFO - DAG(s) 'example_subdag_operator.section-1', 'example_subdag_operator.section-2', 'example_subdag_operator' retrieved from /home/airflow/.local/lib/python3.12/site-packages/airflow/example_dags/example_subdag_operator.py
[2024-06-18T16:34:25.576+0000] {logging_mixin.py:188} INFO - [2024-06-18T16:34:25.576+0000] {dag.py:3096} INFO - Sync 3 DAGs
[2024-06-18T16:34:25.616+0000] {logging_mixin.py:188} INFO - [2024-06-18T16:34:25.615+0000] {dag.py:3954} INFO - Setting next_dagrun for example_subdag_operator to 2022-01-01 00:00:00+00:00, run_after=2022-01-01 00:00:00+00:00
[2024-06-18T16:34:25.624+0000] {logging_mixin.py:188} INFO - [2024-06-18T16:34:25.623+0000] {dag.py:3954} INFO - Setting next_dagrun for example_subdag_operator.section-1 to None, run_after=None
[2024-06-18T16:34:25.626+0000] {logging_mixin.py:188} INFO - [2024-06-18T16:34:25.626+0000] {dag.py:3954} INFO - Setting next_dagrun for example_subdag_operator.section-2 to None, run_after=None
[2024-06-18T16:34:25.638+0000] {logging_mixin.py:188} INFO - [2024-06-18T16:34:25.638+0000] {dag.py:3096} INFO - Sync 2 DAGs
[2024-06-18T16:34:25.648+0000] {logging_mixin.py:188} INFO - [2024-06-18T16:34:25.647+0000] {dag.py:3954} INFO - Setting next_dagrun for example_subdag_operator.section-1 to None, run_after=None
[2024-06-18T16:34:25.648+0000] {logging_mixin.py:188} INFO - [2024-06-18T16:34:25.648+0000] {dag.py:3954} INFO - Setting next_dagrun for example_subdag_operator.section-2 to None, run_after=None
[2024-06-18T16:34:25.666+0000] {processor.py:183} INFO - Processing /home/airflow/.local/lib/python3.12/site-packages/airflow/example_dags/example_subdag_operator.py took 0.155 seconds
[2024-06-18T16:34:56.116+0000] {processor.py:161} INFO - Started process (PID=882) to work on /home/airflow/.local/lib/python3.12/site-packages/airflow/example_dags/example_subdag_operator.py
[2024-06-18T16:34:56.118+0000] {processor.py:830} INFO - Processing file /home/airflow/.local/lib/python3.12/site-packages/airflow/example_dags/example_subdag_operator.py for tasks to queue
[2024-06-18T16:34:56.120+0000] {logging_mixin.py:188} INFO - [2024-06-18T16:34:56.119+0000] {dagbag.py:545} INFO - Filling up the DagBag from /home/airflow/.local/lib/python3.12/site-packages/airflow/example_dags/example_subdag_operator.py
[2024-06-18T16:34:56.149+0000] {processor.py:840} INFO - DAG(s) 'example_subdag_operator.section-1', 'example_subdag_operator.section-2', 'example_subdag_operator' retrieved from /home/airflow/.local/lib/python3.12/site-packages/airflow/example_dags/example_subdag_operator.py
[2024-06-18T16:34:56.168+0000] {logging_mixin.py:188} INFO - [2024-06-18T16:34:56.168+0000] {dag.py:3096} INFO - Sync 3 DAGs
[2024-06-18T16:34:56.197+0000] {logging_mixin.py:188} INFO - [2024-06-18T16:34:56.197+0000] {dag.py:3954} INFO - Setting next_dagrun for example_subdag_operator to 2022-01-01 00:00:00+00:00, run_after=2022-01-01 00:00:00+00:00
[2024-06-18T16:34:56.202+0000] {logging_mixin.py:188} INFO - [2024-06-18T16:34:56.201+0000] {dag.py:3954} INFO - Setting next_dagrun for example_subdag_operator.section-1 to None, run_after=None
[2024-06-18T16:34:56.203+0000] {logging_mixin.py:188} INFO - [2024-06-18T16:34:56.203+0000] {dag.py:3954} INFO - Setting next_dagrun for example_subdag_operator.section-2 to None, run_after=None
[2024-06-18T16:34:56.210+0000] {logging_mixin.py:188} INFO - [2024-06-18T16:34:56.210+0000] {dag.py:3096} INFO - Sync 2 DAGs
[2024-06-18T16:34:56.216+0000] {logging_mixin.py:188} INFO - [2024-06-18T16:34:56.216+0000] {dag.py:3954} INFO - Setting next_dagrun for example_subdag_operator.section-1 to None, run_after=None
[2024-06-18T16:34:56.216+0000] {logging_mixin.py:188} INFO - [2024-06-18T16:34:56.216+0000] {dag.py:3954} INFO - Setting next_dagrun for example_subdag_operator.section-2 to None, run_after=None
[2024-06-18T16:34:56.229+0000] {processor.py:183} INFO - Processing /home/airflow/.local/lib/python3.12/site-packages/airflow/example_dags/example_subdag_operator.py took 0.122 seconds
[2024-06-18T16:35:26.454+0000] {processor.py:161} INFO - Started process (PID=940) to work on /home/airflow/.local/lib/python3.12/site-packages/airflow/example_dags/example_subdag_operator.py
[2024-06-18T16:35:26.455+0000] {processor.py:830} INFO - Processing file /home/airflow/.local/lib/python3.12/site-packages/airflow/example_dags/example_subdag_operator.py for tasks to queue
[2024-06-18T16:35:26.458+0000] {logging_mixin.py:188} INFO - [2024-06-18T16:35:26.457+0000] {dagbag.py:545} INFO - Filling up the DagBag from /home/airflow/.local/lib/python3.12/site-packages/airflow/example_dags/example_subdag_operator.py
[2024-06-18T16:35:26.488+0000] {processor.py:840} INFO - DAG(s) 'example_subdag_operator.section-1', 'example_subdag_operator.section-2', 'example_subdag_operator' retrieved from /home/airflow/.local/lib/python3.12/site-packages/airflow/example_dags/example_subdag_operator.py
[2024-06-18T16:35:26.506+0000] {logging_mixin.py:188} INFO - [2024-06-18T16:35:26.506+0000] {dag.py:3096} INFO - Sync 3 DAGs
[2024-06-18T16:35:26.531+0000] {logging_mixin.py:188} INFO - [2024-06-18T16:35:26.531+0000] {dag.py:3954} INFO - Setting next_dagrun for example_subdag_operator to 2022-01-01 00:00:00+00:00, run_after=2022-01-01 00:00:00+00:00
[2024-06-18T16:35:26.536+0000] {logging_mixin.py:188} INFO - [2024-06-18T16:35:26.535+0000] {dag.py:3954} INFO - Setting next_dagrun for example_subdag_operator.section-1 to None, run_after=None
[2024-06-18T16:35:26.537+0000] {logging_mixin.py:188} INFO - [2024-06-18T16:35:26.537+0000] {dag.py:3954} INFO - Setting next_dagrun for example_subdag_operator.section-2 to None, run_after=None
[2024-06-18T16:35:26.545+0000] {logging_mixin.py:188} INFO - [2024-06-18T16:35:26.544+0000] {dag.py:3096} INFO - Sync 2 DAGs
[2024-06-18T16:35:26.550+0000] {logging_mixin.py:188} INFO - [2024-06-18T16:35:26.550+0000] {dag.py:3954} INFO - Setting next_dagrun for example_subdag_operator.section-1 to None, run_after=None
[2024-06-18T16:35:26.550+0000] {logging_mixin.py:188} INFO - [2024-06-18T16:35:26.550+0000] {dag.py:3954} INFO - Setting next_dagrun for example_subdag_operator.section-2 to None, run_after=None
[2024-06-18T16:35:26.565+0000] {processor.py:183} INFO - Processing /home/airflow/.local/lib/python3.12/site-packages/airflow/example_dags/example_subdag_operator.py took 0.119 seconds
[2024-06-18T16:35:56.627+0000] {processor.py:161} INFO - Started process (PID=997) to work on /home/airflow/.local/lib/python3.12/site-packages/airflow/example_dags/example_subdag_operator.py
[2024-06-18T16:35:56.629+0000] {processor.py:830} INFO - Processing file /home/airflow/.local/lib/python3.12/site-packages/airflow/example_dags/example_subdag_operator.py for tasks to queue
[2024-06-18T16:35:56.632+0000] {logging_mixin.py:188} INFO - [2024-06-18T16:35:56.631+0000] {dagbag.py:545} INFO - Filling up the DagBag from /home/airflow/.local/lib/python3.12/site-packages/airflow/example_dags/example_subdag_operator.py
[2024-06-18T16:35:56.665+0000] {processor.py:840} INFO - DAG(s) 'example_subdag_operator.section-1', 'example_subdag_operator.section-2', 'example_subdag_operator' retrieved from /home/airflow/.local/lib/python3.12/site-packages/airflow/example_dags/example_subdag_operator.py
[2024-06-18T16:35:56.685+0000] {logging_mixin.py:188} INFO - [2024-06-18T16:35:56.685+0000] {dag.py:3096} INFO - Sync 3 DAGs
[2024-06-18T16:35:56.715+0000] {logging_mixin.py:188} INFO - [2024-06-18T16:35:56.714+0000] {dag.py:3954} INFO - Setting next_dagrun for example_subdag_operator to 2022-01-01 00:00:00+00:00, run_after=2022-01-01 00:00:00+00:00
[2024-06-18T16:35:56.720+0000] {logging_mixin.py:188} INFO - [2024-06-18T16:35:56.720+0000] {dag.py:3954} INFO - Setting next_dagrun for example_subdag_operator.section-1 to None, run_after=None
[2024-06-18T16:35:56.721+0000] {logging_mixin.py:188} INFO - [2024-06-18T16:35:56.721+0000] {dag.py:3954} INFO - Setting next_dagrun for example_subdag_operator.section-2 to None, run_after=None
[2024-06-18T16:35:56.730+0000] {logging_mixin.py:188} INFO - [2024-06-18T16:35:56.729+0000] {dag.py:3096} INFO - Sync 2 DAGs
[2024-06-18T16:35:56.736+0000] {logging_mixin.py:188} INFO - [2024-06-18T16:35:56.735+0000] {dag.py:3954} INFO - Setting next_dagrun for example_subdag_operator.section-1 to None, run_after=None
[2024-06-18T16:35:56.736+0000] {logging_mixin.py:188} INFO - [2024-06-18T16:35:56.736+0000] {dag.py:3954} INFO - Setting next_dagrun for example_subdag_operator.section-2 to None, run_after=None
[2024-06-18T16:35:56.750+0000] {processor.py:183} INFO - Processing /home/airflow/.local/lib/python3.12/site-packages/airflow/example_dags/example_subdag_operator.py took 0.132 seconds
[2024-06-18T16:36:26.842+0000] {processor.py:161} INFO - Started process (PID=1055) to work on /home/airflow/.local/lib/python3.12/site-packages/airflow/example_dags/example_subdag_operator.py
[2024-06-18T16:36:26.843+0000] {processor.py:830} INFO - Processing file /home/airflow/.local/lib/python3.12/site-packages/airflow/example_dags/example_subdag_operator.py for tasks to queue
[2024-06-18T16:36:26.845+0000] {logging_mixin.py:188} INFO - [2024-06-18T16:36:26.845+0000] {dagbag.py:545} INFO - Filling up the DagBag from /home/airflow/.local/lib/python3.12/site-packages/airflow/example_dags/example_subdag_operator.py
[2024-06-18T16:36:26.881+0000] {processor.py:840} INFO - DAG(s) 'example_subdag_operator.section-1', 'example_subdag_operator.section-2', 'example_subdag_operator' retrieved from /home/airflow/.local/lib/python3.12/site-packages/airflow/example_dags/example_subdag_operator.py
[2024-06-18T16:36:26.905+0000] {logging_mixin.py:188} INFO - [2024-06-18T16:36:26.904+0000] {dag.py:3096} INFO - Sync 3 DAGs
[2024-06-18T16:36:26.932+0000] {logging_mixin.py:188} INFO - [2024-06-18T16:36:26.931+0000] {dag.py:3954} INFO - Setting next_dagrun for example_subdag_operator to 2022-01-01 00:00:00+00:00, run_after=2022-01-01 00:00:00+00:00
[2024-06-18T16:36:26.936+0000] {logging_mixin.py:188} INFO - [2024-06-18T16:36:26.936+0000] {dag.py:3954} INFO - Setting next_dagrun for example_subdag_operator.section-1 to None, run_after=None
[2024-06-18T16:36:26.937+0000] {logging_mixin.py:188} INFO - [2024-06-18T16:36:26.937+0000] {dag.py:3954} INFO - Setting next_dagrun for example_subdag_operator.section-2 to None, run_after=None
[2024-06-18T16:36:26.945+0000] {logging_mixin.py:188} INFO - [2024-06-18T16:36:26.945+0000] {dag.py:3096} INFO - Sync 2 DAGs
[2024-06-18T16:36:26.951+0000] {logging_mixin.py:188} INFO - [2024-06-18T16:36:26.951+0000] {dag.py:3954} INFO - Setting next_dagrun for example_subdag_operator.section-1 to None, run_after=None
[2024-06-18T16:36:26.952+0000] {logging_mixin.py:188} INFO - [2024-06-18T16:36:26.952+0000] {dag.py:3954} INFO - Setting next_dagrun for example_subdag_operator.section-2 to None, run_after=None
[2024-06-18T16:36:26.967+0000] {processor.py:183} INFO - Processing /home/airflow/.local/lib/python3.12/site-packages/airflow/example_dags/example_subdag_operator.py took 0.133 seconds
[2024-06-18T16:36:57.007+0000] {processor.py:161} INFO - Started process (PID=1112) to work on /home/airflow/.local/lib/python3.12/site-packages/airflow/example_dags/example_subdag_operator.py
[2024-06-18T16:36:57.009+0000] {processor.py:830} INFO - Processing file /home/airflow/.local/lib/python3.12/site-packages/airflow/example_dags/example_subdag_operator.py for tasks to queue
[2024-06-18T16:36:57.012+0000] {logging_mixin.py:188} INFO - [2024-06-18T16:36:57.011+0000] {dagbag.py:545} INFO - Filling up the DagBag from /home/airflow/.local/lib/python3.12/site-packages/airflow/example_dags/example_subdag_operator.py
[2024-06-18T16:36:57.049+0000] {processor.py:840} INFO - DAG(s) 'example_subdag_operator.section-1', 'example_subdag_operator.section-2', 'example_subdag_operator' retrieved from /home/airflow/.local/lib/python3.12/site-packages/airflow/example_dags/example_subdag_operator.py
[2024-06-18T16:36:57.069+0000] {logging_mixin.py:188} INFO - [2024-06-18T16:36:57.069+0000] {dag.py:3096} INFO - Sync 3 DAGs
[2024-06-18T16:36:57.102+0000] {logging_mixin.py:188} INFO - [2024-06-18T16:36:57.101+0000] {dag.py:3954} INFO - Setting next_dagrun for example_subdag_operator to 2022-01-01 00:00:00+00:00, run_after=2022-01-01 00:00:00+00:00
[2024-06-18T16:36:57.106+0000] {logging_mixin.py:188} INFO - [2024-06-18T16:36:57.106+0000] {dag.py:3954} INFO - Setting next_dagrun for example_subdag_operator.section-1 to None, run_after=None
[2024-06-18T16:36:57.108+0000] {logging_mixin.py:188} INFO - [2024-06-18T16:36:57.108+0000] {dag.py:3954} INFO - Setting next_dagrun for example_subdag_operator.section-2 to None, run_after=None
[2024-06-18T16:36:57.116+0000] {logging_mixin.py:188} INFO - [2024-06-18T16:36:57.116+0000] {dag.py:3096} INFO - Sync 2 DAGs
[2024-06-18T16:36:57.122+0000] {logging_mixin.py:188} INFO - [2024-06-18T16:36:57.122+0000] {dag.py:3954} INFO - Setting next_dagrun for example_subdag_operator.section-1 to None, run_after=None
[2024-06-18T16:36:57.122+0000] {logging_mixin.py:188} INFO - [2024-06-18T16:36:57.122+0000] {dag.py:3954} INFO - Setting next_dagrun for example_subdag_operator.section-2 to None, run_after=None
[2024-06-18T16:36:57.136+0000] {processor.py:183} INFO - Processing /home/airflow/.local/lib/python3.12/site-packages/airflow/example_dags/example_subdag_operator.py took 0.138 seconds
[2024-06-18T16:37:27.429+0000] {processor.py:161} INFO - Started process (PID=1170) to work on /home/airflow/.local/lib/python3.12/site-packages/airflow/example_dags/example_subdag_operator.py
[2024-06-18T16:37:27.430+0000] {processor.py:830} INFO - Processing file /home/airflow/.local/lib/python3.12/site-packages/airflow/example_dags/example_subdag_operator.py for tasks to queue
[2024-06-18T16:37:27.435+0000] {logging_mixin.py:188} INFO - [2024-06-18T16:37:27.435+0000] {dagbag.py:545} INFO - Filling up the DagBag from /home/airflow/.local/lib/python3.12/site-packages/airflow/example_dags/example_subdag_operator.py
[2024-06-18T16:37:27.486+0000] {processor.py:840} INFO - DAG(s) 'example_subdag_operator.section-1', 'example_subdag_operator.section-2', 'example_subdag_operator' retrieved from /home/airflow/.local/lib/python3.12/site-packages/airflow/example_dags/example_subdag_operator.py
[2024-06-18T16:37:27.519+0000] {logging_mixin.py:188} INFO - [2024-06-18T16:37:27.518+0000] {dag.py:3096} INFO - Sync 3 DAGs
[2024-06-18T16:37:27.557+0000] {logging_mixin.py:188} INFO - [2024-06-18T16:37:27.556+0000] {dag.py:3954} INFO - Setting next_dagrun for example_subdag_operator to 2022-01-01 00:00:00+00:00, run_after=2022-01-01 00:00:00+00:00
[2024-06-18T16:37:27.563+0000] {logging_mixin.py:188} INFO - [2024-06-18T16:37:27.563+0000] {dag.py:3954} INFO - Setting next_dagrun for example_subdag_operator.section-1 to None, run_after=None
[2024-06-18T16:37:27.568+0000] {logging_mixin.py:188} INFO - [2024-06-18T16:37:27.568+0000] {dag.py:3954} INFO - Setting next_dagrun for example_subdag_operator.section-2 to None, run_after=None
[2024-06-18T16:37:27.578+0000] {logging_mixin.py:188} INFO - [2024-06-18T16:37:27.578+0000] {dag.py:3096} INFO - Sync 2 DAGs
[2024-06-18T16:37:27.591+0000] {logging_mixin.py:188} INFO - [2024-06-18T16:37:27.591+0000] {dag.py:3954} INFO - Setting next_dagrun for example_subdag_operator.section-1 to None, run_after=None
[2024-06-18T16:37:27.591+0000] {logging_mixin.py:188} INFO - [2024-06-18T16:37:27.591+0000] {dag.py:3954} INFO - Setting next_dagrun for example_subdag_operator.section-2 to None, run_after=None
[2024-06-18T16:37:27.609+0000] {processor.py:183} INFO - Processing /home/airflow/.local/lib/python3.12/site-packages/airflow/example_dags/example_subdag_operator.py took 0.191 seconds
[2024-06-18T16:38:52.840+0000] {processor.py:161} INFO - Started process (PID=64) to work on /home/airflow/.local/lib/python3.12/site-packages/airflow/example_dags/example_subdag_operator.py
[2024-06-18T16:38:52.842+0000] {processor.py:830} INFO - Processing file /home/airflow/.local/lib/python3.12/site-packages/airflow/example_dags/example_subdag_operator.py for tasks to queue
[2024-06-18T16:38:52.844+0000] {logging_mixin.py:188} INFO - [2024-06-18T16:38:52.844+0000] {dagbag.py:545} INFO - Filling up the DagBag from /home/airflow/.local/lib/python3.12/site-packages/airflow/example_dags/example_subdag_operator.py
[2024-06-18T16:38:52.876+0000] {processor.py:840} INFO - DAG(s) 'example_subdag_operator.section-1', 'example_subdag_operator.section-2', 'example_subdag_operator' retrieved from /home/airflow/.local/lib/python3.12/site-packages/airflow/example_dags/example_subdag_operator.py
[2024-06-18T16:38:52.881+0000] {logging_mixin.py:188} INFO - [2024-06-18T16:38:52.880+0000] {dag.py:3096} INFO - Sync 3 DAGs
[2024-06-18T16:38:52.916+0000] {logging_mixin.py:188} INFO - [2024-06-18T16:38:52.915+0000] {dag.py:3954} INFO - Setting next_dagrun for example_subdag_operator to 2022-01-01 00:00:00+00:00, run_after=2022-01-01 00:00:00+00:00
[2024-06-18T16:38:52.920+0000] {logging_mixin.py:188} INFO - [2024-06-18T16:38:52.920+0000] {dag.py:3954} INFO - Setting next_dagrun for example_subdag_operator.section-1 to None, run_after=None
[2024-06-18T16:38:52.922+0000] {logging_mixin.py:188} INFO - [2024-06-18T16:38:52.921+0000] {dag.py:3954} INFO - Setting next_dagrun for example_subdag_operator.section-2 to None, run_after=None
[2024-06-18T16:38:52.930+0000] {logging_mixin.py:188} INFO - [2024-06-18T16:38:52.930+0000] {dag.py:3096} INFO - Sync 2 DAGs
[2024-06-18T16:38:52.936+0000] {logging_mixin.py:188} INFO - [2024-06-18T16:38:52.936+0000] {dag.py:3954} INFO - Setting next_dagrun for example_subdag_operator.section-1 to None, run_after=None
[2024-06-18T16:38:52.937+0000] {logging_mixin.py:188} INFO - [2024-06-18T16:38:52.936+0000] {dag.py:3954} INFO - Setting next_dagrun for example_subdag_operator.section-2 to None, run_after=None
[2024-06-18T16:38:52.949+0000] {processor.py:183} INFO - Processing /home/airflow/.local/lib/python3.12/site-packages/airflow/example_dags/example_subdag_operator.py took 0.116 seconds
[2024-06-18T16:39:25.054+0000] {processor.py:161} INFO - Started process (PID=121) to work on /home/airflow/.local/lib/python3.12/site-packages/airflow/example_dags/example_subdag_operator.py
[2024-06-18T16:39:25.056+0000] {processor.py:830} INFO - Processing file /home/airflow/.local/lib/python3.12/site-packages/airflow/example_dags/example_subdag_operator.py for tasks to queue
[2024-06-18T16:39:25.058+0000] {logging_mixin.py:188} INFO - [2024-06-18T16:39:25.058+0000] {dagbag.py:545} INFO - Filling up the DagBag from /home/airflow/.local/lib/python3.12/site-packages/airflow/example_dags/example_subdag_operator.py
[2024-06-18T16:39:25.088+0000] {processor.py:840} INFO - DAG(s) 'example_subdag_operator.section-1', 'example_subdag_operator.section-2', 'example_subdag_operator' retrieved from /home/airflow/.local/lib/python3.12/site-packages/airflow/example_dags/example_subdag_operator.py
[2024-06-18T16:39:25.213+0000] {logging_mixin.py:188} INFO - [2024-06-18T16:39:25.213+0000] {dag.py:3096} INFO - Sync 3 DAGs
[2024-06-18T16:39:25.237+0000] {logging_mixin.py:188} INFO - [2024-06-18T16:39:25.237+0000] {dag.py:3954} INFO - Setting next_dagrun for example_subdag_operator to 2022-01-01 00:00:00+00:00, run_after=2022-01-01 00:00:00+00:00
[2024-06-18T16:39:25.241+0000] {logging_mixin.py:188} INFO - [2024-06-18T16:39:25.240+0000] {dag.py:3954} INFO - Setting next_dagrun for example_subdag_operator.section-1 to None, run_after=None
[2024-06-18T16:39:25.242+0000] {logging_mixin.py:188} INFO - [2024-06-18T16:39:25.242+0000] {dag.py:3954} INFO - Setting next_dagrun for example_subdag_operator.section-2 to None, run_after=None
[2024-06-18T16:39:25.252+0000] {logging_mixin.py:188} INFO - [2024-06-18T16:39:25.252+0000] {dag.py:3096} INFO - Sync 2 DAGs
[2024-06-18T16:39:25.260+0000] {logging_mixin.py:188} INFO - [2024-06-18T16:39:25.260+0000] {dag.py:3954} INFO - Setting next_dagrun for example_subdag_operator.section-1 to None, run_after=None
[2024-06-18T16:39:25.261+0000] {logging_mixin.py:188} INFO - [2024-06-18T16:39:25.260+0000] {dag.py:3954} INFO - Setting next_dagrun for example_subdag_operator.section-2 to None, run_after=None
[2024-06-18T16:39:25.277+0000] {processor.py:183} INFO - Processing /home/airflow/.local/lib/python3.12/site-packages/airflow/example_dags/example_subdag_operator.py took 0.232 seconds
[2024-06-18T16:39:56.123+0000] {processor.py:161} INFO - Started process (PID=179) to work on /home/airflow/.local/lib/python3.12/site-packages/airflow/example_dags/example_subdag_operator.py
[2024-06-18T16:39:56.124+0000] {processor.py:830} INFO - Processing file /home/airflow/.local/lib/python3.12/site-packages/airflow/example_dags/example_subdag_operator.py for tasks to queue
[2024-06-18T16:39:56.127+0000] {logging_mixin.py:188} INFO - [2024-06-18T16:39:56.127+0000] {dagbag.py:545} INFO - Filling up the DagBag from /home/airflow/.local/lib/python3.12/site-packages/airflow/example_dags/example_subdag_operator.py
[2024-06-18T16:39:56.164+0000] {processor.py:840} INFO - DAG(s) 'example_subdag_operator.section-1', 'example_subdag_operator.section-2', 'example_subdag_operator' retrieved from /home/airflow/.local/lib/python3.12/site-packages/airflow/example_dags/example_subdag_operator.py
[2024-06-18T16:39:56.195+0000] {logging_mixin.py:188} INFO - [2024-06-18T16:39:56.195+0000] {dag.py:3096} INFO - Sync 3 DAGs
[2024-06-18T16:39:56.233+0000] {logging_mixin.py:188} INFO - [2024-06-18T16:39:56.232+0000] {dag.py:3954} INFO - Setting next_dagrun for example_subdag_operator to 2022-01-01 00:00:00+00:00, run_after=2022-01-01 00:00:00+00:00
[2024-06-18T16:39:56.240+0000] {logging_mixin.py:188} INFO - [2024-06-18T16:39:56.240+0000] {dag.py:3954} INFO - Setting next_dagrun for example_subdag_operator.section-1 to None, run_after=None
[2024-06-18T16:39:56.242+0000] {logging_mixin.py:188} INFO - [2024-06-18T16:39:56.242+0000] {dag.py:3954} INFO - Setting next_dagrun for example_subdag_operator.section-2 to None, run_after=None
[2024-06-18T16:39:56.255+0000] {logging_mixin.py:188} INFO - [2024-06-18T16:39:56.255+0000] {dag.py:3096} INFO - Sync 2 DAGs
[2024-06-18T16:39:56.264+0000] {logging_mixin.py:188} INFO - [2024-06-18T16:39:56.264+0000] {dag.py:3954} INFO - Setting next_dagrun for example_subdag_operator.section-1 to None, run_after=None
[2024-06-18T16:39:56.265+0000] {logging_mixin.py:188} INFO - [2024-06-18T16:39:56.265+0000] {dag.py:3954} INFO - Setting next_dagrun for example_subdag_operator.section-2 to None, run_after=None
[2024-06-18T16:39:56.281+0000] {processor.py:183} INFO - Processing /home/airflow/.local/lib/python3.12/site-packages/airflow/example_dags/example_subdag_operator.py took 0.166 seconds
[2024-06-18T16:40:26.364+0000] {processor.py:161} INFO - Started process (PID=237) to work on /home/airflow/.local/lib/python3.12/site-packages/airflow/example_dags/example_subdag_operator.py
[2024-06-18T16:40:26.366+0000] {processor.py:830} INFO - Processing file /home/airflow/.local/lib/python3.12/site-packages/airflow/example_dags/example_subdag_operator.py for tasks to queue
[2024-06-18T16:40:26.369+0000] {logging_mixin.py:188} INFO - [2024-06-18T16:40:26.369+0000] {dagbag.py:545} INFO - Filling up the DagBag from /home/airflow/.local/lib/python3.12/site-packages/airflow/example_dags/example_subdag_operator.py
[2024-06-18T16:40:26.408+0000] {processor.py:840} INFO - DAG(s) 'example_subdag_operator.section-1', 'example_subdag_operator.section-2', 'example_subdag_operator' retrieved from /home/airflow/.local/lib/python3.12/site-packages/airflow/example_dags/example_subdag_operator.py
[2024-06-18T16:40:26.433+0000] {logging_mixin.py:188} INFO - [2024-06-18T16:40:26.433+0000] {dag.py:3096} INFO - Sync 3 DAGs
[2024-06-18T16:40:26.463+0000] {logging_mixin.py:188} INFO - [2024-06-18T16:40:26.462+0000] {dag.py:3954} INFO - Setting next_dagrun for example_subdag_operator to 2022-01-01 00:00:00+00:00, run_after=2022-01-01 00:00:00+00:00
[2024-06-18T16:40:26.467+0000] {logging_mixin.py:188} INFO - [2024-06-18T16:40:26.467+0000] {dag.py:3954} INFO - Setting next_dagrun for example_subdag_operator.section-1 to None, run_after=None
[2024-06-18T16:40:26.469+0000] {logging_mixin.py:188} INFO - [2024-06-18T16:40:26.468+0000] {dag.py:3954} INFO - Setting next_dagrun for example_subdag_operator.section-2 to None, run_after=None
[2024-06-18T16:40:26.477+0000] {logging_mixin.py:188} INFO - [2024-06-18T16:40:26.477+0000] {dag.py:3096} INFO - Sync 2 DAGs
[2024-06-18T16:40:26.483+0000] {logging_mixin.py:188} INFO - [2024-06-18T16:40:26.483+0000] {dag.py:3954} INFO - Setting next_dagrun for example_subdag_operator.section-1 to None, run_after=None
[2024-06-18T16:40:26.483+0000] {logging_mixin.py:188} INFO - [2024-06-18T16:40:26.483+0000] {dag.py:3954} INFO - Setting next_dagrun for example_subdag_operator.section-2 to None, run_after=None
[2024-06-18T16:40:26.495+0000] {processor.py:183} INFO - Processing /home/airflow/.local/lib/python3.12/site-packages/airflow/example_dags/example_subdag_operator.py took 0.139 seconds
[2024-06-18T16:40:56.747+0000] {processor.py:161} INFO - Started process (PID=295) to work on /home/airflow/.local/lib/python3.12/site-packages/airflow/example_dags/example_subdag_operator.py
[2024-06-18T16:40:56.749+0000] {processor.py:830} INFO - Processing file /home/airflow/.local/lib/python3.12/site-packages/airflow/example_dags/example_subdag_operator.py for tasks to queue
[2024-06-18T16:40:56.751+0000] {logging_mixin.py:188} INFO - [2024-06-18T16:40:56.751+0000] {dagbag.py:545} INFO - Filling up the DagBag from /home/airflow/.local/lib/python3.12/site-packages/airflow/example_dags/example_subdag_operator.py
[2024-06-18T16:40:56.785+0000] {processor.py:840} INFO - DAG(s) 'example_subdag_operator.section-1', 'example_subdag_operator.section-2', 'example_subdag_operator' retrieved from /home/airflow/.local/lib/python3.12/site-packages/airflow/example_dags/example_subdag_operator.py
[2024-06-18T16:40:56.821+0000] {logging_mixin.py:188} INFO - [2024-06-18T16:40:56.820+0000] {dag.py:3096} INFO - Sync 3 DAGs
[2024-06-18T16:40:56.858+0000] {logging_mixin.py:188} INFO - [2024-06-18T16:40:56.858+0000] {dag.py:3954} INFO - Setting next_dagrun for example_subdag_operator to 2022-01-01 00:00:00+00:00, run_after=2022-01-01 00:00:00+00:00
[2024-06-18T16:40:56.866+0000] {logging_mixin.py:188} INFO - [2024-06-18T16:40:56.866+0000] {dag.py:3954} INFO - Setting next_dagrun for example_subdag_operator.section-1 to None, run_after=None
[2024-06-18T16:40:56.869+0000] {logging_mixin.py:188} INFO - [2024-06-18T16:40:56.868+0000] {dag.py:3954} INFO - Setting next_dagrun for example_subdag_operator.section-2 to None, run_after=None
[2024-06-18T16:40:56.880+0000] {logging_mixin.py:188} INFO - [2024-06-18T16:40:56.880+0000] {dag.py:3096} INFO - Sync 2 DAGs
[2024-06-18T16:40:56.887+0000] {logging_mixin.py:188} INFO - [2024-06-18T16:40:56.887+0000] {dag.py:3954} INFO - Setting next_dagrun for example_subdag_operator.section-1 to None, run_after=None
[2024-06-18T16:40:56.888+0000] {logging_mixin.py:188} INFO - [2024-06-18T16:40:56.888+0000] {dag.py:3954} INFO - Setting next_dagrun for example_subdag_operator.section-2 to None, run_after=None
[2024-06-18T16:40:56.901+0000] {processor.py:183} INFO - Processing /home/airflow/.local/lib/python3.12/site-packages/airflow/example_dags/example_subdag_operator.py took 0.162 seconds
[2024-06-18T16:41:27.518+0000] {processor.py:161} INFO - Started process (PID=353) to work on /home/airflow/.local/lib/python3.12/site-packages/airflow/example_dags/example_subdag_operator.py
[2024-06-18T16:41:27.519+0000] {processor.py:830} INFO - Processing file /home/airflow/.local/lib/python3.12/site-packages/airflow/example_dags/example_subdag_operator.py for tasks to queue
[2024-06-18T16:41:27.522+0000] {logging_mixin.py:188} INFO - [2024-06-18T16:41:27.521+0000] {dagbag.py:545} INFO - Filling up the DagBag from /home/airflow/.local/lib/python3.12/site-packages/airflow/example_dags/example_subdag_operator.py
[2024-06-18T16:41:27.552+0000] {processor.py:840} INFO - DAG(s) 'example_subdag_operator.section-1', 'example_subdag_operator.section-2', 'example_subdag_operator' retrieved from /home/airflow/.local/lib/python3.12/site-packages/airflow/example_dags/example_subdag_operator.py
[2024-06-18T16:41:27.570+0000] {logging_mixin.py:188} INFO - [2024-06-18T16:41:27.570+0000] {dag.py:3096} INFO - Sync 3 DAGs
[2024-06-18T16:41:27.595+0000] {logging_mixin.py:188} INFO - [2024-06-18T16:41:27.595+0000] {dag.py:3954} INFO - Setting next_dagrun for example_subdag_operator to 2022-01-01 00:00:00+00:00, run_after=2022-01-01 00:00:00+00:00
[2024-06-18T16:41:27.599+0000] {logging_mixin.py:188} INFO - [2024-06-18T16:41:27.599+0000] {dag.py:3954} INFO - Setting next_dagrun for example_subdag_operator.section-1 to None, run_after=None
[2024-06-18T16:41:27.600+0000] {logging_mixin.py:188} INFO - [2024-06-18T16:41:27.600+0000] {dag.py:3954} INFO - Setting next_dagrun for example_subdag_operator.section-2 to None, run_after=None
[2024-06-18T16:41:27.608+0000] {logging_mixin.py:188} INFO - [2024-06-18T16:41:27.608+0000] {dag.py:3096} INFO - Sync 2 DAGs
[2024-06-18T16:41:27.614+0000] {logging_mixin.py:188} INFO - [2024-06-18T16:41:27.614+0000] {dag.py:3954} INFO - Setting next_dagrun for example_subdag_operator.section-1 to None, run_after=None
[2024-06-18T16:41:27.614+0000] {logging_mixin.py:188} INFO - [2024-06-18T16:41:27.614+0000] {dag.py:3954} INFO - Setting next_dagrun for example_subdag_operator.section-2 to None, run_after=None
[2024-06-18T16:41:27.626+0000] {processor.py:183} INFO - Processing /home/airflow/.local/lib/python3.12/site-packages/airflow/example_dags/example_subdag_operator.py took 0.117 seconds
[2024-06-18T16:41:57.939+0000] {processor.py:161} INFO - Started process (PID=411) to work on /home/airflow/.local/lib/python3.12/site-packages/airflow/example_dags/example_subdag_operator.py
[2024-06-18T16:41:57.941+0000] {processor.py:830} INFO - Processing file /home/airflow/.local/lib/python3.12/site-packages/airflow/example_dags/example_subdag_operator.py for tasks to queue
[2024-06-18T16:41:57.943+0000] {logging_mixin.py:188} INFO - [2024-06-18T16:41:57.943+0000] {dagbag.py:545} INFO - Filling up the DagBag from /home/airflow/.local/lib/python3.12/site-packages/airflow/example_dags/example_subdag_operator.py
[2024-06-18T16:41:57.974+0000] {processor.py:840} INFO - DAG(s) 'example_subdag_operator.section-1', 'example_subdag_operator.section-2', 'example_subdag_operator' retrieved from /home/airflow/.local/lib/python3.12/site-packages/airflow/example_dags/example_subdag_operator.py
[2024-06-18T16:41:57.993+0000] {logging_mixin.py:188} INFO - [2024-06-18T16:41:57.993+0000] {dag.py:3096} INFO - Sync 3 DAGs
[2024-06-18T16:41:58.024+0000] {logging_mixin.py:188} INFO - [2024-06-18T16:41:58.024+0000] {dag.py:3954} INFO - Setting next_dagrun for example_subdag_operator to 2022-01-01 00:00:00+00:00, run_after=2022-01-01 00:00:00+00:00
[2024-06-18T16:41:58.029+0000] {logging_mixin.py:188} INFO - [2024-06-18T16:41:58.028+0000] {dag.py:3954} INFO - Setting next_dagrun for example_subdag_operator.section-1 to None, run_after=None
[2024-06-18T16:41:58.030+0000] {logging_mixin.py:188} INFO - [2024-06-18T16:41:58.030+0000] {dag.py:3954} INFO - Setting next_dagrun for example_subdag_operator.section-2 to None, run_after=None
[2024-06-18T16:41:58.040+0000] {logging_mixin.py:188} INFO - [2024-06-18T16:41:58.039+0000] {dag.py:3096} INFO - Sync 2 DAGs
[2024-06-18T16:41:58.046+0000] {logging_mixin.py:188} INFO - [2024-06-18T16:41:58.046+0000] {dag.py:3954} INFO - Setting next_dagrun for example_subdag_operator.section-1 to None, run_after=None
[2024-06-18T16:41:58.047+0000] {logging_mixin.py:188} INFO - [2024-06-18T16:41:58.046+0000] {dag.py:3954} INFO - Setting next_dagrun for example_subdag_operator.section-2 to None, run_after=None
[2024-06-18T16:41:58.061+0000] {processor.py:183} INFO - Processing /home/airflow/.local/lib/python3.12/site-packages/airflow/example_dags/example_subdag_operator.py took 0.130 seconds
[2024-06-18T16:42:28.387+0000] {processor.py:161} INFO - Started process (PID=469) to work on /home/airflow/.local/lib/python3.12/site-packages/airflow/example_dags/example_subdag_operator.py
[2024-06-18T16:42:28.389+0000] {processor.py:830} INFO - Processing file /home/airflow/.local/lib/python3.12/site-packages/airflow/example_dags/example_subdag_operator.py for tasks to queue
[2024-06-18T16:42:28.392+0000] {logging_mixin.py:188} INFO - [2024-06-18T16:42:28.391+0000] {dagbag.py:545} INFO - Filling up the DagBag from /home/airflow/.local/lib/python3.12/site-packages/airflow/example_dags/example_subdag_operator.py
[2024-06-18T16:42:28.426+0000] {processor.py:840} INFO - DAG(s) 'example_subdag_operator.section-1', 'example_subdag_operator.section-2', 'example_subdag_operator' retrieved from /home/airflow/.local/lib/python3.12/site-packages/airflow/example_dags/example_subdag_operator.py
[2024-06-18T16:42:28.448+0000] {logging_mixin.py:188} INFO - [2024-06-18T16:42:28.448+0000] {dag.py:3096} INFO - Sync 3 DAGs
[2024-06-18T16:42:28.476+0000] {logging_mixin.py:188} INFO - [2024-06-18T16:42:28.476+0000] {dag.py:3954} INFO - Setting next_dagrun for example_subdag_operator to 2022-01-01 00:00:00+00:00, run_after=2022-01-01 00:00:00+00:00
[2024-06-18T16:42:28.481+0000] {logging_mixin.py:188} INFO - [2024-06-18T16:42:28.481+0000] {dag.py:3954} INFO - Setting next_dagrun for example_subdag_operator.section-1 to None, run_after=None
[2024-06-18T16:42:28.482+0000] {logging_mixin.py:188} INFO - [2024-06-18T16:42:28.482+0000] {dag.py:3954} INFO - Setting next_dagrun for example_subdag_operator.section-2 to None, run_after=None
[2024-06-18T16:42:28.490+0000] {logging_mixin.py:188} INFO - [2024-06-18T16:42:28.490+0000] {dag.py:3096} INFO - Sync 2 DAGs
[2024-06-18T16:42:28.496+0000] {logging_mixin.py:188} INFO - [2024-06-18T16:42:28.496+0000] {dag.py:3954} INFO - Setting next_dagrun for example_subdag_operator.section-1 to None, run_after=None
[2024-06-18T16:42:28.496+0000] {logging_mixin.py:188} INFO - [2024-06-18T16:42:28.496+0000] {dag.py:3954} INFO - Setting next_dagrun for example_subdag_operator.section-2 to None, run_after=None
[2024-06-18T16:42:28.510+0000] {processor.py:183} INFO - Processing /home/airflow/.local/lib/python3.12/site-packages/airflow/example_dags/example_subdag_operator.py took 0.132 seconds
