[2024-06-19T07:16:22.172+0000] {local_task_job_runner.py:120} INFO - ::group::Pre task execution logs
[2024-06-19T07:16:22.543+0000] {taskinstance.py:2076} INFO - Dependencies all met for dep_context=non-requeueable deps ti=<TaskInstance: summary_transaction.load_task scheduled__2024-06-18T02:00:00+00:00 [queued]>
[2024-06-19T07:16:22.560+0000] {taskinstance.py:2076} INFO - Dependencies all met for dep_context=requeueable deps ti=<TaskInstance: summary_transaction.load_task scheduled__2024-06-18T02:00:00+00:00 [queued]>
[2024-06-19T07:16:22.561+0000] {taskinstance.py:2306} INFO - Starting attempt 2 of 3
[2024-06-19T07:16:22.594+0000] {taskinstance.py:2330} INFO - Executing <Task(PythonOperator): load_task> on 2024-06-18 02:00:00+00:00
[2024-06-19T07:16:22.611+0000] {warnings.py:112} WARNING - /home/***/.local/lib/python3.12/site-packages/***/task/task_runner/standard_task_runner.py:61: DeprecationWarning: This process (pid=10739) is multi-threaded, use of fork() may lead to deadlocks in the child.
  pid = os.fork()

[2024-06-19T07:16:22.614+0000] {standard_task_runner.py:63} INFO - Started process 10741 to run task
[2024-06-19T07:16:22.619+0000] {standard_task_runner.py:90} INFO - Running: ['***', 'tasks', 'run', 'summary_transaction', 'load_task', 'scheduled__2024-06-18T02:00:00+00:00', '--job-id', '26', '--raw', '--subdir', 'DAGS_FOLDER/summary_transaction.py', '--cfg-path', '/tmp/tmplofug5gy']
[2024-06-19T07:16:22.623+0000] {standard_task_runner.py:91} INFO - Job 26: Subtask load_task
[2024-06-19T07:16:22.738+0000] {task_command.py:426} INFO - Running <TaskInstance: summary_transaction.load_task scheduled__2024-06-18T02:00:00+00:00 [running]> on host 7709186783c9
[2024-06-19T07:16:22.919+0000] {taskinstance.py:2648} INFO - Exporting env vars: AIRFLOW_CTX_DAG_OWNER='candratama' AIRFLOW_CTX_DAG_ID='summary_transaction' AIRFLOW_CTX_TASK_ID='load_task' AIRFLOW_CTX_EXECUTION_DATE='2024-06-18T02:00:00+00:00' AIRFLOW_CTX_TRY_NUMBER='2' AIRFLOW_CTX_DAG_RUN_ID='scheduled__2024-06-18T02:00:00+00:00'
[2024-06-19T07:16:22.922+0000] {taskinstance.py:430} INFO - ::endgroup::
[2024-06-19T07:16:23.075+0000] {warnings.py:112} WARNING - /opt/***/dags/summary_transaction.py:42: FutureWarning: Passing literal json to 'read_json' is deprecated and will be removed in a future version. To read from a literal string, wrap it in a 'StringIO' object.
  df = pd.read_json(df_json)

[2024-06-19T07:16:23.232+0000] {base.py:84} INFO - Using connection ID 'dbwarehouse' for task execution.
[2024-06-19T07:16:23.293+0000] {base.py:84} INFO - Using connection ID 'dbwarehouse' for task execution.
[2024-06-19T07:16:24.528+0000] {python.py:237} INFO - Done. Returned value was: None
[2024-06-19T07:16:24.530+0000] {taskinstance.py:441} INFO - ::group::Post task execution logs
[2024-06-19T07:16:24.555+0000] {taskinstance.py:1206} INFO - Marking task as SUCCESS. dag_id=summary_transaction, task_id=load_task, run_id=scheduled__2024-06-18T02:00:00+00:00, execution_date=20240618T020000, start_date=20240619T071622, end_date=20240619T071624
[2024-06-19T07:16:24.637+0000] {local_task_job_runner.py:240} INFO - Task exited with return code 0
[2024-06-19T07:16:24.688+0000] {taskinstance.py:3503} INFO - 0 downstream tasks scheduled from follow-on schedule check
[2024-06-19T07:16:24.694+0000] {local_task_job_runner.py:222} INFO - ::endgroup::
