[2024-06-19T08:10:02.123+0000] {local_task_job_runner.py:120} INFO - ::group::Pre task execution logs
[2024-06-19T08:10:02.165+0000] {taskinstance.py:2076} INFO - Dependencies all met for dep_context=non-requeueable deps ti=<TaskInstance: summary_transaction.extract_task scheduled__2024-06-19T07:10:00+00:00 [queued]>
[2024-06-19T08:10:02.183+0000] {taskinstance.py:2076} INFO - Dependencies all met for dep_context=requeueable deps ti=<TaskInstance: summary_transaction.extract_task scheduled__2024-06-19T07:10:00+00:00 [queued]>
[2024-06-19T08:10:02.184+0000] {taskinstance.py:2306} INFO - Starting attempt 1 of 2
[2024-06-19T08:10:02.214+0000] {taskinstance.py:2330} INFO - Executing <Task(PythonOperator): extract_task> on 2024-06-19 07:10:00+00:00
[2024-06-19T08:10:02.230+0000] {warnings.py:112} WARNING - /home/***/.local/lib/python3.12/site-packages/***/task/task_runner/standard_task_runner.py:61: DeprecationWarning: This process (pid=11380) is multi-threaded, use of fork() may lead to deadlocks in the child.
  pid = os.fork()

[2024-06-19T08:10:02.234+0000] {standard_task_runner.py:63} INFO - Started process 11382 to run task
[2024-06-19T08:10:02.234+0000] {standard_task_runner.py:90} INFO - Running: ['***', 'tasks', 'run', 'summary_transaction', 'extract_task', 'scheduled__2024-06-19T07:10:00+00:00', '--job-id', '33', '--raw', '--subdir', 'DAGS_FOLDER/summary_transaction.py', '--cfg-path', '/tmp/tmpndqzcdo9']
[2024-06-19T08:10:02.239+0000] {standard_task_runner.py:91} INFO - Job 33: Subtask extract_task
[2024-06-19T08:10:02.338+0000] {task_command.py:426} INFO - Running <TaskInstance: summary_transaction.extract_task scheduled__2024-06-19T07:10:00+00:00 [running]> on host 7709186783c9
[2024-06-19T08:10:02.523+0000] {taskinstance.py:2648} INFO - Exporting env vars: AIRFLOW_CTX_DAG_OWNER='candratama' AIRFLOW_CTX_DAG_ID='summary_transaction' AIRFLOW_CTX_TASK_ID='extract_task' AIRFLOW_CTX_EXECUTION_DATE='2024-06-19T07:10:00+00:00' AIRFLOW_CTX_TRY_NUMBER='1' AIRFLOW_CTX_DAG_RUN_ID='scheduled__2024-06-19T07:10:00+00:00'
[2024-06-19T08:10:02.526+0000] {taskinstance.py:430} INFO - ::endgroup::
[2024-06-19T08:10:02.571+0000] {base.py:84} INFO - Using connection ID 'dbmaster' for task execution.
[2024-06-19T08:10:17.871+0000] {python.py:237} INFO - Done. Returned value was: None
[2024-06-19T08:10:17.872+0000] {taskinstance.py:441} INFO - ::group::Post task execution logs
[2024-06-19T08:10:17.892+0000] {taskinstance.py:1206} INFO - Marking task as SUCCESS. dag_id=summary_transaction, task_id=extract_task, run_id=scheduled__2024-06-19T07:10:00+00:00, execution_date=20240619T071000, start_date=20240619T081002, end_date=20240619T081017
[2024-06-19T08:10:17.931+0000] {local_task_job_runner.py:240} INFO - Task exited with return code 0
[2024-06-19T08:10:17.971+0000] {taskinstance.py:3503} INFO - 1 downstream tasks scheduled from follow-on schedule check
[2024-06-19T08:10:17.974+0000] {local_task_job_runner.py:222} INFO - ::endgroup::
