[2024-06-19T07:16:55.740+0000] {local_task_job_runner.py:120} INFO - ::group::Pre task execution logs
[2024-06-19T07:16:55.796+0000] {taskinstance.py:2066} INFO - Dependencies not met for <TaskInstance: summary_transaction.extract_task scheduled__2024-06-18T07:11:00+00:00 [up_for_retry]>, dependency 'Not In Retry Period' FAILED: Task is not ready for retry yet but will be retried automatically. Current date is 2024-06-19T07:16:55.796686+00:00 and task will be retried at 2024-06-19T07:21:54.314935+00:00.
[2024-06-19T07:16:55.803+0000] {local_task_job_runner.py:163} INFO - Task is not able to be run
[2024-06-19T07:17:50.570+0000] {local_task_job_runner.py:120} INFO - ::group::Pre task execution logs
[2024-06-19T07:17:50.626+0000] {taskinstance.py:2076} INFO - Dependencies all met for dep_context=non-requeueable deps ti=<TaskInstance: summary_transaction.extract_task scheduled__2024-06-18T07:11:00+00:00 [queued]>
[2024-06-19T07:17:50.645+0000] {taskinstance.py:2076} INFO - Dependencies all met for dep_context=requeueable deps ti=<TaskInstance: summary_transaction.extract_task scheduled__2024-06-18T07:11:00+00:00 [queued]>
[2024-06-19T07:17:50.646+0000] {taskinstance.py:2306} INFO - Starting attempt 4 of 5
[2024-06-19T07:17:50.677+0000] {taskinstance.py:2330} INFO - Executing <Task(PythonOperator): extract_task> on 2024-06-18 07:11:00+00:00
[2024-06-19T07:17:50.692+0000] {warnings.py:112} WARNING - /home/***/.local/lib/python3.12/site-packages/***/task/task_runner/standard_task_runner.py:61: DeprecationWarning: This process (pid=10764) is multi-threaded, use of fork() may lead to deadlocks in the child.
  pid = os.fork()

[2024-06-19T07:17:50.695+0000] {standard_task_runner.py:63} INFO - Started process 10766 to run task
[2024-06-19T07:17:50.696+0000] {standard_task_runner.py:90} INFO - Running: ['***', 'tasks', 'run', 'summary_transaction', 'extract_task', 'scheduled__2024-06-18T07:11:00+00:00', '--job-id', '30', '--raw', '--subdir', 'DAGS_FOLDER/summary_transaction.py', '--cfg-path', '/tmp/tmp33vqv064']
[2024-06-19T07:17:50.700+0000] {standard_task_runner.py:91} INFO - Job 30: Subtask extract_task
[2024-06-19T07:17:50.798+0000] {task_command.py:426} INFO - Running <TaskInstance: summary_transaction.extract_task scheduled__2024-06-18T07:11:00+00:00 [running]> on host 7709186783c9
[2024-06-19T07:17:50.993+0000] {taskinstance.py:2648} INFO - Exporting env vars: AIRFLOW_CTX_DAG_OWNER='candratama' AIRFLOW_CTX_DAG_ID='summary_transaction' AIRFLOW_CTX_TASK_ID='extract_task' AIRFLOW_CTX_EXECUTION_DATE='2024-06-18T07:11:00+00:00' AIRFLOW_CTX_TRY_NUMBER='4' AIRFLOW_CTX_DAG_RUN_ID='scheduled__2024-06-18T07:11:00+00:00'
[2024-06-19T07:17:50.995+0000] {taskinstance.py:430} INFO - ::endgroup::
[2024-06-19T07:17:51.040+0000] {base.py:84} INFO - Using connection ID 'dbmaster' for task execution.
[2024-06-19T07:18:06.624+0000] {python.py:237} INFO - Done. Returned value was: None
[2024-06-19T07:18:06.625+0000] {taskinstance.py:441} INFO - ::group::Post task execution logs
[2024-06-19T07:18:06.641+0000] {taskinstance.py:1206} INFO - Marking task as SUCCESS. dag_id=summary_transaction, task_id=extract_task, run_id=scheduled__2024-06-18T07:11:00+00:00, execution_date=20240618T071100, start_date=20240619T071750, end_date=20240619T071806
[2024-06-19T07:18:06.729+0000] {local_task_job_runner.py:240} INFO - Task exited with return code 0
[2024-06-19T07:18:06.775+0000] {taskinstance.py:3503} INFO - 1 downstream tasks scheduled from follow-on schedule check
[2024-06-19T07:18:06.779+0000] {local_task_job_runner.py:222} INFO - ::endgroup::
